[0.112s] DEBUG:colcon:Command line arguments: ['/usr/bin/colcon', 'build', '--packages-select', 'ur_moveit_config', '--allow-overriding', 'ur_moveit_config']
[0.112s] DEBUG:colcon:Parsed command line arguments: Namespace(log_base=None, log_level=None, verb_name='build', build_base='build', install_base='install', merge_install=False, symlink_install=False, test_result_base=None, continue_on_error=False, executor='parallel', parallel_workers=8, event_handlers=None, ignore_user_meta=False, metas=['./colcon.meta'], base_paths=['.'], packages_ignore=None, packages_ignore_regex=None, paths=None, packages_up_to=None, packages_up_to_regex=None, packages_above=None, packages_above_and_dependencies=None, packages_above_depth=None, packages_select_by_dep=None, packages_skip_by_dep=None, packages_skip_up_to=None, packages_select_build_failed=False, packages_skip_build_finished=False, packages_select_test_failures=False, packages_skip_test_passed=False, packages_select=['ur_moveit_config'], packages_skip=None, packages_select_regex=None, packages_skip_regex=None, packages_start=None, packages_end=None, allow_overriding=['ur_moveit_config'], cmake_args=None, cmake_target=None, cmake_target_skip_unavailable=False, cmake_clean_cache=False, cmake_clean_first=False, cmake_force_configure=False, ament_cmake_args=None, catkin_cmake_args=None, catkin_skip_building_tests=False, verb_parser=<colcon_defaults.argument_parser.defaults.DefaultArgumentsDecorator object at 0x70fbb0673f50>, verb_extension=<colcon_core.verb.build.BuildVerb object at 0x70fbb07bc830>, main=<bound method BuildVerb.main of <colcon_core.verb.build.BuildVerb object at 0x70fbb07bc830>>)
[0.150s] Level 1:colcon.colcon_core.package_discovery:discover_packages(colcon_meta) check parameters
[0.150s] Level 1:colcon.colcon_core.package_discovery:discover_packages(recursive) check parameters
[0.150s] Level 1:colcon.colcon_core.package_discovery:discover_packages(ignore) check parameters
[0.150s] Level 1:colcon.colcon_core.package_discovery:discover_packages(path) check parameters
[0.150s] Level 1:colcon.colcon_core.package_discovery:discover_packages(colcon_meta) discover
[0.150s] Level 1:colcon.colcon_core.package_discovery:discover_packages(recursive) discover
[0.150s] INFO:colcon.colcon_core.package_discovery:Crawling recursively for packages in '/home/yash/ros2-master_dual_box/ros2-master'
[0.150s] Level 1:colcon.colcon_core.package_identification:_identify(.) by extensions ['ignore', 'ignore_ament_install']
[0.151s] Level 1:colcon.colcon_core.package_identification:_identify(.) by extension 'ignore'
[0.151s] Level 1:colcon.colcon_core.package_identification:_identify(.) by extension 'ignore_ament_install'
[0.151s] Level 1:colcon.colcon_core.package_identification:_identify(.) by extensions ['colcon_pkg']
[0.151s] Level 1:colcon.colcon_core.package_identification:_identify(.) by extension 'colcon_pkg'
[0.151s] Level 1:colcon.colcon_core.package_identification:_identify(.) by extensions ['colcon_meta']
[0.151s] Level 1:colcon.colcon_core.package_identification:_identify(.) by extension 'colcon_meta'
[0.151s] Level 1:colcon.colcon_core.package_identification:_identify(.) by extensions ['ros']
[0.151s] Level 1:colcon.colcon_core.package_identification:_identify(.) by extension 'ros'
[0.175s] Level 1:colcon.colcon_core.package_identification:_identify(.) by extensions ['cmake', 'python']
[0.175s] Level 1:colcon.colcon_core.package_identification:_identify(.) by extension 'cmake'
[0.175s] Level 1:colcon.colcon_core.package_identification:_identify(.) by extension 'python'
[0.175s] Level 1:colcon.colcon_core.package_identification:_identify(.) by extensions ['python_setup_py']
[0.175s] Level 1:colcon.colcon_core.package_identification:_identify(.) by extension 'python_setup_py'
[0.175s] Level 1:colcon.colcon_core.package_identification:_identify(40) by extensions ['ignore', 'ignore_ament_install']
[0.175s] Level 1:colcon.colcon_core.package_identification:_identify(40) by extension 'ignore'
[0.175s] Level 1:colcon.colcon_core.package_identification:_identify(40) by extension 'ignore_ament_install'
[0.175s] Level 1:colcon.colcon_core.package_identification:_identify(40) by extensions ['colcon_pkg']
[0.175s] Level 1:colcon.colcon_core.package_identification:_identify(40) by extension 'colcon_pkg'
[0.175s] Level 1:colcon.colcon_core.package_identification:_identify(40) by extensions ['colcon_meta']
[0.175s] Level 1:colcon.colcon_core.package_identification:_identify(40) by extension 'colcon_meta'
[0.176s] Level 1:colcon.colcon_core.package_identification:_identify(40) by extensions ['ros']
[0.176s] Level 1:colcon.colcon_core.package_identification:_identify(40) by extension 'ros'
[0.176s] Level 1:colcon.colcon_core.package_identification:_identify(40) by extensions ['cmake', 'python']
[0.176s] Level 1:colcon.colcon_core.package_identification:_identify(40) by extension 'cmake'
[0.176s] Level 1:colcon.colcon_core.package_identification:_identify(40) by extension 'python'
[0.176s] Level 1:colcon.colcon_core.package_identification:_identify(40) by extensions ['python_setup_py']
[0.176s] Level 1:colcon.colcon_core.package_identification:_identify(40) by extension 'python_setup_py'
[0.176s] Level 1:colcon.colcon_core.package_identification:_identify(40/1) by extensions ['ignore', 'ignore_ament_install']
[0.176s] Level 1:colcon.colcon_core.package_identification:_identify(40/1) by extension 'ignore'
[0.176s] Level 1:colcon.colcon_core.package_identification:_identify(40/1) by extension 'ignore_ament_install'
[0.176s] Level 1:colcon.colcon_core.package_identification:_identify(40/1) by extensions ['colcon_pkg']
[0.176s] Level 1:colcon.colcon_core.package_identification:_identify(40/1) by extension 'colcon_pkg'
[0.176s] Level 1:colcon.colcon_core.package_identification:_identify(40/1) by extensions ['colcon_meta']
[0.176s] Level 1:colcon.colcon_core.package_identification:_identify(40/1) by extension 'colcon_meta'
[0.176s] Level 1:colcon.colcon_core.package_identification:_identify(40/1) by extensions ['ros']
[0.176s] Level 1:colcon.colcon_core.package_identification:_identify(40/1) by extension 'ros'
[0.176s] Level 1:colcon.colcon_core.package_identification:_identify(40/1) by extensions ['cmake', 'python']
[0.176s] Level 1:colcon.colcon_core.package_identification:_identify(40/1) by extension 'cmake'
[0.176s] Level 1:colcon.colcon_core.package_identification:_identify(40/1) by extension 'python'
[0.176s] Level 1:colcon.colcon_core.package_identification:_identify(40/1) by extensions ['python_setup_py']
[0.176s] Level 1:colcon.colcon_core.package_identification:_identify(40/1) by extension 'python_setup_py'
[0.176s] Level 1:colcon.colcon_core.package_identification:_identify(40/1/traj_coverage_plots_20x20-ywin0-xwin0) by extensions ['ignore', 'ignore_ament_install']
[0.177s] Level 1:colcon.colcon_core.package_identification:_identify(40/1/traj_coverage_plots_20x20-ywin0-xwin0) by extension 'ignore'
[0.177s] Level 1:colcon.colcon_core.package_identification:_identify(40/1/traj_coverage_plots_20x20-ywin0-xwin0) by extension 'ignore_ament_install'
[0.177s] Level 1:colcon.colcon_core.package_identification:_identify(40/1/traj_coverage_plots_20x20-ywin0-xwin0) by extensions ['colcon_pkg']
[0.177s] Level 1:colcon.colcon_core.package_identification:_identify(40/1/traj_coverage_plots_20x20-ywin0-xwin0) by extension 'colcon_pkg'
[0.177s] Level 1:colcon.colcon_core.package_identification:_identify(40/1/traj_coverage_plots_20x20-ywin0-xwin0) by extensions ['colcon_meta']
[0.177s] Level 1:colcon.colcon_core.package_identification:_identify(40/1/traj_coverage_plots_20x20-ywin0-xwin0) by extension 'colcon_meta'
[0.177s] Level 1:colcon.colcon_core.package_identification:_identify(40/1/traj_coverage_plots_20x20-ywin0-xwin0) by extensions ['ros']
[0.177s] Level 1:colcon.colcon_core.package_identification:_identify(40/1/traj_coverage_plots_20x20-ywin0-xwin0) by extension 'ros'
[0.177s] Level 1:colcon.colcon_core.package_identification:_identify(40/1/traj_coverage_plots_20x20-ywin0-xwin0) by extensions ['cmake', 'python']
[0.177s] Level 1:colcon.colcon_core.package_identification:_identify(40/1/traj_coverage_plots_20x20-ywin0-xwin0) by extension 'cmake'
[0.177s] Level 1:colcon.colcon_core.package_identification:_identify(40/1/traj_coverage_plots_20x20-ywin0-xwin0) by extension 'python'
[0.177s] Level 1:colcon.colcon_core.package_identification:_identify(40/1/traj_coverage_plots_20x20-ywin0-xwin0) by extensions ['python_setup_py']
[0.177s] Level 1:colcon.colcon_core.package_identification:_identify(40/1/traj_coverage_plots_20x20-ywin0-xwin0) by extension 'python_setup_py'
[0.177s] Level 1:colcon.colcon_core.package_identification:_identify(40/1/traj_plots) by extensions ['ignore', 'ignore_ament_install']
[0.177s] Level 1:colcon.colcon_core.package_identification:_identify(40/1/traj_plots) by extension 'ignore'
[0.177s] Level 1:colcon.colcon_core.package_identification:_identify(40/1/traj_plots) by extension 'ignore_ament_install'
[0.177s] Level 1:colcon.colcon_core.package_identification:_identify(40/1/traj_plots) by extensions ['colcon_pkg']
[0.177s] Level 1:colcon.colcon_core.package_identification:_identify(40/1/traj_plots) by extension 'colcon_pkg'
[0.177s] Level 1:colcon.colcon_core.package_identification:_identify(40/1/traj_plots) by extensions ['colcon_meta']
[0.177s] Level 1:colcon.colcon_core.package_identification:_identify(40/1/traj_plots) by extension 'colcon_meta'
[0.177s] Level 1:colcon.colcon_core.package_identification:_identify(40/1/traj_plots) by extensions ['ros']
[0.177s] Level 1:colcon.colcon_core.package_identification:_identify(40/1/traj_plots) by extension 'ros'
[0.177s] Level 1:colcon.colcon_core.package_identification:_identify(40/1/traj_plots) by extensions ['cmake', 'python']
[0.177s] Level 1:colcon.colcon_core.package_identification:_identify(40/1/traj_plots) by extension 'cmake'
[0.178s] Level 1:colcon.colcon_core.package_identification:_identify(40/1/traj_plots) by extension 'python'
[0.178s] Level 1:colcon.colcon_core.package_identification:_identify(40/1/traj_plots) by extensions ['python_setup_py']
[0.178s] Level 1:colcon.colcon_core.package_identification:_identify(40/1/traj_plots) by extension 'python_setup_py'
[0.178s] Level 1:colcon.colcon_core.package_identification:_identify(40/2) by extensions ['ignore', 'ignore_ament_install']
[0.178s] Level 1:colcon.colcon_core.package_identification:_identify(40/2) by extension 'ignore'
[0.178s] Level 1:colcon.colcon_core.package_identification:_identify(40/2) by extension 'ignore_ament_install'
[0.178s] Level 1:colcon.colcon_core.package_identification:_identify(40/2) by extensions ['colcon_pkg']
[0.178s] Level 1:colcon.colcon_core.package_identification:_identify(40/2) by extension 'colcon_pkg'
[0.178s] Level 1:colcon.colcon_core.package_identification:_identify(40/2) by extensions ['colcon_meta']
[0.178s] Level 1:colcon.colcon_core.package_identification:_identify(40/2) by extension 'colcon_meta'
[0.178s] Level 1:colcon.colcon_core.package_identification:_identify(40/2) by extensions ['ros']
[0.178s] Level 1:colcon.colcon_core.package_identification:_identify(40/2) by extension 'ros'
[0.178s] Level 1:colcon.colcon_core.package_identification:_identify(40/2) by extensions ['cmake', 'python']
[0.178s] Level 1:colcon.colcon_core.package_identification:_identify(40/2) by extension 'cmake'
[0.178s] Level 1:colcon.colcon_core.package_identification:_identify(40/2) by extension 'python'
[0.178s] Level 1:colcon.colcon_core.package_identification:_identify(40/2) by extensions ['python_setup_py']
[0.178s] Level 1:colcon.colcon_core.package_identification:_identify(40/2) by extension 'python_setup_py'
[0.178s] Level 1:colcon.colcon_core.package_identification:_identify(40/2/traj_coverage_plots_20x20-ywin0-xwin0) by extensions ['ignore', 'ignore_ament_install']
[0.178s] Level 1:colcon.colcon_core.package_identification:_identify(40/2/traj_coverage_plots_20x20-ywin0-xwin0) by extension 'ignore'
[0.178s] Level 1:colcon.colcon_core.package_identification:_identify(40/2/traj_coverage_plots_20x20-ywin0-xwin0) by extension 'ignore_ament_install'
[0.178s] Level 1:colcon.colcon_core.package_identification:_identify(40/2/traj_coverage_plots_20x20-ywin0-xwin0) by extensions ['colcon_pkg']
[0.178s] Level 1:colcon.colcon_core.package_identification:_identify(40/2/traj_coverage_plots_20x20-ywin0-xwin0) by extension 'colcon_pkg'
[0.179s] Level 1:colcon.colcon_core.package_identification:_identify(40/2/traj_coverage_plots_20x20-ywin0-xwin0) by extensions ['colcon_meta']
[0.179s] Level 1:colcon.colcon_core.package_identification:_identify(40/2/traj_coverage_plots_20x20-ywin0-xwin0) by extension 'colcon_meta'
[0.179s] Level 1:colcon.colcon_core.package_identification:_identify(40/2/traj_coverage_plots_20x20-ywin0-xwin0) by extensions ['ros']
[0.179s] Level 1:colcon.colcon_core.package_identification:_identify(40/2/traj_coverage_plots_20x20-ywin0-xwin0) by extension 'ros'
[0.179s] Level 1:colcon.colcon_core.package_identification:_identify(40/2/traj_coverage_plots_20x20-ywin0-xwin0) by extensions ['cmake', 'python']
[0.179s] Level 1:colcon.colcon_core.package_identification:_identify(40/2/traj_coverage_plots_20x20-ywin0-xwin0) by extension 'cmake'
[0.179s] Level 1:colcon.colcon_core.package_identification:_identify(40/2/traj_coverage_plots_20x20-ywin0-xwin0) by extension 'python'
[0.179s] Level 1:colcon.colcon_core.package_identification:_identify(40/2/traj_coverage_plots_20x20-ywin0-xwin0) by extensions ['python_setup_py']
[0.179s] Level 1:colcon.colcon_core.package_identification:_identify(40/2/traj_coverage_plots_20x20-ywin0-xwin0) by extension 'python_setup_py'
[0.179s] Level 1:colcon.colcon_core.package_identification:_identify(40/2/traj_plots) by extensions ['ignore', 'ignore_ament_install']
[0.179s] Level 1:colcon.colcon_core.package_identification:_identify(40/2/traj_plots) by extension 'ignore'
[0.179s] Level 1:colcon.colcon_core.package_identification:_identify(40/2/traj_plots) by extension 'ignore_ament_install'
[0.179s] Level 1:colcon.colcon_core.package_identification:_identify(40/2/traj_plots) by extensions ['colcon_pkg']
[0.179s] Level 1:colcon.colcon_core.package_identification:_identify(40/2/traj_plots) by extension 'colcon_pkg'
[0.179s] Level 1:colcon.colcon_core.package_identification:_identify(40/2/traj_plots) by extensions ['colcon_meta']
[0.179s] Level 1:colcon.colcon_core.package_identification:_identify(40/2/traj_plots) by extension 'colcon_meta'
[0.179s] Level 1:colcon.colcon_core.package_identification:_identify(40/2/traj_plots) by extensions ['ros']
[0.179s] Level 1:colcon.colcon_core.package_identification:_identify(40/2/traj_plots) by extension 'ros'
[0.179s] Level 1:colcon.colcon_core.package_identification:_identify(40/2/traj_plots) by extensions ['cmake', 'python']
[0.179s] Level 1:colcon.colcon_core.package_identification:_identify(40/2/traj_plots) by extension 'cmake'
[0.179s] Level 1:colcon.colcon_core.package_identification:_identify(40/2/traj_plots) by extension 'python'
[0.179s] Level 1:colcon.colcon_core.package_identification:_identify(40/2/traj_plots) by extensions ['python_setup_py']
[0.179s] Level 1:colcon.colcon_core.package_identification:_identify(40/2/traj_plots) by extension 'python_setup_py'
[0.180s] Level 1:colcon.colcon_core.package_identification:_identify(build) by extensions ['ignore', 'ignore_ament_install']
[0.180s] Level 1:colcon.colcon_core.package_identification:_identify(build) by extension 'ignore'
[0.180s] Level 1:colcon.colcon_core.package_identification:_identify(build) ignored
[0.180s] Level 1:colcon.colcon_core.package_identification:_identify(data) by extensions ['ignore', 'ignore_ament_install']
[0.180s] Level 1:colcon.colcon_core.package_identification:_identify(data) by extension 'ignore'
[0.180s] Level 1:colcon.colcon_core.package_identification:_identify(data) by extension 'ignore_ament_install'
[0.180s] Level 1:colcon.colcon_core.package_identification:_identify(data) by extensions ['colcon_pkg']
[0.180s] Level 1:colcon.colcon_core.package_identification:_identify(data) by extension 'colcon_pkg'
[0.180s] Level 1:colcon.colcon_core.package_identification:_identify(data) by extensions ['colcon_meta']
[0.180s] Level 1:colcon.colcon_core.package_identification:_identify(data) by extension 'colcon_meta'
[0.180s] Level 1:colcon.colcon_core.package_identification:_identify(data) by extensions ['ros']
[0.180s] Level 1:colcon.colcon_core.package_identification:_identify(data) by extension 'ros'
[0.180s] Level 1:colcon.colcon_core.package_identification:_identify(data) by extensions ['cmake', 'python']
[0.180s] Level 1:colcon.colcon_core.package_identification:_identify(data) by extension 'cmake'
[0.180s] Level 1:colcon.colcon_core.package_identification:_identify(data) by extension 'python'
[0.180s] Level 1:colcon.colcon_core.package_identification:_identify(data) by extensions ['python_setup_py']
[0.180s] Level 1:colcon.colcon_core.package_identification:_identify(data) by extension 'python_setup_py'
[0.180s] Level 1:colcon.colcon_core.package_identification:_identify(install) by extensions ['ignore', 'ignore_ament_install']
[0.180s] Level 1:colcon.colcon_core.package_identification:_identify(install) by extension 'ignore'
[0.180s] Level 1:colcon.colcon_core.package_identification:_identify(install) ignored
[0.181s] Level 1:colcon.colcon_core.package_identification:_identify(log) by extensions ['ignore', 'ignore_ament_install']
[0.181s] Level 1:colcon.colcon_core.package_identification:_identify(log) by extension 'ignore'
[0.181s] Level 1:colcon.colcon_core.package_identification:_identify(log) ignored
[0.181s] Level 1:colcon.colcon_core.package_identification:_identify(src) by extensions ['ignore', 'ignore_ament_install']
[0.181s] Level 1:colcon.colcon_core.package_identification:_identify(src) by extension 'ignore'
[0.181s] Level 1:colcon.colcon_core.package_identification:_identify(src) by extension 'ignore_ament_install'
[0.181s] Level 1:colcon.colcon_core.package_identification:_identify(src) by extensions ['colcon_pkg']
[0.181s] Level 1:colcon.colcon_core.package_identification:_identify(src) by extension 'colcon_pkg'
[0.181s] Level 1:colcon.colcon_core.package_identification:_identify(src) by extensions ['colcon_meta']
[0.181s] Level 1:colcon.colcon_core.package_identification:_identify(src) by extension 'colcon_meta'
[0.181s] Level 1:colcon.colcon_core.package_identification:_identify(src) by extensions ['ros']
[0.181s] Level 1:colcon.colcon_core.package_identification:_identify(src) by extension 'ros'
[0.181s] Level 1:colcon.colcon_core.package_identification:_identify(src) by extensions ['cmake', 'python']
[0.181s] Level 1:colcon.colcon_core.package_identification:_identify(src) by extension 'cmake'
[0.181s] Level 1:colcon.colcon_core.package_identification:_identify(src) by extension 'python'
[0.181s] Level 1:colcon.colcon_core.package_identification:_identify(src) by extensions ['python_setup_py']
[0.181s] Level 1:colcon.colcon_core.package_identification:_identify(src) by extension 'python_setup_py'
[0.181s] Level 1:colcon.colcon_core.package_identification:_identify(src/robotiq_controllers) by extensions ['ignore', 'ignore_ament_install']
[0.181s] Level 1:colcon.colcon_core.package_identification:_identify(src/robotiq_controllers) by extension 'ignore'
[0.181s] Level 1:colcon.colcon_core.package_identification:_identify(src/robotiq_controllers) by extension 'ignore_ament_install'
[0.181s] Level 1:colcon.colcon_core.package_identification:_identify(src/robotiq_controllers) by extensions ['colcon_pkg']
[0.181s] Level 1:colcon.colcon_core.package_identification:_identify(src/robotiq_controllers) by extension 'colcon_pkg'
[0.182s] Level 1:colcon.colcon_core.package_identification:_identify(src/robotiq_controllers) by extensions ['colcon_meta']
[0.182s] Level 1:colcon.colcon_core.package_identification:_identify(src/robotiq_controllers) by extension 'colcon_meta'
[0.182s] Level 1:colcon.colcon_core.package_identification:_identify(src/robotiq_controllers) by extensions ['ros']
[0.182s] Level 1:colcon.colcon_core.package_identification:_identify(src/robotiq_controllers) by extension 'ros'
[0.184s] DEBUG:colcon.colcon_core.package_identification:Package 'src/robotiq_controllers' with type 'ros.ament_cmake' and name 'robotiq_controllers'
[0.184s] Level 1:colcon.colcon_core.package_identification:_identify(src/robotiq_description) by extensions ['ignore', 'ignore_ament_install']
[0.184s] Level 1:colcon.colcon_core.package_identification:_identify(src/robotiq_description) by extension 'ignore'
[0.184s] Level 1:colcon.colcon_core.package_identification:_identify(src/robotiq_description) by extension 'ignore_ament_install'
[0.184s] Level 1:colcon.colcon_core.package_identification:_identify(src/robotiq_description) by extensions ['colcon_pkg']
[0.184s] Level 1:colcon.colcon_core.package_identification:_identify(src/robotiq_description) by extension 'colcon_pkg'
[0.184s] Level 1:colcon.colcon_core.package_identification:_identify(src/robotiq_description) by extensions ['colcon_meta']
[0.184s] Level 1:colcon.colcon_core.package_identification:_identify(src/robotiq_description) by extension 'colcon_meta'
[0.184s] Level 1:colcon.colcon_core.package_identification:_identify(src/robotiq_description) by extensions ['ros']
[0.184s] Level 1:colcon.colcon_core.package_identification:_identify(src/robotiq_description) by extension 'ros'
[0.185s] DEBUG:colcon.colcon_core.package_identification:Package 'src/robotiq_description' with type 'ros.ament_cmake' and name 'robotiq_description'
[0.185s] Level 1:colcon.colcon_core.package_identification:_identify(src/robotiq_driver) by extensions ['ignore', 'ignore_ament_install']
[0.185s] Level 1:colcon.colcon_core.package_identification:_identify(src/robotiq_driver) by extension 'ignore'
[0.185s] Level 1:colcon.colcon_core.package_identification:_identify(src/robotiq_driver) by extension 'ignore_ament_install'
[0.185s] Level 1:colcon.colcon_core.package_identification:_identify(src/robotiq_driver) by extensions ['colcon_pkg']
[0.185s] Level 1:colcon.colcon_core.package_identification:_identify(src/robotiq_driver) by extension 'colcon_pkg'
[0.185s] Level 1:colcon.colcon_core.package_identification:_identify(src/robotiq_driver) by extensions ['colcon_meta']
[0.185s] Level 1:colcon.colcon_core.package_identification:_identify(src/robotiq_driver) by extension 'colcon_meta'
[0.185s] Level 1:colcon.colcon_core.package_identification:_identify(src/robotiq_driver) by extensions ['ros']
[0.185s] Level 1:colcon.colcon_core.package_identification:_identify(src/robotiq_driver) by extension 'ros'
[0.186s] DEBUG:colcon.colcon_core.package_identification:Package 'src/robotiq_driver' with type 'ros.ament_cmake' and name 'robotiq_driver'
[0.186s] Level 1:colcon.colcon_core.package_identification:_identify(src/robotiq_hardware_tests) by extensions ['ignore', 'ignore_ament_install']
[0.186s] Level 1:colcon.colcon_core.package_identification:_identify(src/robotiq_hardware_tests) by extension 'ignore'
[0.186s] Level 1:colcon.colcon_core.package_identification:_identify(src/robotiq_hardware_tests) by extension 'ignore_ament_install'
[0.186s] Level 1:colcon.colcon_core.package_identification:_identify(src/robotiq_hardware_tests) by extensions ['colcon_pkg']
[0.186s] Level 1:colcon.colcon_core.package_identification:_identify(src/robotiq_hardware_tests) by extension 'colcon_pkg'
[0.187s] Level 1:colcon.colcon_core.package_identification:_identify(src/robotiq_hardware_tests) by extensions ['colcon_meta']
[0.187s] Level 1:colcon.colcon_core.package_identification:_identify(src/robotiq_hardware_tests) by extension 'colcon_meta'
[0.187s] Level 1:colcon.colcon_core.package_identification:_identify(src/robotiq_hardware_tests) by extensions ['ros']
[0.187s] Level 1:colcon.colcon_core.package_identification:_identify(src/robotiq_hardware_tests) by extension 'ros'
[0.187s] DEBUG:colcon.colcon_core.package_identification:Package 'src/robotiq_hardware_tests' with type 'ros.ament_cmake' and name 'robotiq_hardware_tests'
[0.187s] Level 1:colcon.colcon_core.package_identification:_identify(src/ros2_robotiq_gripper) by extensions ['ignore', 'ignore_ament_install']
[0.187s] Level 1:colcon.colcon_core.package_identification:_identify(src/ros2_robotiq_gripper) by extension 'ignore'
[0.187s] Level 1:colcon.colcon_core.package_identification:_identify(src/ros2_robotiq_gripper) by extension 'ignore_ament_install'
[0.187s] Level 1:colcon.colcon_core.package_identification:_identify(src/ros2_robotiq_gripper) by extensions ['colcon_pkg']
[0.188s] Level 1:colcon.colcon_core.package_identification:_identify(src/ros2_robotiq_gripper) by extension 'colcon_pkg'
[0.188s] Level 1:colcon.colcon_core.package_identification:_identify(src/ros2_robotiq_gripper) by extensions ['colcon_meta']
[0.188s] Level 1:colcon.colcon_core.package_identification:_identify(src/ros2_robotiq_gripper) by extension 'colcon_meta'
[0.188s] Level 1:colcon.colcon_core.package_identification:_identify(src/ros2_robotiq_gripper) by extensions ['ros']
[0.188s] Level 1:colcon.colcon_core.package_identification:_identify(src/ros2_robotiq_gripper) by extension 'ros'
[0.188s] Level 1:colcon.colcon_core.package_identification:_identify(src/ros2_robotiq_gripper) by extensions ['cmake', 'python']
[0.188s] Level 1:colcon.colcon_core.package_identification:_identify(src/ros2_robotiq_gripper) by extension 'cmake'
[0.188s] Level 1:colcon.colcon_core.package_identification:_identify(src/ros2_robotiq_gripper) by extension 'python'
[0.188s] Level 1:colcon.colcon_core.package_identification:_identify(src/ros2_robotiq_gripper) by extensions ['python_setup_py']
[0.188s] Level 1:colcon.colcon_core.package_identification:_identify(src/ros2_robotiq_gripper) by extension 'python_setup_py'
[0.188s] Level 1:colcon.colcon_core.package_identification:_identify(src/serial) by extensions ['ignore', 'ignore_ament_install']
[0.188s] Level 1:colcon.colcon_core.package_identification:_identify(src/serial) by extension 'ignore'
[0.188s] Level 1:colcon.colcon_core.package_identification:_identify(src/serial) by extension 'ignore_ament_install'
[0.188s] Level 1:colcon.colcon_core.package_identification:_identify(src/serial) by extensions ['colcon_pkg']
[0.188s] Level 1:colcon.colcon_core.package_identification:_identify(src/serial) by extension 'colcon_pkg'
[0.188s] Level 1:colcon.colcon_core.package_identification:_identify(src/serial) by extensions ['colcon_meta']
[0.188s] Level 1:colcon.colcon_core.package_identification:_identify(src/serial) by extension 'colcon_meta'
[0.188s] Level 1:colcon.colcon_core.package_identification:_identify(src/serial) by extensions ['ros']
[0.188s] Level 1:colcon.colcon_core.package_identification:_identify(src/serial) by extension 'ros'
[0.189s] DEBUG:colcon.colcon_core.package_identification:Package 'src/serial' with type 'ros.ament_cmake' and name 'serial'
[0.189s] Level 1:colcon.colcon_core.package_identification:_identify(src/ur) by extensions ['ignore', 'ignore_ament_install']
[0.189s] Level 1:colcon.colcon_core.package_identification:_identify(src/ur) by extension 'ignore'
[0.189s] Level 1:colcon.colcon_core.package_identification:_identify(src/ur) by extension 'ignore_ament_install'
[0.189s] Level 1:colcon.colcon_core.package_identification:_identify(src/ur) by extensions ['colcon_pkg']
[0.189s] Level 1:colcon.colcon_core.package_identification:_identify(src/ur) by extension 'colcon_pkg'
[0.189s] Level 1:colcon.colcon_core.package_identification:_identify(src/ur) by extensions ['colcon_meta']
[0.189s] Level 1:colcon.colcon_core.package_identification:_identify(src/ur) by extension 'colcon_meta'
[0.189s] Level 1:colcon.colcon_core.package_identification:_identify(src/ur) by extensions ['ros']
[0.189s] Level 1:colcon.colcon_core.package_identification:_identify(src/ur) by extension 'ros'
[0.190s] DEBUG:colcon.colcon_core.package_identification:Package 'src/ur' with type 'ros.ament_cmake' and name 'ur'
[0.190s] Level 1:colcon.colcon_core.package_identification:_identify(src/ur_calibration) by extensions ['ignore', 'ignore_ament_install']
[0.190s] Level 1:colcon.colcon_core.package_identification:_identify(src/ur_calibration) by extension 'ignore'
[0.190s] Level 1:colcon.colcon_core.package_identification:_identify(src/ur_calibration) by extension 'ignore_ament_install'
[0.190s] Level 1:colcon.colcon_core.package_identification:_identify(src/ur_calibration) by extensions ['colcon_pkg']
[0.190s] Level 1:colcon.colcon_core.package_identification:_identify(src/ur_calibration) by extension 'colcon_pkg'
[0.190s] Level 1:colcon.colcon_core.package_identification:_identify(src/ur_calibration) by extensions ['colcon_meta']
[0.190s] Level 1:colcon.colcon_core.package_identification:_identify(src/ur_calibration) by extension 'colcon_meta'
[0.190s] Level 1:colcon.colcon_core.package_identification:_identify(src/ur_calibration) by extensions ['ros']
[0.190s] Level 1:colcon.colcon_core.package_identification:_identify(src/ur_calibration) by extension 'ros'
[0.191s] DEBUG:colcon.colcon_core.package_identification:Package 'src/ur_calibration' with type 'ros.ament_cmake' and name 'ur_calibration'
[0.191s] Level 1:colcon.colcon_core.package_identification:_identify(src/ur_controllers) by extensions ['ignore', 'ignore_ament_install']
[0.191s] Level 1:colcon.colcon_core.package_identification:_identify(src/ur_controllers) by extension 'ignore'
[0.191s] Level 1:colcon.colcon_core.package_identification:_identify(src/ur_controllers) by extension 'ignore_ament_install'
[0.191s] Level 1:colcon.colcon_core.package_identification:_identify(src/ur_controllers) by extensions ['colcon_pkg']
[0.191s] Level 1:colcon.colcon_core.package_identification:_identify(src/ur_controllers) by extension 'colcon_pkg'
[0.191s] Level 1:colcon.colcon_core.package_identification:_identify(src/ur_controllers) by extensions ['colcon_meta']
[0.191s] Level 1:colcon.colcon_core.package_identification:_identify(src/ur_controllers) by extension 'colcon_meta'
[0.191s] Level 1:colcon.colcon_core.package_identification:_identify(src/ur_controllers) by extensions ['ros']
[0.191s] Level 1:colcon.colcon_core.package_identification:_identify(src/ur_controllers) by extension 'ros'
[0.193s] DEBUG:colcon.colcon_core.package_identification:Package 'src/ur_controllers' with type 'ros.ament_cmake' and name 'ur_controllers'
[0.193s] Level 1:colcon.colcon_core.package_identification:_identify(src/ur_dashboard_msgs) by extensions ['ignore', 'ignore_ament_install']
[0.193s] Level 1:colcon.colcon_core.package_identification:_identify(src/ur_dashboard_msgs) by extension 'ignore'
[0.193s] Level 1:colcon.colcon_core.package_identification:_identify(src/ur_dashboard_msgs) by extension 'ignore_ament_install'
[0.193s] Level 1:colcon.colcon_core.package_identification:_identify(src/ur_dashboard_msgs) by extensions ['colcon_pkg']
[0.193s] Level 1:colcon.colcon_core.package_identification:_identify(src/ur_dashboard_msgs) by extension 'colcon_pkg'
[0.193s] Level 1:colcon.colcon_core.package_identification:_identify(src/ur_dashboard_msgs) by extensions ['colcon_meta']
[0.193s] Level 1:colcon.colcon_core.package_identification:_identify(src/ur_dashboard_msgs) by extension 'colcon_meta'
[0.193s] Level 1:colcon.colcon_core.package_identification:_identify(src/ur_dashboard_msgs) by extensions ['ros']
[0.193s] Level 1:colcon.colcon_core.package_identification:_identify(src/ur_dashboard_msgs) by extension 'ros'
[0.194s] DEBUG:colcon.colcon_core.package_identification:Package 'src/ur_dashboard_msgs' with type 'ros.ament_cmake' and name 'ur_dashboard_msgs'
[0.194s] Level 1:colcon.colcon_core.package_identification:_identify(src/ur_description) by extensions ['ignore', 'ignore_ament_install']
[0.194s] Level 1:colcon.colcon_core.package_identification:_identify(src/ur_description) by extension 'ignore'
[0.194s] Level 1:colcon.colcon_core.package_identification:_identify(src/ur_description) by extension 'ignore_ament_install'
[0.194s] Level 1:colcon.colcon_core.package_identification:_identify(src/ur_description) by extensions ['colcon_pkg']
[0.194s] Level 1:colcon.colcon_core.package_identification:_identify(src/ur_description) by extension 'colcon_pkg'
[0.194s] Level 1:colcon.colcon_core.package_identification:_identify(src/ur_description) by extensions ['colcon_meta']
[0.194s] Level 1:colcon.colcon_core.package_identification:_identify(src/ur_description) by extension 'colcon_meta'
[0.194s] Level 1:colcon.colcon_core.package_identification:_identify(src/ur_description) by extensions ['ros']
[0.194s] Level 1:colcon.colcon_core.package_identification:_identify(src/ur_description) by extension 'ros'
[0.195s] DEBUG:colcon.colcon_core.package_identification:Package 'src/ur_description' with type 'ros.ament_cmake' and name 'ur_description'
[0.195s] Level 1:colcon.colcon_core.package_identification:_identify(src/ur_gazebo_sim) by extensions ['ignore', 'ignore_ament_install']
[0.195s] Level 1:colcon.colcon_core.package_identification:_identify(src/ur_gazebo_sim) by extension 'ignore'
[0.195s] Level 1:colcon.colcon_core.package_identification:_identify(src/ur_gazebo_sim) by extension 'ignore_ament_install'
[0.195s] Level 1:colcon.colcon_core.package_identification:_identify(src/ur_gazebo_sim) by extensions ['colcon_pkg']
[0.195s] Level 1:colcon.colcon_core.package_identification:_identify(src/ur_gazebo_sim) by extension 'colcon_pkg'
[0.195s] Level 1:colcon.colcon_core.package_identification:_identify(src/ur_gazebo_sim) by extensions ['colcon_meta']
[0.195s] Level 1:colcon.colcon_core.package_identification:_identify(src/ur_gazebo_sim) by extension 'colcon_meta'
[0.195s] Level 1:colcon.colcon_core.package_identification:_identify(src/ur_gazebo_sim) by extensions ['ros']
[0.195s] Level 1:colcon.colcon_core.package_identification:_identify(src/ur_gazebo_sim) by extension 'ros'
[0.195s] Level 1:colcon.colcon_core.package_identification:_identify(src/ur_gazebo_sim) by extensions ['cmake', 'python']
[0.195s] Level 1:colcon.colcon_core.package_identification:_identify(src/ur_gazebo_sim) by extension 'cmake'
[0.195s] Level 1:colcon.colcon_core.package_identification:_identify(src/ur_gazebo_sim) by extension 'python'
[0.195s] Level 1:colcon.colcon_core.package_identification:_identify(src/ur_gazebo_sim) by extensions ['python_setup_py']
[0.195s] Level 1:colcon.colcon_core.package_identification:_identify(src/ur_gazebo_sim) by extension 'python_setup_py'
[0.195s] Level 1:colcon.colcon_core.package_identification:_identify(src/ur_gazebo_sim/ur_simulation_gz) by extensions ['ignore', 'ignore_ament_install']
[0.195s] Level 1:colcon.colcon_core.package_identification:_identify(src/ur_gazebo_sim/ur_simulation_gz) by extension 'ignore'
[0.196s] Level 1:colcon.colcon_core.package_identification:_identify(src/ur_gazebo_sim/ur_simulation_gz) by extension 'ignore_ament_install'
[0.196s] Level 1:colcon.colcon_core.package_identification:_identify(src/ur_gazebo_sim/ur_simulation_gz) by extensions ['colcon_pkg']
[0.196s] Level 1:colcon.colcon_core.package_identification:_identify(src/ur_gazebo_sim/ur_simulation_gz) by extension 'colcon_pkg'
[0.196s] Level 1:colcon.colcon_core.package_identification:_identify(src/ur_gazebo_sim/ur_simulation_gz) by extensions ['colcon_meta']
[0.196s] Level 1:colcon.colcon_core.package_identification:_identify(src/ur_gazebo_sim/ur_simulation_gz) by extension 'colcon_meta'
[0.196s] Level 1:colcon.colcon_core.package_identification:_identify(src/ur_gazebo_sim/ur_simulation_gz) by extensions ['ros']
[0.196s] Level 1:colcon.colcon_core.package_identification:_identify(src/ur_gazebo_sim/ur_simulation_gz) by extension 'ros'
[0.197s] DEBUG:colcon.colcon_core.package_identification:Package 'src/ur_gazebo_sim/ur_simulation_gz' with type 'ros.ament_cmake' and name 'ur_simulation_gz'
[0.197s] Level 1:colcon.colcon_core.package_identification:_identify(src/ur_moveit_config) by extensions ['ignore', 'ignore_ament_install']
[0.197s] Level 1:colcon.colcon_core.package_identification:_identify(src/ur_moveit_config) by extension 'ignore'
[0.197s] Level 1:colcon.colcon_core.package_identification:_identify(src/ur_moveit_config) by extension 'ignore_ament_install'
[0.197s] Level 1:colcon.colcon_core.package_identification:_identify(src/ur_moveit_config) by extensions ['colcon_pkg']
[0.197s] Level 1:colcon.colcon_core.package_identification:_identify(src/ur_moveit_config) by extension 'colcon_pkg'
[0.197s] Level 1:colcon.colcon_core.package_identification:_identify(src/ur_moveit_config) by extensions ['colcon_meta']
[0.197s] Level 1:colcon.colcon_core.package_identification:_identify(src/ur_moveit_config) by extension 'colcon_meta'
[0.197s] Level 1:colcon.colcon_core.package_identification:_identify(src/ur_moveit_config) by extensions ['ros']
[0.197s] Level 1:colcon.colcon_core.package_identification:_identify(src/ur_moveit_config) by extension 'ros'
[0.198s] DEBUG:colcon.colcon_core.package_identification:Package 'src/ur_moveit_config' with type 'ros.ament_cmake' and name 'ur_moveit_config'
[0.198s] Level 1:colcon.colcon_core.package_identification:_identify(src/ur_robot_driver) by extensions ['ignore', 'ignore_ament_install']
[0.198s] Level 1:colcon.colcon_core.package_identification:_identify(src/ur_robot_driver) by extension 'ignore'
[0.198s] Level 1:colcon.colcon_core.package_identification:_identify(src/ur_robot_driver) by extension 'ignore_ament_install'
[0.198s] Level 1:colcon.colcon_core.package_identification:_identify(src/ur_robot_driver) by extensions ['colcon_pkg']
[0.198s] Level 1:colcon.colcon_core.package_identification:_identify(src/ur_robot_driver) by extension 'colcon_pkg'
[0.198s] Level 1:colcon.colcon_core.package_identification:_identify(src/ur_robot_driver) by extensions ['colcon_meta']
[0.198s] Level 1:colcon.colcon_core.package_identification:_identify(src/ur_robot_driver) by extension 'colcon_meta'
[0.198s] Level 1:colcon.colcon_core.package_identification:_identify(src/ur_robot_driver) by extensions ['ros']
[0.198s] Level 1:colcon.colcon_core.package_identification:_identify(src/ur_robot_driver) by extension 'ros'
[0.200s] DEBUG:colcon.colcon_core.package_identification:Package 'src/ur_robot_driver' with type 'ros.ament_cmake' and name 'ur_robot_driver'
[0.200s] Level 1:colcon.colcon_core.package_identification:_identify(src/ur_robotiq) by extensions ['ignore', 'ignore_ament_install']
[0.200s] Level 1:colcon.colcon_core.package_identification:_identify(src/ur_robotiq) by extension 'ignore'
[0.200s] Level 1:colcon.colcon_core.package_identification:_identify(src/ur_robotiq) by extension 'ignore_ament_install'
[0.200s] Level 1:colcon.colcon_core.package_identification:_identify(src/ur_robotiq) by extensions ['colcon_pkg']
[0.200s] Level 1:colcon.colcon_core.package_identification:_identify(src/ur_robotiq) by extension 'colcon_pkg'
[0.200s] Level 1:colcon.colcon_core.package_identification:_identify(src/ur_robotiq) by extensions ['colcon_meta']
[0.200s] Level 1:colcon.colcon_core.package_identification:_identify(src/ur_robotiq) by extension 'colcon_meta'
[0.200s] Level 1:colcon.colcon_core.package_identification:_identify(src/ur_robotiq) by extensions ['ros']
[0.200s] Level 1:colcon.colcon_core.package_identification:_identify(src/ur_robotiq) by extension 'ros'
[0.200s] Level 1:colcon.colcon_core.package_identification:_identify(src/ur_robotiq) by extensions ['cmake', 'python']
[0.200s] Level 1:colcon.colcon_core.package_identification:_identify(src/ur_robotiq) by extension 'cmake'
[0.201s] Level 1:colcon.colcon_core.package_identification:_identify(src/ur_robotiq) by extension 'python'
[0.201s] Level 1:colcon.colcon_core.package_identification:_identify(src/ur_robotiq) by extensions ['python_setup_py']
[0.201s] Level 1:colcon.colcon_core.package_identification:_identify(src/ur_robotiq) by extension 'python_setup_py'
[0.201s] Level 1:colcon.colcon_core.package_identification:_identify(src/ur_robotiq/Universal_Robots_ROS_Driver) by extensions ['ignore', 'ignore_ament_install']
[0.201s] Level 1:colcon.colcon_core.package_identification:_identify(src/ur_robotiq/Universal_Robots_ROS_Driver) by extension 'ignore'
[0.201s] Level 1:colcon.colcon_core.package_identification:_identify(src/ur_robotiq/Universal_Robots_ROS_Driver) by extension 'ignore_ament_install'
[0.201s] Level 1:colcon.colcon_core.package_identification:_identify(src/ur_robotiq/Universal_Robots_ROS_Driver) by extensions ['colcon_pkg']
[0.201s] Level 1:colcon.colcon_core.package_identification:_identify(src/ur_robotiq/Universal_Robots_ROS_Driver) by extension 'colcon_pkg'
[0.201s] Level 1:colcon.colcon_core.package_identification:_identify(src/ur_robotiq/Universal_Robots_ROS_Driver) by extensions ['colcon_meta']
[0.201s] Level 1:colcon.colcon_core.package_identification:_identify(src/ur_robotiq/Universal_Robots_ROS_Driver) by extension 'colcon_meta'
[0.201s] Level 1:colcon.colcon_core.package_identification:_identify(src/ur_robotiq/Universal_Robots_ROS_Driver) by extensions ['ros']
[0.201s] Level 1:colcon.colcon_core.package_identification:_identify(src/ur_robotiq/Universal_Robots_ROS_Driver) by extension 'ros'
[0.201s] Level 1:colcon.colcon_core.package_identification:_identify(src/ur_robotiq/Universal_Robots_ROS_Driver) by extensions ['cmake', 'python']
[0.201s] Level 1:colcon.colcon_core.package_identification:_identify(src/ur_robotiq/Universal_Robots_ROS_Driver) by extension 'cmake'
[0.201s] Level 1:colcon.colcon_core.package_identification:_identify(src/ur_robotiq/Universal_Robots_ROS_Driver) by extension 'python'
[0.201s] Level 1:colcon.colcon_core.package_identification:_identify(src/ur_robotiq/Universal_Robots_ROS_Driver) by extensions ['python_setup_py']
[0.201s] Level 1:colcon.colcon_core.package_identification:_identify(src/ur_robotiq/Universal_Robots_ROS_Driver) by extension 'python_setup_py'
[0.201s] Level 1:colcon.colcon_core.package_identification:_identify(src/ur_robotiq/robotiq) by extensions ['ignore', 'ignore_ament_install']
[0.201s] Level 1:colcon.colcon_core.package_identification:_identify(src/ur_robotiq/robotiq) by extension 'ignore'
[0.201s] Level 1:colcon.colcon_core.package_identification:_identify(src/ur_robotiq/robotiq) by extension 'ignore_ament_install'
[0.201s] Level 1:colcon.colcon_core.package_identification:_identify(src/ur_robotiq/robotiq) by extensions ['colcon_pkg']
[0.201s] Level 1:colcon.colcon_core.package_identification:_identify(src/ur_robotiq/robotiq) by extension 'colcon_pkg'
[0.202s] Level 1:colcon.colcon_core.package_identification:_identify(src/ur_robotiq/robotiq) by extensions ['colcon_meta']
[0.202s] Level 1:colcon.colcon_core.package_identification:_identify(src/ur_robotiq/robotiq) by extension 'colcon_meta'
[0.202s] Level 1:colcon.colcon_core.package_identification:_identify(src/ur_robotiq/robotiq) by extensions ['ros']
[0.202s] Level 1:colcon.colcon_core.package_identification:_identify(src/ur_robotiq/robotiq) by extension 'ros'
[0.202s] Level 1:colcon.colcon_core.package_identification:_identify(src/ur_robotiq/robotiq) by extensions ['cmake', 'python']
[0.202s] Level 1:colcon.colcon_core.package_identification:_identify(src/ur_robotiq/robotiq) by extension 'cmake'
[0.202s] Level 1:colcon.colcon_core.package_identification:_identify(src/ur_robotiq/robotiq) by extension 'python'
[0.202s] Level 1:colcon.colcon_core.package_identification:_identify(src/ur_robotiq/robotiq) by extensions ['python_setup_py']
[0.202s] Level 1:colcon.colcon_core.package_identification:_identify(src/ur_robotiq/robotiq) by extension 'python_setup_py'
[0.202s] Level 1:colcon.colcon_core.package_identification:_identify(src/ur_robotiq/universal_robot) by extensions ['ignore', 'ignore_ament_install']
[0.202s] Level 1:colcon.colcon_core.package_identification:_identify(src/ur_robotiq/universal_robot) by extension 'ignore'
[0.202s] Level 1:colcon.colcon_core.package_identification:_identify(src/ur_robotiq/universal_robot) by extension 'ignore_ament_install'
[0.202s] Level 1:colcon.colcon_core.package_identification:_identify(src/ur_robotiq/universal_robot) by extensions ['colcon_pkg']
[0.202s] Level 1:colcon.colcon_core.package_identification:_identify(src/ur_robotiq/universal_robot) by extension 'colcon_pkg'
[0.202s] Level 1:colcon.colcon_core.package_identification:_identify(src/ur_robotiq/universal_robot) by extensions ['colcon_meta']
[0.202s] Level 1:colcon.colcon_core.package_identification:_identify(src/ur_robotiq/universal_robot) by extension 'colcon_meta'
[0.202s] Level 1:colcon.colcon_core.package_identification:_identify(src/ur_robotiq/universal_robot) by extensions ['ros']
[0.202s] Level 1:colcon.colcon_core.package_identification:_identify(src/ur_robotiq/universal_robot) by extension 'ros'
[0.202s] Level 1:colcon.colcon_core.package_identification:_identify(src/ur_robotiq/universal_robot) by extensions ['cmake', 'python']
[0.202s] Level 1:colcon.colcon_core.package_identification:_identify(src/ur_robotiq/universal_robot) by extension 'cmake'
[0.202s] Level 1:colcon.colcon_core.package_identification:_identify(src/ur_robotiq/universal_robot) by extension 'python'
[0.202s] Level 1:colcon.colcon_core.package_identification:_identify(src/ur_robotiq/universal_robot) by extensions ['python_setup_py']
[0.202s] Level 1:colcon.colcon_core.package_identification:_identify(src/ur_robotiq/universal_robot) by extension 'python_setup_py'
[0.202s] Level 1:colcon.colcon_core.package_identification:_identify(src/ur_robotiq/ur5e_2f85) by extensions ['ignore', 'ignore_ament_install']
[0.203s] Level 1:colcon.colcon_core.package_identification:_identify(src/ur_robotiq/ur5e_2f85) by extension 'ignore'
[0.203s] Level 1:colcon.colcon_core.package_identification:_identify(src/ur_robotiq/ur5e_2f85) ignored
[0.203s] Level 1:colcon.colcon_core.package_discovery:discover_packages(recursive) using defaults
[0.203s] Level 1:colcon.colcon_core.package_discovery:discover_packages(ignore) discover
[0.203s] Level 1:colcon.colcon_core.package_discovery:discover_packages(ignore) using defaults
[0.203s] Level 1:colcon.colcon_core.package_discovery:discover_packages(path) discover
[0.203s] Level 1:colcon.colcon_core.package_discovery:discover_packages(path) using defaults
[0.224s] INFO:colcon.colcon_core.package_selection:Skipping not selected package 'robotiq_controllers' in 'src/robotiq_controllers'
[0.224s] INFO:colcon.colcon_core.package_selection:Skipping not selected package 'robotiq_description' in 'src/robotiq_description'
[0.224s] INFO:colcon.colcon_core.package_selection:Skipping not selected package 'serial' in 'src/serial'
[0.224s] INFO:colcon.colcon_core.package_selection:Skipping not selected package 'ur_dashboard_msgs' in 'src/ur_dashboard_msgs'
[0.224s] INFO:colcon.colcon_core.package_selection:Skipping not selected package 'ur_description' in 'src/ur_description'
[0.224s] INFO:colcon.colcon_core.package_selection:Skipping not selected package 'robotiq_driver' in 'src/robotiq_driver'
[0.224s] INFO:colcon.colcon_core.package_selection:Skipping not selected package 'ur_controllers' in 'src/ur_controllers'
[0.224s] INFO:colcon.colcon_core.package_selection:Skipping not selected package 'robotiq_hardware_tests' in 'src/robotiq_hardware_tests'
[0.224s] INFO:colcon.colcon_core.package_selection:Skipping not selected package 'ur_robot_driver' in 'src/ur_robot_driver'
[0.224s] INFO:colcon.colcon_core.package_selection:Skipping not selected package 'ur_simulation_gz' in 'src/ur_gazebo_sim/ur_simulation_gz'
[0.224s] INFO:colcon.colcon_core.package_selection:Skipping not selected package 'ur_calibration' in 'src/ur_calibration'
[0.224s] INFO:colcon.colcon_core.package_selection:Skipping not selected package 'ur' in 'src/ur'
[0.225s] Level 1:colcon.colcon_core.package_discovery:discover_packages(prefix_path) check parameters
[0.225s] Level 1:colcon.colcon_core.package_discovery:discover_packages(prefix_path) discover
[0.227s] DEBUG:colcon.colcon_installed_package_information.package_discovery:Found 13 installed packages in /home/yash/ros2-master_dual_box/ros2-master/install
[0.229s] DEBUG:colcon.colcon_installed_package_information.package_discovery:Found 431 installed packages in /opt/ros/jazzy
[0.231s] Level 1:colcon.colcon_core.package_discovery:discover_packages(prefix_path) using defaults
[0.292s] Level 5:colcon.colcon_core.verb:set package 'ur_moveit_config' build argument 'cmake_args' from command line to 'None'
[0.292s] Level 5:colcon.colcon_core.verb:set package 'ur_moveit_config' build argument 'cmake_target' from command line to 'None'
[0.292s] Level 5:colcon.colcon_core.verb:set package 'ur_moveit_config' build argument 'cmake_target_skip_unavailable' from command line to 'False'
[0.292s] Level 5:colcon.colcon_core.verb:set package 'ur_moveit_config' build argument 'cmake_clean_cache' from command line to 'False'
[0.292s] Level 5:colcon.colcon_core.verb:set package 'ur_moveit_config' build argument 'cmake_clean_first' from command line to 'False'
[0.292s] Level 5:colcon.colcon_core.verb:set package 'ur_moveit_config' build argument 'cmake_force_configure' from command line to 'False'
[0.292s] Level 5:colcon.colcon_core.verb:set package 'ur_moveit_config' build argument 'ament_cmake_args' from command line to 'None'
[0.292s] Level 5:colcon.colcon_core.verb:set package 'ur_moveit_config' build argument 'catkin_cmake_args' from command line to 'None'
[0.292s] Level 5:colcon.colcon_core.verb:set package 'ur_moveit_config' build argument 'catkin_skip_building_tests' from command line to 'False'
[0.292s] DEBUG:colcon.colcon_core.verb:Building package 'ur_moveit_config' with the following arguments: {'ament_cmake_args': None, 'build_base': '/home/yash/ros2-master_dual_box/ros2-master/build/ur_moveit_config', 'catkin_cmake_args': None, 'catkin_skip_building_tests': False, 'cmake_args': None, 'cmake_clean_cache': False, 'cmake_clean_first': False, 'cmake_force_configure': False, 'cmake_target': None, 'cmake_target_skip_unavailable': False, 'install_base': '/home/yash/ros2-master_dual_box/ros2-master/install/ur_moveit_config', 'merge_install': False, 'path': '/home/yash/ros2-master_dual_box/ros2-master/src/ur_moveit_config', 'symlink_install': False, 'test_result_base': None}
[0.292s] INFO:colcon.colcon_core.executor:Executing jobs using 'parallel' executor
[0.293s] DEBUG:colcon.colcon_parallel_executor.executor.parallel:run_until_complete
[0.294s] INFO:colcon.colcon_ros.task.ament_cmake.build:Building ROS package in '/home/yash/ros2-master_dual_box/ros2-master/src/ur_moveit_config' with build type 'ament_cmake'
[0.294s] INFO:colcon.colcon_cmake.task.cmake.build:Building CMake package in '/home/yash/ros2-master_dual_box/ros2-master/src/ur_moveit_config'
[0.296s] INFO:colcon.colcon_core.plugin_system:Skipping extension 'colcon_core.shell.bat': Not used on non-Windows systems
[0.296s] INFO:colcon.colcon_core.shell:Skip shell extension 'powershell' for command environment: Not usable outside of PowerShell
[0.296s] DEBUG:colcon.colcon_core.shell:Skip shell extension 'dsv' for command environment
[0.310s] DEBUG:colcon.colcon_core.event_handler.log_command:Invoking command in '/home/yash/ros2-master_dual_box/ros2-master/build/ur_moveit_config': CMAKE_PREFIX_PATH=/home/yash/ros2-master_dual_box/ros2-master/install/ur_description:/home/yash/ros2-master_dual_box/ros2-master/install/ur_simulation_gz:/home/yash/ros2-master_dual_box/ros2-master/install/ur:/home/yash/ros2-master_dual_box/ros2-master/install/ur_calibration:/home/yash/ros2-master_dual_box/ros2-master/install/ur_robot_driver:/home/yash/ros2-master_dual_box/ros2-master/install/ur_moveit_config:/home/yash/ros2-master_dual_box/ros2-master/install/ur_controllers:/home/yash/ros2-master_dual_box/ros2-master/install/ur_dashboard_msgs:/home/yash/ros2-master_dual_box/ros2-master/install/robotiq_hardware_tests:/home/yash/ros2-master_dual_box/ros2-master/install/robotiq_driver:/home/yash/ros2-master_dual_box/ros2-master/install/serial:/home/yash/ros2-master_dual_box/ros2-master/install/robotiq_description:/home/yash/ros2-master_dual_box/ros2-master/install/robotiq_controllers:/opt/ros/jazzy/opt/gz_sim_vendor:/opt/ros/jazzy/opt/gz_sensors_vendor:/opt/ros/jazzy/opt/gz_physics_vendor:/opt/ros/jazzy/opt/sdformat_vendor:/opt/ros/jazzy/opt/gz_gui_vendor:/opt/ros/jazzy/opt/gz_transport_vendor:/opt/ros/jazzy/opt/gz_rendering_vendor:/opt/ros/jazzy/opt/gz_plugin_vendor:/opt/ros/jazzy/opt/gz_fuel_tools_vendor:/opt/ros/jazzy/opt/gz_msgs_vendor:/opt/ros/jazzy/opt/gz_common_vendor:/opt/ros/jazzy/opt/gz_math_vendor:/opt/ros/jazzy/opt/gz_utils_vendor:/opt/ros/jazzy/opt/gz_tools_vendor:/opt/ros/jazzy/opt/gz_ogre_next_vendor:/opt/ros/jazzy/opt/gz_dartsim_vendor:/opt/ros/jazzy/opt/gz_cmake_vendor:/opt/ros/jazzy DEBUGINFOD_URLS=https://debuginfod.ubuntu.com /usr/bin/cmake --build /home/yash/ros2-master_dual_box/ros2-master/build/ur_moveit_config -- -j8 -l8
[0.367s] DEBUG:colcon.colcon_core.event_handler.log_command:Invoked command in '/home/yash/ros2-master_dual_box/ros2-master/build/ur_moveit_config' returned '0': CMAKE_PREFIX_PATH=/home/yash/ros2-master_dual_box/ros2-master/install/ur_description:/home/yash/ros2-master_dual_box/ros2-master/install/ur_simulation_gz:/home/yash/ros2-master_dual_box/ros2-master/install/ur:/home/yash/ros2-master_dual_box/ros2-master/install/ur_calibration:/home/yash/ros2-master_dual_box/ros2-master/install/ur_robot_driver:/home/yash/ros2-master_dual_box/ros2-master/install/ur_moveit_config:/home/yash/ros2-master_dual_box/ros2-master/install/ur_controllers:/home/yash/ros2-master_dual_box/ros2-master/install/ur_dashboard_msgs:/home/yash/ros2-master_dual_box/ros2-master/install/robotiq_hardware_tests:/home/yash/ros2-master_dual_box/ros2-master/install/robotiq_driver:/home/yash/ros2-master_dual_box/ros2-master/install/serial:/home/yash/ros2-master_dual_box/ros2-master/install/robotiq_description:/home/yash/ros2-master_dual_box/ros2-master/install/robotiq_controllers:/opt/ros/jazzy/opt/gz_sim_vendor:/opt/ros/jazzy/opt/gz_sensors_vendor:/opt/ros/jazzy/opt/gz_physics_vendor:/opt/ros/jazzy/opt/sdformat_vendor:/opt/ros/jazzy/opt/gz_gui_vendor:/opt/ros/jazzy/opt/gz_transport_vendor:/opt/ros/jazzy/opt/gz_rendering_vendor:/opt/ros/jazzy/opt/gz_plugin_vendor:/opt/ros/jazzy/opt/gz_fuel_tools_vendor:/opt/ros/jazzy/opt/gz_msgs_vendor:/opt/ros/jazzy/opt/gz_common_vendor:/opt/ros/jazzy/opt/gz_math_vendor:/opt/ros/jazzy/opt/gz_utils_vendor:/opt/ros/jazzy/opt/gz_tools_vendor:/opt/ros/jazzy/opt/gz_ogre_next_vendor:/opt/ros/jazzy/opt/gz_dartsim_vendor:/opt/ros/jazzy/opt/gz_cmake_vendor:/opt/ros/jazzy DEBUGINFOD_URLS=https://debuginfod.ubuntu.com /usr/bin/cmake --build /home/yash/ros2-master_dual_box/ros2-master/build/ur_moveit_config -- -j8 -l8
[0.384s] DEBUG:colcon.colcon_core.event_handler.log_command:Invoking command in '/home/yash/ros2-master_dual_box/ros2-master/build/ur_moveit_config': CMAKE_PREFIX_PATH=/home/yash/ros2-master_dual_box/ros2-master/install/ur_description:/home/yash/ros2-master_dual_box/ros2-master/install/ur_simulation_gz:/home/yash/ros2-master_dual_box/ros2-master/install/ur:/home/yash/ros2-master_dual_box/ros2-master/install/ur_calibration:/home/yash/ros2-master_dual_box/ros2-master/install/ur_robot_driver:/home/yash/ros2-master_dual_box/ros2-master/install/ur_moveit_config:/home/yash/ros2-master_dual_box/ros2-master/install/ur_controllers:/home/yash/ros2-master_dual_box/ros2-master/install/ur_dashboard_msgs:/home/yash/ros2-master_dual_box/ros2-master/install/robotiq_hardware_tests:/home/yash/ros2-master_dual_box/ros2-master/install/robotiq_driver:/home/yash/ros2-master_dual_box/ros2-master/install/serial:/home/yash/ros2-master_dual_box/ros2-master/install/robotiq_description:/home/yash/ros2-master_dual_box/ros2-master/install/robotiq_controllers:/opt/ros/jazzy/opt/gz_sim_vendor:/opt/ros/jazzy/opt/gz_sensors_vendor:/opt/ros/jazzy/opt/gz_physics_vendor:/opt/ros/jazzy/opt/sdformat_vendor:/opt/ros/jazzy/opt/gz_gui_vendor:/opt/ros/jazzy/opt/gz_transport_vendor:/opt/ros/jazzy/opt/gz_rendering_vendor:/opt/ros/jazzy/opt/gz_plugin_vendor:/opt/ros/jazzy/opt/gz_fuel_tools_vendor:/opt/ros/jazzy/opt/gz_msgs_vendor:/opt/ros/jazzy/opt/gz_common_vendor:/opt/ros/jazzy/opt/gz_math_vendor:/opt/ros/jazzy/opt/gz_utils_vendor:/opt/ros/jazzy/opt/gz_tools_vendor:/opt/ros/jazzy/opt/gz_ogre_next_vendor:/opt/ros/jazzy/opt/gz_dartsim_vendor:/opt/ros/jazzy/opt/gz_cmake_vendor:/opt/ros/jazzy DEBUGINFOD_URLS=https://debuginfod.ubuntu.com /usr/bin/cmake --install /home/yash/ros2-master_dual_box/ros2-master/build/ur_moveit_config
[0.763s] Level 1:colcon.colcon_core.environment:create_environment_scripts_only(ur_moveit_config)
[0.765s] DEBUG:colcon.colcon_core.event_handler.log_command:Invoked command in '/home/yash/ros2-master_dual_box/ros2-master/build/ur_moveit_config' returned '0': CMAKE_PREFIX_PATH=/home/yash/ros2-master_dual_box/ros2-master/install/ur_description:/home/yash/ros2-master_dual_box/ros2-master/install/ur_simulation_gz:/home/yash/ros2-master_dual_box/ros2-master/install/ur:/home/yash/ros2-master_dual_box/ros2-master/install/ur_calibration:/home/yash/ros2-master_dual_box/ros2-master/install/ur_robot_driver:/home/yash/ros2-master_dual_box/ros2-master/install/ur_moveit_config:/home/yash/ros2-master_dual_box/ros2-master/install/ur_controllers:/home/yash/ros2-master_dual_box/ros2-master/install/ur_dashboard_msgs:/home/yash/ros2-master_dual_box/ros2-master/install/robotiq_hardware_tests:/home/yash/ros2-master_dual_box/ros2-master/install/robotiq_driver:/home/yash/ros2-master_dual_box/ros2-master/install/serial:/home/yash/ros2-master_dual_box/ros2-master/install/robotiq_description:/home/yash/ros2-master_dual_box/ros2-master/install/robotiq_controllers:/opt/ros/jazzy/opt/gz_sim_vendor:/opt/ros/jazzy/opt/gz_sensors_vendor:/opt/ros/jazzy/opt/gz_physics_vendor:/opt/ros/jazzy/opt/sdformat_vendor:/opt/ros/jazzy/opt/gz_gui_vendor:/opt/ros/jazzy/opt/gz_transport_vendor:/opt/ros/jazzy/opt/gz_rendering_vendor:/opt/ros/jazzy/opt/gz_plugin_vendor:/opt/ros/jazzy/opt/gz_fuel_tools_vendor:/opt/ros/jazzy/opt/gz_msgs_vendor:/opt/ros/jazzy/opt/gz_common_vendor:/opt/ros/jazzy/opt/gz_math_vendor:/opt/ros/jazzy/opt/gz_utils_vendor:/opt/ros/jazzy/opt/gz_tools_vendor:/opt/ros/jazzy/opt/gz_ogre_next_vendor:/opt/ros/jazzy/opt/gz_dartsim_vendor:/opt/ros/jazzy/opt/gz_cmake_vendor:/opt/ros/jazzy DEBUGINFOD_URLS=https://debuginfod.ubuntu.com /usr/bin/cmake --install /home/yash/ros2-master_dual_box/ros2-master/build/ur_moveit_config
[0.770s] Level 1:colcon.colcon_core.environment:checking '/home/yash/ros2-master_dual_box/ros2-master/install/ur_moveit_config' for CMake module files
[0.771s] Level 1:colcon.colcon_core.environment:checking '/home/yash/ros2-master_dual_box/ros2-master/install/ur_moveit_config' for CMake config files
[0.772s] Level 1:colcon.colcon_core.shell:create_environment_hook('ur_moveit_config', 'cmake_prefix_path')
[0.773s] INFO:colcon.colcon_core.shell:Creating environment hook '/home/yash/ros2-master_dual_box/ros2-master/install/ur_moveit_config/share/ur_moveit_config/hook/cmake_prefix_path.ps1'
[0.774s] INFO:colcon.colcon_core.shell:Creating environment descriptor '/home/yash/ros2-master_dual_box/ros2-master/install/ur_moveit_config/share/ur_moveit_config/hook/cmake_prefix_path.dsv'
[0.775s] INFO:colcon.colcon_core.shell:Creating environment hook '/home/yash/ros2-master_dual_box/ros2-master/install/ur_moveit_config/share/ur_moveit_config/hook/cmake_prefix_path.sh'
[0.778s] Level 1:colcon.colcon_core.environment:checking '/home/yash/ros2-master_dual_box/ros2-master/install/ur_moveit_config/bin'
[0.778s] Level 1:colcon.colcon_core.environment:checking '/home/yash/ros2-master_dual_box/ros2-master/install/ur_moveit_config/lib/pkgconfig/ur_moveit_config.pc'
[0.778s] Level 1:colcon.colcon_core.environment:checking '/home/yash/ros2-master_dual_box/ros2-master/install/ur_moveit_config/lib/python3.12/site-packages'
[0.779s] Level 1:colcon.colcon_core.environment:checking '/home/yash/ros2-master_dual_box/ros2-master/install/ur_moveit_config/bin'
[0.780s] INFO:colcon.colcon_core.shell:Creating package script '/home/yash/ros2-master_dual_box/ros2-master/install/ur_moveit_config/share/ur_moveit_config/package.ps1'
[0.781s] INFO:colcon.colcon_core.shell:Creating package descriptor '/home/yash/ros2-master_dual_box/ros2-master/install/ur_moveit_config/share/ur_moveit_config/package.dsv'
[0.783s] INFO:colcon.colcon_core.shell:Creating package script '/home/yash/ros2-master_dual_box/ros2-master/install/ur_moveit_config/share/ur_moveit_config/package.sh'
[0.784s] INFO:colcon.colcon_core.shell:Creating package script '/home/yash/ros2-master_dual_box/ros2-master/install/ur_moveit_config/share/ur_moveit_config/package.bash'
[0.786s] INFO:colcon.colcon_core.shell:Creating package script '/home/yash/ros2-master_dual_box/ros2-master/install/ur_moveit_config/share/ur_moveit_config/package.zsh'
[0.787s] Level 1:colcon.colcon_core.environment:create_file_with_runtime_dependencies(/home/yash/ros2-master_dual_box/ros2-master/install/ur_moveit_config/share/colcon-core/packages/ur_moveit_config)
[0.788s] Level 1:colcon.colcon_core.environment:create_environment_scripts_only(ur_moveit_config)
[0.789s] Level 1:colcon.colcon_core.environment:checking '/home/yash/ros2-master_dual_box/ros2-master/install/ur_moveit_config' for CMake module files
[0.790s] Level 1:colcon.colcon_core.environment:checking '/home/yash/ros2-master_dual_box/ros2-master/install/ur_moveit_config' for CMake config files
[0.791s] Level 1:colcon.colcon_core.shell:create_environment_hook('ur_moveit_config', 'cmake_prefix_path')
[0.791s] INFO:colcon.colcon_core.shell:Creating environment hook '/home/yash/ros2-master_dual_box/ros2-master/install/ur_moveit_config/share/ur_moveit_config/hook/cmake_prefix_path.ps1'
[0.792s] INFO:colcon.colcon_core.shell:Creating environment descriptor '/home/yash/ros2-master_dual_box/ros2-master/install/ur_moveit_config/share/ur_moveit_config/hook/cmake_prefix_path.dsv'
[0.793s] INFO:colcon.colcon_core.shell:Creating environment hook '/home/yash/ros2-master_dual_box/ros2-master/install/ur_moveit_config/share/ur_moveit_config/hook/cmake_prefix_path.sh'
[0.795s] Level 1:colcon.colcon_core.environment:checking '/home/yash/ros2-master_dual_box/ros2-master/install/ur_moveit_config/bin'
[0.796s] Level 1:colcon.colcon_core.environment:checking '/home/yash/ros2-master_dual_box/ros2-master/install/ur_moveit_config/lib/pkgconfig/ur_moveit_config.pc'
[0.796s] Level 1:colcon.colcon_core.environment:checking '/home/yash/ros2-master_dual_box/ros2-master/install/ur_moveit_config/lib/python3.12/site-packages'
[0.798s] Level 1:colcon.colcon_core.environment:checking '/home/yash/ros2-master_dual_box/ros2-master/install/ur_moveit_config/bin'
[0.798s] INFO:colcon.colcon_core.shell:Creating package script '/home/yash/ros2-master_dual_box/ros2-master/install/ur_moveit_config/share/ur_moveit_config/package.ps1'
[0.800s] INFO:colcon.colcon_core.shell:Creating package descriptor '/home/yash/ros2-master_dual_box/ros2-master/install/ur_moveit_config/share/ur_moveit_config/package.dsv'
[0.801s] INFO:colcon.colcon_core.shell:Creating package script '/home/yash/ros2-master_dual_box/ros2-master/install/ur_moveit_config/share/ur_moveit_config/package.sh'
[0.802s] INFO:colcon.colcon_core.shell:Creating package script '/home/yash/ros2-master_dual_box/ros2-master/install/ur_moveit_config/share/ur_moveit_config/package.bash'
[0.803s] INFO:colcon.colcon_core.shell:Creating package script '/home/yash/ros2-master_dual_box/ros2-master/install/ur_moveit_config/share/ur_moveit_config/package.zsh'
[0.804s] Level 1:colcon.colcon_core.environment:create_file_with_runtime_dependencies(/home/yash/ros2-master_dual_box/ros2-master/install/ur_moveit_config/share/colcon-core/packages/ur_moveit_config)
[0.805s] DEBUG:colcon.colcon_parallel_executor.executor.parallel:closing loop
[0.806s] DEBUG:colcon.colcon_parallel_executor.executor.parallel:loop closed
[0.806s] DEBUG:colcon.colcon_parallel_executor.executor.parallel:run_until_complete finished with '0'
[0.806s] DEBUG:colcon.colcon_core.event_reactor:joining thread
[0.848s] INFO:colcon.colcon_core.plugin_system:Skipping extension 'colcon_notification.desktop_notification.terminal_notifier': Not used on non-Darwin systems
[0.848s] INFO:colcon.colcon_core.plugin_system:Skipping extension 'colcon_notification.desktop_notification.win32': Not used on non-Windows systems
[0.848s] INFO:colcon.colcon_notification.desktop_notification:Sending desktop notification using 'notify2'
[0.884s] DEBUG:colcon.colcon_core.event_reactor:joined thread
[0.885s] INFO:colcon.colcon_core.shell:Creating prefix script '/home/yash/ros2-master_dual_box/ros2-master/install/local_setup.ps1'
[0.887s] INFO:colcon.colcon_core.shell:Creating prefix util module '/home/yash/ros2-master_dual_box/ros2-master/install/_local_setup_util_ps1.py'
[0.892s] INFO:colcon.colcon_core.shell:Creating prefix chain script '/home/yash/ros2-master_dual_box/ros2-master/install/setup.ps1'
[0.897s] INFO:colcon.colcon_core.shell:Creating prefix script '/home/yash/ros2-master_dual_box/ros2-master/install/local_setup.sh'
[0.898s] INFO:colcon.colcon_core.shell:Creating prefix util module '/home/yash/ros2-master_dual_box/ros2-master/install/_local_setup_util_sh.py'
[0.901s] INFO:colcon.colcon_core.shell:Creating prefix chain script '/home/yash/ros2-master_dual_box/ros2-master/install/setup.sh'
[0.906s] INFO:colcon.colcon_core.shell:Creating prefix script '/home/yash/ros2-master_dual_box/ros2-master/install/local_setup.bash'
[0.908s] INFO:colcon.colcon_core.shell:Creating prefix chain script '/home/yash/ros2-master_dual_box/ros2-master/install/setup.bash'
[0.913s] INFO:colcon.colcon_core.shell:Creating prefix script '/home/yash/ros2-master_dual_box/ros2-master/install/local_setup.zsh'
[0.914s] INFO:colcon.colcon_core.shell:Creating prefix chain script '/home/yash/ros2-master_dual_box/ros2-master/install/setup.zsh'
