[0.007s] Invoking command in '/home/yashrakesh/ros2_ws/build/ur_moveit_config': AMENT_PREFIX_PATH=/home/yashrakesh/ros2_ws/install/ur_description:${AMENT_PREFIX_PATH} CMAKE_PREFIX_PATH=/home/yashrakesh/ros2_ws/install/ur_description:/opt/ros/jazzy/opt/gz_sim_vendor:/opt/ros/jazzy/opt/gz_sensors_vendor:/opt/ros/jazzy/opt/gz_physics_vendor:/opt/ros/jazzy/opt/sdformat_vendor:/opt/ros/jazzy/opt/gz_gui_vendor:/opt/ros/jazzy/opt/gz_transport_vendor:/opt/ros/jazzy/opt/gz_rendering_vendor:/opt/ros/jazzy/opt/gz_plugin_vendor:/opt/ros/jazzy/opt/gz_fuel_tools_vendor:/opt/ros/jazzy/opt/gz_msgs_vendor:/opt/ros/jazzy/opt/gz_common_vendor:/opt/ros/jazzy/opt/gz_math_vendor:/opt/ros/jazzy/opt/gz_utils_vendor:/opt/ros/jazzy/opt/gz_tools_vendor:/opt/ros/jazzy/opt/gz_ogre_next_vendor:/opt/ros/jazzy/opt/gz_dartsim_vendor:/opt/ros/jazzy/opt/gz_cmake_vendor:/opt/ros/jazzy DEBUGINFOD_URLS=https://debuginfod.ubuntu.com /usr/bin/cmake /home/yashrakesh/ros2_ws/src/ur_moveit_config -DCMAKE_INSTALL_PREFIX=/home/yashrakesh/ros2_ws/install/ur_moveit_config
[0.073s] -- The C compiler identification is GNU 13.3.0
[0.120s] -- The CXX compiler identification is GNU 13.3.0
[0.128s] -- Detecting C compiler ABI info
[0.167s] -- Detecting C compiler ABI info - done
[0.171s] -- Check for working C compiler: /usr/bin/cc - skipped
[0.172s] -- Detecting C compile features
[0.172s] -- Detecting C compile features - done
[0.175s] -- Detecting CXX compiler ABI info
[0.211s] -- Detecting CXX compiler ABI info - done
[0.215s] -- Check for working CXX compiler: /usr/bin/c++ - skipped
[0.215s] -- Detecting CXX compile features
[0.216s] -- Detecting CXX compile features - done
[0.221s] -- Found ament_cmake: 2.5.5 (/opt/ros/jazzy/share/ament_cmake/cmake)
[0.284s] -- Found Python3: /usr/bin/python3 (found version "3.12.3") found components: Interpreter 
[0.378s] -- Configuring done (0.4s)
[0.379s] -- Generating done (0.0s)
[0.380s] -- Build files have been written to: /home/yashrakesh/ros2_ws/build/ur_moveit_config
[0.382s] Invoked command in '/home/yashrakesh/ros2_ws/build/ur_moveit_config' returned '0': AMENT_PREFIX_PATH=/home/yashrakesh/ros2_ws/install/ur_description:${AMENT_PREFIX_PATH} CMAKE_PREFIX_PATH=/home/yashrakesh/ros2_ws/install/ur_description:/opt/ros/jazzy/opt/gz_sim_vendor:/opt/ros/jazzy/opt/gz_sensors_vendor:/opt/ros/jazzy/opt/gz_physics_vendor:/opt/ros/jazzy/opt/sdformat_vendor:/opt/ros/jazzy/opt/gz_gui_vendor:/opt/ros/jazzy/opt/gz_transport_vendor:/opt/ros/jazzy/opt/gz_rendering_vendor:/opt/ros/jazzy/opt/gz_plugin_vendor:/opt/ros/jazzy/opt/gz_fuel_tools_vendor:/opt/ros/jazzy/opt/gz_msgs_vendor:/opt/ros/jazzy/opt/gz_common_vendor:/opt/ros/jazzy/opt/gz_math_vendor:/opt/ros/jazzy/opt/gz_utils_vendor:/opt/ros/jazzy/opt/gz_tools_vendor:/opt/ros/jazzy/opt/gz_ogre_next_vendor:/opt/ros/jazzy/opt/gz_dartsim_vendor:/opt/ros/jazzy/opt/gz_cmake_vendor:/opt/ros/jazzy DEBUGINFOD_URLS=https://debuginfod.ubuntu.com /usr/bin/cmake /home/yashrakesh/ros2_ws/src/ur_moveit_config -DCMAKE_INSTALL_PREFIX=/home/yashrakesh/ros2_ws/install/ur_moveit_config
[0.382s] Invoking command in '/home/yashrakesh/ros2_ws/build/ur_moveit_config': AMENT_PREFIX_PATH=/home/yashrakesh/ros2_ws/install/ur_description:${AMENT_PREFIX_PATH} CMAKE_PREFIX_PATH=/home/yashrakesh/ros2_ws/install/ur_description:/opt/ros/jazzy/opt/gz_sim_vendor:/opt/ros/jazzy/opt/gz_sensors_vendor:/opt/ros/jazzy/opt/gz_physics_vendor:/opt/ros/jazzy/opt/sdformat_vendor:/opt/ros/jazzy/opt/gz_gui_vendor:/opt/ros/jazzy/opt/gz_transport_vendor:/opt/ros/jazzy/opt/gz_rendering_vendor:/opt/ros/jazzy/opt/gz_plugin_vendor:/opt/ros/jazzy/opt/gz_fuel_tools_vendor:/opt/ros/jazzy/opt/gz_msgs_vendor:/opt/ros/jazzy/opt/gz_common_vendor:/opt/ros/jazzy/opt/gz_math_vendor:/opt/ros/jazzy/opt/gz_utils_vendor:/opt/ros/jazzy/opt/gz_tools_vendor:/opt/ros/jazzy/opt/gz_ogre_next_vendor:/opt/ros/jazzy/opt/gz_dartsim_vendor:/opt/ros/jazzy/opt/gz_cmake_vendor:/opt/ros/jazzy DEBUGINFOD_URLS=https://debuginfod.ubuntu.com /usr/bin/cmake --build /home/yashrakesh/ros2_ws/build/ur_moveit_config -- -j16 -l16
[0.397s] Invoked command in '/home/yashrakesh/ros2_ws/build/ur_moveit_config' returned '0': AMENT_PREFIX_PATH=/home/yashrakesh/ros2_ws/install/ur_description:${AMENT_PREFIX_PATH} CMAKE_PREFIX_PATH=/home/yashrakesh/ros2_ws/install/ur_description:/opt/ros/jazzy/opt/gz_sim_vendor:/opt/ros/jazzy/opt/gz_sensors_vendor:/opt/ros/jazzy/opt/gz_physics_vendor:/opt/ros/jazzy/opt/sdformat_vendor:/opt/ros/jazzy/opt/gz_gui_vendor:/opt/ros/jazzy/opt/gz_transport_vendor:/opt/ros/jazzy/opt/gz_rendering_vendor:/opt/ros/jazzy/opt/gz_plugin_vendor:/opt/ros/jazzy/opt/gz_fuel_tools_vendor:/opt/ros/jazzy/opt/gz_msgs_vendor:/opt/ros/jazzy/opt/gz_common_vendor:/opt/ros/jazzy/opt/gz_math_vendor:/opt/ros/jazzy/opt/gz_utils_vendor:/opt/ros/jazzy/opt/gz_tools_vendor:/opt/ros/jazzy/opt/gz_ogre_next_vendor:/opt/ros/jazzy/opt/gz_dartsim_vendor:/opt/ros/jazzy/opt/gz_cmake_vendor:/opt/ros/jazzy DEBUGINFOD_URLS=https://debuginfod.ubuntu.com /usr/bin/cmake --build /home/yashrakesh/ros2_ws/build/ur_moveit_config -- -j16 -l16
[0.400s] Invoking command in '/home/yashrakesh/ros2_ws/build/ur_moveit_config': AMENT_PREFIX_PATH=/home/yashrakesh/ros2_ws/install/ur_description:${AMENT_PREFIX_PATH} CMAKE_PREFIX_PATH=/home/yashrakesh/ros2_ws/install/ur_description:/opt/ros/jazzy/opt/gz_sim_vendor:/opt/ros/jazzy/opt/gz_sensors_vendor:/opt/ros/jazzy/opt/gz_physics_vendor:/opt/ros/jazzy/opt/sdformat_vendor:/opt/ros/jazzy/opt/gz_gui_vendor:/opt/ros/jazzy/opt/gz_transport_vendor:/opt/ros/jazzy/opt/gz_rendering_vendor:/opt/ros/jazzy/opt/gz_plugin_vendor:/opt/ros/jazzy/opt/gz_fuel_tools_vendor:/opt/ros/jazzy/opt/gz_msgs_vendor:/opt/ros/jazzy/opt/gz_common_vendor:/opt/ros/jazzy/opt/gz_math_vendor:/opt/ros/jazzy/opt/gz_utils_vendor:/opt/ros/jazzy/opt/gz_tools_vendor:/opt/ros/jazzy/opt/gz_ogre_next_vendor:/opt/ros/jazzy/opt/gz_dartsim_vendor:/opt/ros/jazzy/opt/gz_cmake_vendor:/opt/ros/jazzy DEBUGINFOD_URLS=https://debuginfod.ubuntu.com /usr/bin/cmake --install /home/yashrakesh/ros2_ws/build/ur_moveit_config
[0.403s] -- Install configuration: ""
[0.403s] -- Installing: /home/yashrakesh/ros2_ws/install/ur_moveit_config/share/ur_moveit_config/config
[0.403s] -- Installing: /home/yashrakesh/ros2_ws/install/ur_moveit_config/share/ur_moveit_config/config/pilz_cartesian_limits.yaml
[0.403s] -- Installing: /home/yashrakesh/ros2_ws/install/ur_moveit_config/share/ur_moveit_config/config/pilz_industrial_motion_planner_planning.yaml
[0.403s] -- Installing: /home/yashrakesh/ros2_ws/install/ur_moveit_config/share/ur_moveit_config/config/joint_limits.yaml
[0.403s] -- Installing: /home/yashrakesh/ros2_ws/install/ur_moveit_config/share/ur_moveit_config/config/moveit_controllers.yaml
[0.403s] -- Installing: /home/yashrakesh/ros2_ws/install/ur_moveit_config/share/ur_moveit_config/config/kinematics.yaml
[0.403s] -- Installing: /home/yashrakesh/ros2_ws/install/ur_moveit_config/share/ur_moveit_config/config/moveit.rviz
[0.403s] -- Installing: /home/yashrakesh/ros2_ws/install/ur_moveit_config/share/ur_moveit_config/config/chomp_planning.yaml
[0.403s] -- Installing: /home/yashrakesh/ros2_ws/install/ur_moveit_config/share/ur_moveit_config/config/ur_servo.yaml
[0.403s] -- Installing: /home/yashrakesh/ros2_ws/install/ur_moveit_config/share/ur_moveit_config/config/ompl_planning.yaml
[0.403s] -- Installing: /home/yashrakesh/ros2_ws/install/ur_moveit_config/share/ur_moveit_config/launch
[0.403s] -- Installing: /home/yashrakesh/ros2_ws/install/ur_moveit_config/share/ur_moveit_config/launch/ur_moveit.launch.py
[0.403s] -- Up-to-date: /home/yashrakesh/ros2_ws/install/ur_moveit_config/share/ur_moveit_config/.
[0.403s] -- Installing: /home/yashrakesh/ros2_ws/install/ur_moveit_config/share/ur_moveit_config/./package.xml
[0.403s] -- Installing: /home/yashrakesh/ros2_ws/install/ur_moveit_config/share/ur_moveit_config/./local_setup.zsh
[0.403s] -- Installing: /home/yashrakesh/ros2_ws/install/ur_moveit_config/share/ur_moveit_config/./cmake
[0.403s] -- Installing: /home/yashrakesh/ros2_ws/install/ur_moveit_config/share/ur_moveit_config/./cmake/ur_moveit_configConfig-version.cmake
[0.403s] -- Installing: /home/yashrakesh/ros2_ws/install/ur_moveit_config/share/ur_moveit_config/./cmake/ur_moveit_configConfig.cmake
[0.403s] -- Installing: /home/yashrakesh/ros2_ws/install/ur_moveit_config/share/ur_moveit_config/./local_setup.sh
[0.403s] -- Installing: /home/yashrakesh/ros2_ws/install/ur_moveit_config/share/ur_moveit_config/./local_setup.dsv
[0.403s] -- Up-to-date: /home/yashrakesh/ros2_ws/install/ur_moveit_config/share/ur_moveit_config/./launch
[0.403s] -- Up-to-date: /home/yashrakesh/ros2_ws/install/ur_moveit_config/share/ur_moveit_config/./launch/ur_moveit.launch.py
[0.403s] -- Installing: /home/yashrakesh/ros2_ws/install/ur_moveit_config/share/ur_moveit_config/./environment
[0.403s] -- Installing: /home/yashrakesh/ros2_ws/install/ur_moveit_config/share/ur_moveit_config/./environment/path.sh
[0.403s] -- Installing: /home/yashrakesh/ros2_ws/install/ur_moveit_config/share/ur_moveit_config/./environment/path.dsv
[0.404s] -- Installing: /home/yashrakesh/ros2_ws/install/ur_moveit_config/share/ur_moveit_config/./environment/ament_prefix_path.dsv
[0.404s] -- Installing: /home/yashrakesh/ros2_ws/install/ur_moveit_config/share/ur_moveit_config/./environment/ament_prefix_path.sh
[0.404s] -- Installing: /home/yashrakesh/ros2_ws/install/ur_moveit_config/share/ur_moveit_config/./CMakeLists.txt
[0.404s] -- Installing: /home/yashrakesh/ros2_ws/install/ur_moveit_config/share/ur_moveit_config/./local_setup.bash
[0.404s] -- Installing: /home/yashrakesh/ros2_ws/install/ur_moveit_config/share/ur_moveit_config/./srdf
[0.404s] -- Installing: /home/yashrakesh/ros2_ws/install/ur_moveit_config/share/ur_moveit_config/./srdf/ur_macro.srdf.xacro
[0.404s] -- Installing: /home/yashrakesh/ros2_ws/install/ur_moveit_config/share/ur_moveit_config/./srdf/ur.srdf.xacro
[0.404s] -- Installing: /home/yashrakesh/ros2_ws/install/ur_moveit_config/share/ur_moveit_config/./package.dsv
[0.404s] -- Up-to-date: /home/yashrakesh/ros2_ws/install/ur_moveit_config/share/ur_moveit_config/./config
[0.404s] -- Up-to-date: /home/yashrakesh/ros2_ws/install/ur_moveit_config/share/ur_moveit_config/./config/pilz_cartesian_limits.yaml
[0.404s] -- Up-to-date: /home/yashrakesh/ros2_ws/install/ur_moveit_config/share/ur_moveit_config/./config/pilz_industrial_motion_planner_planning.yaml
[0.404s] -- Up-to-date: /home/yashrakesh/ros2_ws/install/ur_moveit_config/share/ur_moveit_config/./config/joint_limits.yaml
[0.404s] -- Up-to-date: /home/yashrakesh/ros2_ws/install/ur_moveit_config/share/ur_moveit_config/./config/moveit_controllers.yaml
[0.404s] -- Up-to-date: /home/yashrakesh/ros2_ws/install/ur_moveit_config/share/ur_moveit_config/./config/kinematics.yaml
[0.404s] -- Up-to-date: /home/yashrakesh/ros2_ws/install/ur_moveit_config/share/ur_moveit_config/./config/moveit.rviz
[0.404s] -- Up-to-date: /home/yashrakesh/ros2_ws/install/ur_moveit_config/share/ur_moveit_config/./config/chomp_planning.yaml
[0.404s] -- Up-to-date: /home/yashrakesh/ros2_ws/install/ur_moveit_config/share/ur_moveit_config/./config/ur_servo.yaml
[0.404s] -- Up-to-date: /home/yashrakesh/ros2_ws/install/ur_moveit_config/share/ur_moveit_config/./config/ompl_planning.yaml
[0.404s] -- Installing: /home/yashrakesh/ros2_ws/install/ur_moveit_config/share/ament_index/resource_index/package_run_dependencies/ur_moveit_config
[0.404s] -- Installing: /home/yashrakesh/ros2_ws/install/ur_moveit_config/share/ament_index/resource_index/parent_prefix_path/ur_moveit_config
[0.404s] -- Installing: /home/yashrakesh/ros2_ws/install/ur_moveit_config/share/ur_moveit_config/environment/ament_prefix_path.sh
[0.404s] -- Installing: /home/yashrakesh/ros2_ws/install/ur_moveit_config/share/ur_moveit_config/environment/ament_prefix_path.dsv
[0.404s] -- Installing: /home/yashrakesh/ros2_ws/install/ur_moveit_config/share/ur_moveit_config/environment/path.sh
[0.404s] -- Installing: /home/yashrakesh/ros2_ws/install/ur_moveit_config/share/ur_moveit_config/environment/path.dsv
[0.404s] -- Installing: /home/yashrakesh/ros2_ws/install/ur_moveit_config/share/ur_moveit_config/local_setup.bash
[0.404s] -- Installing: /home/yashrakesh/ros2_ws/install/ur_moveit_config/share/ur_moveit_config/local_setup.sh
[0.404s] -- Installing: /home/yashrakesh/ros2_ws/install/ur_moveit_config/share/ur_moveit_config/local_setup.zsh
[0.404s] -- Installing: /home/yashrakesh/ros2_ws/install/ur_moveit_config/share/ur_moveit_config/local_setup.dsv
[0.404s] -- Installing: /home/yashrakesh/ros2_ws/install/ur_moveit_config/share/ur_moveit_config/package.dsv
[0.404s] -- Installing: /home/yashrakesh/ros2_ws/install/ur_moveit_config/share/ament_index/resource_index/packages/ur_moveit_config
[0.404s] -- Installing: /home/yashrakesh/ros2_ws/install/ur_moveit_config/share/ur_moveit_config/cmake/ur_moveit_configConfig.cmake
[0.404s] -- Installing: /home/yashrakesh/ros2_ws/install/ur_moveit_config/share/ur_moveit_config/cmake/ur_moveit_configConfig-version.cmake
[0.404s] -- Up-to-date: /home/yashrakesh/ros2_ws/install/ur_moveit_config/share/ur_moveit_config/package.xml
[0.405s] Invoked command in '/home/yashrakesh/ros2_ws/build/ur_moveit_config' returned '0': AMENT_PREFIX_PATH=/home/yashrakesh/ros2_ws/install/ur_description:${AMENT_PREFIX_PATH} CMAKE_PREFIX_PATH=/home/yashrakesh/ros2_ws/install/ur_description:/opt/ros/jazzy/opt/gz_sim_vendor:/opt/ros/jazzy/opt/gz_sensors_vendor:/opt/ros/jazzy/opt/gz_physics_vendor:/opt/ros/jazzy/opt/sdformat_vendor:/opt/ros/jazzy/opt/gz_gui_vendor:/opt/ros/jazzy/opt/gz_transport_vendor:/opt/ros/jazzy/opt/gz_rendering_vendor:/opt/ros/jazzy/opt/gz_plugin_vendor:/opt/ros/jazzy/opt/gz_fuel_tools_vendor:/opt/ros/jazzy/opt/gz_msgs_vendor:/opt/ros/jazzy/opt/gz_common_vendor:/opt/ros/jazzy/opt/gz_math_vendor:/opt/ros/jazzy/opt/gz_utils_vendor:/opt/ros/jazzy/opt/gz_tools_vendor:/opt/ros/jazzy/opt/gz_ogre_next_vendor:/opt/ros/jazzy/opt/gz_dartsim_vendor:/opt/ros/jazzy/opt/gz_cmake_vendor:/opt/ros/jazzy DEBUGINFOD_URLS=https://debuginfod.ubuntu.com /usr/bin/cmake --install /home/yashrakesh/ros2_ws/build/ur_moveit_config
