-- The C compiler identification is GNU 13.3.0
-- The CXX compiler identification is GNU 13.3.0
-- Detecting C compiler ABI info
-- Detecting C compiler ABI info - done
-- Check for working C compiler: /usr/bin/cc - skipped
-- Detecting C compile features
-- Detecting C compile features - done
-- Detecting CXX compiler ABI info
-- Detecting CXX compiler ABI info - done
-- Check for working CXX compiler: /usr/bin/c++ - skipped
-- Detecting CXX compile features
-- Detecting CXX compile features - done
-- Found ament_cmake: 2.5.5 (/opt/ros/jazzy/share/ament_cmake/cmake)
-- Found Python3: /usr/bin/python3 (found version "3.12.3") found components: Interpreter 
-- Override CMake install command with custom implementation using symlinks instead of copying resources
-- Found ament_lint_auto: 0.17.4 (/opt/ros/jazzy/share/ament_lint_auto/cmake)
-- Added test 'lint_cmake' to check CMake code style
-- Added test 'xmllint' to check XML markup files
-- Configuring done (1.1s)
-- Generating done (0.0s)
-- Build files have been written to: /home/yash/ros2-master_dual_box/ros2-master/build/ur
-- Install configuration: ""
-- Execute custom install script
-- Symlinking: /home/yash/ros2-master_dual_box/ros2-master/install/ur/share/ament_index/resource_index/package_run_dependencies/ur
-- Symlinking: /home/yash/ros2-master_dual_box/ros2-master/install/ur/share/ament_index/resource_index/parent_prefix_path/ur
-- Symlinking: /home/yash/ros2-master_dual_box/ros2-master/install/ur/share/ur/environment/ament_prefix_path.sh
-- Symlinking: /home/yash/ros2-master_dual_box/ros2-master/install/ur/share/ur/environment/ament_prefix_path.dsv
-- Symlinking: /home/yash/ros2-master_dual_box/ros2-master/install/ur/share/ur/environment/path.sh
-- Symlinking: /home/yash/ros2-master_dual_box/ros2-master/install/ur/share/ur/environment/path.dsv
-- Symlinking: /home/yash/ros2-master_dual_box/ros2-master/install/ur/share/ur/local_setup.bash
-- Symlinking: /home/yash/ros2-master_dual_box/ros2-master/install/ur/share/ur/local_setup.sh
-- Symlinking: /home/yash/ros2-master_dual_box/ros2-master/install/ur/share/ur/local_setup.zsh
-- Symlinking: /home/yash/ros2-master_dual_box/ros2-master/install/ur/share/ur/local_setup.dsv
-- Symlinking: /home/yash/ros2-master_dual_box/ros2-master/install/ur/share/ur/package.dsv
-- Symlinking: /home/yash/ros2-master_dual_box/ros2-master/install/ur/share/ament_index/resource_index/packages/ur
-- Symlinking: /home/yash/ros2-master_dual_box/ros2-master/install/ur/share/ur/cmake/urConfig.cmake
-- Symlinking: /home/yash/ros2-master_dual_box/ros2-master/install/ur/share/ur/cmake/urConfig-version.cmake
-- Symlinking: /home/yash/ros2-master_dual_box/ros2-master/install/ur/share/ur/package.xml
