[0.015s] Invoking command in '/home/yash/ros2-master_dual_box/ros2-master/build/ur_moveit_config': CMAKE_PREFIX_PATH=/home/yash/ros2-master_dual_box/ros2-master/install/ur_description:/home/yash/ros2-master_dual_box/ros2-master/install/ur_simulation_gz:/home/yash/ros2-master_dual_box/ros2-master/install/ur:/home/yash/ros2-master_dual_box/ros2-master/install/ur_calibration:/home/yash/ros2-master_dual_box/ros2-master/install/ur_robot_driver:/home/yash/ros2-master_dual_box/ros2-master/install/ur_moveit_config:/home/yash/ros2-master_dual_box/ros2-master/install/ur_controllers:/home/yash/ros2-master_dual_box/ros2-master/install/ur_dashboard_msgs:/home/yash/ros2-master_dual_box/ros2-master/install/robotiq_hardware_tests:/home/yash/ros2-master_dual_box/ros2-master/install/robotiq_driver:/home/yash/ros2-master_dual_box/ros2-master/install/serial:/home/yash/ros2-master_dual_box/ros2-master/install/robotiq_description:/home/yash/ros2-master_dual_box/ros2-master/install/robotiq_controllers:/opt/ros/jazzy/opt/gz_sim_vendor:/opt/ros/jazzy/opt/gz_sensors_vendor:/opt/ros/jazzy/opt/gz_physics_vendor:/opt/ros/jazzy/opt/sdformat_vendor:/opt/ros/jazzy/opt/gz_gui_vendor:/opt/ros/jazzy/opt/gz_transport_vendor:/opt/ros/jazzy/opt/gz_rendering_vendor:/opt/ros/jazzy/opt/gz_plugin_vendor:/opt/ros/jazzy/opt/gz_fuel_tools_vendor:/opt/ros/jazzy/opt/gz_msgs_vendor:/opt/ros/jazzy/opt/gz_common_vendor:/opt/ros/jazzy/opt/gz_math_vendor:/opt/ros/jazzy/opt/gz_utils_vendor:/opt/ros/jazzy/opt/gz_tools_vendor:/opt/ros/jazzy/opt/gz_ogre_next_vendor:/opt/ros/jazzy/opt/gz_dartsim_vendor:/opt/ros/jazzy/opt/gz_cmake_vendor:/opt/ros/jazzy DEBUGINFOD_URLS=https://debuginfod.ubuntu.com /usr/bin/cmake --build /home/yash/ros2-master_dual_box/ros2-master/build/ur_moveit_config -- -j8 -l8
[0.073s] Invoked command in '/home/yash/ros2-master_dual_box/ros2-master/build/ur_moveit_config' returned '0': CMAKE_PREFIX_PATH=/home/yash/ros2-master_dual_box/ros2-master/install/ur_description:/home/yash/ros2-master_dual_box/ros2-master/install/ur_simulation_gz:/home/yash/ros2-master_dual_box/ros2-master/install/ur:/home/yash/ros2-master_dual_box/ros2-master/install/ur_calibration:/home/yash/ros2-master_dual_box/ros2-master/install/ur_robot_driver:/home/yash/ros2-master_dual_box/ros2-master/install/ur_moveit_config:/home/yash/ros2-master_dual_box/ros2-master/install/ur_controllers:/home/yash/ros2-master_dual_box/ros2-master/install/ur_dashboard_msgs:/home/yash/ros2-master_dual_box/ros2-master/install/robotiq_hardware_tests:/home/yash/ros2-master_dual_box/ros2-master/install/robotiq_driver:/home/yash/ros2-master_dual_box/ros2-master/install/serial:/home/yash/ros2-master_dual_box/ros2-master/install/robotiq_description:/home/yash/ros2-master_dual_box/ros2-master/install/robotiq_controllers:/opt/ros/jazzy/opt/gz_sim_vendor:/opt/ros/jazzy/opt/gz_sensors_vendor:/opt/ros/jazzy/opt/gz_physics_vendor:/opt/ros/jazzy/opt/sdformat_vendor:/opt/ros/jazzy/opt/gz_gui_vendor:/opt/ros/jazzy/opt/gz_transport_vendor:/opt/ros/jazzy/opt/gz_rendering_vendor:/opt/ros/jazzy/opt/gz_plugin_vendor:/opt/ros/jazzy/opt/gz_fuel_tools_vendor:/opt/ros/jazzy/opt/gz_msgs_vendor:/opt/ros/jazzy/opt/gz_common_vendor:/opt/ros/jazzy/opt/gz_math_vendor:/opt/ros/jazzy/opt/gz_utils_vendor:/opt/ros/jazzy/opt/gz_tools_vendor:/opt/ros/jazzy/opt/gz_ogre_next_vendor:/opt/ros/jazzy/opt/gz_dartsim_vendor:/opt/ros/jazzy/opt/gz_cmake_vendor:/opt/ros/jazzy DEBUGINFOD_URLS=https://debuginfod.ubuntu.com /usr/bin/cmake --build /home/yash/ros2-master_dual_box/ros2-master/build/ur_moveit_config -- -j8 -l8
[0.089s] Invoking command in '/home/yash/ros2-master_dual_box/ros2-master/build/ur_moveit_config': CMAKE_PREFIX_PATH=/home/yash/ros2-master_dual_box/ros2-master/install/ur_description:/home/yash/ros2-master_dual_box/ros2-master/install/ur_simulation_gz:/home/yash/ros2-master_dual_box/ros2-master/install/ur:/home/yash/ros2-master_dual_box/ros2-master/install/ur_calibration:/home/yash/ros2-master_dual_box/ros2-master/install/ur_robot_driver:/home/yash/ros2-master_dual_box/ros2-master/install/ur_moveit_config:/home/yash/ros2-master_dual_box/ros2-master/install/ur_controllers:/home/yash/ros2-master_dual_box/ros2-master/install/ur_dashboard_msgs:/home/yash/ros2-master_dual_box/ros2-master/install/robotiq_hardware_tests:/home/yash/ros2-master_dual_box/ros2-master/install/robotiq_driver:/home/yash/ros2-master_dual_box/ros2-master/install/serial:/home/yash/ros2-master_dual_box/ros2-master/install/robotiq_description:/home/yash/ros2-master_dual_box/ros2-master/install/robotiq_controllers:/opt/ros/jazzy/opt/gz_sim_vendor:/opt/ros/jazzy/opt/gz_sensors_vendor:/opt/ros/jazzy/opt/gz_physics_vendor:/opt/ros/jazzy/opt/sdformat_vendor:/opt/ros/jazzy/opt/gz_gui_vendor:/opt/ros/jazzy/opt/gz_transport_vendor:/opt/ros/jazzy/opt/gz_rendering_vendor:/opt/ros/jazzy/opt/gz_plugin_vendor:/opt/ros/jazzy/opt/gz_fuel_tools_vendor:/opt/ros/jazzy/opt/gz_msgs_vendor:/opt/ros/jazzy/opt/gz_common_vendor:/opt/ros/jazzy/opt/gz_math_vendor:/opt/ros/jazzy/opt/gz_utils_vendor:/opt/ros/jazzy/opt/gz_tools_vendor:/opt/ros/jazzy/opt/gz_ogre_next_vendor:/opt/ros/jazzy/opt/gz_dartsim_vendor:/opt/ros/jazzy/opt/gz_cmake_vendor:/opt/ros/jazzy DEBUGINFOD_URLS=https://debuginfod.ubuntu.com /usr/bin/cmake --install /home/yash/ros2-master_dual_box/ros2-master/build/ur_moveit_config
[0.102s] -- Install configuration: ""
[0.103s] -- Execute custom install script
[0.104s] -- Up-to-date symlink: /home/yash/ros2-master_dual_box/ros2-master/install/ur_moveit_config/share/ur_moveit_config/config/chomp_planning.yaml
[0.104s] -- Up-to-date symlink: /home/yash/ros2-master_dual_box/ros2-master/install/ur_moveit_config/share/ur_moveit_config/config/joint_limits.yaml
[0.105s] -- Up-to-date symlink: /home/yash/ros2-master_dual_box/ros2-master/install/ur_moveit_config/share/ur_moveit_config/config/kinematics (Copy).yaml
[0.105s] -- Up-to-date symlink: /home/yash/ros2-master_dual_box/ros2-master/install/ur_moveit_config/share/ur_moveit_config/config/kinematics.yaml
[0.105s] -- Up-to-date symlink: /home/yash/ros2-master_dual_box/ros2-master/install/ur_moveit_config/share/ur_moveit_config/config/moveit.rviz
[0.106s] -- Up-to-date symlink: /home/yash/ros2-master_dual_box/ros2-master/install/ur_moveit_config/share/ur_moveit_config/config/moveit_controllers.yaml
[0.106s] -- Up-to-date symlink: /home/yash/ros2-master_dual_box/ros2-master/install/ur_moveit_config/share/ur_moveit_config/config/ompl_planning.yaml
[0.106s] -- Up-to-date symlink: /home/yash/ros2-master_dual_box/ros2-master/install/ur_moveit_config/share/ur_moveit_config/config/pilz_cartesian_limits.yaml
[0.107s] -- Up-to-date symlink: /home/yash/ros2-master_dual_box/ros2-master/install/ur_moveit_config/share/ur_moveit_config/config/pilz_industrial_motion_planner_planning.yaml
[0.107s] -- Up-to-date symlink: /home/yash/ros2-master_dual_box/ros2-master/install/ur_moveit_config/share/ur_moveit_config/config/ur_servo.yaml
[0.107s] -- Up-to-date symlink: /home/yash/ros2-master_dual_box/ros2-master/install/ur_moveit_config/share/ur_moveit_config/launch/ur_moveit.launch.py
[0.108s] -- Up-to-date symlink: /home/yash/ros2-master_dual_box/ros2-master/install/ur_moveit_config/share/ur_moveit_config/./CMakeLists.txt
[0.108s] -- Symlinking: /home/yash/ros2-master_dual_box/ros2-master/install/ur_moveit_config/share/ur_moveit_config/./cmake/ur_moveit_configConfig-version.cmake
[0.124s] -- Symlinking: /home/yash/ros2-master_dual_box/ros2-master/install/ur_moveit_config/share/ur_moveit_config/./cmake/ur_moveit_configConfig.cmake
[0.140s] -- Up-to-date symlink: /home/yash/ros2-master_dual_box/ros2-master/install/ur_moveit_config/share/ur_moveit_config/./config/chomp_planning.yaml
[0.140s] -- Up-to-date symlink: /home/yash/ros2-master_dual_box/ros2-master/install/ur_moveit_config/share/ur_moveit_config/./config/joint_limits.yaml
[0.141s] -- Up-to-date symlink: /home/yash/ros2-master_dual_box/ros2-master/install/ur_moveit_config/share/ur_moveit_config/./config/kinematics (Copy).yaml
[0.141s] -- Up-to-date symlink: /home/yash/ros2-master_dual_box/ros2-master/install/ur_moveit_config/share/ur_moveit_config/./config/kinematics.yaml
[0.141s] -- Up-to-date symlink: /home/yash/ros2-master_dual_box/ros2-master/install/ur_moveit_config/share/ur_moveit_config/./config/moveit.rviz
[0.142s] -- Up-to-date symlink: /home/yash/ros2-master_dual_box/ros2-master/install/ur_moveit_config/share/ur_moveit_config/./config/moveit_controllers.yaml
[0.142s] -- Up-to-date symlink: /home/yash/ros2-master_dual_box/ros2-master/install/ur_moveit_config/share/ur_moveit_config/./config/ompl_planning.yaml
[0.142s] -- Up-to-date symlink: /home/yash/ros2-master_dual_box/ros2-master/install/ur_moveit_config/share/ur_moveit_config/./config/pilz_cartesian_limits.yaml
[0.143s] -- Up-to-date symlink: /home/yash/ros2-master_dual_box/ros2-master/install/ur_moveit_config/share/ur_moveit_config/./config/pilz_industrial_motion_planner_planning.yaml
[0.143s] -- Up-to-date symlink: /home/yash/ros2-master_dual_box/ros2-master/install/ur_moveit_config/share/ur_moveit_config/./config/ur_servo.yaml
[0.143s] -- Symlinking: /home/yash/ros2-master_dual_box/ros2-master/install/ur_moveit_config/share/ur_moveit_config/./environment/ament_prefix_path.dsv
[0.156s] -- Symlinking: /home/yash/ros2-master_dual_box/ros2-master/install/ur_moveit_config/share/ur_moveit_config/./environment/ament_prefix_path.sh
[0.170s] -- Symlinking: /home/yash/ros2-master_dual_box/ros2-master/install/ur_moveit_config/share/ur_moveit_config/./environment/path.dsv
[0.184s] -- Symlinking: /home/yash/ros2-master_dual_box/ros2-master/install/ur_moveit_config/share/ur_moveit_config/./environment/path.sh
[0.201s] -- Up-to-date symlink: /home/yash/ros2-master_dual_box/ros2-master/install/ur_moveit_config/share/ur_moveit_config/./launch/ur_moveit.launch.py
[0.201s] -- Symlinking: /home/yash/ros2-master_dual_box/ros2-master/install/ur_moveit_config/share/ur_moveit_config/./local_setup.bash
[0.218s] -- Symlinking: /home/yash/ros2-master_dual_box/ros2-master/install/ur_moveit_config/share/ur_moveit_config/./local_setup.dsv
[0.233s] -- Symlinking: /home/yash/ros2-master_dual_box/ros2-master/install/ur_moveit_config/share/ur_moveit_config/./local_setup.sh
[0.248s] -- Symlinking: /home/yash/ros2-master_dual_box/ros2-master/install/ur_moveit_config/share/ur_moveit_config/./local_setup.zsh
[0.264s] -- Symlinking: /home/yash/ros2-master_dual_box/ros2-master/install/ur_moveit_config/share/ur_moveit_config/./package.dsv
[0.284s] -- Up-to-date symlink: /home/yash/ros2-master_dual_box/ros2-master/install/ur_moveit_config/share/ur_moveit_config/./package.xml
[0.285s] -- Up-to-date symlink: /home/yash/ros2-master_dual_box/ros2-master/install/ur_moveit_config/share/ur_moveit_config/./srdf/ur.srdf.xacro
[0.285s] -- Up-to-date symlink: /home/yash/ros2-master_dual_box/ros2-master/install/ur_moveit_config/share/ur_moveit_config/./srdf/ur_macro.srdf.xacro
[0.286s] -- Up-to-date symlink: /home/yash/ros2-master_dual_box/ros2-master/install/ur_moveit_config/share/ament_index/resource_index/package_run_dependencies/ur_moveit_config
[0.286s] -- Up-to-date symlink: /home/yash/ros2-master_dual_box/ros2-master/install/ur_moveit_config/share/ament_index/resource_index/parent_prefix_path/ur_moveit_config
[0.287s] -- Symlinking: /home/yash/ros2-master_dual_box/ros2-master/install/ur_moveit_config/share/ur_moveit_config/environment/ament_prefix_path.sh
[0.306s] -- Symlinking: /home/yash/ros2-master_dual_box/ros2-master/install/ur_moveit_config/share/ur_moveit_config/environment/ament_prefix_path.dsv
[0.323s] -- Symlinking: /home/yash/ros2-master_dual_box/ros2-master/install/ur_moveit_config/share/ur_moveit_config/environment/path.sh
[0.342s] -- Symlinking: /home/yash/ros2-master_dual_box/ros2-master/install/ur_moveit_config/share/ur_moveit_config/environment/path.dsv
[0.358s] -- Symlinking: /home/yash/ros2-master_dual_box/ros2-master/install/ur_moveit_config/share/ur_moveit_config/local_setup.bash
[0.373s] -- Symlinking: /home/yash/ros2-master_dual_box/ros2-master/install/ur_moveit_config/share/ur_moveit_config/local_setup.sh
[0.388s] -- Symlinking: /home/yash/ros2-master_dual_box/ros2-master/install/ur_moveit_config/share/ur_moveit_config/local_setup.zsh
[0.403s] -- Symlinking: /home/yash/ros2-master_dual_box/ros2-master/install/ur_moveit_config/share/ur_moveit_config/local_setup.dsv
[0.418s] -- Symlinking: /home/yash/ros2-master_dual_box/ros2-master/install/ur_moveit_config/share/ur_moveit_config/package.dsv
[0.433s] -- Up-to-date symlink: /home/yash/ros2-master_dual_box/ros2-master/install/ur_moveit_config/share/ament_index/resource_index/packages/ur_moveit_config
[0.434s] -- Symlinking: /home/yash/ros2-master_dual_box/ros2-master/install/ur_moveit_config/share/ur_moveit_config/cmake/ur_moveit_configConfig.cmake
[0.448s] -- Symlinking: /home/yash/ros2-master_dual_box/ros2-master/install/ur_moveit_config/share/ur_moveit_config/cmake/ur_moveit_configConfig-version.cmake
[0.464s] -- Up-to-date symlink: /home/yash/ros2-master_dual_box/ros2-master/install/ur_moveit_config/share/ur_moveit_config/package.xml
[0.470s] Invoked command in '/home/yash/ros2-master_dual_box/ros2-master/build/ur_moveit_config' returned '0': CMAKE_PREFIX_PATH=/home/yash/ros2-master_dual_box/ros2-master/install/ur_description:/home/yash/ros2-master_dual_box/ros2-master/install/ur_simulation_gz:/home/yash/ros2-master_dual_box/ros2-master/install/ur:/home/yash/ros2-master_dual_box/ros2-master/install/ur_calibration:/home/yash/ros2-master_dual_box/ros2-master/install/ur_robot_driver:/home/yash/ros2-master_dual_box/ros2-master/install/ur_moveit_config:/home/yash/ros2-master_dual_box/ros2-master/install/ur_controllers:/home/yash/ros2-master_dual_box/ros2-master/install/ur_dashboard_msgs:/home/yash/ros2-master_dual_box/ros2-master/install/robotiq_hardware_tests:/home/yash/ros2-master_dual_box/ros2-master/install/robotiq_driver:/home/yash/ros2-master_dual_box/ros2-master/install/serial:/home/yash/ros2-master_dual_box/ros2-master/install/robotiq_description:/home/yash/ros2-master_dual_box/ros2-master/install/robotiq_controllers:/opt/ros/jazzy/opt/gz_sim_vendor:/opt/ros/jazzy/opt/gz_sensors_vendor:/opt/ros/jazzy/opt/gz_physics_vendor:/opt/ros/jazzy/opt/sdformat_vendor:/opt/ros/jazzy/opt/gz_gui_vendor:/opt/ros/jazzy/opt/gz_transport_vendor:/opt/ros/jazzy/opt/gz_rendering_vendor:/opt/ros/jazzy/opt/gz_plugin_vendor:/opt/ros/jazzy/opt/gz_fuel_tools_vendor:/opt/ros/jazzy/opt/gz_msgs_vendor:/opt/ros/jazzy/opt/gz_common_vendor:/opt/ros/jazzy/opt/gz_math_vendor:/opt/ros/jazzy/opt/gz_utils_vendor:/opt/ros/jazzy/opt/gz_tools_vendor:/opt/ros/jazzy/opt/gz_ogre_next_vendor:/opt/ros/jazzy/opt/gz_dartsim_vendor:/opt/ros/jazzy/opt/gz_cmake_vendor:/opt/ros/jazzy DEBUGINFOD_URLS=https://debuginfod.ubuntu.com /usr/bin/cmake --install /home/yash/ros2-master_dual_box/ros2-master/build/ur_moveit_config
