[0.045s] Invoking command in '/home/yash/ros2-master_dual_box/ros2-master/build/robotiq_driver': CMAKE_PREFIX_PATH=/home/yash/ros2-master_dual_box/ros2-master/install/serial:/home/yash/ros2-master_dual_box/ros2-master/install/ur_simulation_gz:/home/yash/ros2-master_dual_box/ros2-master/install/ur:/home/yash/ros2-master_dual_box/ros2-master/install/ur_calibration:/home/yash/ros2-master_dual_box/ros2-master/install/ur_robot_driver:/home/yash/ros2-master_dual_box/ros2-master/install/ur_moveit_config:/home/yash/ros2-master_dual_box/ros2-master/install/ur_description:/home/yash/ros2-master_dual_box/ros2-master/install/ur_controllers:/home/yash/ros2-master_dual_box/ros2-master/install/ur_dashboard_msgs:/home/yash/ros2-master_dual_box/ros2-master/install/robotiq_hardware_tests:/home/yash/ros2-master_dual_box/ros2-master/install/robotiq_driver:/home/yash/ros2-master_dual_box/ros2-master/install/robotiq_description:/home/yash/ros2-master_dual_box/ros2-master/install/robotiq_controllers:/opt/ros/jazzy/opt/gz_sim_vendor:/opt/ros/jazzy/opt/gz_sensors_vendor:/opt/ros/jazzy/opt/gz_physics_vendor:/opt/ros/jazzy/opt/sdformat_vendor:/opt/ros/jazzy/opt/gz_gui_vendor:/opt/ros/jazzy/opt/gz_transport_vendor:/opt/ros/jazzy/opt/gz_rendering_vendor:/opt/ros/jazzy/opt/gz_plugin_vendor:/opt/ros/jazzy/opt/gz_fuel_tools_vendor:/opt/ros/jazzy/opt/gz_msgs_vendor:/opt/ros/jazzy/opt/gz_common_vendor:/opt/ros/jazzy/opt/gz_math_vendor:/opt/ros/jazzy/opt/gz_utils_vendor:/opt/ros/jazzy/opt/gz_tools_vendor:/opt/ros/jazzy/opt/gz_ogre_next_vendor:/opt/ros/jazzy/opt/gz_dartsim_vendor:/opt/ros/jazzy/opt/gz_cmake_vendor:/opt/ros/jazzy DEBUGINFOD_URLS=https://debuginfod.ubuntu.com /usr/bin/cmake --build /home/yash/ros2-master_dual_box/ros2-master/build/robotiq_driver -- -j8 -l8
[0.159s] [  8%] Built target gmock_main
[0.179s] [ 20%] Built target gmock
[0.197s] [ 58%] Built target robotiq_driver
[0.278s] [ 66%] Built target test_data_utils
[0.294s] [ 75%] Built target test_crc_utils
[0.299s] [ 83%] Built target test_default_serial_factory
[0.307s] [ 91%] Built target test_robotiq_gripper_hardware_interface
[0.308s] [100%] Built target test_default_driver_factory
[0.326s] Invoked command in '/home/yash/ros2-master_dual_box/ros2-master/build/robotiq_driver' returned '0': CMAKE_PREFIX_PATH=/home/yash/ros2-master_dual_box/ros2-master/install/serial:/home/yash/ros2-master_dual_box/ros2-master/install/ur_simulation_gz:/home/yash/ros2-master_dual_box/ros2-master/install/ur:/home/yash/ros2-master_dual_box/ros2-master/install/ur_calibration:/home/yash/ros2-master_dual_box/ros2-master/install/ur_robot_driver:/home/yash/ros2-master_dual_box/ros2-master/install/ur_moveit_config:/home/yash/ros2-master_dual_box/ros2-master/install/ur_description:/home/yash/ros2-master_dual_box/ros2-master/install/ur_controllers:/home/yash/ros2-master_dual_box/ros2-master/install/ur_dashboard_msgs:/home/yash/ros2-master_dual_box/ros2-master/install/robotiq_hardware_tests:/home/yash/ros2-master_dual_box/ros2-master/install/robotiq_driver:/home/yash/ros2-master_dual_box/ros2-master/install/robotiq_description:/home/yash/ros2-master_dual_box/ros2-master/install/robotiq_controllers:/opt/ros/jazzy/opt/gz_sim_vendor:/opt/ros/jazzy/opt/gz_sensors_vendor:/opt/ros/jazzy/opt/gz_physics_vendor:/opt/ros/jazzy/opt/sdformat_vendor:/opt/ros/jazzy/opt/gz_gui_vendor:/opt/ros/jazzy/opt/gz_transport_vendor:/opt/ros/jazzy/opt/gz_rendering_vendor:/opt/ros/jazzy/opt/gz_plugin_vendor:/opt/ros/jazzy/opt/gz_fuel_tools_vendor:/opt/ros/jazzy/opt/gz_msgs_vendor:/opt/ros/jazzy/opt/gz_common_vendor:/opt/ros/jazzy/opt/gz_math_vendor:/opt/ros/jazzy/opt/gz_utils_vendor:/opt/ros/jazzy/opt/gz_tools_vendor:/opt/ros/jazzy/opt/gz_ogre_next_vendor:/opt/ros/jazzy/opt/gz_dartsim_vendor:/opt/ros/jazzy/opt/gz_cmake_vendor:/opt/ros/jazzy DEBUGINFOD_URLS=https://debuginfod.ubuntu.com /usr/bin/cmake --build /home/yash/ros2-master_dual_box/ros2-master/build/robotiq_driver -- -j8 -l8
[0.328s] Invoking command in '/home/yash/ros2-master_dual_box/ros2-master/build/robotiq_driver': CMAKE_PREFIX_PATH=/home/yash/ros2-master_dual_box/ros2-master/install/serial:/home/yash/ros2-master_dual_box/ros2-master/install/ur_simulation_gz:/home/yash/ros2-master_dual_box/ros2-master/install/ur:/home/yash/ros2-master_dual_box/ros2-master/install/ur_calibration:/home/yash/ros2-master_dual_box/ros2-master/install/ur_robot_driver:/home/yash/ros2-master_dual_box/ros2-master/install/ur_moveit_config:/home/yash/ros2-master_dual_box/ros2-master/install/ur_description:/home/yash/ros2-master_dual_box/ros2-master/install/ur_controllers:/home/yash/ros2-master_dual_box/ros2-master/install/ur_dashboard_msgs:/home/yash/ros2-master_dual_box/ros2-master/install/robotiq_hardware_tests:/home/yash/ros2-master_dual_box/ros2-master/install/robotiq_driver:/home/yash/ros2-master_dual_box/ros2-master/install/robotiq_description:/home/yash/ros2-master_dual_box/ros2-master/install/robotiq_controllers:/opt/ros/jazzy/opt/gz_sim_vendor:/opt/ros/jazzy/opt/gz_sensors_vendor:/opt/ros/jazzy/opt/gz_physics_vendor:/opt/ros/jazzy/opt/sdformat_vendor:/opt/ros/jazzy/opt/gz_gui_vendor:/opt/ros/jazzy/opt/gz_transport_vendor:/opt/ros/jazzy/opt/gz_rendering_vendor:/opt/ros/jazzy/opt/gz_plugin_vendor:/opt/ros/jazzy/opt/gz_fuel_tools_vendor:/opt/ros/jazzy/opt/gz_msgs_vendor:/opt/ros/jazzy/opt/gz_common_vendor:/opt/ros/jazzy/opt/gz_math_vendor:/opt/ros/jazzy/opt/gz_utils_vendor:/opt/ros/jazzy/opt/gz_tools_vendor:/opt/ros/jazzy/opt/gz_ogre_next_vendor:/opt/ros/jazzy/opt/gz_dartsim_vendor:/opt/ros/jazzy/opt/gz_cmake_vendor:/opt/ros/jazzy DEBUGINFOD_URLS=https://debuginfod.ubuntu.com /usr/bin/cmake --install /home/yash/ros2-master_dual_box/ros2-master/build/robotiq_driver
[0.341s] -- Install configuration: ""
[0.342s] -- Execute custom install script
[0.342s] -- Up-to-date symlink: /home/yash/ros2-master_dual_box/ros2-master/install/robotiq_driver/share/robotiq_driver//hardware_interface_plugin.xml
[0.343s] -- Up-to-date symlink: /home/yash/ros2-master_dual_box/ros2-master/install/robotiq_driver/share/robotiq_driver/environment/library_path.sh
[0.343s] -- Up-to-date symlink: /home/yash/ros2-master_dual_box/ros2-master/install/robotiq_driver/share/robotiq_driver/environment/library_path.dsv
[0.344s] -- Up-to-date symlink: /home/yash/ros2-master_dual_box/ros2-master/install/robotiq_driver/include/robotiq_driver/crc_utils.hpp
[0.344s] -- Up-to-date symlink: /home/yash/ros2-master_dual_box/ros2-master/install/robotiq_driver/include/robotiq_driver/data_utils.hpp
[0.345s] -- Up-to-date symlink: /home/yash/ros2-master_dual_box/ros2-master/install/robotiq_driver/include/robotiq_driver/default_driver.hpp
[0.345s] -- Up-to-date symlink: /home/yash/ros2-master_dual_box/ros2-master/install/robotiq_driver/include/robotiq_driver/default_driver_factory.hpp
[0.345s] -- Up-to-date symlink: /home/yash/ros2-master_dual_box/ros2-master/install/robotiq_driver/include/robotiq_driver/default_serial.hpp
[0.345s] -- Up-to-date symlink: /home/yash/ros2-master_dual_box/ros2-master/install/robotiq_driver/include/robotiq_driver/default_serial_factory.hpp
[0.345s] -- Up-to-date symlink: /home/yash/ros2-master_dual_box/ros2-master/install/robotiq_driver/include/robotiq_driver/driver.hpp
[0.345s] -- Up-to-date symlink: /home/yash/ros2-master_dual_box/ros2-master/install/robotiq_driver/include/robotiq_driver/driver_exception.hpp
[0.346s] -- Up-to-date symlink: /home/yash/ros2-master_dual_box/ros2-master/install/robotiq_driver/include/robotiq_driver/driver_factory.hpp
[0.346s] -- Up-to-date symlink: /home/yash/ros2-master_dual_box/ros2-master/install/robotiq_driver/include/robotiq_driver/fake/fake_driver.hpp
[0.346s] -- Up-to-date symlink: /home/yash/ros2-master_dual_box/ros2-master/install/robotiq_driver/include/robotiq_driver/hardware_interface.hpp
[0.346s] -- Up-to-date symlink: /home/yash/ros2-master_dual_box/ros2-master/install/robotiq_driver/include/robotiq_driver/serial.hpp
[0.348s] -- Up-to-date symlink: /home/yash/ros2-master_dual_box/ros2-master/install/robotiq_driver/include/robotiq_driver/serial_factory.hpp
[0.349s] -- Up-to-date symlink: /home/yash/ros2-master_dual_box/ros2-master/install/robotiq_driver/include/robotiq_driver/visibility_control.hpp
[0.349s] -- Up-to-date symlink: /home/yash/ros2-master_dual_box/ros2-master/install/robotiq_driver/share/ament_index/resource_index/package_run_dependencies/robotiq_driver
[0.349s] -- Up-to-date symlink: /home/yash/ros2-master_dual_box/ros2-master/install/robotiq_driver/share/ament_index/resource_index/parent_prefix_path/robotiq_driver
[0.349s] -- Up-to-date symlink: /home/yash/ros2-master_dual_box/ros2-master/install/robotiq_driver/share/robotiq_driver/environment/ament_prefix_path.sh
[0.349s] -- Up-to-date symlink: /home/yash/ros2-master_dual_box/ros2-master/install/robotiq_driver/share/robotiq_driver/environment/ament_prefix_path.dsv
[0.349s] -- Up-to-date symlink: /home/yash/ros2-master_dual_box/ros2-master/install/robotiq_driver/share/robotiq_driver/environment/path.sh
[0.350s] -- Up-to-date symlink: /home/yash/ros2-master_dual_box/ros2-master/install/robotiq_driver/share/robotiq_driver/environment/path.dsv
[0.350s] -- Up-to-date symlink: /home/yash/ros2-master_dual_box/ros2-master/install/robotiq_driver/share/robotiq_driver/local_setup.bash
[0.350s] -- Up-to-date symlink: /home/yash/ros2-master_dual_box/ros2-master/install/robotiq_driver/share/robotiq_driver/local_setup.sh
[0.350s] -- Up-to-date symlink: /home/yash/ros2-master_dual_box/ros2-master/install/robotiq_driver/share/robotiq_driver/local_setup.zsh
[0.350s] -- Up-to-date symlink: /home/yash/ros2-master_dual_box/ros2-master/install/robotiq_driver/share/robotiq_driver/local_setup.dsv
[0.350s] -- Symlinking: /home/yash/ros2-master_dual_box/ros2-master/install/robotiq_driver/share/robotiq_driver/package.dsv
[0.365s] -- Up-to-date symlink: /home/yash/ros2-master_dual_box/ros2-master/install/robotiq_driver/share/ament_index/resource_index/packages/robotiq_driver
[0.365s] -- Up-to-date symlink: /home/yash/ros2-master_dual_box/ros2-master/install/robotiq_driver/share/ament_index/resource_index/hardware_interface__pluginlib__plugin/robotiq_driver
[0.365s] -- Up-to-date symlink: /home/yash/ros2-master_dual_box/ros2-master/install/robotiq_driver/share/robotiq_driver/cmake/ament_cmake_export_targets-extras.cmake
[0.366s] -- Up-to-date symlink: /home/yash/ros2-master_dual_box/ros2-master/install/robotiq_driver/share/robotiq_driver/cmake/ament_cmake_export_dependencies-extras.cmake
[0.366s] -- Up-to-date symlink: /home/yash/ros2-master_dual_box/ros2-master/install/robotiq_driver/share/robotiq_driver/cmake/ament_cmake_export_include_directories-extras.cmake
[0.366s] -- Up-to-date symlink: /home/yash/ros2-master_dual_box/ros2-master/install/robotiq_driver/share/robotiq_driver/cmake/ament_cmake_export_libraries-extras.cmake
[0.367s] -- Up-to-date symlink: /home/yash/ros2-master_dual_box/ros2-master/install/robotiq_driver/share/robotiq_driver/cmake/robotiq_driverConfig.cmake
[0.367s] -- Up-to-date symlink: /home/yash/ros2-master_dual_box/ros2-master/install/robotiq_driver/share/robotiq_driver/cmake/robotiq_driverConfig-version.cmake
[0.367s] -- Up-to-date symlink: /home/yash/ros2-master_dual_box/ros2-master/install/robotiq_driver/share/robotiq_driver/package.xml
[0.367s] -- Up-to-date: /home/yash/ros2-master_dual_box/ros2-master/install/robotiq_driver/lib/librobotiq_driver.so
[0.368s] -- Up-to-date: /home/yash/ros2-master_dual_box/ros2-master/install/robotiq_driver/share/robotiq_driver/cmake/robotiq_driver_targetsExport.cmake
[0.368s] -- Up-to-date: /home/yash/ros2-master_dual_box/ros2-master/install/robotiq_driver/share/robotiq_driver/cmake/robotiq_driver_targetsExport-noconfig.cmake
[0.372s] Invoked command in '/home/yash/ros2-master_dual_box/ros2-master/build/robotiq_driver' returned '0': CMAKE_PREFIX_PATH=/home/yash/ros2-master_dual_box/ros2-master/install/serial:/home/yash/ros2-master_dual_box/ros2-master/install/ur_simulation_gz:/home/yash/ros2-master_dual_box/ros2-master/install/ur:/home/yash/ros2-master_dual_box/ros2-master/install/ur_calibration:/home/yash/ros2-master_dual_box/ros2-master/install/ur_robot_driver:/home/yash/ros2-master_dual_box/ros2-master/install/ur_moveit_config:/home/yash/ros2-master_dual_box/ros2-master/install/ur_description:/home/yash/ros2-master_dual_box/ros2-master/install/ur_controllers:/home/yash/ros2-master_dual_box/ros2-master/install/ur_dashboard_msgs:/home/yash/ros2-master_dual_box/ros2-master/install/robotiq_hardware_tests:/home/yash/ros2-master_dual_box/ros2-master/install/robotiq_driver:/home/yash/ros2-master_dual_box/ros2-master/install/robotiq_description:/home/yash/ros2-master_dual_box/ros2-master/install/robotiq_controllers:/opt/ros/jazzy/opt/gz_sim_vendor:/opt/ros/jazzy/opt/gz_sensors_vendor:/opt/ros/jazzy/opt/gz_physics_vendor:/opt/ros/jazzy/opt/sdformat_vendor:/opt/ros/jazzy/opt/gz_gui_vendor:/opt/ros/jazzy/opt/gz_transport_vendor:/opt/ros/jazzy/opt/gz_rendering_vendor:/opt/ros/jazzy/opt/gz_plugin_vendor:/opt/ros/jazzy/opt/gz_fuel_tools_vendor:/opt/ros/jazzy/opt/gz_msgs_vendor:/opt/ros/jazzy/opt/gz_common_vendor:/opt/ros/jazzy/opt/gz_math_vendor:/opt/ros/jazzy/opt/gz_utils_vendor:/opt/ros/jazzy/opt/gz_tools_vendor:/opt/ros/jazzy/opt/gz_ogre_next_vendor:/opt/ros/jazzy/opt/gz_dartsim_vendor:/opt/ros/jazzy/opt/gz_cmake_vendor:/opt/ros/jazzy DEBUGINFOD_URLS=https://debuginfod.ubuntu.com /usr/bin/cmake --install /home/yash/ros2-master_dual_box/ros2-master/build/robotiq_driver
