[0.006s] Invoking command in '/home/yashrakesh/ros2_ws/build/ur_description': CMAKE_PREFIX_PATH=${CMAKE_PREFIX_PATH}:/opt/ros/jazzy DEBUGINFOD_URLS=https://debuginfod.ubuntu.com /usr/bin/cmake --build /home/yashrakesh/ros2_ws/build/ur_description -- -j16 -l16
[0.024s] Invoked command in '/home/yashrakesh/ros2_ws/build/ur_description' returned '0': CMAKE_PREFIX_PATH=${CMAKE_PREFIX_PATH}:/opt/ros/jazzy DEBUGINFOD_URLS=https://debuginfod.ubuntu.com /usr/bin/cmake --build /home/yashrakesh/ros2_ws/build/ur_description -- -j16 -l16
[0.029s] Invoking command in '/home/yashrakesh/ros2_ws/build/ur_description': CMAKE_PREFIX_PATH=${CMAKE_PREFIX_PATH}:/opt/ros/jazzy DEBUGINFOD_URLS=https://debuginfod.ubuntu.com /usr/bin/cmake --install /home/yashrakesh/ros2_ws/build/ur_description
[0.032s] -- Install configuration: ""
[0.032s] -- Up-to-date: /home/yashrakesh/ros2_ws/install/ur_description/lib/ur_description/test.py
[0.032s] -- Up-to-date: /home/yashrakesh/ros2_ws/install/ur_description/share/ur_description/config
[0.032s] -- Up-to-date: /home/yashrakesh/ros2_ws/install/ur_description/share/ur_description/config/ur_controllers.yaml
[0.032s] -- Up-to-date: /home/yashrakesh/ros2_ws/install/ur_description/share/ur_description/config/ur5e
[0.032s] -- Up-to-date: /home/yashrakesh/ros2_ws/install/ur_description/share/ur_description/config/ur5e/default_kinematics.yaml
[0.032s] -- Up-to-date: /home/yashrakesh/ros2_ws/install/ur_description/share/ur_description/config/ur5e/visual_parameters.yaml
[0.032s] -- Up-to-date: /home/yashrakesh/ros2_ws/install/ur_description/share/ur_description/config/ur5e/joint_limits.yaml
[0.032s] -- Up-to-date: /home/yashrakesh/ros2_ws/install/ur_description/share/ur_description/config/ur5e/physical_parameters.yaml
[0.032s] -- Up-to-date: /home/yashrakesh/ros2_ws/install/ur_description/share/ur_description/config/kinematics.yaml
[0.032s] -- Up-to-date: /home/yashrakesh/ros2_ws/install/ur_description/share/ur_description/launch
[0.032s] -- Up-to-date: /home/yashrakesh/ros2_ws/install/ur_description/share/ur_description/launch/cleaning_session.launch.py
[0.032s] -- Up-to-date: /home/yashrakesh/ros2_ws/install/ur_description/share/ur_description/launch/view_ur.launch.py
[0.032s] -- Up-to-date: /home/yashrakesh/ros2_ws/install/ur_description/share/ur_description/rviz
[0.032s] -- Up-to-date: /home/yashrakesh/ros2_ws/install/ur_description/share/ur_description/rviz/view_robot.rviz
[0.033s] -- Up-to-date: /home/yashrakesh/ros2_ws/install/ur_description/share/ur_description/urdf
[0.033s] -- Up-to-date: /home/yashrakesh/ros2_ws/install/ur_description/share/ur_description/urdf/ur_macro.xacro
[0.033s] -- Up-to-date: /home/yashrakesh/ros2_ws/install/ur_description/share/ur_description/urdf/ur_for_ik.urdf
[0.033s] -- Up-to-date: /home/yashrakesh/ros2_ws/install/ur_description/share/ur_description/urdf/ur_mocked.urdf.xacro
[0.033s] -- Up-to-date: /home/yashrakesh/ros2_ws/install/ur_description/share/ur_description/urdf/ur_table_assembly.urdf.xacro
[0.033s] -- Up-to-date: /home/yashrakesh/ros2_ws/install/ur_description/share/ur_description/urdf/ur.urdf.xacro
[0.033s] -- Up-to-date: /home/yashrakesh/ros2_ws/install/ur_description/share/ur_description/urdf/inc
[0.033s] -- Up-to-date: /home/yashrakesh/ros2_ws/install/ur_description/share/ur_description/urdf/inc/ur_transmissions.xacro
[0.033s] -- Up-to-date: /home/yashrakesh/ros2_ws/install/ur_description/share/ur_description/urdf/inc/ros2_control_mock_hardware.xacro
[0.033s] -- Up-to-date: /home/yashrakesh/ros2_ws/install/ur_description/share/ur_description/urdf/inc/ur_common.xacro
[0.033s] -- Up-to-date: /home/yashrakesh/ros2_ws/install/ur_description/share/ur_description/urdf/inc/ur_joint_control.xacro
[0.033s] -- Up-to-date: /home/yashrakesh/ros2_ws/install/ur_description/share/ur_description/urdf/inc/ur_sensors.xacro
[0.033s] -- Up-to-date: /home/yashrakesh/ros2_ws/install/ur_description/share/ur_description/urdf/inc/mop_tool.xacro
[0.033s] -- Up-to-date: /home/yashrakesh/ros2_ws/install/ur_description/share/ur_description/meshes
[0.033s] -- Up-to-date: /home/yashrakesh/ros2_ws/install/ur_description/share/ur_description/meshes/table.stl
[0.033s] -- Up-to-date: /home/yashrakesh/ros2_ws/install/ur_description/share/ur_description/meshes/mop_base.obj
[0.033s] -- Up-to-date: /home/yashrakesh/ros2_ws/install/ur_description/share/ur_description/meshes/mop_handle.obj
[0.033s] -- Up-to-date: /home/yashrakesh/ros2_ws/install/ur_description/share/ur_description/meshes/ur5e
[0.033s] -- Up-to-date: /home/yashrakesh/ros2_ws/install/ur_description/share/ur_description/meshes/ur5e/collision
[0.033s] -- Up-to-date: /home/yashrakesh/ros2_ws/install/ur_description/share/ur_description/meshes/ur5e/collision/upperarm.stl
[0.033s] -- Up-to-date: /home/yashrakesh/ros2_ws/install/ur_description/share/ur_description/meshes/ur5e/collision/shoulder.stl
[0.033s] -- Up-to-date: /home/yashrakesh/ros2_ws/install/ur_description/share/ur_description/meshes/ur5e/collision/wrist2.stl
[0.033s] -- Up-to-date: /home/yashrakesh/ros2_ws/install/ur_description/share/ur_description/meshes/ur5e/collision/wrist3.stl
[0.033s] -- Up-to-date: /home/yashrakesh/ros2_ws/install/ur_description/share/ur_description/meshes/ur5e/collision/wrist1.stl
[0.033s] -- Up-to-date: /home/yashrakesh/ros2_ws/install/ur_description/share/ur_description/meshes/ur5e/collision/forearm.stl
[0.033s] -- Up-to-date: /home/yashrakesh/ros2_ws/install/ur_description/share/ur_description/meshes/ur5e/collision/base.stl
[0.033s] -- Up-to-date: /home/yashrakesh/ros2_ws/install/ur_description/share/ur_description/meshes/ur5e/visual
[0.033s] -- Up-to-date: /home/yashrakesh/ros2_ws/install/ur_description/share/ur_description/meshes/ur5e/visual/upperarm.dae
[0.033s] -- Up-to-date: /home/yashrakesh/ros2_ws/install/ur_description/share/ur_description/meshes/ur5e/visual/wrist2.dae
[0.033s] -- Up-to-date: /home/yashrakesh/ros2_ws/install/ur_description/share/ur_description/meshes/ur5e/visual/base.dae
[0.033s] -- Up-to-date: /home/yashrakesh/ros2_ws/install/ur_description/share/ur_description/meshes/ur5e/visual/shoulder.dae
[0.033s] -- Up-to-date: /home/yashrakesh/ros2_ws/install/ur_description/share/ur_description/meshes/ur5e/visual/wrist1.dae
[0.033s] -- Up-to-date: /home/yashrakesh/ros2_ws/install/ur_description/share/ur_description/meshes/ur5e/visual/forearm.dae
[0.033s] -- Up-to-date: /home/yashrakesh/ros2_ws/install/ur_description/share/ur_description/meshes/ur5e/visual/wrist3.dae
[0.033s] -- Up-to-date: /home/yashrakesh/ros2_ws/install/ur_description/share/ur_description/meshes/test.stl
[0.033s] -- Up-to-date: /home/yashrakesh/ros2_ws/install/ur_description/share/ur_description/data
[0.033s] -- Up-to-date: /home/yashrakesh/ros2_ws/install/ur_description/share/ur_description/data/motion.csv
[0.033s] -- Up-to-date: /home/yashrakesh/ros2_ws/install/ur_description/share/ament_index/resource_index/package_run_dependencies/ur_description
[0.033s] -- Up-to-date: /home/yashrakesh/ros2_ws/install/ur_description/share/ament_index/resource_index/parent_prefix_path/ur_description
[0.034s] -- Up-to-date: /home/yashrakesh/ros2_ws/install/ur_description/share/ur_description/environment/ament_prefix_path.sh
[0.034s] -- Up-to-date: /home/yashrakesh/ros2_ws/install/ur_description/share/ur_description/environment/ament_prefix_path.dsv
[0.034s] -- Up-to-date: /home/yashrakesh/ros2_ws/install/ur_description/share/ur_description/environment/path.sh
[0.034s] -- Up-to-date: /home/yashrakesh/ros2_ws/install/ur_description/share/ur_description/environment/path.dsv
[0.034s] -- Up-to-date: /home/yashrakesh/ros2_ws/install/ur_description/share/ur_description/local_setup.bash
[0.034s] -- Up-to-date: /home/yashrakesh/ros2_ws/install/ur_description/share/ur_description/local_setup.sh
[0.034s] -- Up-to-date: /home/yashrakesh/ros2_ws/install/ur_description/share/ur_description/local_setup.zsh
[0.034s] -- Up-to-date: /home/yashrakesh/ros2_ws/install/ur_description/share/ur_description/local_setup.dsv
[0.034s] -- Installing: /home/yashrakesh/ros2_ws/install/ur_description/share/ur_description/package.dsv
[0.034s] -- Up-to-date: /home/yashrakesh/ros2_ws/install/ur_description/share/ament_index/resource_index/packages/ur_description
[0.034s] -- Up-to-date: /home/yashrakesh/ros2_ws/install/ur_description/share/ur_description/cmake/ur_descriptionConfig.cmake
[0.034s] -- Up-to-date: /home/yashrakesh/ros2_ws/install/ur_description/share/ur_description/cmake/ur_descriptionConfig-version.cmake
[0.034s] -- Up-to-date: /home/yashrakesh/ros2_ws/install/ur_description/share/ur_description/package.xml
[0.034s] Invoked command in '/home/yashrakesh/ros2_ws/build/ur_description' returned '0': CMAKE_PREFIX_PATH=${CMAKE_PREFIX_PATH}:/opt/ros/jazzy DEBUGINFOD_URLS=https://debuginfod.ubuntu.com /usr/bin/cmake --install /home/yashrakesh/ros2_ws/build/ur_description
