[0.107s] Invoking command in '/home/yash/ros2-master_dual_box/ros2-master/build/ur_moveit_config': CMAKE_PREFIX_PATH=/home/yash/ros2-master_dual_box/ros2-master/install/ur_description:/home/yash/ros2-master_dual_box/ros2-master/install/ur_simulation_gz:/home/yash/ros2-master_dual_box/ros2-master/install/ur:/home/yash/ros2-master_dual_box/ros2-master/install/ur_calibration:/home/yash/ros2-master_dual_box/ros2-master/install/ur_robot_driver:/home/yash/ros2-master_dual_box/ros2-master/install/ur_moveit_config:/home/yash/ros2-master_dual_box/ros2-master/install/ur_controllers:/home/yash/ros2-master_dual_box/ros2-master/install/ur_dashboard_msgs:/home/yash/ros2-master_dual_box/ros2-master/install/robotiq_hardware_tests:/home/yash/ros2-master_dual_box/ros2-master/install/robotiq_driver:/home/yash/ros2-master_dual_box/ros2-master/install/serial:/home/yash/ros2-master_dual_box/ros2-master/install/robotiq_description:/home/yash/ros2-master_dual_box/ros2-master/install/robotiq_controllers:/opt/ros/jazzy/opt/gz_sim_vendor:/opt/ros/jazzy/opt/gz_sensors_vendor:/opt/ros/jazzy/opt/gz_physics_vendor:/opt/ros/jazzy/opt/sdformat_vendor:/opt/ros/jazzy/opt/gz_gui_vendor:/opt/ros/jazzy/opt/gz_transport_vendor:/opt/ros/jazzy/opt/gz_rendering_vendor:/opt/ros/jazzy/opt/gz_plugin_vendor:/opt/ros/jazzy/opt/gz_fuel_tools_vendor:/opt/ros/jazzy/opt/gz_msgs_vendor:/opt/ros/jazzy/opt/gz_common_vendor:/opt/ros/jazzy/opt/gz_math_vendor:/opt/ros/jazzy/opt/gz_utils_vendor:/opt/ros/jazzy/opt/gz_tools_vendor:/opt/ros/jazzy/opt/gz_ogre_next_vendor:/opt/ros/jazzy/opt/gz_dartsim_vendor:/opt/ros/jazzy/opt/gz_cmake_vendor:/opt/ros/jazzy DEBUGINFOD_URLS=https://debuginfod.ubuntu.com /usr/bin/cmake /home/yash/ros2-master_dual_box/ros2-master/src/ur_moveit_config -DAMENT_CMAKE_SYMLINK_INSTALL=1 -DCMAKE_INSTALL_PREFIX=/home/yash/ros2-master_dual_box/ros2-master/install/ur_moveit_config
[0.128s] -- Found ament_cmake: 2.5.5 (/opt/ros/jazzy/share/ament_cmake/cmake)
[0.512s] -- Override CMake install command with custom implementation using symlinks instead of copying resources
[0.662s] -- Configuring done (0.5s)
[0.667s] -- Generating done (0.0s)
[0.671s] -- Build files have been written to: /home/yash/ros2-master_dual_box/ros2-master/build/ur_moveit_config
[0.676s] Invoked command in '/home/yash/ros2-master_dual_box/ros2-master/build/ur_moveit_config' returned '0': CMAKE_PREFIX_PATH=/home/yash/ros2-master_dual_box/ros2-master/install/ur_description:/home/yash/ros2-master_dual_box/ros2-master/install/ur_simulation_gz:/home/yash/ros2-master_dual_box/ros2-master/install/ur:/home/yash/ros2-master_dual_box/ros2-master/install/ur_calibration:/home/yash/ros2-master_dual_box/ros2-master/install/ur_robot_driver:/home/yash/ros2-master_dual_box/ros2-master/install/ur_moveit_config:/home/yash/ros2-master_dual_box/ros2-master/install/ur_controllers:/home/yash/ros2-master_dual_box/ros2-master/install/ur_dashboard_msgs:/home/yash/ros2-master_dual_box/ros2-master/install/robotiq_hardware_tests:/home/yash/ros2-master_dual_box/ros2-master/install/robotiq_driver:/home/yash/ros2-master_dual_box/ros2-master/install/serial:/home/yash/ros2-master_dual_box/ros2-master/install/robotiq_description:/home/yash/ros2-master_dual_box/ros2-master/install/robotiq_controllers:/opt/ros/jazzy/opt/gz_sim_vendor:/opt/ros/jazzy/opt/gz_sensors_vendor:/opt/ros/jazzy/opt/gz_physics_vendor:/opt/ros/jazzy/opt/sdformat_vendor:/opt/ros/jazzy/opt/gz_gui_vendor:/opt/ros/jazzy/opt/gz_transport_vendor:/opt/ros/jazzy/opt/gz_rendering_vendor:/opt/ros/jazzy/opt/gz_plugin_vendor:/opt/ros/jazzy/opt/gz_fuel_tools_vendor:/opt/ros/jazzy/opt/gz_msgs_vendor:/opt/ros/jazzy/opt/gz_common_vendor:/opt/ros/jazzy/opt/gz_math_vendor:/opt/ros/jazzy/opt/gz_utils_vendor:/opt/ros/jazzy/opt/gz_tools_vendor:/opt/ros/jazzy/opt/gz_ogre_next_vendor:/opt/ros/jazzy/opt/gz_dartsim_vendor:/opt/ros/jazzy/opt/gz_cmake_vendor:/opt/ros/jazzy DEBUGINFOD_URLS=https://debuginfod.ubuntu.com /usr/bin/cmake /home/yash/ros2-master_dual_box/ros2-master/src/ur_moveit_config -DAMENT_CMAKE_SYMLINK_INSTALL=1 -DCMAKE_INSTALL_PREFIX=/home/yash/ros2-master_dual_box/ros2-master/install/ur_moveit_config
[0.680s] Invoking command in '/home/yash/ros2-master_dual_box/ros2-master/build/ur_moveit_config': CMAKE_PREFIX_PATH=/home/yash/ros2-master_dual_box/ros2-master/install/ur_description:/home/yash/ros2-master_dual_box/ros2-master/install/ur_simulation_gz:/home/yash/ros2-master_dual_box/ros2-master/install/ur:/home/yash/ros2-master_dual_box/ros2-master/install/ur_calibration:/home/yash/ros2-master_dual_box/ros2-master/install/ur_robot_driver:/home/yash/ros2-master_dual_box/ros2-master/install/ur_moveit_config:/home/yash/ros2-master_dual_box/ros2-master/install/ur_controllers:/home/yash/ros2-master_dual_box/ros2-master/install/ur_dashboard_msgs:/home/yash/ros2-master_dual_box/ros2-master/install/robotiq_hardware_tests:/home/yash/ros2-master_dual_box/ros2-master/install/robotiq_driver:/home/yash/ros2-master_dual_box/ros2-master/install/serial:/home/yash/ros2-master_dual_box/ros2-master/install/robotiq_description:/home/yash/ros2-master_dual_box/ros2-master/install/robotiq_controllers:/opt/ros/jazzy/opt/gz_sim_vendor:/opt/ros/jazzy/opt/gz_sensors_vendor:/opt/ros/jazzy/opt/gz_physics_vendor:/opt/ros/jazzy/opt/sdformat_vendor:/opt/ros/jazzy/opt/gz_gui_vendor:/opt/ros/jazzy/opt/gz_transport_vendor:/opt/ros/jazzy/opt/gz_rendering_vendor:/opt/ros/jazzy/opt/gz_plugin_vendor:/opt/ros/jazzy/opt/gz_fuel_tools_vendor:/opt/ros/jazzy/opt/gz_msgs_vendor:/opt/ros/jazzy/opt/gz_common_vendor:/opt/ros/jazzy/opt/gz_math_vendor:/opt/ros/jazzy/opt/gz_utils_vendor:/opt/ros/jazzy/opt/gz_tools_vendor:/opt/ros/jazzy/opt/gz_ogre_next_vendor:/opt/ros/jazzy/opt/gz_dartsim_vendor:/opt/ros/jazzy/opt/gz_cmake_vendor:/opt/ros/jazzy DEBUGINFOD_URLS=https://debuginfod.ubuntu.com /usr/bin/cmake --build /home/yash/ros2-master_dual_box/ros2-master/build/ur_moveit_config -- -j8 -l8
[0.746s] Invoked command in '/home/yash/ros2-master_dual_box/ros2-master/build/ur_moveit_config' returned '0': CMAKE_PREFIX_PATH=/home/yash/ros2-master_dual_box/ros2-master/install/ur_description:/home/yash/ros2-master_dual_box/ros2-master/install/ur_simulation_gz:/home/yash/ros2-master_dual_box/ros2-master/install/ur:/home/yash/ros2-master_dual_box/ros2-master/install/ur_calibration:/home/yash/ros2-master_dual_box/ros2-master/install/ur_robot_driver:/home/yash/ros2-master_dual_box/ros2-master/install/ur_moveit_config:/home/yash/ros2-master_dual_box/ros2-master/install/ur_controllers:/home/yash/ros2-master_dual_box/ros2-master/install/ur_dashboard_msgs:/home/yash/ros2-master_dual_box/ros2-master/install/robotiq_hardware_tests:/home/yash/ros2-master_dual_box/ros2-master/install/robotiq_driver:/home/yash/ros2-master_dual_box/ros2-master/install/serial:/home/yash/ros2-master_dual_box/ros2-master/install/robotiq_description:/home/yash/ros2-master_dual_box/ros2-master/install/robotiq_controllers:/opt/ros/jazzy/opt/gz_sim_vendor:/opt/ros/jazzy/opt/gz_sensors_vendor:/opt/ros/jazzy/opt/gz_physics_vendor:/opt/ros/jazzy/opt/sdformat_vendor:/opt/ros/jazzy/opt/gz_gui_vendor:/opt/ros/jazzy/opt/gz_transport_vendor:/opt/ros/jazzy/opt/gz_rendering_vendor:/opt/ros/jazzy/opt/gz_plugin_vendor:/opt/ros/jazzy/opt/gz_fuel_tools_vendor:/opt/ros/jazzy/opt/gz_msgs_vendor:/opt/ros/jazzy/opt/gz_common_vendor:/opt/ros/jazzy/opt/gz_math_vendor:/opt/ros/jazzy/opt/gz_utils_vendor:/opt/ros/jazzy/opt/gz_tools_vendor:/opt/ros/jazzy/opt/gz_ogre_next_vendor:/opt/ros/jazzy/opt/gz_dartsim_vendor:/opt/ros/jazzy/opt/gz_cmake_vendor:/opt/ros/jazzy DEBUGINFOD_URLS=https://debuginfod.ubuntu.com /usr/bin/cmake --build /home/yash/ros2-master_dual_box/ros2-master/build/ur_moveit_config -- -j8 -l8
[0.748s] Invoking command in '/home/yash/ros2-master_dual_box/ros2-master/build/ur_moveit_config': CMAKE_PREFIX_PATH=/home/yash/ros2-master_dual_box/ros2-master/install/ur_description:/home/yash/ros2-master_dual_box/ros2-master/install/ur_simulation_gz:/home/yash/ros2-master_dual_box/ros2-master/install/ur:/home/yash/ros2-master_dual_box/ros2-master/install/ur_calibration:/home/yash/ros2-master_dual_box/ros2-master/install/ur_robot_driver:/home/yash/ros2-master_dual_box/ros2-master/install/ur_moveit_config:/home/yash/ros2-master_dual_box/ros2-master/install/ur_controllers:/home/yash/ros2-master_dual_box/ros2-master/install/ur_dashboard_msgs:/home/yash/ros2-master_dual_box/ros2-master/install/robotiq_hardware_tests:/home/yash/ros2-master_dual_box/ros2-master/install/robotiq_driver:/home/yash/ros2-master_dual_box/ros2-master/install/serial:/home/yash/ros2-master_dual_box/ros2-master/install/robotiq_description:/home/yash/ros2-master_dual_box/ros2-master/install/robotiq_controllers:/opt/ros/jazzy/opt/gz_sim_vendor:/opt/ros/jazzy/opt/gz_sensors_vendor:/opt/ros/jazzy/opt/gz_physics_vendor:/opt/ros/jazzy/opt/sdformat_vendor:/opt/ros/jazzy/opt/gz_gui_vendor:/opt/ros/jazzy/opt/gz_transport_vendor:/opt/ros/jazzy/opt/gz_rendering_vendor:/opt/ros/jazzy/opt/gz_plugin_vendor:/opt/ros/jazzy/opt/gz_fuel_tools_vendor:/opt/ros/jazzy/opt/gz_msgs_vendor:/opt/ros/jazzy/opt/gz_common_vendor:/opt/ros/jazzy/opt/gz_math_vendor:/opt/ros/jazzy/opt/gz_utils_vendor:/opt/ros/jazzy/opt/gz_tools_vendor:/opt/ros/jazzy/opt/gz_ogre_next_vendor:/opt/ros/jazzy/opt/gz_dartsim_vendor:/opt/ros/jazzy/opt/gz_cmake_vendor:/opt/ros/jazzy DEBUGINFOD_URLS=https://debuginfod.ubuntu.com /usr/bin/cmake --install /home/yash/ros2-master_dual_box/ros2-master/build/ur_moveit_config
[0.759s] -- Install configuration: ""
[0.760s] -- Execute custom install script
[0.761s] -- Up-to-date symlink: /home/yash/ros2-master_dual_box/ros2-master/install/ur_moveit_config/share/ur_moveit_config/config/chomp_planning.yaml
[0.761s] -- Up-to-date symlink: /home/yash/ros2-master_dual_box/ros2-master/install/ur_moveit_config/share/ur_moveit_config/config/joint_limits.yaml
[0.761s] -- Up-to-date symlink: /home/yash/ros2-master_dual_box/ros2-master/install/ur_moveit_config/share/ur_moveit_config/config/kinematics (Copy).yaml
[0.761s] -- Up-to-date symlink: /home/yash/ros2-master_dual_box/ros2-master/install/ur_moveit_config/share/ur_moveit_config/config/kinematics.yaml
[0.761s] -- Up-to-date symlink: /home/yash/ros2-master_dual_box/ros2-master/install/ur_moveit_config/share/ur_moveit_config/config/moveit.rviz
[0.762s] -- Up-to-date symlink: /home/yash/ros2-master_dual_box/ros2-master/install/ur_moveit_config/share/ur_moveit_config/config/moveit_controllers.yaml
[0.762s] -- Up-to-date symlink: /home/yash/ros2-master_dual_box/ros2-master/install/ur_moveit_config/share/ur_moveit_config/config/ompl_planning.yaml
[0.762s] -- Up-to-date symlink: /home/yash/ros2-master_dual_box/ros2-master/install/ur_moveit_config/share/ur_moveit_config/config/pilz_cartesian_limits.yaml
[0.762s] -- Up-to-date symlink: /home/yash/ros2-master_dual_box/ros2-master/install/ur_moveit_config/share/ur_moveit_config/config/pilz_industrial_motion_planner_planning.yaml
[0.762s] -- Up-to-date symlink: /home/yash/ros2-master_dual_box/ros2-master/install/ur_moveit_config/share/ur_moveit_config/config/ur_servo.yaml
[0.763s] -- Up-to-date symlink: /home/yash/ros2-master_dual_box/ros2-master/install/ur_moveit_config/share/ur_moveit_config/launch/ur_moveit.launch.py
[0.763s] -- Up-to-date symlink: /home/yash/ros2-master_dual_box/ros2-master/install/ur_moveit_config/share/ur_moveit_config/./CMakeLists.txt
[0.764s] -- Symlinking: /home/yash/ros2-master_dual_box/ros2-master/install/ur_moveit_config/share/ur_moveit_config/./cmake/ur_moveit_configConfig-version.cmake
[0.779s] -- Symlinking: /home/yash/ros2-master_dual_box/ros2-master/install/ur_moveit_config/share/ur_moveit_config/./cmake/ur_moveit_configConfig.cmake
[0.793s] -- Up-to-date symlink: /home/yash/ros2-master_dual_box/ros2-master/install/ur_moveit_config/share/ur_moveit_config/./config/chomp_planning.yaml
[0.793s] -- Up-to-date symlink: /home/yash/ros2-master_dual_box/ros2-master/install/ur_moveit_config/share/ur_moveit_config/./config/joint_limits.yaml
[0.794s] -- Up-to-date symlink: /home/yash/ros2-master_dual_box/ros2-master/install/ur_moveit_config/share/ur_moveit_config/./config/kinematics (Copy).yaml
[0.794s] -- Up-to-date symlink: /home/yash/ros2-master_dual_box/ros2-master/install/ur_moveit_config/share/ur_moveit_config/./config/kinematics.yaml
[0.794s] -- Up-to-date symlink: /home/yash/ros2-master_dual_box/ros2-master/install/ur_moveit_config/share/ur_moveit_config/./config/moveit.rviz
[0.794s] -- Up-to-date symlink: /home/yash/ros2-master_dual_box/ros2-master/install/ur_moveit_config/share/ur_moveit_config/./config/moveit_controllers.yaml
[0.795s] -- Up-to-date symlink: /home/yash/ros2-master_dual_box/ros2-master/install/ur_moveit_config/share/ur_moveit_config/./config/ompl_planning.yaml
[0.795s] -- Up-to-date symlink: /home/yash/ros2-master_dual_box/ros2-master/install/ur_moveit_config/share/ur_moveit_config/./config/pilz_cartesian_limits.yaml
[0.795s] -- Up-to-date symlink: /home/yash/ros2-master_dual_box/ros2-master/install/ur_moveit_config/share/ur_moveit_config/./config/pilz_industrial_motion_planner_planning.yaml
[0.796s] -- Up-to-date symlink: /home/yash/ros2-master_dual_box/ros2-master/install/ur_moveit_config/share/ur_moveit_config/./config/ur_servo.yaml
[0.796s] -- Symlinking: /home/yash/ros2-master_dual_box/ros2-master/install/ur_moveit_config/share/ur_moveit_config/./environment/ament_prefix_path.dsv
[0.810s] -- Symlinking: /home/yash/ros2-master_dual_box/ros2-master/install/ur_moveit_config/share/ur_moveit_config/./environment/ament_prefix_path.sh
[0.823s] -- Symlinking: /home/yash/ros2-master_dual_box/ros2-master/install/ur_moveit_config/share/ur_moveit_config/./environment/path.dsv
[0.839s] -- Symlinking: /home/yash/ros2-master_dual_box/ros2-master/install/ur_moveit_config/share/ur_moveit_config/./environment/path.sh
[0.854s] -- Up-to-date symlink: /home/yash/ros2-master_dual_box/ros2-master/install/ur_moveit_config/share/ur_moveit_config/./launch/ur_moveit.launch.py
[0.854s] -- Symlinking: /home/yash/ros2-master_dual_box/ros2-master/install/ur_moveit_config/share/ur_moveit_config/./local_setup.bash
[0.867s] -- Symlinking: /home/yash/ros2-master_dual_box/ros2-master/install/ur_moveit_config/share/ur_moveit_config/./local_setup.dsv
[0.882s] -- Symlinking: /home/yash/ros2-master_dual_box/ros2-master/install/ur_moveit_config/share/ur_moveit_config/./local_setup.sh
[0.897s] -- Symlinking: /home/yash/ros2-master_dual_box/ros2-master/install/ur_moveit_config/share/ur_moveit_config/./local_setup.zsh
[0.941s] -- Symlinking: /home/yash/ros2-master_dual_box/ros2-master/install/ur_moveit_config/share/ur_moveit_config/./package.dsv
[0.979s] -- Up-to-date symlink: /home/yash/ros2-master_dual_box/ros2-master/install/ur_moveit_config/share/ur_moveit_config/./package.xml
[0.980s] -- Up-to-date symlink: /home/yash/ros2-master_dual_box/ros2-master/install/ur_moveit_config/share/ur_moveit_config/./srdf/ur.srdf.xacro
[0.980s] -- Up-to-date symlink: /home/yash/ros2-master_dual_box/ros2-master/install/ur_moveit_config/share/ur_moveit_config/./srdf/ur_macro.srdf.xacro
[0.980s] -- Up-to-date symlink: /home/yash/ros2-master_dual_box/ros2-master/install/ur_moveit_config/share/ament_index/resource_index/package_run_dependencies/ur_moveit_config
[0.981s] -- Up-to-date symlink: /home/yash/ros2-master_dual_box/ros2-master/install/ur_moveit_config/share/ament_index/resource_index/parent_prefix_path/ur_moveit_config
[0.981s] -- Symlinking: /home/yash/ros2-master_dual_box/ros2-master/install/ur_moveit_config/share/ur_moveit_config/environment/ament_prefix_path.sh
[0.998s] -- Symlinking: /home/yash/ros2-master_dual_box/ros2-master/install/ur_moveit_config/share/ur_moveit_config/environment/ament_prefix_path.dsv
[1.012s] -- Symlinking: /home/yash/ros2-master_dual_box/ros2-master/install/ur_moveit_config/share/ur_moveit_config/environment/path.sh
[1.028s] -- Symlinking: /home/yash/ros2-master_dual_box/ros2-master/install/ur_moveit_config/share/ur_moveit_config/environment/path.dsv
[1.042s] -- Symlinking: /home/yash/ros2-master_dual_box/ros2-master/install/ur_moveit_config/share/ur_moveit_config/local_setup.bash
[1.060s] -- Symlinking: /home/yash/ros2-master_dual_box/ros2-master/install/ur_moveit_config/share/ur_moveit_config/local_setup.sh
[1.077s] -- Symlinking: /home/yash/ros2-master_dual_box/ros2-master/install/ur_moveit_config/share/ur_moveit_config/local_setup.zsh
[1.093s] -- Symlinking: /home/yash/ros2-master_dual_box/ros2-master/install/ur_moveit_config/share/ur_moveit_config/local_setup.dsv
[1.107s] -- Symlinking: /home/yash/ros2-master_dual_box/ros2-master/install/ur_moveit_config/share/ur_moveit_config/package.dsv
[1.120s] -- Up-to-date symlink: /home/yash/ros2-master_dual_box/ros2-master/install/ur_moveit_config/share/ament_index/resource_index/packages/ur_moveit_config
[1.120s] -- Symlinking: /home/yash/ros2-master_dual_box/ros2-master/install/ur_moveit_config/share/ur_moveit_config/cmake/ur_moveit_configConfig.cmake
[1.137s] -- Symlinking: /home/yash/ros2-master_dual_box/ros2-master/install/ur_moveit_config/share/ur_moveit_config/cmake/ur_moveit_configConfig-version.cmake
[1.152s] -- Up-to-date symlink: /home/yash/ros2-master_dual_box/ros2-master/install/ur_moveit_config/share/ur_moveit_config/package.xml
[1.155s] Invoked command in '/home/yash/ros2-master_dual_box/ros2-master/build/ur_moveit_config' returned '0': CMAKE_PREFIX_PATH=/home/yash/ros2-master_dual_box/ros2-master/install/ur_description:/home/yash/ros2-master_dual_box/ros2-master/install/ur_simulation_gz:/home/yash/ros2-master_dual_box/ros2-master/install/ur:/home/yash/ros2-master_dual_box/ros2-master/install/ur_calibration:/home/yash/ros2-master_dual_box/ros2-master/install/ur_robot_driver:/home/yash/ros2-master_dual_box/ros2-master/install/ur_moveit_config:/home/yash/ros2-master_dual_box/ros2-master/install/ur_controllers:/home/yash/ros2-master_dual_box/ros2-master/install/ur_dashboard_msgs:/home/yash/ros2-master_dual_box/ros2-master/install/robotiq_hardware_tests:/home/yash/ros2-master_dual_box/ros2-master/install/robotiq_driver:/home/yash/ros2-master_dual_box/ros2-master/install/serial:/home/yash/ros2-master_dual_box/ros2-master/install/robotiq_description:/home/yash/ros2-master_dual_box/ros2-master/install/robotiq_controllers:/opt/ros/jazzy/opt/gz_sim_vendor:/opt/ros/jazzy/opt/gz_sensors_vendor:/opt/ros/jazzy/opt/gz_physics_vendor:/opt/ros/jazzy/opt/sdformat_vendor:/opt/ros/jazzy/opt/gz_gui_vendor:/opt/ros/jazzy/opt/gz_transport_vendor:/opt/ros/jazzy/opt/gz_rendering_vendor:/opt/ros/jazzy/opt/gz_plugin_vendor:/opt/ros/jazzy/opt/gz_fuel_tools_vendor:/opt/ros/jazzy/opt/gz_msgs_vendor:/opt/ros/jazzy/opt/gz_common_vendor:/opt/ros/jazzy/opt/gz_math_vendor:/opt/ros/jazzy/opt/gz_utils_vendor:/opt/ros/jazzy/opt/gz_tools_vendor:/opt/ros/jazzy/opt/gz_ogre_next_vendor:/opt/ros/jazzy/opt/gz_dartsim_vendor:/opt/ros/jazzy/opt/gz_cmake_vendor:/opt/ros/jazzy DEBUGINFOD_URLS=https://debuginfod.ubuntu.com /usr/bin/cmake --install /home/yash/ros2-master_dual_box/ros2-master/build/ur_moveit_config
