[0.035s] Invoking command in '/home/yash/ros2-master_dual_box/ros2-master/build/ur_robot_driver': AMENT_PREFIX_PATH=/home/yash/ros2-master_dual_box/ros2-master/install/ur_controllers:/home/yash/ros2-master_dual_box/ros2-master/install/ur_description:/home/yash/ros2-master_dual_box/ros2-master/install/ur_dashboard_msgs:${AMENT_PREFIX_PATH} CMAKE_PREFIX_PATH=/home/yash/ros2-master_dual_box/ros2-master/install/ur_controllers:/home/yash/ros2-master_dual_box/ros2-master/install/ur_description:/home/yash/ros2-master_dual_box/ros2-master/install/ur_dashboard_msgs:/opt/ros/jazzy/opt/gz_sim_vendor:/opt/ros/jazzy/opt/gz_sensors_vendor:/opt/ros/jazzy/opt/gz_physics_vendor:/opt/ros/jazzy/opt/sdformat_vendor:/opt/ros/jazzy/opt/gz_gui_vendor:/opt/ros/jazzy/opt/gz_transport_vendor:/opt/ros/jazzy/opt/gz_rendering_vendor:/opt/ros/jazzy/opt/gz_plugin_vendor:/opt/ros/jazzy/opt/gz_fuel_tools_vendor:/opt/ros/jazzy/opt/gz_msgs_vendor:/opt/ros/jazzy/opt/gz_common_vendor:/opt/ros/jazzy/opt/gz_math_vendor:/opt/ros/jazzy/opt/gz_utils_vendor:/opt/ros/jazzy/opt/gz_tools_vendor:/opt/ros/jazzy/opt/gz_ogre_next_vendor:/opt/ros/jazzy/opt/gz_dartsim_vendor:/opt/ros/jazzy/opt/gz_cmake_vendor:/opt/ros/jazzy DEBUGINFOD_URLS=https://debuginfod.ubuntu.com LD_LIBRARY_PATH=/home/yash/ros2-master_dual_box/ros2-master/install/ur_controllers/lib:/home/yash/ros2-master_dual_box/ros2-master/install/ur_dashboard_msgs/lib:${LD_LIBRARY_PATH} PYTHONPATH=/home/yash/ros2-master_dual_box/ros2-master/install/ur_dashboard_msgs/lib/python3.12/site-packages:${PYTHONPATH} /usr/bin/cmake --build /home/yash/ros2-master_dual_box/ros2-master/build/ur_robot_driver -- -j8 -l8
[0.163s] [  0%] Built target ament_cmake_python_symlink_ur_robot_driver
[0.175s] [ 10%] Built target urscript_interface
[0.176s] [ 20%] Built target trajectory_until_node
[0.179s] [ 50%] Built target robot_state_helper
[0.179s] [ 55%] Built target controller_stopper_node
[0.187s] [ 75%] Built target dashboard_client
[0.193s] [100%] Built target ur_robot_driver_plugin
[0.430s] running egg_info
[0.458s] writing ur_robot_driver.egg-info/PKG-INFO
[0.458s] writing dependency_links to ur_robot_driver.egg-info/dependency_links.txt
[0.458s] writing top-level names to ur_robot_driver.egg-info/top_level.txt
[0.565s] reading manifest file 'ur_robot_driver.egg-info/SOURCES.txt'
[0.565s] writing manifest file 'ur_robot_driver.egg-info/SOURCES.txt'
[0.627s] [100%] Built target ament_cmake_python_build_ur_robot_driver_egg
[0.666s] Invoked command in '/home/yash/ros2-master_dual_box/ros2-master/build/ur_robot_driver' returned '0': AMENT_PREFIX_PATH=/home/yash/ros2-master_dual_box/ros2-master/install/ur_controllers:/home/yash/ros2-master_dual_box/ros2-master/install/ur_description:/home/yash/ros2-master_dual_box/ros2-master/install/ur_dashboard_msgs:${AMENT_PREFIX_PATH} CMAKE_PREFIX_PATH=/home/yash/ros2-master_dual_box/ros2-master/install/ur_controllers:/home/yash/ros2-master_dual_box/ros2-master/install/ur_description:/home/yash/ros2-master_dual_box/ros2-master/install/ur_dashboard_msgs:/opt/ros/jazzy/opt/gz_sim_vendor:/opt/ros/jazzy/opt/gz_sensors_vendor:/opt/ros/jazzy/opt/gz_physics_vendor:/opt/ros/jazzy/opt/sdformat_vendor:/opt/ros/jazzy/opt/gz_gui_vendor:/opt/ros/jazzy/opt/gz_transport_vendor:/opt/ros/jazzy/opt/gz_rendering_vendor:/opt/ros/jazzy/opt/gz_plugin_vendor:/opt/ros/jazzy/opt/gz_fuel_tools_vendor:/opt/ros/jazzy/opt/gz_msgs_vendor:/opt/ros/jazzy/opt/gz_common_vendor:/opt/ros/jazzy/opt/gz_math_vendor:/opt/ros/jazzy/opt/gz_utils_vendor:/opt/ros/jazzy/opt/gz_tools_vendor:/opt/ros/jazzy/opt/gz_ogre_next_vendor:/opt/ros/jazzy/opt/gz_dartsim_vendor:/opt/ros/jazzy/opt/gz_cmake_vendor:/opt/ros/jazzy DEBUGINFOD_URLS=https://debuginfod.ubuntu.com LD_LIBRARY_PATH=/home/yash/ros2-master_dual_box/ros2-master/install/ur_controllers/lib:/home/yash/ros2-master_dual_box/ros2-master/install/ur_dashboard_msgs/lib:${LD_LIBRARY_PATH} PYTHONPATH=/home/yash/ros2-master_dual_box/ros2-master/install/ur_dashboard_msgs/lib/python3.12/site-packages:${PYTHONPATH} /usr/bin/cmake --build /home/yash/ros2-master_dual_box/ros2-master/build/ur_robot_driver -- -j8 -l8
[0.668s] Invoking command in '/home/yash/ros2-master_dual_box/ros2-master/build/ur_robot_driver': AMENT_PREFIX_PATH=/home/yash/ros2-master_dual_box/ros2-master/install/ur_controllers:/home/yash/ros2-master_dual_box/ros2-master/install/ur_description:/home/yash/ros2-master_dual_box/ros2-master/install/ur_dashboard_msgs:${AMENT_PREFIX_PATH} CMAKE_PREFIX_PATH=/home/yash/ros2-master_dual_box/ros2-master/install/ur_controllers:/home/yash/ros2-master_dual_box/ros2-master/install/ur_description:/home/yash/ros2-master_dual_box/ros2-master/install/ur_dashboard_msgs:/opt/ros/jazzy/opt/gz_sim_vendor:/opt/ros/jazzy/opt/gz_sensors_vendor:/opt/ros/jazzy/opt/gz_physics_vendor:/opt/ros/jazzy/opt/sdformat_vendor:/opt/ros/jazzy/opt/gz_gui_vendor:/opt/ros/jazzy/opt/gz_transport_vendor:/opt/ros/jazzy/opt/gz_rendering_vendor:/opt/ros/jazzy/opt/gz_plugin_vendor:/opt/ros/jazzy/opt/gz_fuel_tools_vendor:/opt/ros/jazzy/opt/gz_msgs_vendor:/opt/ros/jazzy/opt/gz_common_vendor:/opt/ros/jazzy/opt/gz_math_vendor:/opt/ros/jazzy/opt/gz_utils_vendor:/opt/ros/jazzy/opt/gz_tools_vendor:/opt/ros/jazzy/opt/gz_ogre_next_vendor:/opt/ros/jazzy/opt/gz_dartsim_vendor:/opt/ros/jazzy/opt/gz_cmake_vendor:/opt/ros/jazzy DEBUGINFOD_URLS=https://debuginfod.ubuntu.com LD_LIBRARY_PATH=/home/yash/ros2-master_dual_box/ros2-master/install/ur_controllers/lib:/home/yash/ros2-master_dual_box/ros2-master/install/ur_dashboard_msgs/lib:${LD_LIBRARY_PATH} PYTHONPATH=/home/yash/ros2-master_dual_box/ros2-master/install/ur_dashboard_msgs/lib/python3.12/site-packages:${PYTHONPATH} /usr/bin/cmake --install /home/yash/ros2-master_dual_box/ros2-master/build/ur_robot_driver
[0.687s] -- Install configuration: "RelWithDebInfo"
[0.688s] -- Execute custom install script
[0.689s] -- Up-to-date symlink: /home/yash/ros2-master_dual_box/ros2-master/install/ur_robot_driver/share/ur_robot_driver//hardware_interface_plugin.xml
[0.689s] -- Up-to-date symlink: /home/yash/ros2-master_dual_box/ros2-master/install/ur_robot_driver/lib/ur_robot_driver/dashboard_client
[0.689s] -- Up-to-date symlink: /home/yash/ros2-master_dual_box/ros2-master/install/ur_robot_driver/lib/ur_robot_driver/controller_stopper_node
[0.689s] -- Up-to-date symlink: /home/yash/ros2-master_dual_box/ros2-master/install/ur_robot_driver/lib/ur_robot_driver/urscript_interface
[0.690s] -- Up-to-date symlink: /home/yash/ros2-master_dual_box/ros2-master/install/ur_robot_driver/lib/ur_robot_driver/robot_state_helper
[0.690s] -- Up-to-date symlink: /home/yash/ros2-master_dual_box/ros2-master/install/ur_robot_driver/lib/ur_robot_driver/trajectory_until_node
[0.690s] -- Up-to-date symlink: /home/yash/ros2-master_dual_box/ros2-master/install/ur_robot_driver/lib/libur_robot_driver_plugin.so
[0.691s] -- Up-to-date symlink: /home/yash/ros2-master_dual_box/ros2-master/install/ur_robot_driver/include/ur_robot_driver/controller_stopper.hpp
[0.691s] -- Up-to-date symlink: /home/yash/ros2-master_dual_box/ros2-master/install/ur_robot_driver/include/ur_robot_driver/dashboard_client_ros.hpp
[0.691s] -- Up-to-date symlink: /home/yash/ros2-master_dual_box/ros2-master/install/ur_robot_driver/include/ur_robot_driver/hardware_interface.hpp
[0.691s] -- Up-to-date symlink: /home/yash/ros2-master_dual_box/ros2-master/install/ur_robot_driver/include/ur_robot_driver/robot_state_helper.hpp
[0.692s] -- Up-to-date symlink: /home/yash/ros2-master_dual_box/ros2-master/install/ur_robot_driver/include/ur_robot_driver/trajectory_until_node.hpp
[0.692s] -- Up-to-date symlink: /home/yash/ros2-master_dual_box/ros2-master/install/ur_robot_driver/include/ur_robot_driver/urcl_log_handler.hpp
[0.692s] -- Up-to-date symlink: /home/yash/ros2-master_dual_box/ros2-master/install/ur_robot_driver/share/ur_robot_driver/environment/library_path.sh
[0.692s] -- Up-to-date symlink: /home/yash/ros2-master_dual_box/ros2-master/install/ur_robot_driver/share/ur_robot_driver/environment/library_path.dsv
[0.693s] -- Up-to-date symlink: /home/yash/ros2-master_dual_box/ros2-master/install/ur_robot_driver/include/ur_robot_driver/controller_stopper.hpp
[0.693s] -- Up-to-date symlink: /home/yash/ros2-master_dual_box/ros2-master/install/ur_robot_driver/include/ur_robot_driver/dashboard_client_ros.hpp
[0.693s] -- Up-to-date symlink: /home/yash/ros2-master_dual_box/ros2-master/install/ur_robot_driver/include/ur_robot_driver/hardware_interface.hpp
[0.694s] -- Up-to-date symlink: /home/yash/ros2-master_dual_box/ros2-master/install/ur_robot_driver/include/ur_robot_driver/robot_state_helper.hpp
[0.694s] -- Up-to-date symlink: /home/yash/ros2-master_dual_box/ros2-master/install/ur_robot_driver/include/ur_robot_driver/trajectory_until_node.hpp
[0.694s] -- Up-to-date symlink: /home/yash/ros2-master_dual_box/ros2-master/install/ur_robot_driver/include/ur_robot_driver/urcl_log_handler.hpp
[0.694s] -- Up-to-date symlink: /home/yash/ros2-master_dual_box/ros2-master/install/ur_robot_driver/share/ur_robot_driver/environment/pythonpath.sh
[0.694s] -- Up-to-date symlink: /home/yash/ros2-master_dual_box/ros2-master/install/ur_robot_driver/share/ur_robot_driver/environment/pythonpath.dsv
[0.695s] -- Up-to-date symlink: /home/yash/ros2-master_dual_box/ros2-master/install/ur_robot_driver/lib/python3.12/site-packages/ur_robot_driver-3.7.0-py3.12.egg-info/PKG-INFO
[0.695s] -- Up-to-date symlink: /home/yash/ros2-master_dual_box/ros2-master/install/ur_robot_driver/lib/python3.12/site-packages/ur_robot_driver-3.7.0-py3.12.egg-info/SOURCES.txt
[0.695s] -- Up-to-date symlink: /home/yash/ros2-master_dual_box/ros2-master/install/ur_robot_driver/lib/python3.12/site-packages/ur_robot_driver-3.7.0-py3.12.egg-info/dependency_links.txt
[0.697s] -- Up-to-date symlink: /home/yash/ros2-master_dual_box/ros2-master/install/ur_robot_driver/lib/python3.12/site-packages/ur_robot_driver-3.7.0-py3.12.egg-info/top_level.txt
[0.698s] -- Up-to-date symlink: /home/yash/ros2-master_dual_box/ros2-master/install/ur_robot_driver/lib/python3.12/site-packages/ur_robot_driver/__init__.py
[0.698s] -- Up-to-date symlink: /home/yash/ros2-master_dual_box/ros2-master/install/ur_robot_driver/lib/ur_robot_driver/tool_communication.py
[0.698s] -- Up-to-date symlink: /home/yash/ros2-master_dual_box/ros2-master/install/ur_robot_driver/lib/ur_robot_driver/wait_for_robot_description
[0.698s] -- Up-to-date symlink: /home/yash/ros2-master_dual_box/ros2-master/install/ur_robot_driver/lib/ur_robot_driver/example_move.py
[0.698s] -- Up-to-date symlink: /home/yash/ros2-master_dual_box/ros2-master/install/ur_robot_driver/lib/ur_robot_driver/start_ursim.sh
[0.698s] -- Up-to-date symlink: /home/yash/ros2-master_dual_box/ros2-master/install/ur_robot_driver/lib/ur_robot_driver/examples.py
[0.699s] -- Up-to-date symlink: /home/yash/ros2-master_dual_box/ros2-master/install/ur_robot_driver/lib/ur_robot_driver/force_mode.py
[0.699s] -- Up-to-date symlink: /home/yash/ros2-master_dual_box/ros2-master/install/ur_robot_driver/lib/ur_robot_driver/move_until_example.py
[0.699s] -- Up-to-date symlink: /home/yash/ros2-master_dual_box/ros2-master/install/ur_robot_driver/bin/wait_dashboard_server.sh
[0.700s] -- Up-to-date symlink: /home/yash/ros2-master_dual_box/ros2-master/install/ur_robot_driver/share/ur_robot_driver/config/test_goal_publishers_config.yaml
[0.700s] -- Up-to-date symlink: /home/yash/ros2-master_dual_box/ros2-master/install/ur_robot_driver/share/ur_robot_driver/config/test_velocity_goal_publishers_config.yaml
[0.701s] -- Up-to-date symlink: /home/yash/ros2-master_dual_box/ros2-master/install/ur_robot_driver/share/ur_robot_driver/config/ur10_update_rate.yaml
[0.701s] -- Up-to-date symlink: /home/yash/ros2-master_dual_box/ros2-master/install/ur_robot_driver/share/ur_robot_driver/config/ur10e_update_rate.yaml
[0.701s] -- Up-to-date symlink: /home/yash/ros2-master_dual_box/ros2-master/install/ur_robot_driver/share/ur_robot_driver/config/ur12e_update_rate.yaml
[0.701s] -- Up-to-date symlink: /home/yash/ros2-master_dual_box/ros2-master/install/ur_robot_driver/share/ur_robot_driver/config/ur15_update_rate.yaml
[0.702s] -- Up-to-date symlink: /home/yash/ros2-master_dual_box/ros2-master/install/ur_robot_driver/share/ur_robot_driver/config/ur16e_update_rate.yaml
[0.702s] -- Up-to-date symlink: /home/yash/ros2-master_dual_box/ros2-master/install/ur_robot_driver/share/ur_robot_driver/config/ur18_update_rate.yaml
[0.702s] -- Up-to-date symlink: /home/yash/ros2-master_dual_box/ros2-master/install/ur_robot_driver/share/ur_robot_driver/config/ur20_update_rate.yaml
[0.703s] -- Up-to-date symlink: /home/yash/ros2-master_dual_box/ros2-master/install/ur_robot_driver/share/ur_robot_driver/config/ur30_update_rate.yaml
[0.703s] -- Up-to-date symlink: /home/yash/ros2-master_dual_box/ros2-master/install/ur_robot_driver/share/ur_robot_driver/config/ur3_update_rate.yaml
[0.703s] -- Up-to-date symlink: /home/yash/ros2-master_dual_box/ros2-master/install/ur_robot_driver/share/ur_robot_driver/config/ur3e_update_rate.yaml
[0.703s] -- Up-to-date symlink: /home/yash/ros2-master_dual_box/ros2-master/install/ur_robot_driver/share/ur_robot_driver/config/ur5_update_rate.yaml
[0.704s] -- Up-to-date symlink: /home/yash/ros2-master_dual_box/ros2-master/install/ur_robot_driver/share/ur_robot_driver/config/ur5e_update_rate.yaml
[0.704s] -- Up-to-date symlink: /home/yash/ros2-master_dual_box/ros2-master/install/ur_robot_driver/share/ur_robot_driver/config/ur7e_update_rate.yaml
[0.704s] -- Up-to-date symlink: /home/yash/ros2-master_dual_box/ros2-master/install/ur_robot_driver/share/ur_robot_driver/config/ur8long_update_rate.yaml
[0.705s] -- Up-to-date symlink: /home/yash/ros2-master_dual_box/ros2-master/install/ur_robot_driver/share/ur_robot_driver/config/ur_controllers.yaml
[0.705s] -- Up-to-date symlink: /home/yash/ros2-master_dual_box/ros2-master/install/ur_robot_driver/share/ur_robot_driver/launch/test_forward_velocity_controller.launch.py
[0.706s] -- Up-to-date symlink: /home/yash/ros2-master_dual_box/ros2-master/install/ur_robot_driver/share/ur_robot_driver/launch/test_joint_trajectory_controller.launch.py
[0.706s] -- Up-to-date symlink: /home/yash/ros2-master_dual_box/ros2-master/install/ur_robot_driver/share/ur_robot_driver/launch/test_scaled_joint_trajectory_controller.launch.py
[0.706s] -- Up-to-date symlink: /home/yash/ros2-master_dual_box/ros2-master/install/ur_robot_driver/share/ur_robot_driver/launch/ur10.launch.py
[0.706s] -- Up-to-date symlink: /home/yash/ros2-master_dual_box/ros2-master/install/ur_robot_driver/share/ur_robot_driver/launch/ur10e.launch.py
[0.707s] -- Up-to-date symlink: /home/yash/ros2-master_dual_box/ros2-master/install/ur_robot_driver/share/ur_robot_driver/launch/ur12e.launch.py
[0.707s] -- Up-to-date symlink: /home/yash/ros2-master_dual_box/ros2-master/install/ur_robot_driver/share/ur_robot_driver/launch/ur15.launch.py
[0.707s] -- Up-to-date symlink: /home/yash/ros2-master_dual_box/ros2-master/install/ur_robot_driver/share/ur_robot_driver/launch/ur16e.launch.py
[0.707s] -- Up-to-date symlink: /home/yash/ros2-master_dual_box/ros2-master/install/ur_robot_driver/share/ur_robot_driver/launch/ur18.launch.py
[0.708s] -- Up-to-date symlink: /home/yash/ros2-master_dual_box/ros2-master/install/ur_robot_driver/share/ur_robot_driver/launch/ur20.launch.py
[0.708s] -- Up-to-date symlink: /home/yash/ros2-master_dual_box/ros2-master/install/ur_robot_driver/share/ur_robot_driver/launch/ur3.launch.py
[0.708s] -- Up-to-date symlink: /home/yash/ros2-master_dual_box/ros2-master/install/ur_robot_driver/share/ur_robot_driver/launch/ur30.launch.py
[0.708s] -- Up-to-date symlink: /home/yash/ros2-master_dual_box/ros2-master/install/ur_robot_driver/share/ur_robot_driver/launch/ur3e.launch.py
[0.709s] -- Up-to-date symlink: /home/yash/ros2-master_dual_box/ros2-master/install/ur_robot_driver/share/ur_robot_driver/launch/ur5.launch.py
[0.709s] -- Up-to-date symlink: /home/yash/ros2-master_dual_box/ros2-master/install/ur_robot_driver/share/ur_robot_driver/launch/ur5e.launch.py
[0.710s] -- Up-to-date symlink: /home/yash/ros2-master_dual_box/ros2-master/install/ur_robot_driver/share/ur_robot_driver/launch/ur7e.launch.py
[0.710s] -- Up-to-date symlink: /home/yash/ros2-master_dual_box/ros2-master/install/ur_robot_driver/share/ur_robot_driver/launch/ur8long.launch.py
[0.710s] -- Up-to-date symlink: /home/yash/ros2-master_dual_box/ros2-master/install/ur_robot_driver/share/ur_robot_driver/launch/ur_control.launch.py
[0.710s] -- Up-to-date symlink: /home/yash/ros2-master_dual_box/ros2-master/install/ur_robot_driver/share/ur_robot_driver/launch/ur_dashboard_client.launch.py
[0.710s] -- Up-to-date symlink: /home/yash/ros2-master_dual_box/ros2-master/install/ur_robot_driver/share/ur_robot_driver/launch/ur_rsp.launch.py
[0.711s] -- Up-to-date symlink: /home/yash/ros2-master_dual_box/ros2-master/install/ur_robot_driver/share/ur_robot_driver/urdf/ur.ros2_control.xacro
[0.711s] -- Up-to-date symlink: /home/yash/ros2-master_dual_box/ros2-master/install/ur_robot_driver/share/ur_robot_driver/urdf/ur.urdf.xacro
[0.712s] -- Up-to-date symlink: /home/yash/ros2-master_dual_box/ros2-master/install/ur_robot_driver/share/ament_index/resource_index/package_run_dependencies/ur_robot_driver
[0.712s] -- Up-to-date symlink: /home/yash/ros2-master_dual_box/ros2-master/install/ur_robot_driver/share/ament_index/resource_index/parent_prefix_path/ur_robot_driver
[0.712s] -- Up-to-date symlink: /home/yash/ros2-master_dual_box/ros2-master/install/ur_robot_driver/share/ur_robot_driver/environment/ament_prefix_path.sh
[0.713s] -- Up-to-date symlink: /home/yash/ros2-master_dual_box/ros2-master/install/ur_robot_driver/share/ur_robot_driver/environment/ament_prefix_path.dsv
[0.713s] -- Up-to-date symlink: /home/yash/ros2-master_dual_box/ros2-master/install/ur_robot_driver/share/ur_robot_driver/environment/path.sh
[0.713s] -- Up-to-date symlink: /home/yash/ros2-master_dual_box/ros2-master/install/ur_robot_driver/share/ur_robot_driver/environment/path.dsv
[0.713s] -- Up-to-date symlink: /home/yash/ros2-master_dual_box/ros2-master/install/ur_robot_driver/share/ur_robot_driver/local_setup.bash
[0.714s] -- Up-to-date symlink: /home/yash/ros2-master_dual_box/ros2-master/install/ur_robot_driver/share/ur_robot_driver/local_setup.sh
[0.714s] -- Up-to-date symlink: /home/yash/ros2-master_dual_box/ros2-master/install/ur_robot_driver/share/ur_robot_driver/local_setup.zsh
[0.714s] -- Up-to-date symlink: /home/yash/ros2-master_dual_box/ros2-master/install/ur_robot_driver/share/ur_robot_driver/local_setup.dsv
[0.714s] -- Symlinking: /home/yash/ros2-master_dual_box/ros2-master/install/ur_robot_driver/share/ur_robot_driver/package.dsv
[0.729s] -- Up-to-date symlink: /home/yash/ros2-master_dual_box/ros2-master/install/ur_robot_driver/share/ament_index/resource_index/packages/ur_robot_driver
[0.729s] -- Up-to-date symlink: /home/yash/ros2-master_dual_box/ros2-master/install/ur_robot_driver/share/ament_index/resource_index/hardware_interface__pluginlib__plugin/ur_robot_driver
[0.730s] -- Up-to-date symlink: /home/yash/ros2-master_dual_box/ros2-master/install/ur_robot_driver/share/ur_robot_driver/cmake/ament_cmake_export_include_directories-extras.cmake
[0.730s] -- Up-to-date symlink: /home/yash/ros2-master_dual_box/ros2-master/install/ur_robot_driver/share/ur_robot_driver/cmake/ament_cmake_export_libraries-extras.cmake
[0.730s] -- Up-to-date symlink: /home/yash/ros2-master_dual_box/ros2-master/install/ur_robot_driver/share/ur_robot_driver/cmake/ament_cmake_export_dependencies-extras.cmake
[0.730s] -- Up-to-date symlink: /home/yash/ros2-master_dual_box/ros2-master/install/ur_robot_driver/share/ur_robot_driver/cmake/ur_robot_driverConfig.cmake
[0.731s] -- Up-to-date symlink: /home/yash/ros2-master_dual_box/ros2-master/install/ur_robot_driver/share/ur_robot_driver/cmake/ur_robot_driverConfig-version.cmake
[0.731s] -- Up-to-date symlink: /home/yash/ros2-master_dual_box/ros2-master/install/ur_robot_driver/share/ur_robot_driver/package.xml
[0.731s] -- Up-to-date: /home/yash/ros2-master_dual_box/ros2-master/install/ur_robot_driver/share/ur_robot_driver/resources
[0.731s] -- Up-to-date: /home/yash/ros2-master_dual_box/ros2-master/install/ur_robot_driver/share/ur_robot_driver/resources/rs485-1.0.urcap
[0.731s] -- Up-to-date: /home/yash/ros2-master_dual_box/ros2-master/install/ur_robot_driver/share/ur_robot_driver/resources/rtde_output_recipe.txt
[0.731s] -- Up-to-date: /home/yash/ros2-master_dual_box/ros2-master/install/ur_robot_driver/share/ur_robot_driver/resources/rtde_input_recipe.txt
[0.732s] -- Up-to-date: /home/yash/ros2-master_dual_box/ros2-master/install/ur_robot_driver/share/ur_robot_driver/resources/externalcontrol-1.0.5.urcap
[0.782s] Listing '/home/yash/ros2-master_dual_box/ros2-master/install/ur_robot_driver/lib/python3.12/site-packages/ur_robot_driver'...
[0.792s] Invoked command in '/home/yash/ros2-master_dual_box/ros2-master/build/ur_robot_driver' returned '0': AMENT_PREFIX_PATH=/home/yash/ros2-master_dual_box/ros2-master/install/ur_controllers:/home/yash/ros2-master_dual_box/ros2-master/install/ur_description:/home/yash/ros2-master_dual_box/ros2-master/install/ur_dashboard_msgs:${AMENT_PREFIX_PATH} CMAKE_PREFIX_PATH=/home/yash/ros2-master_dual_box/ros2-master/install/ur_controllers:/home/yash/ros2-master_dual_box/ros2-master/install/ur_description:/home/yash/ros2-master_dual_box/ros2-master/install/ur_dashboard_msgs:/opt/ros/jazzy/opt/gz_sim_vendor:/opt/ros/jazzy/opt/gz_sensors_vendor:/opt/ros/jazzy/opt/gz_physics_vendor:/opt/ros/jazzy/opt/sdformat_vendor:/opt/ros/jazzy/opt/gz_gui_vendor:/opt/ros/jazzy/opt/gz_transport_vendor:/opt/ros/jazzy/opt/gz_rendering_vendor:/opt/ros/jazzy/opt/gz_plugin_vendor:/opt/ros/jazzy/opt/gz_fuel_tools_vendor:/opt/ros/jazzy/opt/gz_msgs_vendor:/opt/ros/jazzy/opt/gz_common_vendor:/opt/ros/jazzy/opt/gz_math_vendor:/opt/ros/jazzy/opt/gz_utils_vendor:/opt/ros/jazzy/opt/gz_tools_vendor:/opt/ros/jazzy/opt/gz_ogre_next_vendor:/opt/ros/jazzy/opt/gz_dartsim_vendor:/opt/ros/jazzy/opt/gz_cmake_vendor:/opt/ros/jazzy DEBUGINFOD_URLS=https://debuginfod.ubuntu.com LD_LIBRARY_PATH=/home/yash/ros2-master_dual_box/ros2-master/install/ur_controllers/lib:/home/yash/ros2-master_dual_box/ros2-master/install/ur_dashboard_msgs/lib:${LD_LIBRARY_PATH} PYTHONPATH=/home/yash/ros2-master_dual_box/ros2-master/install/ur_dashboard_msgs/lib/python3.12/site-packages:${PYTHONPATH} /usr/bin/cmake --install /home/yash/ros2-master_dual_box/ros2-master/build/ur_robot_driver
