[0.032s] Invoking command in '/home/yash/ros2-master_dual_box/ros2-master/build/robotiq_controllers': CMAKE_PREFIX_PATH=${CMAKE_PREFIX_PATH}:/opt/ros/jazzy DEBUGINFOD_URLS=https://debuginfod.ubuntu.com /usr/bin/cmake --build /home/yash/ros2-master_dual_box/ros2-master/build/robotiq_controllers -- -j8 -l8
[0.179s] [100%] Built target robotiq_controllers
[0.229s] Invoked command in '/home/yash/ros2-master_dual_box/ros2-master/build/robotiq_controllers' returned '0': CMAKE_PREFIX_PATH=${CMAKE_PREFIX_PATH}:/opt/ros/jazzy DEBUGINFOD_URLS=https://debuginfod.ubuntu.com /usr/bin/cmake --build /home/yash/ros2-master_dual_box/ros2-master/build/robotiq_controllers -- -j8 -l8
[0.241s] Invoking command in '/home/yash/ros2-master_dual_box/ros2-master/build/robotiq_controllers': CMAKE_PREFIX_PATH=${CMAKE_PREFIX_PATH}:/opt/ros/jazzy DEBUGINFOD_URLS=https://debuginfod.ubuntu.com /usr/bin/cmake --install /home/yash/ros2-master_dual_box/ros2-master/build/robotiq_controllers
[0.278s] -- Install configuration: ""
[0.278s] -- Execute custom install script
[0.278s] -- Up-to-date symlink: /home/yash/ros2-master_dual_box/ros2-master/install/robotiq_controllers/share/robotiq_controllers//controller_plugins.xml
[0.278s] -- Up-to-date symlink: /home/yash/ros2-master_dual_box/ros2-master/install/robotiq_controllers/include/robotiq_controllers/robotiq_activation_controller.hpp
[0.278s] -- Up-to-date symlink: /home/yash/ros2-master_dual_box/ros2-master/install/robotiq_controllers/share/robotiq_controllers/environment/library_path.sh
[0.278s] -- Up-to-date symlink: /home/yash/ros2-master_dual_box/ros2-master/install/robotiq_controllers/share/robotiq_controllers/environment/library_path.dsv
[0.279s] -- Up-to-date symlink: /home/yash/ros2-master_dual_box/ros2-master/install/robotiq_controllers/share/ament_index/resource_index/package_run_dependencies/robotiq_controllers
[0.279s] -- Up-to-date symlink: /home/yash/ros2-master_dual_box/ros2-master/install/robotiq_controllers/share/ament_index/resource_index/parent_prefix_path/robotiq_controllers
[0.280s] -- Up-to-date symlink: /home/yash/ros2-master_dual_box/ros2-master/install/robotiq_controllers/share/robotiq_controllers/environment/ament_prefix_path.sh
[0.281s] -- Up-to-date symlink: /home/yash/ros2-master_dual_box/ros2-master/install/robotiq_controllers/share/robotiq_controllers/environment/ament_prefix_path.dsv
[0.282s] -- Up-to-date symlink: /home/yash/ros2-master_dual_box/ros2-master/install/robotiq_controllers/share/robotiq_controllers/environment/path.sh
[0.282s] -- Up-to-date symlink: /home/yash/ros2-master_dual_box/ros2-master/install/robotiq_controllers/share/robotiq_controllers/environment/path.dsv
[0.282s] -- Up-to-date symlink: /home/yash/ros2-master_dual_box/ros2-master/install/robotiq_controllers/share/robotiq_controllers/local_setup.bash
[0.282s] -- Up-to-date symlink: /home/yash/ros2-master_dual_box/ros2-master/install/robotiq_controllers/share/robotiq_controllers/local_setup.sh
[0.282s] -- Up-to-date symlink: /home/yash/ros2-master_dual_box/ros2-master/install/robotiq_controllers/share/robotiq_controllers/local_setup.zsh
[0.283s] -- Up-to-date symlink: /home/yash/ros2-master_dual_box/ros2-master/install/robotiq_controllers/share/robotiq_controllers/local_setup.dsv
[0.283s] -- Symlinking: /home/yash/ros2-master_dual_box/ros2-master/install/robotiq_controllers/share/robotiq_controllers/package.dsv
[0.324s] -- Up-to-date symlink: /home/yash/ros2-master_dual_box/ros2-master/install/robotiq_controllers/share/ament_index/resource_index/packages/robotiq_controllers
[0.326s] -- Up-to-date symlink: /home/yash/ros2-master_dual_box/ros2-master/install/robotiq_controllers/share/ament_index/resource_index/controller_interface__pluginlib__plugin/robotiq_controllers
[0.327s] -- Up-to-date symlink: /home/yash/ros2-master_dual_box/ros2-master/install/robotiq_controllers/share/robotiq_controllers/cmake/ament_cmake_export_include_directories-extras.cmake
[0.327s] -- Up-to-date symlink: /home/yash/ros2-master_dual_box/ros2-master/install/robotiq_controllers/share/robotiq_controllers/cmake/ament_cmake_export_libraries-extras.cmake
[0.327s] -- Up-to-date symlink: /home/yash/ros2-master_dual_box/ros2-master/install/robotiq_controllers/share/robotiq_controllers/cmake/ament_cmake_export_targets-extras.cmake
[0.327s] -- Up-to-date symlink: /home/yash/ros2-master_dual_box/ros2-master/install/robotiq_controllers/share/robotiq_controllers/cmake/ament_cmake_export_dependencies-extras.cmake
[0.328s] -- Up-to-date symlink: /home/yash/ros2-master_dual_box/ros2-master/install/robotiq_controllers/share/robotiq_controllers/cmake/robotiq_controllersConfig.cmake
[0.328s] -- Up-to-date symlink: /home/yash/ros2-master_dual_box/ros2-master/install/robotiq_controllers/share/robotiq_controllers/cmake/robotiq_controllersConfig-version.cmake
[0.328s] -- Up-to-date symlink: /home/yash/ros2-master_dual_box/ros2-master/install/robotiq_controllers/share/robotiq_controllers/package.xml
[0.331s] -- Up-to-date: /home/yash/ros2-master_dual_box/ros2-master/install/robotiq_controllers/lib/librobotiq_controllers.so
[0.331s] -- Up-to-date: /home/yash/ros2-master_dual_box/ros2-master/install/robotiq_controllers/share/robotiq_controllers/cmake/export_robotiq_controllersExport.cmake
[0.332s] -- Up-to-date: /home/yash/ros2-master_dual_box/ros2-master/install/robotiq_controllers/share/robotiq_controllers/cmake/export_robotiq_controllersExport-noconfig.cmake
[0.406s] Invoked command in '/home/yash/ros2-master_dual_box/ros2-master/build/robotiq_controllers' returned '0': CMAKE_PREFIX_PATH=${CMAKE_PREFIX_PATH}:/opt/ros/jazzy DEBUGINFOD_URLS=https://debuginfod.ubuntu.com /usr/bin/cmake --install /home/yash/ros2-master_dual_box/ros2-master/build/robotiq_controllers
