[0.056s] DEBUG:colcon:Command line arguments: ['/usr/bin/colcon', 'build', '--packages-select', 'ur_description']
[0.056s] DEBUG:colcon:Parsed command line arguments: Namespace(log_base=None, log_level=None, verb_name='build', build_base='build', install_base='install', merge_install=False, symlink_install=False, test_result_base=None, continue_on_error=False, executor='parallel', parallel_workers=16, event_handlers=None, ignore_user_meta=False, metas=['./colcon.meta'], base_paths=['.'], packages_ignore=None, packages_ignore_regex=None, paths=None, packages_up_to=None, packages_up_to_regex=None, packages_above=None, packages_above_and_dependencies=None, packages_above_depth=None, packages_select_by_dep=None, packages_skip_by_dep=None, packages_skip_up_to=None, packages_select_build_failed=False, packages_skip_build_finished=False, packages_select_test_failures=False, packages_skip_test_passed=False, packages_select=['ur_description'], packages_skip=None, packages_select_regex=None, packages_skip_regex=None, packages_start=None, packages_end=None, allow_overriding=[], cmake_args=None, cmake_target=None, cmake_target_skip_unavailable=False, cmake_clean_cache=False, cmake_clean_first=False, cmake_force_configure=False, ament_cmake_args=None, catkin_cmake_args=None, catkin_skip_building_tests=False, mixin_files=None, mixin=None, verb_parser=<colcon_mixin.mixin.mixin_argument.MixinArgumentDecorator object at 0x77ef0aeb9250>, verb_extension=<colcon_core.verb.build.BuildVerb object at 0x77ef0afc8fb0>, main=<bound method BuildVerb.main of <colcon_core.verb.build.BuildVerb object at 0x77ef0afc8fb0>>, mixin_verb=('build',))
[0.075s] Level 1:colcon.colcon_core.package_discovery:discover_packages(colcon_meta) check parameters
[0.075s] Level 1:colcon.colcon_core.package_discovery:discover_packages(recursive) check parameters
[0.075s] Level 1:colcon.colcon_core.package_discovery:discover_packages(ignore) check parameters
[0.075s] Level 1:colcon.colcon_core.package_discovery:discover_packages(path) check parameters
[0.075s] Level 1:colcon.colcon_core.package_discovery:discover_packages(colcon_meta) discover
[0.075s] Level 1:colcon.colcon_core.package_discovery:discover_packages(recursive) discover
[0.076s] INFO:colcon.colcon_core.package_discovery:Crawling recursively for packages in '/home/yashrakesh/ros2_ws/src/ur_description/urdf'
[0.076s] Level 1:colcon.colcon_core.package_identification:_identify(.) by extensions ['ignore', 'ignore_ament_install']
[0.076s] Level 1:colcon.colcon_core.package_identification:_identify(.) by extension 'ignore'
[0.076s] Level 1:colcon.colcon_core.package_identification:_identify(.) by extension 'ignore_ament_install'
[0.076s] Level 1:colcon.colcon_core.package_identification:_identify(.) by extensions ['colcon_pkg']
[0.076s] Level 1:colcon.colcon_core.package_identification:_identify(.) by extension 'colcon_pkg'
[0.076s] Level 1:colcon.colcon_core.package_identification:_identify(.) by extensions ['colcon_meta']
[0.076s] Level 1:colcon.colcon_core.package_identification:_identify(.) by extension 'colcon_meta'
[0.076s] Level 1:colcon.colcon_core.package_identification:_identify(.) by extensions ['ros']
[0.076s] Level 1:colcon.colcon_core.package_identification:_identify(.) by extension 'ros'
[0.090s] Level 1:colcon.colcon_core.package_identification:_identify(.) by extensions ['cmake', 'python']
[0.090s] Level 1:colcon.colcon_core.package_identification:_identify(.) by extension 'cmake'
[0.090s] Level 1:colcon.colcon_core.package_identification:_identify(.) by extension 'python'
[0.090s] Level 1:colcon.colcon_core.package_identification:_identify(.) by extensions ['python_setup_py']
[0.090s] Level 1:colcon.colcon_core.package_identification:_identify(.) by extension 'python_setup_py'
[0.090s] Level 1:colcon.colcon_core.package_identification:_identify(build) by extensions ['ignore', 'ignore_ament_install']
[0.090s] Level 1:colcon.colcon_core.package_identification:_identify(build) by extension 'ignore'
[0.090s] Level 1:colcon.colcon_core.package_identification:_identify(build) ignored
[0.090s] Level 1:colcon.colcon_core.package_identification:_identify(inc) by extensions ['ignore', 'ignore_ament_install']
[0.090s] Level 1:colcon.colcon_core.package_identification:_identify(inc) by extension 'ignore'
[0.090s] Level 1:colcon.colcon_core.package_identification:_identify(inc) by extension 'ignore_ament_install'
[0.090s] Level 1:colcon.colcon_core.package_identification:_identify(inc) by extensions ['colcon_pkg']
[0.090s] Level 1:colcon.colcon_core.package_identification:_identify(inc) by extension 'colcon_pkg'
[0.090s] Level 1:colcon.colcon_core.package_identification:_identify(inc) by extensions ['colcon_meta']
[0.090s] Level 1:colcon.colcon_core.package_identification:_identify(inc) by extension 'colcon_meta'
[0.090s] Level 1:colcon.colcon_core.package_identification:_identify(inc) by extensions ['ros']
[0.090s] Level 1:colcon.colcon_core.package_identification:_identify(inc) by extension 'ros'
[0.090s] Level 1:colcon.colcon_core.package_identification:_identify(inc) by extensions ['cmake', 'python']
[0.090s] Level 1:colcon.colcon_core.package_identification:_identify(inc) by extension 'cmake'
[0.090s] Level 1:colcon.colcon_core.package_identification:_identify(inc) by extension 'python'
[0.090s] Level 1:colcon.colcon_core.package_identification:_identify(inc) by extensions ['python_setup_py']
[0.090s] Level 1:colcon.colcon_core.package_identification:_identify(inc) by extension 'python_setup_py'
[0.090s] Level 1:colcon.colcon_core.package_identification:_identify(install) by extensions ['ignore', 'ignore_ament_install']
[0.090s] Level 1:colcon.colcon_core.package_identification:_identify(install) by extension 'ignore'
[0.090s] Level 1:colcon.colcon_core.package_identification:_identify(install) ignored
[0.090s] Level 1:colcon.colcon_core.package_identification:_identify(log) by extensions ['ignore', 'ignore_ament_install']
[0.090s] Level 1:colcon.colcon_core.package_identification:_identify(log) by extension 'ignore'
[0.090s] Level 1:colcon.colcon_core.package_identification:_identify(log) ignored
[0.090s] Level 1:colcon.colcon_core.package_discovery:discover_packages(recursive) using defaults
[0.090s] Level 1:colcon.colcon_core.package_discovery:discover_packages(ignore) discover
[0.090s] Level 1:colcon.colcon_core.package_discovery:discover_packages(ignore) using defaults
[0.090s] Level 1:colcon.colcon_core.package_discovery:discover_packages(path) discover
[0.090s] Level 1:colcon.colcon_core.package_discovery:discover_packages(path) using defaults
[0.090s] WARNING:colcon.colcon_core.package_selection:ignoring unknown package 'ur_description' in --packages-select
[0.099s] Level 1:colcon.colcon_core.package_discovery:discover_packages(prefix_path) check parameters
[0.099s] Level 1:colcon.colcon_core.package_discovery:discover_packages(prefix_path) discover
[0.100s] WARNING:colcon.colcon_core.prefix_path.colcon:The path '/home/yashrakesh/Universal_Robots_ROS2_Description-jazzy/install' in the environment variable COLCON_PREFIX_PATH doesn't exist
[0.100s] WARNING:colcon.colcon_ros.prefix_path.ament:The path '/home/yashrakesh/Universal_Robots_ROS2_Description-jazzy/install/ur_description' in the environment variable AMENT_PREFIX_PATH doesn't exist
[0.100s] WARNING:colcon.colcon_ros.prefix_path.catkin:The path '/home/yashrakesh/Universal_Robots_ROS2_Description-jazzy/install/ur_description' in the environment variable CMAKE_PREFIX_PATH doesn't exist
[0.100s] DEBUG:colcon.colcon_installed_package_information.package_discovery:Found 1 installed packages in /home/yashrakesh/ros2_ws/install
[0.100s] DEBUG:colcon.colcon_installed_package_information.package_discovery:Found 0 installed packages in /home/yashrakesh/ros2_ws/src/ur_description/urdf/install
[0.101s] DEBUG:colcon.colcon_installed_package_information.package_discovery:Found 427 installed packages in /opt/ros/jazzy
[0.102s] Level 1:colcon.colcon_core.package_discovery:discover_packages(prefix_path) using defaults
[0.126s] INFO:colcon.colcon_core.executor:Executing jobs using 'parallel' executor
[0.127s] DEBUG:colcon.colcon_parallel_executor.executor.parallel:run_until_complete
[0.127s] DEBUG:colcon.colcon_parallel_executor.executor.parallel:closing loop
[0.127s] DEBUG:colcon.colcon_parallel_executor.executor.parallel:loop closed
[0.127s] DEBUG:colcon.colcon_parallel_executor.executor.parallel:run_until_complete finished with '0'
[0.127s] DEBUG:colcon.colcon_core.event_reactor:joining thread
[0.129s] INFO:colcon.colcon_core.plugin_system:Skipping extension 'colcon_notification.desktop_notification.terminal_notifier': Not used on non-Darwin systems
[0.129s] INFO:colcon.colcon_core.plugin_system:Skipping extension 'colcon_notification.desktop_notification.win32': Not used on non-Windows systems
[0.129s] INFO:colcon.colcon_notification.desktop_notification:Sending desktop notification using 'notify2'
[0.140s] DEBUG:colcon.colcon_core.event_reactor:joined thread
[0.140s] INFO:colcon.colcon_core.plugin_system:Skipping extension 'colcon_core.shell.bat': Not used on non-Windows systems
[0.140s] INFO:colcon.colcon_core.shell:Creating prefix script '/home/yashrakesh/ros2_ws/src/ur_description/urdf/install/local_setup.ps1'
[0.141s] INFO:colcon.colcon_core.shell:Creating prefix util module '/home/yashrakesh/ros2_ws/src/ur_description/urdf/install/_local_setup_util_ps1.py'
[0.142s] INFO:colcon.colcon_core.shell:Creating prefix chain script '/home/yashrakesh/ros2_ws/src/ur_description/urdf/install/setup.ps1'
[0.142s] INFO:colcon.colcon_core.shell:Creating prefix script '/home/yashrakesh/ros2_ws/src/ur_description/urdf/install/local_setup.sh'
[0.142s] INFO:colcon.colcon_core.shell:Creating prefix util module '/home/yashrakesh/ros2_ws/src/ur_description/urdf/install/_local_setup_util_sh.py'
[0.142s] INFO:colcon.colcon_core.shell:Creating prefix chain script '/home/yashrakesh/ros2_ws/src/ur_description/urdf/install/setup.sh'
[0.143s] INFO:colcon.colcon_core.shell:Creating prefix script '/home/yashrakesh/ros2_ws/src/ur_description/urdf/install/local_setup.bash'
[0.143s] INFO:colcon.colcon_core.shell:Creating prefix chain script '/home/yashrakesh/ros2_ws/src/ur_description/urdf/install/setup.bash'
[0.144s] INFO:colcon.colcon_core.shell:Creating prefix script '/home/yashrakesh/ros2_ws/src/ur_description/urdf/install/local_setup.zsh'
[0.144s] INFO:colcon.colcon_core.shell:Creating prefix chain script '/home/yashrakesh/ros2_ws/src/ur_description/urdf/install/setup.zsh'
