-- The C compiler identification is GNU 13.3.0
-- The CXX compiler identification is GNU 13.3.0
-- Detecting C compiler ABI info
-- Detecting C compiler ABI info - done
-- Check for working C compiler: /usr/bin/cc - skipped
-- Detecting C compile features
-- Detecting C compile features - done
-- Detecting CXX compiler ABI info
-- Detecting CXX compiler ABI info - done
-- Check for working CXX compiler: /usr/bin/c++ - skipped
-- Detecting CXX compile features
-- Detecting CXX compile features - done
[0mur_robot_driver: You did not request a specific build type: selecting 'RelWithDebInfo'.[0m
-- Found ament_cmake: 2.5.5 (/opt/ros/jazzy/share/ament_cmake/cmake)
-- Found Python3: /usr/bin/python3 (found version "3.12.3") found components: Interpreter 
-- Override CMake install command with custom implementation using symlinks instead of copying resources
-- Found controller_manager: 4.42.2 (/opt/ros/jazzy/share/controller_manager/cmake)
-- Found rosidl_generator_c: 4.6.7 (/opt/ros/jazzy/share/rosidl_generator_c/cmake)
-- Found rosidl_generator_cpp: 4.6.7 (/opt/ros/jazzy/share/rosidl_generator_cpp/cmake)
-- Using all available rosidl_typesupport_c: rosidl_typesupport_fastrtps_c;rosidl_typesupport_introspection_c
-- Using all available rosidl_typesupport_cpp: rosidl_typesupport_fastrtps_cpp;rosidl_typesupport_introspection_cpp
-- Found rmw_implementation_cmake: 7.3.3 (/opt/ros/jazzy/share/rmw_implementation_cmake/cmake)
-- Found rmw_fastrtps_cpp: 8.4.3 (/opt/ros/jazzy/share/rmw_fastrtps_cpp/cmake)
-- Found OpenSSL: /usr/lib/x86_64-linux-gnu/libcrypto.so (found version "3.0.13")  
-- Found FastRTPS: /opt/ros/jazzy/include (Required is at least version "2.13") 
-- Using RMW implementation 'rmw_fastrtps_cpp' as default
-- Found std_srvs: 5.3.6 (/opt/ros/jazzy/share/std_srvs/cmake)
-- Found tf2_geometry_msgs: 0.36.19 (/opt/ros/jazzy/share/tf2_geometry_msgs/cmake)
-- Found eigen3_cmake_module: 0.3.0 (/opt/ros/jazzy/share/eigen3_cmake_module/cmake)
-- Found Eigen3: TRUE (found version "3.4.0") 
-- Ensuring Eigen3 include directory is part of orocos-kdl CMake target
-- Found ur_dashboard_msgs: 3.3.3 (/home/yash/ros2-master_dual_box/ros2-master/install/ur_dashboard_msgs/share/ur_dashboard_msgs/cmake)
-- Found ur_msgs: 2.3.0 (/opt/ros/jazzy/share/ur_msgs/cmake)
-- Found ur_controllers: 3.3.3 (/home/yash/ros2-master_dual_box/ros2-master/install/ur_controllers/share/ur_controllers/cmake)
-- Found ur_description: 0.0.1 (/home/yash/ros2-master_dual_box/ros2-master/install/ur_description/share/ur_description/cmake)
-- Found launch_testing_ament_cmake: 3.4.10 (/opt/ros/jazzy/share/launch_testing_ament_cmake/cmake)
-- Found python_cmake_module: 0.11.1 (/opt/ros/jazzy/share/python_cmake_module/cmake)
-- Found PythonExtra: /usr/bin/python3  
-- Configuring done (3.3s)
-- Generating done (0.1s)
-- Build files have been written to: /home/yash/ros2-master_dual_box/ros2-master/build/ur_robot_driver
[  5%] [32mBuilding CXX object CMakeFiles/controller_stopper_node.dir/src/controller_stopper_node.cpp.o[0m
[ 10%] [32mBuilding CXX object CMakeFiles/dashboard_client.dir/src/dashboard_client_ros.cpp.o[0m
[ 15%] [32mBuilding CXX object CMakeFiles/controller_stopper_node.dir/src/controller_stopper.cpp.o[0m
[ 20%] [32mBuilding CXX object CMakeFiles/ur_robot_driver_plugin.dir/src/dashboard_client_ros.cpp.o[0m
[ 25%] [32mBuilding CXX object CMakeFiles/robot_state_helper.dir/src/robot_state_helper.cpp.o[0m
[ 30%] [32mBuilding CXX object CMakeFiles/trajectory_until_node.dir/src/trajectory_until_node.cpp.o[0m
[ 35%] [32mBuilding CXX object CMakeFiles/urscript_interface.dir/src/urscript_interface.cpp.o[0m
[ 35%] Built target ament_cmake_python_symlink_ur_robot_driver
running egg_info
creating ur_robot_driver.egg-info
writing ur_robot_driver.egg-info/PKG-INFO
writing dependency_links to ur_robot_driver.egg-info/dependency_links.txt
writing top-level names to ur_robot_driver.egg-info/top_level.txt
writing manifest file 'ur_robot_driver.egg-info/SOURCES.txt'
reading manifest file 'ur_robot_driver.egg-info/SOURCES.txt'
writing manifest file 'ur_robot_driver.egg-info/SOURCES.txt'
[ 35%] Built target ament_cmake_python_build_ur_robot_driver_egg
[ 40%] [32mBuilding CXX object CMakeFiles/dashboard_client.dir/src/dashboard_client_node.cpp.o[0m
[ 45%] [32mBuilding CXX object CMakeFiles/ur_robot_driver_plugin.dir/src/hardware_interface.cpp.o[0m
[ 50%] [32mBuilding CXX object CMakeFiles/robot_state_helper.dir/src/robot_state_helper_node.cpp.o[0m
[01m[K/home/yash/ros2-master_dual_box/ros2-master/src/ur_robot_driver/src/hardware_interface.cpp:[m[K In member function ‘[01m[Kvirtual hardware_interface::CallbackReturn ur_robot_driver::URPositionHardwareInterface::[01;32m[Kon_init[m[K(const hardware_interface::HardwareInfo&)[m[K’:
[01m[K/home/yash/ros2-master_dual_box/ros2-master/src/ur_robot_driver/src/hardware_interface.cpp:119:51:[m[K [01;35m[Kwarning: [m[K‘[01m[Kvirtual rclcpp_lifecycle::node_interfaces::LifecycleNodeInterface::CallbackReturn hardware_interface::HardwareComponentInterface::[01;32m[Kon_init[m[K(const hardware_interface::HardwareInfo&)[m[K’ is deprecated: Use on_init(const HardwareComponentInterfaceParams & params) instead. [[01;35m[K]8;;https://gcc.gnu.org/onlinedocs/gcc/Warning-Options.html#index-Wdeprecated-declarations-Wdeprecated-declarations]8;;[m[K]
  119 |   if ([01;35m[Khardware_interface::SystemInterface::on_init(system_info)[m[K != hardware_interface::CallbackReturn::SUCCESS) {
      |       [01;35m[K~~~~~~~~~~~~~~~~~~~~~~~~~~~~~~~~~~~~~~~~~~~~^~~~~~~~~~~~~[m[K
In file included from [01m[K/opt/ros/jazzy/include/hardware_interface/hardware_interface/system_interface.hpp:18[m[K,
                 from [01m[K/home/yash/ros2-master_dual_box/ros2-master/src/ur_robot_driver/include/ur_robot_driver/hardware_interface.hpp:51[m[K,
                 from [01m[K/home/yash/ros2-master_dual_box/ros2-master/src/ur_robot_driver/src/hardware_interface.cpp:52[m[K:
[01m[K/opt/ros/jazzy/include/hardware_interface/hardware_interface/hardware_component_interface.hpp:140:26:[m[K [01;36m[Knote: [m[Kdeclared here
  140 |   virtual CallbackReturn [01;36m[Kon_init[m[K(const HardwareInfo & hardware_info);
      |                          [01;36m[K^~~~~~~[m[K
[ 55%] [32mBuilding CXX object CMakeFiles/ur_robot_driver_plugin.dir/src/urcl_log_handler.cpp.o[0m
[ 60%] [32m[1mLinking CXX executable trajectory_until_node[0m
[ 60%] Built target trajectory_until_node
[ 65%] [32mBuilding CXX object CMakeFiles/ur_robot_driver_plugin.dir/src/robot_state_helper.cpp.o[0m
[ 70%] [32mBuilding CXX object CMakeFiles/robot_state_helper.dir/src/urcl_log_handler.cpp.o[0m
[ 75%] [32mBuilding CXX object CMakeFiles/dashboard_client.dir/src/urcl_log_handler.cpp.o[0m
[ 80%] [32m[1mLinking CXX executable urscript_interface[0m
[ 80%] Built target urscript_interface
[ 85%] [32m[1mLinking CXX executable controller_stopper_node[0m
[ 85%] Built target controller_stopper_node
[ 90%] [32m[1mLinking CXX executable dashboard_client[0m
[ 90%] Built target dashboard_client
[ 95%] [32m[1mLinking CXX executable robot_state_helper[0m
[ 95%] Built target robot_state_helper
[100%] [32m[1mLinking CXX shared library libur_robot_driver_plugin.so[0m
[100%] Built target ur_robot_driver_plugin
-- Install configuration: "RelWithDebInfo"
-- Execute custom install script
-- Symlinking: /home/yash/ros2-master_dual_box/ros2-master/install/ur_robot_driver/share/ur_robot_driver//hardware_interface_plugin.xml
-- Symlinking: /home/yash/ros2-master_dual_box/ros2-master/install/ur_robot_driver/lib/ur_robot_driver/dashboard_client
-- Symlinking: /home/yash/ros2-master_dual_box/ros2-master/install/ur_robot_driver/lib/ur_robot_driver/controller_stopper_node
-- Symlinking: /home/yash/ros2-master_dual_box/ros2-master/install/ur_robot_driver/lib/ur_robot_driver/urscript_interface
-- Symlinking: /home/yash/ros2-master_dual_box/ros2-master/install/ur_robot_driver/lib/ur_robot_driver/robot_state_helper
-- Symlinking: /home/yash/ros2-master_dual_box/ros2-master/install/ur_robot_driver/lib/ur_robot_driver/trajectory_until_node
-- Symlinking: /home/yash/ros2-master_dual_box/ros2-master/install/ur_robot_driver/lib/libur_robot_driver_plugin.so
-- Symlinking: /home/yash/ros2-master_dual_box/ros2-master/install/ur_robot_driver/include/ur_robot_driver/controller_stopper.hpp
-- Symlinking: /home/yash/ros2-master_dual_box/ros2-master/install/ur_robot_driver/include/ur_robot_driver/dashboard_client_ros.hpp
-- Symlinking: /home/yash/ros2-master_dual_box/ros2-master/install/ur_robot_driver/include/ur_robot_driver/hardware_interface.hpp
-- Symlinking: /home/yash/ros2-master_dual_box/ros2-master/install/ur_robot_driver/include/ur_robot_driver/robot_state_helper.hpp
-- Symlinking: /home/yash/ros2-master_dual_box/ros2-master/install/ur_robot_driver/include/ur_robot_driver/trajectory_until_node.hpp
-- Symlinking: /home/yash/ros2-master_dual_box/ros2-master/install/ur_robot_driver/include/ur_robot_driver/urcl_log_handler.hpp
-- Symlinking: /home/yash/ros2-master_dual_box/ros2-master/install/ur_robot_driver/share/ur_robot_driver/environment/library_path.sh
-- Symlinking: /home/yash/ros2-master_dual_box/ros2-master/install/ur_robot_driver/share/ur_robot_driver/environment/library_path.dsv
-- Up-to-date symlink: /home/yash/ros2-master_dual_box/ros2-master/install/ur_robot_driver/include/ur_robot_driver/controller_stopper.hpp
-- Up-to-date symlink: /home/yash/ros2-master_dual_box/ros2-master/install/ur_robot_driver/include/ur_robot_driver/dashboard_client_ros.hpp
-- Up-to-date symlink: /home/yash/ros2-master_dual_box/ros2-master/install/ur_robot_driver/include/ur_robot_driver/hardware_interface.hpp
-- Up-to-date symlink: /home/yash/ros2-master_dual_box/ros2-master/install/ur_robot_driver/include/ur_robot_driver/robot_state_helper.hpp
-- Up-to-date symlink: /home/yash/ros2-master_dual_box/ros2-master/install/ur_robot_driver/include/ur_robot_driver/trajectory_until_node.hpp
-- Up-to-date symlink: /home/yash/ros2-master_dual_box/ros2-master/install/ur_robot_driver/include/ur_robot_driver/urcl_log_handler.hpp
-- Symlinking: /home/yash/ros2-master_dual_box/ros2-master/install/ur_robot_driver/share/ur_robot_driver/environment/pythonpath.sh
-- Symlinking: /home/yash/ros2-master_dual_box/ros2-master/install/ur_robot_driver/share/ur_robot_driver/environment/pythonpath.dsv
-- Symlinking: /home/yash/ros2-master_dual_box/ros2-master/install/ur_robot_driver/lib/python3.12/site-packages/ur_robot_driver-3.7.0-py3.12.egg-info/PKG-INFO
-- Symlinking: /home/yash/ros2-master_dual_box/ros2-master/install/ur_robot_driver/lib/python3.12/site-packages/ur_robot_driver-3.7.0-py3.12.egg-info/SOURCES.txt
-- Symlinking: /home/yash/ros2-master_dual_box/ros2-master/install/ur_robot_driver/lib/python3.12/site-packages/ur_robot_driver-3.7.0-py3.12.egg-info/dependency_links.txt
-- Symlinking: /home/yash/ros2-master_dual_box/ros2-master/install/ur_robot_driver/lib/python3.12/site-packages/ur_robot_driver-3.7.0-py3.12.egg-info/top_level.txt
-- Symlinking: /home/yash/ros2-master_dual_box/ros2-master/install/ur_robot_driver/lib/python3.12/site-packages/ur_robot_driver/__init__.py
-- Symlinking: /home/yash/ros2-master_dual_box/ros2-master/install/ur_robot_driver/lib/ur_robot_driver/tool_communication.py
-- Symlinking: /home/yash/ros2-master_dual_box/ros2-master/install/ur_robot_driver/lib/ur_robot_driver/wait_for_robot_description
-- Symlinking: /home/yash/ros2-master_dual_box/ros2-master/install/ur_robot_driver/lib/ur_robot_driver/example_move.py
-- Symlinking: /home/yash/ros2-master_dual_box/ros2-master/install/ur_robot_driver/lib/ur_robot_driver/start_ursim.sh
-- Symlinking: /home/yash/ros2-master_dual_box/ros2-master/install/ur_robot_driver/lib/ur_robot_driver/examples.py
-- Symlinking: /home/yash/ros2-master_dual_box/ros2-master/install/ur_robot_driver/lib/ur_robot_driver/force_mode.py
-- Symlinking: /home/yash/ros2-master_dual_box/ros2-master/install/ur_robot_driver/lib/ur_robot_driver/move_until_example.py
-- Symlinking: /home/yash/ros2-master_dual_box/ros2-master/install/ur_robot_driver/bin/wait_dashboard_server.sh
-- Symlinking: /home/yash/ros2-master_dual_box/ros2-master/install/ur_robot_driver/share/ur_robot_driver/config/test_goal_publishers_config.yaml
-- Symlinking: /home/yash/ros2-master_dual_box/ros2-master/install/ur_robot_driver/share/ur_robot_driver/config/test_velocity_goal_publishers_config.yaml
-- Symlinking: /home/yash/ros2-master_dual_box/ros2-master/install/ur_robot_driver/share/ur_robot_driver/config/ur10_update_rate.yaml
-- Symlinking: /home/yash/ros2-master_dual_box/ros2-master/install/ur_robot_driver/share/ur_robot_driver/config/ur10e_update_rate.yaml
-- Symlinking: /home/yash/ros2-master_dual_box/ros2-master/install/ur_robot_driver/share/ur_robot_driver/config/ur12e_update_rate.yaml
-- Symlinking: /home/yash/ros2-master_dual_box/ros2-master/install/ur_robot_driver/share/ur_robot_driver/config/ur15_update_rate.yaml
-- Symlinking: /home/yash/ros2-master_dual_box/ros2-master/install/ur_robot_driver/share/ur_robot_driver/config/ur16e_update_rate.yaml
-- Symlinking: /home/yash/ros2-master_dual_box/ros2-master/install/ur_robot_driver/share/ur_robot_driver/config/ur18_update_rate.yaml
-- Symlinking: /home/yash/ros2-master_dual_box/ros2-master/install/ur_robot_driver/share/ur_robot_driver/config/ur20_update_rate.yaml
-- Symlinking: /home/yash/ros2-master_dual_box/ros2-master/install/ur_robot_driver/share/ur_robot_driver/config/ur30_update_rate.yaml
-- Symlinking: /home/yash/ros2-master_dual_box/ros2-master/install/ur_robot_driver/share/ur_robot_driver/config/ur3_update_rate.yaml
-- Symlinking: /home/yash/ros2-master_dual_box/ros2-master/install/ur_robot_driver/share/ur_robot_driver/config/ur3e_update_rate.yaml
-- Symlinking: /home/yash/ros2-master_dual_box/ros2-master/install/ur_robot_driver/share/ur_robot_driver/config/ur5_update_rate.yaml
-- Symlinking: /home/yash/ros2-master_dual_box/ros2-master/install/ur_robot_driver/share/ur_robot_driver/config/ur5e_update_rate.yaml
-- Symlinking: /home/yash/ros2-master_dual_box/ros2-master/install/ur_robot_driver/share/ur_robot_driver/config/ur7e_update_rate.yaml
-- Symlinking: /home/yash/ros2-master_dual_box/ros2-master/install/ur_robot_driver/share/ur_robot_driver/config/ur8long_update_rate.yaml
-- Symlinking: /home/yash/ros2-master_dual_box/ros2-master/install/ur_robot_driver/share/ur_robot_driver/config/ur_controllers.yaml
-- Symlinking: /home/yash/ros2-master_dual_box/ros2-master/install/ur_robot_driver/share/ur_robot_driver/launch/test_forward_velocity_controller.launch.py
-- Symlinking: /home/yash/ros2-master_dual_box/ros2-master/install/ur_robot_driver/share/ur_robot_driver/launch/test_joint_trajectory_controller.launch.py
-- Symlinking: /home/yash/ros2-master_dual_box/ros2-master/install/ur_robot_driver/share/ur_robot_driver/launch/test_scaled_joint_trajectory_controller.launch.py
-- Symlinking: /home/yash/ros2-master_dual_box/ros2-master/install/ur_robot_driver/share/ur_robot_driver/launch/ur10.launch.py
-- Symlinking: /home/yash/ros2-master_dual_box/ros2-master/install/ur_robot_driver/share/ur_robot_driver/launch/ur10e.launch.py
-- Symlinking: /home/yash/ros2-master_dual_box/ros2-master/install/ur_robot_driver/share/ur_robot_driver/launch/ur12e.launch.py
-- Symlinking: /home/yash/ros2-master_dual_box/ros2-master/install/ur_robot_driver/share/ur_robot_driver/launch/ur15.launch.py
-- Symlinking: /home/yash/ros2-master_dual_box/ros2-master/install/ur_robot_driver/share/ur_robot_driver/launch/ur16e.launch.py
-- Symlinking: /home/yash/ros2-master_dual_box/ros2-master/install/ur_robot_driver/share/ur_robot_driver/launch/ur18.launch.py
-- Symlinking: /home/yash/ros2-master_dual_box/ros2-master/install/ur_robot_driver/share/ur_robot_driver/launch/ur20.launch.py
-- Symlinking: /home/yash/ros2-master_dual_box/ros2-master/install/ur_robot_driver/share/ur_robot_driver/launch/ur3.launch.py
-- Symlinking: /home/yash/ros2-master_dual_box/ros2-master/install/ur_robot_driver/share/ur_robot_driver/launch/ur30.launch.py
-- Symlinking: /home/yash/ros2-master_dual_box/ros2-master/install/ur_robot_driver/share/ur_robot_driver/launch/ur3e.launch.py
-- Symlinking: /home/yash/ros2-master_dual_box/ros2-master/install/ur_robot_driver/share/ur_robot_driver/launch/ur5.launch.py
-- Symlinking: /home/yash/ros2-master_dual_box/ros2-master/install/ur_robot_driver/share/ur_robot_driver/launch/ur5e.launch.py
-- Symlinking: /home/yash/ros2-master_dual_box/ros2-master/install/ur_robot_driver/share/ur_robot_driver/launch/ur7e.launch.py
-- Symlinking: /home/yash/ros2-master_dual_box/ros2-master/install/ur_robot_driver/share/ur_robot_driver/launch/ur8long.launch.py
-- Symlinking: /home/yash/ros2-master_dual_box/ros2-master/install/ur_robot_driver/share/ur_robot_driver/launch/ur_control.launch.py
-- Symlinking: /home/yash/ros2-master_dual_box/ros2-master/install/ur_robot_driver/share/ur_robot_driver/launch/ur_dashboard_client.launch.py
-- Symlinking: /home/yash/ros2-master_dual_box/ros2-master/install/ur_robot_driver/share/ur_robot_driver/launch/ur_rsp.launch.py
-- Symlinking: /home/yash/ros2-master_dual_box/ros2-master/install/ur_robot_driver/share/ur_robot_driver/urdf/ur.ros2_control.xacro
-- Symlinking: /home/yash/ros2-master_dual_box/ros2-master/install/ur_robot_driver/share/ur_robot_driver/urdf/ur.urdf.xacro
-- Symlinking: /home/yash/ros2-master_dual_box/ros2-master/install/ur_robot_driver/share/ament_index/resource_index/package_run_dependencies/ur_robot_driver
-- Symlinking: /home/yash/ros2-master_dual_box/ros2-master/install/ur_robot_driver/share/ament_index/resource_index/parent_prefix_path/ur_robot_driver
-- Symlinking: /home/yash/ros2-master_dual_box/ros2-master/install/ur_robot_driver/share/ur_robot_driver/environment/ament_prefix_path.sh
-- Symlinking: /home/yash/ros2-master_dual_box/ros2-master/install/ur_robot_driver/share/ur_robot_driver/environment/ament_prefix_path.dsv
-- Symlinking: /home/yash/ros2-master_dual_box/ros2-master/install/ur_robot_driver/share/ur_robot_driver/environment/path.sh
-- Symlinking: /home/yash/ros2-master_dual_box/ros2-master/install/ur_robot_driver/share/ur_robot_driver/environment/path.dsv
-- Symlinking: /home/yash/ros2-master_dual_box/ros2-master/install/ur_robot_driver/share/ur_robot_driver/local_setup.bash
-- Symlinking: /home/yash/ros2-master_dual_box/ros2-master/install/ur_robot_driver/share/ur_robot_driver/local_setup.sh
-- Symlinking: /home/yash/ros2-master_dual_box/ros2-master/install/ur_robot_driver/share/ur_robot_driver/local_setup.zsh
-- Symlinking: /home/yash/ros2-master_dual_box/ros2-master/install/ur_robot_driver/share/ur_robot_driver/local_setup.dsv
-- Symlinking: /home/yash/ros2-master_dual_box/ros2-master/install/ur_robot_driver/share/ur_robot_driver/package.dsv
-- Symlinking: /home/yash/ros2-master_dual_box/ros2-master/install/ur_robot_driver/share/ament_index/resource_index/packages/ur_robot_driver
-- Symlinking: /home/yash/ros2-master_dual_box/ros2-master/install/ur_robot_driver/share/ament_index/resource_index/hardware_interface__pluginlib__plugin/ur_robot_driver
-- Symlinking: /home/yash/ros2-master_dual_box/ros2-master/install/ur_robot_driver/share/ur_robot_driver/cmake/ament_cmake_export_include_directories-extras.cmake
-- Symlinking: /home/yash/ros2-master_dual_box/ros2-master/install/ur_robot_driver/share/ur_robot_driver/cmake/ament_cmake_export_libraries-extras.cmake
-- Symlinking: /home/yash/ros2-master_dual_box/ros2-master/install/ur_robot_driver/share/ur_robot_driver/cmake/ament_cmake_export_dependencies-extras.cmake
-- Symlinking: /home/yash/ros2-master_dual_box/ros2-master/install/ur_robot_driver/share/ur_robot_driver/cmake/ur_robot_driverConfig.cmake
-- Symlinking: /home/yash/ros2-master_dual_box/ros2-master/install/ur_robot_driver/share/ur_robot_driver/cmake/ur_robot_driverConfig-version.cmake
-- Symlinking: /home/yash/ros2-master_dual_box/ros2-master/install/ur_robot_driver/share/ur_robot_driver/package.xml
-- Installing: /home/yash/ros2-master_dual_box/ros2-master/install/ur_robot_driver/share/ur_robot_driver/resources
-- Installing: /home/yash/ros2-master_dual_box/ros2-master/install/ur_robot_driver/share/ur_robot_driver/resources/rs485-1.0.urcap
-- Installing: /home/yash/ros2-master_dual_box/ros2-master/install/ur_robot_driver/share/ur_robot_driver/resources/rtde_output_recipe.txt
-- Installing: /home/yash/ros2-master_dual_box/ros2-master/install/ur_robot_driver/share/ur_robot_driver/resources/rtde_input_recipe.txt
-- Installing: /home/yash/ros2-master_dual_box/ros2-master/install/ur_robot_driver/share/ur_robot_driver/resources/externalcontrol-1.0.5.urcap
Listing '/home/yash/ros2-master_dual_box/ros2-master/install/ur_robot_driver/lib/python3.12/site-packages/ur_robot_driver'...
Compiling '/home/yash/ros2-master_dual_box/ros2-master/install/ur_robot_driver/lib/python3.12/site-packages/ur_robot_driver/__init__.py'...
