[0.020s] Invoking command in '/home/yash/ros2-master_dual_box/ros2-master/build/ur_robot_driver': AMENT_PREFIX_PATH=/home/yash/ros2-master_dual_box/ros2-master/install/ur_controllers:/home/yash/ros2-master_dual_box/ros2-master/install/ur_description:/home/yash/ros2-master_dual_box/ros2-master/install/ur_dashboard_msgs:${AMENT_PREFIX_PATH} CMAKE_PREFIX_PATH=/home/yash/ros2-master_dual_box/ros2-master/install/ur_controllers:/home/yash/ros2-master_dual_box/ros2-master/install/ur_description:/home/yash/ros2-master_dual_box/ros2-master/install/ur_dashboard_msgs:/opt/ros/jazzy/opt/gz_sim_vendor:/opt/ros/jazzy/opt/gz_sensors_vendor:/opt/ros/jazzy/opt/gz_physics_vendor:/opt/ros/jazzy/opt/sdformat_vendor:/opt/ros/jazzy/opt/gz_gui_vendor:/opt/ros/jazzy/opt/gz_transport_vendor:/opt/ros/jazzy/opt/gz_rendering_vendor:/opt/ros/jazzy/opt/gz_plugin_vendor:/opt/ros/jazzy/opt/gz_fuel_tools_vendor:/opt/ros/jazzy/opt/gz_msgs_vendor:/opt/ros/jazzy/opt/gz_common_vendor:/opt/ros/jazzy/opt/gz_math_vendor:/opt/ros/jazzy/opt/gz_utils_vendor:/opt/ros/jazzy/opt/gz_tools_vendor:/opt/ros/jazzy/opt/gz_ogre_next_vendor:/opt/ros/jazzy/opt/gz_dartsim_vendor:/opt/ros/jazzy/opt/gz_cmake_vendor:/opt/ros/jazzy DEBUGINFOD_URLS=https://debuginfod.ubuntu.com LD_LIBRARY_PATH=/home/yash/ros2-master_dual_box/ros2-master/install/ur_controllers/lib:/home/yash/ros2-master_dual_box/ros2-master/install/ur_dashboard_msgs/lib:${LD_LIBRARY_PATH} PYTHONPATH=/home/yash/ros2-master_dual_box/ros2-master/install/ur_dashboard_msgs/lib/python3.12/site-packages:${PYTHONPATH} /usr/bin/cmake /home/yash/ros2-master_dual_box/ros2-master/src/ur_robot_driver -DAMENT_CMAKE_SYMLINK_INSTALL=1 -DCMAKE_INSTALL_PREFIX=/home/yash/ros2-master_dual_box/ros2-master/install/ur_robot_driver
[0.097s] -- The C compiler identification is GNU 13.3.0
[0.173s] -- The CXX compiler identification is GNU 13.3.0
[0.200s] -- Detecting C compiler ABI info
[0.332s] -- Detecting C compiler ABI info - done
[0.351s] -- Check for working C compiler: /usr/bin/cc - skipped
[0.351s] -- Detecting C compile features
[0.352s] -- Detecting C compile features - done
[0.368s] -- Detecting CXX compiler ABI info
[0.540s] -- Detecting CXX compiler ABI info - done
[0.555s] -- Check for working CXX compiler: /usr/bin/c++ - skipped
[0.555s] -- Detecting CXX compile features
[0.555s] -- Detecting CXX compile features - done
[0.556s] [0mur_robot_driver: You did not request a specific build type: selecting 'RelWithDebInfo'.[0m
[0.563s] -- Found ament_cmake: 2.5.5 (/opt/ros/jazzy/share/ament_cmake/cmake)
[0.774s] -- Found Python3: /usr/bin/python3 (found version "3.12.3") found components: Interpreter 
[0.873s] -- Override CMake install command with custom implementation using symlinks instead of copying resources
[0.972s] -- Found controller_manager: 4.42.2 (/opt/ros/jazzy/share/controller_manager/cmake)
[1.068s] -- Found rosidl_generator_c: 4.6.7 (/opt/ros/jazzy/share/rosidl_generator_c/cmake)
[1.095s] -- Found rosidl_generator_cpp: 4.6.7 (/opt/ros/jazzy/share/rosidl_generator_cpp/cmake)
[1.129s] -- Using all available rosidl_typesupport_c: rosidl_typesupport_fastrtps_c;rosidl_typesupport_introspection_c
[1.164s] -- Using all available rosidl_typesupport_cpp: rosidl_typesupport_fastrtps_cpp;rosidl_typesupport_introspection_cpp
[1.312s] -- Found rmw_implementation_cmake: 7.3.3 (/opt/ros/jazzy/share/rmw_implementation_cmake/cmake)
[1.320s] -- Found rmw_fastrtps_cpp: 8.4.3 (/opt/ros/jazzy/share/rmw_fastrtps_cpp/cmake)
[1.467s] -- Found OpenSSL: /usr/lib/x86_64-linux-gnu/libcrypto.so (found version "3.0.13")  
[1.494s] -- Found FastRTPS: /opt/ros/jazzy/include (Required is at least version "2.13") 
[1.529s] -- Using RMW implementation 'rmw_fastrtps_cpp' as default
[2.447s] -- Found std_srvs: 5.3.6 (/opt/ros/jazzy/share/std_srvs/cmake)
[2.469s] -- Found tf2_geometry_msgs: 0.36.19 (/opt/ros/jazzy/share/tf2_geometry_msgs/cmake)
[2.490s] -- Found eigen3_cmake_module: 0.3.0 (/opt/ros/jazzy/share/eigen3_cmake_module/cmake)
[2.492s] -- Found Eigen3: TRUE (found version "3.4.0") 
[2.493s] -- Ensuring Eigen3 include directory is part of orocos-kdl CMake target
[2.606s] -- Found ur_dashboard_msgs: 3.3.3 (/home/yash/ros2-master_dual_box/ros2-master/install/ur_dashboard_msgs/share/ur_dashboard_msgs/cmake)
[2.654s] -- Found ur_msgs: 2.3.0 (/opt/ros/jazzy/share/ur_msgs/cmake)
[2.978s] -- Found ur_controllers: 3.3.3 (/home/yash/ros2-master_dual_box/ros2-master/install/ur_controllers/share/ur_controllers/cmake)
[3.130s] -- Found ur_description: 0.0.1 (/home/yash/ros2-master_dual_box/ros2-master/install/ur_description/share/ur_description/cmake)
[3.136s] -- Found launch_testing_ament_cmake: 3.4.10 (/opt/ros/jazzy/share/launch_testing_ament_cmake/cmake)
[3.141s] -- Found python_cmake_module: 0.11.1 (/opt/ros/jazzy/share/python_cmake_module/cmake)
[3.295s] -- Found PythonExtra: /usr/bin/python3  
[3.296s] -- Configuring done (3.3s)
[3.437s] -- Generating done (0.1s)
[3.464s] -- Build files have been written to: /home/yash/ros2-master_dual_box/ros2-master/build/ur_robot_driver
[3.485s] Invoked command in '/home/yash/ros2-master_dual_box/ros2-master/build/ur_robot_driver' returned '0': AMENT_PREFIX_PATH=/home/yash/ros2-master_dual_box/ros2-master/install/ur_controllers:/home/yash/ros2-master_dual_box/ros2-master/install/ur_description:/home/yash/ros2-master_dual_box/ros2-master/install/ur_dashboard_msgs:${AMENT_PREFIX_PATH} CMAKE_PREFIX_PATH=/home/yash/ros2-master_dual_box/ros2-master/install/ur_controllers:/home/yash/ros2-master_dual_box/ros2-master/install/ur_description:/home/yash/ros2-master_dual_box/ros2-master/install/ur_dashboard_msgs:/opt/ros/jazzy/opt/gz_sim_vendor:/opt/ros/jazzy/opt/gz_sensors_vendor:/opt/ros/jazzy/opt/gz_physics_vendor:/opt/ros/jazzy/opt/sdformat_vendor:/opt/ros/jazzy/opt/gz_gui_vendor:/opt/ros/jazzy/opt/gz_transport_vendor:/opt/ros/jazzy/opt/gz_rendering_vendor:/opt/ros/jazzy/opt/gz_plugin_vendor:/opt/ros/jazzy/opt/gz_fuel_tools_vendor:/opt/ros/jazzy/opt/gz_msgs_vendor:/opt/ros/jazzy/opt/gz_common_vendor:/opt/ros/jazzy/opt/gz_math_vendor:/opt/ros/jazzy/opt/gz_utils_vendor:/opt/ros/jazzy/opt/gz_tools_vendor:/opt/ros/jazzy/opt/gz_ogre_next_vendor:/opt/ros/jazzy/opt/gz_dartsim_vendor:/opt/ros/jazzy/opt/gz_cmake_vendor:/opt/ros/jazzy DEBUGINFOD_URLS=https://debuginfod.ubuntu.com LD_LIBRARY_PATH=/home/yash/ros2-master_dual_box/ros2-master/install/ur_controllers/lib:/home/yash/ros2-master_dual_box/ros2-master/install/ur_dashboard_msgs/lib:${LD_LIBRARY_PATH} PYTHONPATH=/home/yash/ros2-master_dual_box/ros2-master/install/ur_dashboard_msgs/lib/python3.12/site-packages:${PYTHONPATH} /usr/bin/cmake /home/yash/ros2-master_dual_box/ros2-master/src/ur_robot_driver -DAMENT_CMAKE_SYMLINK_INSTALL=1 -DCMAKE_INSTALL_PREFIX=/home/yash/ros2-master_dual_box/ros2-master/install/ur_robot_driver
[3.489s] Invoking command in '/home/yash/ros2-master_dual_box/ros2-master/build/ur_robot_driver': AMENT_PREFIX_PATH=/home/yash/ros2-master_dual_box/ros2-master/install/ur_controllers:/home/yash/ros2-master_dual_box/ros2-master/install/ur_description:/home/yash/ros2-master_dual_box/ros2-master/install/ur_dashboard_msgs:${AMENT_PREFIX_PATH} CMAKE_PREFIX_PATH=/home/yash/ros2-master_dual_box/ros2-master/install/ur_controllers:/home/yash/ros2-master_dual_box/ros2-master/install/ur_description:/home/yash/ros2-master_dual_box/ros2-master/install/ur_dashboard_msgs:/opt/ros/jazzy/opt/gz_sim_vendor:/opt/ros/jazzy/opt/gz_sensors_vendor:/opt/ros/jazzy/opt/gz_physics_vendor:/opt/ros/jazzy/opt/sdformat_vendor:/opt/ros/jazzy/opt/gz_gui_vendor:/opt/ros/jazzy/opt/gz_transport_vendor:/opt/ros/jazzy/opt/gz_rendering_vendor:/opt/ros/jazzy/opt/gz_plugin_vendor:/opt/ros/jazzy/opt/gz_fuel_tools_vendor:/opt/ros/jazzy/opt/gz_msgs_vendor:/opt/ros/jazzy/opt/gz_common_vendor:/opt/ros/jazzy/opt/gz_math_vendor:/opt/ros/jazzy/opt/gz_utils_vendor:/opt/ros/jazzy/opt/gz_tools_vendor:/opt/ros/jazzy/opt/gz_ogre_next_vendor:/opt/ros/jazzy/opt/gz_dartsim_vendor:/opt/ros/jazzy/opt/gz_cmake_vendor:/opt/ros/jazzy DEBUGINFOD_URLS=https://debuginfod.ubuntu.com LD_LIBRARY_PATH=/home/yash/ros2-master_dual_box/ros2-master/install/ur_controllers/lib:/home/yash/ros2-master_dual_box/ros2-master/install/ur_dashboard_msgs/lib:${LD_LIBRARY_PATH} PYTHONPATH=/home/yash/ros2-master_dual_box/ros2-master/install/ur_dashboard_msgs/lib/python3.12/site-packages:${PYTHONPATH} /usr/bin/cmake --build /home/yash/ros2-master_dual_box/ros2-master/build/ur_robot_driver -- -j8 -l8
[3.595s] [  5%] [32mBuilding CXX object CMakeFiles/controller_stopper_node.dir/src/controller_stopper_node.cpp.o[0m
[3.596s] [ 10%] [32mBuilding CXX object CMakeFiles/dashboard_client.dir/src/dashboard_client_ros.cpp.o[0m
[3.603s] [ 15%] [32mBuilding CXX object CMakeFiles/controller_stopper_node.dir/src/controller_stopper.cpp.o[0m
[3.603s] [ 20%] [32mBuilding CXX object CMakeFiles/ur_robot_driver_plugin.dir/src/dashboard_client_ros.cpp.o[0m
[3.604s] [ 25%] [32mBuilding CXX object CMakeFiles/robot_state_helper.dir/src/robot_state_helper.cpp.o[0m
[3.609s] [ 30%] [32mBuilding CXX object CMakeFiles/trajectory_until_node.dir/src/trajectory_until_node.cpp.o[0m
[3.615s] [ 35%] [32mBuilding CXX object CMakeFiles/urscript_interface.dir/src/urscript_interface.cpp.o[0m
[3.640s] [ 35%] Built target ament_cmake_python_symlink_ur_robot_driver
[4.256s] running egg_info
[4.257s] creating ur_robot_driver.egg-info
[4.328s] writing ur_robot_driver.egg-info/PKG-INFO
[4.329s] writing dependency_links to ur_robot_driver.egg-info/dependency_links.txt
[4.329s] writing top-level names to ur_robot_driver.egg-info/top_level.txt
[4.329s] writing manifest file 'ur_robot_driver.egg-info/SOURCES.txt'
[4.487s] reading manifest file 'ur_robot_driver.egg-info/SOURCES.txt'
[4.489s] writing manifest file 'ur_robot_driver.egg-info/SOURCES.txt'
[4.547s] [ 35%] Built target ament_cmake_python_build_ur_robot_driver_egg
[4.566s] [ 40%] [32mBuilding CXX object CMakeFiles/dashboard_client.dir/src/dashboard_client_node.cpp.o[0m
[10.710s] [ 45%] [32mBuilding CXX object CMakeFiles/ur_robot_driver_plugin.dir/src/hardware_interface.cpp.o[0m
[12.972s] [ 50%] [32mBuilding CXX object CMakeFiles/robot_state_helper.dir/src/robot_state_helper_node.cpp.o[0m
[17.383s] [01m[K/home/yash/ros2-master_dual_box/ros2-master/src/ur_robot_driver/src/hardware_interface.cpp:[m[K In member function ‘[01m[Kvirtual hardware_interface::CallbackReturn ur_robot_driver::URPositionHardwareInterface::[01;32m[Kon_init[m[K(const hardware_interface::HardwareInfo&)[m[K’:
[17.384s] [01m[K/home/yash/ros2-master_dual_box/ros2-master/src/ur_robot_driver/src/hardware_interface.cpp:119:51:[m[K [01;35m[Kwarning: [m[K‘[01m[Kvirtual rclcpp_lifecycle::node_interfaces::LifecycleNodeInterface::CallbackReturn hardware_interface::HardwareComponentInterface::[01;32m[Kon_init[m[K(const hardware_interface::HardwareInfo&)[m[K’ is deprecated: Use on_init(const HardwareComponentInterfaceParams & params) instead. [[01;35m[K]8;;https://gcc.gnu.org/onlinedocs/gcc/Warning-Options.html#index-Wdeprecated-declarations-Wdeprecated-declarations]8;;[m[K]
[17.384s]   119 |   if ([01;35m[Khardware_interface::SystemInterface::on_init(system_info)[m[K != hardware_interface::CallbackReturn::SUCCESS) {
[17.384s]       |       [01;35m[K~~~~~~~~~~~~~~~~~~~~~~~~~~~~~~~~~~~~~~~~~~~~^~~~~~~~~~~~~[m[K
[17.384s] In file included from [01m[K/opt/ros/jazzy/include/hardware_interface/hardware_interface/system_interface.hpp:18[m[K,
[17.384s]                  from [01m[K/home/yash/ros2-master_dual_box/ros2-master/src/ur_robot_driver/include/ur_robot_driver/hardware_interface.hpp:51[m[K,
[17.384s]                  from [01m[K/home/yash/ros2-master_dual_box/ros2-master/src/ur_robot_driver/src/hardware_interface.cpp:52[m[K:
[17.384s] [01m[K/opt/ros/jazzy/include/hardware_interface/hardware_interface/hardware_component_interface.hpp:140:26:[m[K [01;36m[Knote: [m[Kdeclared here
[17.384s]   140 |   virtual CallbackReturn [01;36m[Kon_init[m[K(const HardwareInfo & hardware_info);
[17.385s]       |                          [01;36m[K^~~~~~~[m[K
[21.470s] [ 55%] [32mBuilding CXX object CMakeFiles/ur_robot_driver_plugin.dir/src/urcl_log_handler.cpp.o[0m
[21.933s] [ 60%] [32m[1mLinking CXX executable trajectory_until_node[0m
[22.395s] [ 60%] Built target trajectory_until_node
[22.413s] [ 65%] [32mBuilding CXX object CMakeFiles/ur_robot_driver_plugin.dir/src/robot_state_helper.cpp.o[0m
[22.727s] [ 70%] [32mBuilding CXX object CMakeFiles/robot_state_helper.dir/src/urcl_log_handler.cpp.o[0m
[24.014s] [ 75%] [32mBuilding CXX object CMakeFiles/dashboard_client.dir/src/urcl_log_handler.cpp.o[0m
[25.116s] [ 80%] [32m[1mLinking CXX executable urscript_interface[0m
[25.670s] [ 80%] Built target urscript_interface
[29.026s] [ 85%] [32m[1mLinking CXX executable controller_stopper_node[0m
[29.631s] [ 85%] Built target controller_stopper_node
[32.069s] [ 90%] [32m[1mLinking CXX executable dashboard_client[0m
[32.733s] [ 90%] Built target dashboard_client
[40.104s] [ 95%] [32m[1mLinking CXX executable robot_state_helper[0m
[40.754s] [ 95%] Built target robot_state_helper
[50.500s] [100%] [32m[1mLinking CXX shared library libur_robot_driver_plugin.so[0m
[51.395s] [100%] Built target ur_robot_driver_plugin
[51.414s] Invoked command in '/home/yash/ros2-master_dual_box/ros2-master/build/ur_robot_driver' returned '0': AMENT_PREFIX_PATH=/home/yash/ros2-master_dual_box/ros2-master/install/ur_controllers:/home/yash/ros2-master_dual_box/ros2-master/install/ur_description:/home/yash/ros2-master_dual_box/ros2-master/install/ur_dashboard_msgs:${AMENT_PREFIX_PATH} CMAKE_PREFIX_PATH=/home/yash/ros2-master_dual_box/ros2-master/install/ur_controllers:/home/yash/ros2-master_dual_box/ros2-master/install/ur_description:/home/yash/ros2-master_dual_box/ros2-master/install/ur_dashboard_msgs:/opt/ros/jazzy/opt/gz_sim_vendor:/opt/ros/jazzy/opt/gz_sensors_vendor:/opt/ros/jazzy/opt/gz_physics_vendor:/opt/ros/jazzy/opt/sdformat_vendor:/opt/ros/jazzy/opt/gz_gui_vendor:/opt/ros/jazzy/opt/gz_transport_vendor:/opt/ros/jazzy/opt/gz_rendering_vendor:/opt/ros/jazzy/opt/gz_plugin_vendor:/opt/ros/jazzy/opt/gz_fuel_tools_vendor:/opt/ros/jazzy/opt/gz_msgs_vendor:/opt/ros/jazzy/opt/gz_common_vendor:/opt/ros/jazzy/opt/gz_math_vendor:/opt/ros/jazzy/opt/gz_utils_vendor:/opt/ros/jazzy/opt/gz_tools_vendor:/opt/ros/jazzy/opt/gz_ogre_next_vendor:/opt/ros/jazzy/opt/gz_dartsim_vendor:/opt/ros/jazzy/opt/gz_cmake_vendor:/opt/ros/jazzy DEBUGINFOD_URLS=https://debuginfod.ubuntu.com LD_LIBRARY_PATH=/home/yash/ros2-master_dual_box/ros2-master/install/ur_controllers/lib:/home/yash/ros2-master_dual_box/ros2-master/install/ur_dashboard_msgs/lib:${LD_LIBRARY_PATH} PYTHONPATH=/home/yash/ros2-master_dual_box/ros2-master/install/ur_dashboard_msgs/lib/python3.12/site-packages:${PYTHONPATH} /usr/bin/cmake --build /home/yash/ros2-master_dual_box/ros2-master/build/ur_robot_driver -- -j8 -l8
[51.416s] Invoking command in '/home/yash/ros2-master_dual_box/ros2-master/build/ur_robot_driver': AMENT_PREFIX_PATH=/home/yash/ros2-master_dual_box/ros2-master/install/ur_controllers:/home/yash/ros2-master_dual_box/ros2-master/install/ur_description:/home/yash/ros2-master_dual_box/ros2-master/install/ur_dashboard_msgs:${AMENT_PREFIX_PATH} CMAKE_PREFIX_PATH=/home/yash/ros2-master_dual_box/ros2-master/install/ur_controllers:/home/yash/ros2-master_dual_box/ros2-master/install/ur_description:/home/yash/ros2-master_dual_box/ros2-master/install/ur_dashboard_msgs:/opt/ros/jazzy/opt/gz_sim_vendor:/opt/ros/jazzy/opt/gz_sensors_vendor:/opt/ros/jazzy/opt/gz_physics_vendor:/opt/ros/jazzy/opt/sdformat_vendor:/opt/ros/jazzy/opt/gz_gui_vendor:/opt/ros/jazzy/opt/gz_transport_vendor:/opt/ros/jazzy/opt/gz_rendering_vendor:/opt/ros/jazzy/opt/gz_plugin_vendor:/opt/ros/jazzy/opt/gz_fuel_tools_vendor:/opt/ros/jazzy/opt/gz_msgs_vendor:/opt/ros/jazzy/opt/gz_common_vendor:/opt/ros/jazzy/opt/gz_math_vendor:/opt/ros/jazzy/opt/gz_utils_vendor:/opt/ros/jazzy/opt/gz_tools_vendor:/opt/ros/jazzy/opt/gz_ogre_next_vendor:/opt/ros/jazzy/opt/gz_dartsim_vendor:/opt/ros/jazzy/opt/gz_cmake_vendor:/opt/ros/jazzy DEBUGINFOD_URLS=https://debuginfod.ubuntu.com LD_LIBRARY_PATH=/home/yash/ros2-master_dual_box/ros2-master/install/ur_controllers/lib:/home/yash/ros2-master_dual_box/ros2-master/install/ur_dashboard_msgs/lib:${LD_LIBRARY_PATH} PYTHONPATH=/home/yash/ros2-master_dual_box/ros2-master/install/ur_dashboard_msgs/lib/python3.12/site-packages:${PYTHONPATH} /usr/bin/cmake --install /home/yash/ros2-master_dual_box/ros2-master/build/ur_robot_driver
[51.433s] -- Install configuration: "RelWithDebInfo"
[51.433s] -- Execute custom install script
[51.435s] -- Symlinking: /home/yash/ros2-master_dual_box/ros2-master/install/ur_robot_driver/share/ur_robot_driver//hardware_interface_plugin.xml
[51.454s] -- Symlinking: /home/yash/ros2-master_dual_box/ros2-master/install/ur_robot_driver/lib/ur_robot_driver/dashboard_client
[51.470s] -- Symlinking: /home/yash/ros2-master_dual_box/ros2-master/install/ur_robot_driver/lib/ur_robot_driver/controller_stopper_node
[51.484s] -- Symlinking: /home/yash/ros2-master_dual_box/ros2-master/install/ur_robot_driver/lib/ur_robot_driver/urscript_interface
[51.499s] -- Symlinking: /home/yash/ros2-master_dual_box/ros2-master/install/ur_robot_driver/lib/ur_robot_driver/robot_state_helper
[51.514s] -- Symlinking: /home/yash/ros2-master_dual_box/ros2-master/install/ur_robot_driver/lib/ur_robot_driver/trajectory_until_node
[51.529s] -- Symlinking: /home/yash/ros2-master_dual_box/ros2-master/install/ur_robot_driver/lib/libur_robot_driver_plugin.so
[51.545s] -- Symlinking: /home/yash/ros2-master_dual_box/ros2-master/install/ur_robot_driver/include/ur_robot_driver/controller_stopper.hpp
[51.561s] -- Symlinking: /home/yash/ros2-master_dual_box/ros2-master/install/ur_robot_driver/include/ur_robot_driver/dashboard_client_ros.hpp
[51.576s] -- Symlinking: /home/yash/ros2-master_dual_box/ros2-master/install/ur_robot_driver/include/ur_robot_driver/hardware_interface.hpp
[51.590s] -- Symlinking: /home/yash/ros2-master_dual_box/ros2-master/install/ur_robot_driver/include/ur_robot_driver/robot_state_helper.hpp
[51.606s] -- Symlinking: /home/yash/ros2-master_dual_box/ros2-master/install/ur_robot_driver/include/ur_robot_driver/trajectory_until_node.hpp
[51.622s] -- Symlinking: /home/yash/ros2-master_dual_box/ros2-master/install/ur_robot_driver/include/ur_robot_driver/urcl_log_handler.hpp
[51.638s] -- Symlinking: /home/yash/ros2-master_dual_box/ros2-master/install/ur_robot_driver/share/ur_robot_driver/environment/library_path.sh
[51.654s] -- Symlinking: /home/yash/ros2-master_dual_box/ros2-master/install/ur_robot_driver/share/ur_robot_driver/environment/library_path.dsv
[51.672s] -- Up-to-date symlink: /home/yash/ros2-master_dual_box/ros2-master/install/ur_robot_driver/include/ur_robot_driver/controller_stopper.hpp
[51.673s] -- Up-to-date symlink: /home/yash/ros2-master_dual_box/ros2-master/install/ur_robot_driver/include/ur_robot_driver/dashboard_client_ros.hpp
[51.673s] -- Up-to-date symlink: /home/yash/ros2-master_dual_box/ros2-master/install/ur_robot_driver/include/ur_robot_driver/hardware_interface.hpp
[51.674s] -- Up-to-date symlink: /home/yash/ros2-master_dual_box/ros2-master/install/ur_robot_driver/include/ur_robot_driver/robot_state_helper.hpp
[51.675s] -- Up-to-date symlink: /home/yash/ros2-master_dual_box/ros2-master/install/ur_robot_driver/include/ur_robot_driver/trajectory_until_node.hpp
[51.675s] -- Up-to-date symlink: /home/yash/ros2-master_dual_box/ros2-master/install/ur_robot_driver/include/ur_robot_driver/urcl_log_handler.hpp
[51.676s] -- Symlinking: /home/yash/ros2-master_dual_box/ros2-master/install/ur_robot_driver/share/ur_robot_driver/environment/pythonpath.sh
[51.692s] -- Symlinking: /home/yash/ros2-master_dual_box/ros2-master/install/ur_robot_driver/share/ur_robot_driver/environment/pythonpath.dsv
[51.709s] -- Symlinking: /home/yash/ros2-master_dual_box/ros2-master/install/ur_robot_driver/lib/python3.12/site-packages/ur_robot_driver-3.7.0-py3.12.egg-info/PKG-INFO
[51.724s] -- Symlinking: /home/yash/ros2-master_dual_box/ros2-master/install/ur_robot_driver/lib/python3.12/site-packages/ur_robot_driver-3.7.0-py3.12.egg-info/SOURCES.txt
[51.739s] -- Symlinking: /home/yash/ros2-master_dual_box/ros2-master/install/ur_robot_driver/lib/python3.12/site-packages/ur_robot_driver-3.7.0-py3.12.egg-info/dependency_links.txt
[51.757s] -- Symlinking: /home/yash/ros2-master_dual_box/ros2-master/install/ur_robot_driver/lib/python3.12/site-packages/ur_robot_driver-3.7.0-py3.12.egg-info/top_level.txt
[51.773s] -- Symlinking: /home/yash/ros2-master_dual_box/ros2-master/install/ur_robot_driver/lib/python3.12/site-packages/ur_robot_driver/__init__.py
[51.791s] -- Symlinking: /home/yash/ros2-master_dual_box/ros2-master/install/ur_robot_driver/lib/ur_robot_driver/tool_communication.py
[51.808s] -- Symlinking: /home/yash/ros2-master_dual_box/ros2-master/install/ur_robot_driver/lib/ur_robot_driver/wait_for_robot_description
[51.823s] -- Symlinking: /home/yash/ros2-master_dual_box/ros2-master/install/ur_robot_driver/lib/ur_robot_driver/example_move.py
[51.839s] -- Symlinking: /home/yash/ros2-master_dual_box/ros2-master/install/ur_robot_driver/lib/ur_robot_driver/start_ursim.sh
[51.855s] -- Symlinking: /home/yash/ros2-master_dual_box/ros2-master/install/ur_robot_driver/lib/ur_robot_driver/examples.py
[51.871s] -- Symlinking: /home/yash/ros2-master_dual_box/ros2-master/install/ur_robot_driver/lib/ur_robot_driver/force_mode.py
[51.886s] -- Symlinking: /home/yash/ros2-master_dual_box/ros2-master/install/ur_robot_driver/lib/ur_robot_driver/move_until_example.py
[51.906s] -- Symlinking: /home/yash/ros2-master_dual_box/ros2-master/install/ur_robot_driver/bin/wait_dashboard_server.sh
[51.923s] -- Symlinking: /home/yash/ros2-master_dual_box/ros2-master/install/ur_robot_driver/share/ur_robot_driver/config/test_goal_publishers_config.yaml
[51.941s] -- Symlinking: /home/yash/ros2-master_dual_box/ros2-master/install/ur_robot_driver/share/ur_robot_driver/config/test_velocity_goal_publishers_config.yaml
[51.957s] -- Symlinking: /home/yash/ros2-master_dual_box/ros2-master/install/ur_robot_driver/share/ur_robot_driver/config/ur10_update_rate.yaml
[51.974s] -- Symlinking: /home/yash/ros2-master_dual_box/ros2-master/install/ur_robot_driver/share/ur_robot_driver/config/ur10e_update_rate.yaml
[51.990s] -- Symlinking: /home/yash/ros2-master_dual_box/ros2-master/install/ur_robot_driver/share/ur_robot_driver/config/ur12e_update_rate.yaml
[52.005s] -- Symlinking: /home/yash/ros2-master_dual_box/ros2-master/install/ur_robot_driver/share/ur_robot_driver/config/ur15_update_rate.yaml
[52.020s] -- Symlinking: /home/yash/ros2-master_dual_box/ros2-master/install/ur_robot_driver/share/ur_robot_driver/config/ur16e_update_rate.yaml
[52.035s] -- Symlinking: /home/yash/ros2-master_dual_box/ros2-master/install/ur_robot_driver/share/ur_robot_driver/config/ur18_update_rate.yaml
[52.050s] -- Symlinking: /home/yash/ros2-master_dual_box/ros2-master/install/ur_robot_driver/share/ur_robot_driver/config/ur20_update_rate.yaml
[52.066s] -- Symlinking: /home/yash/ros2-master_dual_box/ros2-master/install/ur_robot_driver/share/ur_robot_driver/config/ur30_update_rate.yaml
[52.080s] -- Symlinking: /home/yash/ros2-master_dual_box/ros2-master/install/ur_robot_driver/share/ur_robot_driver/config/ur3_update_rate.yaml
[52.097s] -- Symlinking: /home/yash/ros2-master_dual_box/ros2-master/install/ur_robot_driver/share/ur_robot_driver/config/ur3e_update_rate.yaml
[52.114s] -- Symlinking: /home/yash/ros2-master_dual_box/ros2-master/install/ur_robot_driver/share/ur_robot_driver/config/ur5_update_rate.yaml
[52.129s] -- Symlinking: /home/yash/ros2-master_dual_box/ros2-master/install/ur_robot_driver/share/ur_robot_driver/config/ur5e_update_rate.yaml
[52.144s] -- Symlinking: /home/yash/ros2-master_dual_box/ros2-master/install/ur_robot_driver/share/ur_robot_driver/config/ur7e_update_rate.yaml
[52.161s] -- Symlinking: /home/yash/ros2-master_dual_box/ros2-master/install/ur_robot_driver/share/ur_robot_driver/config/ur8long_update_rate.yaml
[52.176s] -- Symlinking: /home/yash/ros2-master_dual_box/ros2-master/install/ur_robot_driver/share/ur_robot_driver/config/ur_controllers.yaml
[52.192s] -- Symlinking: /home/yash/ros2-master_dual_box/ros2-master/install/ur_robot_driver/share/ur_robot_driver/launch/test_forward_velocity_controller.launch.py
[52.209s] -- Symlinking: /home/yash/ros2-master_dual_box/ros2-master/install/ur_robot_driver/share/ur_robot_driver/launch/test_joint_trajectory_controller.launch.py
[52.225s] -- Symlinking: /home/yash/ros2-master_dual_box/ros2-master/install/ur_robot_driver/share/ur_robot_driver/launch/test_scaled_joint_trajectory_controller.launch.py
[52.239s] -- Symlinking: /home/yash/ros2-master_dual_box/ros2-master/install/ur_robot_driver/share/ur_robot_driver/launch/ur10.launch.py
[52.254s] -- Symlinking: /home/yash/ros2-master_dual_box/ros2-master/install/ur_robot_driver/share/ur_robot_driver/launch/ur10e.launch.py
[52.271s] -- Symlinking: /home/yash/ros2-master_dual_box/ros2-master/install/ur_robot_driver/share/ur_robot_driver/launch/ur12e.launch.py
[52.287s] -- Symlinking: /home/yash/ros2-master_dual_box/ros2-master/install/ur_robot_driver/share/ur_robot_driver/launch/ur15.launch.py
[52.303s] -- Symlinking: /home/yash/ros2-master_dual_box/ros2-master/install/ur_robot_driver/share/ur_robot_driver/launch/ur16e.launch.py
[52.317s] -- Symlinking: /home/yash/ros2-master_dual_box/ros2-master/install/ur_robot_driver/share/ur_robot_driver/launch/ur18.launch.py
[52.333s] -- Symlinking: /home/yash/ros2-master_dual_box/ros2-master/install/ur_robot_driver/share/ur_robot_driver/launch/ur20.launch.py
[52.349s] -- Symlinking: /home/yash/ros2-master_dual_box/ros2-master/install/ur_robot_driver/share/ur_robot_driver/launch/ur3.launch.py
[52.365s] -- Symlinking: /home/yash/ros2-master_dual_box/ros2-master/install/ur_robot_driver/share/ur_robot_driver/launch/ur30.launch.py
[52.379s] -- Symlinking: /home/yash/ros2-master_dual_box/ros2-master/install/ur_robot_driver/share/ur_robot_driver/launch/ur3e.launch.py
[52.393s] -- Symlinking: /home/yash/ros2-master_dual_box/ros2-master/install/ur_robot_driver/share/ur_robot_driver/launch/ur5.launch.py
[52.407s] -- Symlinking: /home/yash/ros2-master_dual_box/ros2-master/install/ur_robot_driver/share/ur_robot_driver/launch/ur5e.launch.py
[52.421s] -- Symlinking: /home/yash/ros2-master_dual_box/ros2-master/install/ur_robot_driver/share/ur_robot_driver/launch/ur7e.launch.py
[52.437s] -- Symlinking: /home/yash/ros2-master_dual_box/ros2-master/install/ur_robot_driver/share/ur_robot_driver/launch/ur8long.launch.py
[52.452s] -- Symlinking: /home/yash/ros2-master_dual_box/ros2-master/install/ur_robot_driver/share/ur_robot_driver/launch/ur_control.launch.py
[52.468s] -- Symlinking: /home/yash/ros2-master_dual_box/ros2-master/install/ur_robot_driver/share/ur_robot_driver/launch/ur_dashboard_client.launch.py
[52.485s] -- Symlinking: /home/yash/ros2-master_dual_box/ros2-master/install/ur_robot_driver/share/ur_robot_driver/launch/ur_rsp.launch.py
[52.500s] -- Symlinking: /home/yash/ros2-master_dual_box/ros2-master/install/ur_robot_driver/share/ur_robot_driver/urdf/ur.ros2_control.xacro
[52.518s] -- Symlinking: /home/yash/ros2-master_dual_box/ros2-master/install/ur_robot_driver/share/ur_robot_driver/urdf/ur.urdf.xacro
[52.535s] -- Symlinking: /home/yash/ros2-master_dual_box/ros2-master/install/ur_robot_driver/share/ament_index/resource_index/package_run_dependencies/ur_robot_driver
[52.551s] -- Symlinking: /home/yash/ros2-master_dual_box/ros2-master/install/ur_robot_driver/share/ament_index/resource_index/parent_prefix_path/ur_robot_driver
[52.567s] -- Symlinking: /home/yash/ros2-master_dual_box/ros2-master/install/ur_robot_driver/share/ur_robot_driver/environment/ament_prefix_path.sh
[52.583s] -- Symlinking: /home/yash/ros2-master_dual_box/ros2-master/install/ur_robot_driver/share/ur_robot_driver/environment/ament_prefix_path.dsv
[52.598s] -- Symlinking: /home/yash/ros2-master_dual_box/ros2-master/install/ur_robot_driver/share/ur_robot_driver/environment/path.sh
[52.613s] -- Symlinking: /home/yash/ros2-master_dual_box/ros2-master/install/ur_robot_driver/share/ur_robot_driver/environment/path.dsv
[52.629s] -- Symlinking: /home/yash/ros2-master_dual_box/ros2-master/install/ur_robot_driver/share/ur_robot_driver/local_setup.bash
[52.646s] -- Symlinking: /home/yash/ros2-master_dual_box/ros2-master/install/ur_robot_driver/share/ur_robot_driver/local_setup.sh
[52.663s] -- Symlinking: /home/yash/ros2-master_dual_box/ros2-master/install/ur_robot_driver/share/ur_robot_driver/local_setup.zsh
[52.679s] -- Symlinking: /home/yash/ros2-master_dual_box/ros2-master/install/ur_robot_driver/share/ur_robot_driver/local_setup.dsv
[52.694s] -- Symlinking: /home/yash/ros2-master_dual_box/ros2-master/install/ur_robot_driver/share/ur_robot_driver/package.dsv
[52.712s] -- Symlinking: /home/yash/ros2-master_dual_box/ros2-master/install/ur_robot_driver/share/ament_index/resource_index/packages/ur_robot_driver
[52.730s] -- Symlinking: /home/yash/ros2-master_dual_box/ros2-master/install/ur_robot_driver/share/ament_index/resource_index/hardware_interface__pluginlib__plugin/ur_robot_driver
[52.746s] -- Symlinking: /home/yash/ros2-master_dual_box/ros2-master/install/ur_robot_driver/share/ur_robot_driver/cmake/ament_cmake_export_include_directories-extras.cmake
[52.763s] -- Symlinking: /home/yash/ros2-master_dual_box/ros2-master/install/ur_robot_driver/share/ur_robot_driver/cmake/ament_cmake_export_libraries-extras.cmake
[52.777s] -- Symlinking: /home/yash/ros2-master_dual_box/ros2-master/install/ur_robot_driver/share/ur_robot_driver/cmake/ament_cmake_export_dependencies-extras.cmake
[52.794s] -- Symlinking: /home/yash/ros2-master_dual_box/ros2-master/install/ur_robot_driver/share/ur_robot_driver/cmake/ur_robot_driverConfig.cmake
[52.811s] -- Symlinking: /home/yash/ros2-master_dual_box/ros2-master/install/ur_robot_driver/share/ur_robot_driver/cmake/ur_robot_driverConfig-version.cmake
[52.830s] -- Symlinking: /home/yash/ros2-master_dual_box/ros2-master/install/ur_robot_driver/share/ur_robot_driver/package.xml
[52.845s] -- Installing: /home/yash/ros2-master_dual_box/ros2-master/install/ur_robot_driver/share/ur_robot_driver/resources
[52.846s] -- Installing: /home/yash/ros2-master_dual_box/ros2-master/install/ur_robot_driver/share/ur_robot_driver/resources/rs485-1.0.urcap
[52.848s] -- Installing: /home/yash/ros2-master_dual_box/ros2-master/install/ur_robot_driver/share/ur_robot_driver/resources/rtde_output_recipe.txt
[52.849s] -- Installing: /home/yash/ros2-master_dual_box/ros2-master/install/ur_robot_driver/share/ur_robot_driver/resources/rtde_input_recipe.txt
[52.850s] -- Installing: /home/yash/ros2-master_dual_box/ros2-master/install/ur_robot_driver/share/ur_robot_driver/resources/externalcontrol-1.0.5.urcap
[52.897s] Listing '/home/yash/ros2-master_dual_box/ros2-master/install/ur_robot_driver/lib/python3.12/site-packages/ur_robot_driver'...
[52.897s] Compiling '/home/yash/ros2-master_dual_box/ros2-master/install/ur_robot_driver/lib/python3.12/site-packages/ur_robot_driver/__init__.py'...
[52.910s] Invoked command in '/home/yash/ros2-master_dual_box/ros2-master/build/ur_robot_driver' returned '0': AMENT_PREFIX_PATH=/home/yash/ros2-master_dual_box/ros2-master/install/ur_controllers:/home/yash/ros2-master_dual_box/ros2-master/install/ur_description:/home/yash/ros2-master_dual_box/ros2-master/install/ur_dashboard_msgs:${AMENT_PREFIX_PATH} CMAKE_PREFIX_PATH=/home/yash/ros2-master_dual_box/ros2-master/install/ur_controllers:/home/yash/ros2-master_dual_box/ros2-master/install/ur_description:/home/yash/ros2-master_dual_box/ros2-master/install/ur_dashboard_msgs:/opt/ros/jazzy/opt/gz_sim_vendor:/opt/ros/jazzy/opt/gz_sensors_vendor:/opt/ros/jazzy/opt/gz_physics_vendor:/opt/ros/jazzy/opt/sdformat_vendor:/opt/ros/jazzy/opt/gz_gui_vendor:/opt/ros/jazzy/opt/gz_transport_vendor:/opt/ros/jazzy/opt/gz_rendering_vendor:/opt/ros/jazzy/opt/gz_plugin_vendor:/opt/ros/jazzy/opt/gz_fuel_tools_vendor:/opt/ros/jazzy/opt/gz_msgs_vendor:/opt/ros/jazzy/opt/gz_common_vendor:/opt/ros/jazzy/opt/gz_math_vendor:/opt/ros/jazzy/opt/gz_utils_vendor:/opt/ros/jazzy/opt/gz_tools_vendor:/opt/ros/jazzy/opt/gz_ogre_next_vendor:/opt/ros/jazzy/opt/gz_dartsim_vendor:/opt/ros/jazzy/opt/gz_cmake_vendor:/opt/ros/jazzy DEBUGINFOD_URLS=https://debuginfod.ubuntu.com LD_LIBRARY_PATH=/home/yash/ros2-master_dual_box/ros2-master/install/ur_controllers/lib:/home/yash/ros2-master_dual_box/ros2-master/install/ur_dashboard_msgs/lib:${LD_LIBRARY_PATH} PYTHONPATH=/home/yash/ros2-master_dual_box/ros2-master/install/ur_dashboard_msgs/lib/python3.12/site-packages:${PYTHONPATH} /usr/bin/cmake --install /home/yash/ros2-master_dual_box/ros2-master/build/ur_robot_driver
