[0.022s] Invoking command in '/home/yash/ros2-master_dual_box/ros2-master/build/robotiq_controllers': CMAKE_PREFIX_PATH=${CMAKE_PREFIX_PATH}:/opt/ros/jazzy DEBUGINFOD_URLS=https://debuginfod.ubuntu.com /usr/bin/cmake /home/yash/ros2-master_dual_box/ros2-master/src/robotiq_controllers -DAMENT_CMAKE_SYMLINK_INSTALL=1 -DCMAKE_INSTALL_PREFIX=/home/yash/ros2-master_dual_box/ros2-master/install/robotiq_controllers
[0.130s] -- The C compiler identification is GNU 13.3.0
[0.222s] -- The CXX compiler identification is GNU 13.3.0
[0.257s] -- Detecting C compiler ABI info
[0.425s] -- Detecting C compiler ABI info - done
[0.444s] -- Check for working C compiler: /usr/bin/cc - skipped
[0.445s] -- Detecting C compile features
[0.445s] -- Detecting C compile features - done
[0.461s] -- Detecting CXX compiler ABI info
[0.649s] -- Detecting CXX compiler ABI info - done
[0.665s] -- Check for working CXX compiler: /usr/bin/c++ - skipped
[0.666s] -- Detecting CXX compile features
[0.667s] -- Detecting CXX compile features - done
[0.675s] -- Found ament_cmake: 2.5.5 (/opt/ros/jazzy/share/ament_cmake/cmake)
[0.912s] -- Found Python3: /usr/bin/python3 (found version "3.12.3") found components: Interpreter 
[1.018s] -- Override CMake install command with custom implementation using symlinks instead of copying resources
[1.110s] -- Found controller_interface: 4.42.2 (/opt/ros/jazzy/share/controller_interface/cmake)
[1.229s] -- Found rosidl_generator_c: 4.6.7 (/opt/ros/jazzy/share/rosidl_generator_c/cmake)
[1.262s] -- Found rosidl_generator_cpp: 4.6.7 (/opt/ros/jazzy/share/rosidl_generator_cpp/cmake)
[1.297s] -- Using all available rosidl_typesupport_c: rosidl_typesupport_fastrtps_c;rosidl_typesupport_introspection_c
[1.339s] -- Using all available rosidl_typesupport_cpp: rosidl_typesupport_fastrtps_cpp;rosidl_typesupport_introspection_cpp
[1.794s] -- Found TinyXML2 via Config file: /usr/lib/x86_64-linux-gnu/cmake/tinyxml2
[1.901s] -- Found rmw_implementation_cmake: 7.3.3 (/opt/ros/jazzy/share/rmw_implementation_cmake/cmake)
[1.908s] -- Found rmw_fastrtps_cpp: 8.4.3 (/opt/ros/jazzy/share/rmw_fastrtps_cpp/cmake)
[1.965s] -- Found TinyXML2 via Config file: /usr/lib/x86_64-linux-gnu/cmake/tinyxml2
[2.079s] -- Found OpenSSL: /usr/lib/x86_64-linux-gnu/libcrypto.so (found version "3.0.13")  
[2.084s] -- Found TinyXML2 via Config file: /usr/lib/x86_64-linux-gnu/cmake/tinyxml2
[2.123s] -- Found FastRTPS: /opt/ros/jazzy/include (Required is at least version "2.13") 
[2.127s] -- Found TinyXML2 via Config file: /usr/lib/x86_64-linux-gnu/cmake/tinyxml2
[2.143s] -- Found TinyXML2 via Config file: /usr/lib/x86_64-linux-gnu/cmake/tinyxml2
[2.166s] -- Using RMW implementation 'rmw_fastrtps_cpp' as default
[2.710s] -- Found std_srvs: 5.3.6 (/opt/ros/jazzy/share/std_srvs/cmake)
[2.740s] -- Found ament_lint_auto: 0.17.4 (/opt/ros/jazzy/share/ament_lint_auto/cmake)
[2.910s] -- Added test 'cppcheck' to perform static code analysis on C / C++ code
[2.910s] -- Configured cppcheck include dirs: /home/yash/ros2-master_dual_box/ros2-master/src/robotiq_controllers/include
[2.911s] -- Configured cppcheck exclude dirs and/or files: 
[2.912s] -- Added test 'lint_cmake' to check CMake code style
[2.922s] -- Configuring done (2.9s)
[2.971s] -- Generating done (0.0s)
[2.985s] -- Build files have been written to: /home/yash/ros2-master_dual_box/ros2-master/build/robotiq_controllers
[3.012s] Invoked command in '/home/yash/ros2-master_dual_box/ros2-master/build/robotiq_controllers' returned '0': CMAKE_PREFIX_PATH=${CMAKE_PREFIX_PATH}:/opt/ros/jazzy DEBUGINFOD_URLS=https://debuginfod.ubuntu.com /usr/bin/cmake /home/yash/ros2-master_dual_box/ros2-master/src/robotiq_controllers -DAMENT_CMAKE_SYMLINK_INSTALL=1 -DCMAKE_INSTALL_PREFIX=/home/yash/ros2-master_dual_box/ros2-master/install/robotiq_controllers
[3.015s] Invoking command in '/home/yash/ros2-master_dual_box/ros2-master/build/robotiq_controllers': CMAKE_PREFIX_PATH=${CMAKE_PREFIX_PATH}:/opt/ros/jazzy DEBUGINFOD_URLS=https://debuginfod.ubuntu.com /usr/bin/cmake --build /home/yash/ros2-master_dual_box/ros2-master/build/robotiq_controllers -- -j8 -l8
[3.098s] [ 50%] [32mBuilding CXX object CMakeFiles/robotiq_controllers.dir/src/robotiq_activation_controller.cpp.o[0m
[11.298s] [100%] [32m[1mLinking CXX shared library librobotiq_controllers.so[0m
[11.950s] [100%] Built target robotiq_controllers
[12.035s] Invoked command in '/home/yash/ros2-master_dual_box/ros2-master/build/robotiq_controllers' returned '0': CMAKE_PREFIX_PATH=${CMAKE_PREFIX_PATH}:/opt/ros/jazzy DEBUGINFOD_URLS=https://debuginfod.ubuntu.com /usr/bin/cmake --build /home/yash/ros2-master_dual_box/ros2-master/build/robotiq_controllers -- -j8 -l8
[12.036s] Invoking command in '/home/yash/ros2-master_dual_box/ros2-master/build/robotiq_controllers': CMAKE_PREFIX_PATH=${CMAKE_PREFIX_PATH}:/opt/ros/jazzy DEBUGINFOD_URLS=https://debuginfod.ubuntu.com /usr/bin/cmake --install /home/yash/ros2-master_dual_box/ros2-master/build/robotiq_controllers
[12.066s] -- Install configuration: ""
[12.069s] -- Execute custom install script
[12.070s] -- Symlinking: /home/yash/ros2-master_dual_box/ros2-master/install/robotiq_controllers/share/robotiq_controllers//controller_plugins.xml
[12.105s] -- Symlinking: /home/yash/ros2-master_dual_box/ros2-master/install/robotiq_controllers/include/robotiq_controllers/robotiq_activation_controller.hpp
[12.167s] -- Symlinking: /home/yash/ros2-master_dual_box/ros2-master/install/robotiq_controllers/share/robotiq_controllers/environment/library_path.sh
[12.211s] -- Symlinking: /home/yash/ros2-master_dual_box/ros2-master/install/robotiq_controllers/share/robotiq_controllers/environment/library_path.dsv
[12.247s] -- Symlinking: /home/yash/ros2-master_dual_box/ros2-master/install/robotiq_controllers/share/ament_index/resource_index/package_run_dependencies/robotiq_controllers
[12.288s] -- Symlinking: /home/yash/ros2-master_dual_box/ros2-master/install/robotiq_controllers/share/ament_index/resource_index/parent_prefix_path/robotiq_controllers
[12.330s] -- Symlinking: /home/yash/ros2-master_dual_box/ros2-master/install/robotiq_controllers/share/robotiq_controllers/environment/ament_prefix_path.sh
[12.352s] -- Symlinking: /home/yash/ros2-master_dual_box/ros2-master/install/robotiq_controllers/share/robotiq_controllers/environment/ament_prefix_path.dsv
[12.372s] -- Symlinking: /home/yash/ros2-master_dual_box/ros2-master/install/robotiq_controllers/share/robotiq_controllers/environment/path.sh
[12.391s] -- Symlinking: /home/yash/ros2-master_dual_box/ros2-master/install/robotiq_controllers/share/robotiq_controllers/environment/path.dsv
[12.408s] -- Symlinking: /home/yash/ros2-master_dual_box/ros2-master/install/robotiq_controllers/share/robotiq_controllers/local_setup.bash
[12.421s] -- Symlinking: /home/yash/ros2-master_dual_box/ros2-master/install/robotiq_controllers/share/robotiq_controllers/local_setup.sh
[12.434s] -- Symlinking: /home/yash/ros2-master_dual_box/ros2-master/install/robotiq_controllers/share/robotiq_controllers/local_setup.zsh
[12.451s] -- Symlinking: /home/yash/ros2-master_dual_box/ros2-master/install/robotiq_controllers/share/robotiq_controllers/local_setup.dsv
[12.469s] -- Symlinking: /home/yash/ros2-master_dual_box/ros2-master/install/robotiq_controllers/share/robotiq_controllers/package.dsv
[12.482s] -- Symlinking: /home/yash/ros2-master_dual_box/ros2-master/install/robotiq_controllers/share/ament_index/resource_index/packages/robotiq_controllers
[12.496s] -- Symlinking: /home/yash/ros2-master_dual_box/ros2-master/install/robotiq_controllers/share/ament_index/resource_index/controller_interface__pluginlib__plugin/robotiq_controllers
[12.513s] -- Symlinking: /home/yash/ros2-master_dual_box/ros2-master/install/robotiq_controllers/share/robotiq_controllers/cmake/ament_cmake_export_include_directories-extras.cmake
[12.526s] -- Symlinking: /home/yash/ros2-master_dual_box/ros2-master/install/robotiq_controllers/share/robotiq_controllers/cmake/ament_cmake_export_libraries-extras.cmake
[12.540s] -- Symlinking: /home/yash/ros2-master_dual_box/ros2-master/install/robotiq_controllers/share/robotiq_controllers/cmake/ament_cmake_export_targets-extras.cmake
[12.554s] -- Symlinking: /home/yash/ros2-master_dual_box/ros2-master/install/robotiq_controllers/share/robotiq_controllers/cmake/ament_cmake_export_dependencies-extras.cmake
[12.569s] -- Symlinking: /home/yash/ros2-master_dual_box/ros2-master/install/robotiq_controllers/share/robotiq_controllers/cmake/robotiq_controllersConfig.cmake
[12.586s] -- Symlinking: /home/yash/ros2-master_dual_box/ros2-master/install/robotiq_controllers/share/robotiq_controllers/cmake/robotiq_controllersConfig-version.cmake
[12.607s] -- Symlinking: /home/yash/ros2-master_dual_box/ros2-master/install/robotiq_controllers/share/robotiq_controllers/package.xml
[12.639s] -- Installing: /home/yash/ros2-master_dual_box/ros2-master/install/robotiq_controllers/lib/librobotiq_controllers.so
[12.640s] -- Set non-toolchain portion of runtime path of "/home/yash/ros2-master_dual_box/ros2-master/install/robotiq_controllers/lib/librobotiq_controllers.so" to ""
[12.641s] -- Installing: /home/yash/ros2-master_dual_box/ros2-master/install/robotiq_controllers/share/robotiq_controllers/cmake/export_robotiq_controllersExport.cmake
[12.641s] -- Installing: /home/yash/ros2-master_dual_box/ros2-master/install/robotiq_controllers/share/robotiq_controllers/cmake/export_robotiq_controllersExport-noconfig.cmake
[12.653s] Invoked command in '/home/yash/ros2-master_dual_box/ros2-master/build/robotiq_controllers' returned '0': CMAKE_PREFIX_PATH=${CMAKE_PREFIX_PATH}:/opt/ros/jazzy DEBUGINFOD_URLS=https://debuginfod.ubuntu.com /usr/bin/cmake --install /home/yash/ros2-master_dual_box/ros2-master/build/robotiq_controllers
