-- Install configuration: ""
-- Execute custom install script
-- Up-to-date symlink: /home/yash/ros2-master_dual_box/ros2-master/install/ur_description/lib/ur_description/test.py
-- Up-to-date symlink: /home/yash/ros2-master_dual_box/ros2-master/install/ur_description/share/ur_description/config/initial_positions.yaml
-- Up-to-date symlink: /home/yash/ros2-master_dual_box/ros2-master/install/ur_description/share/ur_description/config/kinematics.yaml
-- Up-to-date symlink: /home/yash/ros2-master_dual_box/ros2-master/install/ur_description/share/ur_description/config/ur5/default_kinematics.yaml
-- Up-to-date symlink: /home/yash/ros2-master_dual_box/ros2-master/install/ur_description/share/ur_description/config/ur5/joint_limits.yaml
-- Up-to-date symlink: /home/yash/ros2-master_dual_box/ros2-master/install/ur_description/share/ur_description/config/ur5/physical_parameters.yaml
-- Up-to-date symlink: /home/yash/ros2-master_dual_box/ros2-master/install/ur_description/share/ur_description/config/ur5/physical_parameters_old.yaml
-- Up-to-date symlink: /home/yash/ros2-master_dual_box/ros2-master/install/ur_description/share/ur_description/config/ur5/visual_parameters.yaml
-- Up-to-date symlink: /home/yash/ros2-master_dual_box/ros2-master/install/ur_description/share/ur_description/config/ur_controllers.yaml
-- Up-to-date symlink: /home/yash/ros2-master_dual_box/ros2-master/install/ur_description/share/ur_description/config/ur_table_assembly.srdf
-- Up-to-date symlink: /home/yash/ros2-master_dual_box/ros2-master/install/ur_description/share/ur_description/launch/cleaning_session.launch.py
-- Up-to-date symlink: /home/yash/ros2-master_dual_box/ros2-master/install/ur_description/share/ur_description/launch/view_ur.launch.py
-- Up-to-date symlink: /home/yash/ros2-master_dual_box/ros2-master/install/ur_description/share/ur_description/rviz/view_robot.rviz
[33mCMake Warning (dev) at ament_cmake_symlink_install/ament_cmake_symlink_install.cmake:67 (file):
  Policy CMP0009 is not set: FILE GLOB_RECURSE calls should not follow
  symlinks by default.  Run "cmake --help-policy CMP0009" for policy details.
  Use the cmake_policy command to set the policy and suppress this warning.
Call Stack (most recent call first):
  ament_cmake_symlink_install/ament_cmake_symlink_install.cmake:322 (ament_cmake_symlink_install_directory)
  cmake_install.cmake:46 (include)
This warning is for project developers.  Use -Wno-dev to suppress it.
[0m
-- Up-to-date symlink: /home/yash/ros2-master_dual_box/ros2-master/install/ur_description/share/ur_description/urdf/build/.built_by
-- Up-to-date symlink: /home/yash/ros2-master_dual_box/ros2-master/install/ur_description/share/ur_description/urdf/build/COLCON_IGNORE
-- Up-to-date symlink: /home/yash/ros2-master_dual_box/ros2-master/install/ur_description/share/ur_description/urdf/inc/mop_tool.xacro
-- Up-to-date symlink: /home/yash/ros2-master_dual_box/ros2-master/install/ur_description/share/ur_description/urdf/inc/ros2_control_mock_hardware.xacro
-- Up-to-date symlink: /home/yash/ros2-master_dual_box/ros2-master/install/ur_description/share/ur_description/urdf/inc/ur_common.xacro
-- Up-to-date symlink: /home/yash/ros2-master_dual_box/ros2-master/install/ur_description/share/ur_description/urdf/inc/ur_joint_control.xacro
-- Up-to-date symlink: /home/yash/ros2-master_dual_box/ros2-master/install/ur_description/share/ur_description/urdf/inc/ur_sensors.xacro
-- Up-to-date symlink: /home/yash/ros2-master_dual_box/ros2-master/install/ur_description/share/ur_description/urdf/inc/ur_transmissions.xacro
-- Up-to-date symlink: /home/yash/ros2-master_dual_box/ros2-master/install/ur_description/share/ur_description/urdf/install/.colcon_install_layout
-- Up-to-date symlink: /home/yash/ros2-master_dual_box/ros2-master/install/ur_description/share/ur_description/urdf/install/COLCON_IGNORE
-- Up-to-date symlink: /home/yash/ros2-master_dual_box/ros2-master/install/ur_description/share/ur_description/urdf/install/_local_setup_util_ps1.py
-- Up-to-date symlink: /home/yash/ros2-master_dual_box/ros2-master/install/ur_description/share/ur_description/urdf/install/_local_setup_util_sh.py
-- Up-to-date symlink: /home/yash/ros2-master_dual_box/ros2-master/install/ur_description/share/ur_description/urdf/install/local_setup.bash
-- Up-to-date symlink: /home/yash/ros2-master_dual_box/ros2-master/install/ur_description/share/ur_description/urdf/install/local_setup.ps1
-- Up-to-date symlink: /home/yash/ros2-master_dual_box/ros2-master/install/ur_description/share/ur_description/urdf/install/local_setup.sh
-- Up-to-date symlink: /home/yash/ros2-master_dual_box/ros2-master/install/ur_description/share/ur_description/urdf/install/local_setup.zsh
-- Up-to-date symlink: /home/yash/ros2-master_dual_box/ros2-master/install/ur_description/share/ur_description/urdf/install/setup.bash
-- Up-to-date symlink: /home/yash/ros2-master_dual_box/ros2-master/install/ur_description/share/ur_description/urdf/install/setup.ps1
-- Up-to-date symlink: /home/yash/ros2-master_dual_box/ros2-master/install/ur_description/share/ur_description/urdf/install/setup.sh
-- Up-to-date symlink: /home/yash/ros2-master_dual_box/ros2-master/install/ur_description/share/ur_description/urdf/install/setup.zsh
-- Up-to-date symlink: /home/yash/ros2-master_dual_box/ros2-master/install/ur_description/share/ur_description/urdf/log/COLCON_IGNORE
-- Up-to-date symlink: /home/yash/ros2-master_dual_box/ros2-master/install/ur_description/share/ur_description/urdf/log/build_2026-01-29_00-01-21/events.log
-- Up-to-date symlink: /home/yash/ros2-master_dual_box/ros2-master/install/ur_description/share/ur_description/urdf/log/build_2026-01-29_00-01-21/logger_all.log
-- Up-to-date symlink: /home/yash/ros2-master_dual_box/ros2-master/install/ur_description/share/ur_description/urdf/log/build_2026-01-29_02-49-19/events.log
-- Up-to-date symlink: /home/yash/ros2-master_dual_box/ros2-master/install/ur_description/share/ur_description/urdf/log/build_2026-01-29_02-49-19/logger_all.log
-- Up-to-date symlink: /home/yash/ros2-master_dual_box/ros2-master/install/ur_description/share/ur_description/urdf/log/build_2026-01-29_02-53-56/events.log
-- Up-to-date symlink: /home/yash/ros2-master_dual_box/ros2-master/install/ur_description/share/ur_description/urdf/log/build_2026-01-29_02-53-56/logger_all.log
-- Up-to-date symlink: /home/yash/ros2-master_dual_box/ros2-master/install/ur_description/share/ur_description/urdf/log/latest/events.log
-- Up-to-date symlink: /home/yash/ros2-master_dual_box/ros2-master/install/ur_description/share/ur_description/urdf/log/latest/logger_all.log
-- Up-to-date symlink: /home/yash/ros2-master_dual_box/ros2-master/install/ur_description/share/ur_description/urdf/log/latest_build/events.log
-- Up-to-date symlink: /home/yash/ros2-master_dual_box/ros2-master/install/ur_description/share/ur_description/urdf/log/latest_build/logger_all.log
-- Up-to-date symlink: /home/yash/ros2-master_dual_box/ros2-master/install/ur_description/share/ur_description/urdf/ur.urdf.xacro
-- Up-to-date symlink: /home/yash/ros2-master_dual_box/ros2-master/install/ur_description/share/ur_description/urdf/ur_for_ik.urdf
-- Up-to-date symlink: /home/yash/ros2-master_dual_box/ros2-master/install/ur_description/share/ur_description/urdf/ur_for_ik.urdf~
-- Up-to-date symlink: /home/yash/ros2-master_dual_box/ros2-master/install/ur_description/share/ur_description/urdf/ur_macro.xacro
-- Up-to-date symlink: /home/yash/ros2-master_dual_box/ros2-master/install/ur_description/share/ur_description/urdf/ur_mocked.urdf.xacro
-- Up-to-date symlink: /home/yash/ros2-master_dual_box/ros2-master/install/ur_description/share/ur_description/urdf/ur_mop_standalone.urdf.xacro
-- Up-to-date symlink: /home/yash/ros2-master_dual_box/ros2-master/install/ur_description/share/ur_description/urdf/ur_table_assembly.urdf.xacro
-- Up-to-date symlink: /home/yash/ros2-master_dual_box/ros2-master/install/ur_description/share/ur_description/meshes/mop_base.obj
-- Up-to-date symlink: /home/yash/ros2-master_dual_box/ros2-master/install/ur_description/share/ur_description/meshes/mop_handle.obj
-- Up-to-date symlink: /home/yash/ros2-master_dual_box/ros2-master/install/ur_description/share/ur_description/meshes/table.stl
-- Up-to-date symlink: /home/yash/ros2-master_dual_box/ros2-master/install/ur_description/share/ur_description/meshes/test.stl
-- Up-to-date symlink: /home/yash/ros2-master_dual_box/ros2-master/install/ur_description/share/ur_description/meshes/ur5/collision/base.stl
-- Up-to-date symlink: /home/yash/ros2-master_dual_box/ros2-master/install/ur_description/share/ur_description/meshes/ur5/collision/forearm.stl
-- Up-to-date symlink: /home/yash/ros2-master_dual_box/ros2-master/install/ur_description/share/ur_description/meshes/ur5/collision/shoulder.stl
-- Up-to-date symlink: /home/yash/ros2-master_dual_box/ros2-master/install/ur_description/share/ur_description/meshes/ur5/collision/upperarm.stl
-- Up-to-date symlink: /home/yash/ros2-master_dual_box/ros2-master/install/ur_description/share/ur_description/meshes/ur5/collision/wrist1.stl
-- Up-to-date symlink: /home/yash/ros2-master_dual_box/ros2-master/install/ur_description/share/ur_description/meshes/ur5/collision/wrist2.stl
-- Up-to-date symlink: /home/yash/ros2-master_dual_box/ros2-master/install/ur_description/share/ur_description/meshes/ur5/collision/wrist3.stl
-- Up-to-date symlink: /home/yash/ros2-master_dual_box/ros2-master/install/ur_description/share/ur_description/meshes/ur5/visual/base.dae
-- Up-to-date symlink: /home/yash/ros2-master_dual_box/ros2-master/install/ur_description/share/ur_description/meshes/ur5/visual/forearm.dae
-- Up-to-date symlink: /home/yash/ros2-master_dual_box/ros2-master/install/ur_description/share/ur_description/meshes/ur5/visual/shoulder.dae
-- Up-to-date symlink: /home/yash/ros2-master_dual_box/ros2-master/install/ur_description/share/ur_description/meshes/ur5/visual/upperarm.dae
-- Up-to-date symlink: /home/yash/ros2-master_dual_box/ros2-master/install/ur_description/share/ur_description/meshes/ur5/visual/wrist1.dae
-- Up-to-date symlink: /home/yash/ros2-master_dual_box/ros2-master/install/ur_description/share/ur_description/meshes/ur5/visual/wrist2.dae
-- Up-to-date symlink: /home/yash/ros2-master_dual_box/ros2-master/install/ur_description/share/ur_description/meshes/ur5/visual/wrist3.dae
-- Up-to-date symlink: /home/yash/ros2-master_dual_box/ros2-master/install/ur_description/share/ur_description/data/motion.csv
-- Up-to-date symlink: /home/yash/ros2-master_dual_box/ros2-master/install/ur_description/share/ur_description/launch/cleaning_session.launch.py
-- Up-to-date symlink: /home/yash/ros2-master_dual_box/ros2-master/install/ur_description/share/ur_description/launch/view_ur.launch.py
-- Up-to-date symlink: /home/yash/ros2-master_dual_box/ros2-master/install/ur_description/share/ament_index/resource_index/package_run_dependencies/ur_description
-- Up-to-date symlink: /home/yash/ros2-master_dual_box/ros2-master/install/ur_description/share/ament_index/resource_index/parent_prefix_path/ur_description
-- Up-to-date symlink: /home/yash/ros2-master_dual_box/ros2-master/install/ur_description/share/ur_description/environment/ament_prefix_path.sh
-- Up-to-date symlink: /home/yash/ros2-master_dual_box/ros2-master/install/ur_description/share/ur_description/environment/ament_prefix_path.dsv
-- Up-to-date symlink: /home/yash/ros2-master_dual_box/ros2-master/install/ur_description/share/ur_description/environment/path.sh
-- Up-to-date symlink: /home/yash/ros2-master_dual_box/ros2-master/install/ur_description/share/ur_description/environment/path.dsv
-- Up-to-date symlink: /home/yash/ros2-master_dual_box/ros2-master/install/ur_description/share/ur_description/local_setup.bash
-- Up-to-date symlink: /home/yash/ros2-master_dual_box/ros2-master/install/ur_description/share/ur_description/local_setup.sh
-- Up-to-date symlink: /home/yash/ros2-master_dual_box/ros2-master/install/ur_description/share/ur_description/local_setup.zsh
-- Up-to-date symlink: /home/yash/ros2-master_dual_box/ros2-master/install/ur_description/share/ur_description/local_setup.dsv
-- Symlinking: /home/yash/ros2-master_dual_box/ros2-master/install/ur_description/share/ur_description/package.dsv
-- Up-to-date symlink: /home/yash/ros2-master_dual_box/ros2-master/install/ur_description/share/ament_index/resource_index/packages/ur_description
-- Up-to-date symlink: /home/yash/ros2-master_dual_box/ros2-master/install/ur_description/share/ur_description/cmake/ur_descriptionConfig.cmake
-- Up-to-date symlink: /home/yash/ros2-master_dual_box/ros2-master/install/ur_description/share/ur_description/cmake/ur_descriptionConfig-version.cmake
-- Up-to-date symlink: /home/yash/ros2-master_dual_box/ros2-master/install/ur_description/share/ur_description/package.xml
