[0.039s] Invoking command in '/home/yash/ros2-master_dual_box/ros2-master/build/ur_description': CMAKE_PREFIX_PATH=${CMAKE_PREFIX_PATH}:/opt/ros/jazzy DEBUGINFOD_URLS=https://debuginfod.ubuntu.com /usr/bin/cmake --build /home/yash/ros2-master_dual_box/ros2-master/build/ur_description -- -j8 -l8
[0.137s] Invoked command in '/home/yash/ros2-master_dual_box/ros2-master/build/ur_description' returned '0': CMAKE_PREFIX_PATH=${CMAKE_PREFIX_PATH}:/opt/ros/jazzy DEBUGINFOD_URLS=https://debuginfod.ubuntu.com /usr/bin/cmake --build /home/yash/ros2-master_dual_box/ros2-master/build/ur_description -- -j8 -l8
[0.158s] Invoking command in '/home/yash/ros2-master_dual_box/ros2-master/build/ur_description': CMAKE_PREFIX_PATH=${CMAKE_PREFIX_PATH}:/opt/ros/jazzy DEBUGINFOD_URLS=https://debuginfod.ubuntu.com /usr/bin/cmake --install /home/yash/ros2-master_dual_box/ros2-master/build/ur_description
[0.177s] -- Install configuration: ""
[0.179s] -- Execute custom install script
[0.181s] -- Up-to-date symlink: /home/yash/ros2-master_dual_box/ros2-master/install/ur_description/lib/ur_description/test.py
[0.183s] -- Up-to-date symlink: /home/yash/ros2-master_dual_box/ros2-master/install/ur_description/share/ur_description/config/initial_positions.yaml
[0.184s] -- Up-to-date symlink: /home/yash/ros2-master_dual_box/ros2-master/install/ur_description/share/ur_description/config/kinematics.yaml
[0.185s] -- Up-to-date symlink: /home/yash/ros2-master_dual_box/ros2-master/install/ur_description/share/ur_description/config/ur5/default_kinematics.yaml
[0.185s] -- Up-to-date symlink: /home/yash/ros2-master_dual_box/ros2-master/install/ur_description/share/ur_description/config/ur5/joint_limits.yaml
[0.186s] -- Up-to-date symlink: /home/yash/ros2-master_dual_box/ros2-master/install/ur_description/share/ur_description/config/ur5/physical_parameters.yaml
[0.187s] -- Up-to-date symlink: /home/yash/ros2-master_dual_box/ros2-master/install/ur_description/share/ur_description/config/ur5/physical_parameters_old.yaml
[0.189s] -- Up-to-date symlink: /home/yash/ros2-master_dual_box/ros2-master/install/ur_description/share/ur_description/config/ur5/visual_parameters.yaml
[0.192s] -- Up-to-date symlink: /home/yash/ros2-master_dual_box/ros2-master/install/ur_description/share/ur_description/config/ur_controllers.yaml
[0.193s] -- Up-to-date symlink: /home/yash/ros2-master_dual_box/ros2-master/install/ur_description/share/ur_description/config/ur_table_assembly.srdf
[0.193s] -- Up-to-date symlink: /home/yash/ros2-master_dual_box/ros2-master/install/ur_description/share/ur_description/launch/cleaning_session.launch.py
[0.193s] -- Up-to-date symlink: /home/yash/ros2-master_dual_box/ros2-master/install/ur_description/share/ur_description/launch/view_ur.launch.py
[0.193s] -- Up-to-date symlink: /home/yash/ros2-master_dual_box/ros2-master/install/ur_description/share/ur_description/rviz/view_robot.rviz
[0.193s] [33mCMake Warning (dev) at ament_cmake_symlink_install/ament_cmake_symlink_install.cmake:67 (file):
[0.194s]   Policy CMP0009 is not set: FILE GLOB_RECURSE calls should not follow
[0.194s]   symlinks by default.  Run "cmake --help-policy CMP0009" for policy details.
[0.194s]   Use the cmake_policy command to set the policy and suppress this warning.
[0.195s] Call Stack (most recent call first):
[0.195s]   ament_cmake_symlink_install/ament_cmake_symlink_install.cmake:322 (ament_cmake_symlink_install_directory)
[0.195s]   cmake_install.cmake:46 (include)
[0.195s] This warning is for project developers.  Use -Wno-dev to suppress it.
[0.195s] [0m
[0.201s] -- Up-to-date symlink: /home/yash/ros2-master_dual_box/ros2-master/install/ur_description/share/ur_description/urdf/build/.built_by
[0.201s] -- Up-to-date symlink: /home/yash/ros2-master_dual_box/ros2-master/install/ur_description/share/ur_description/urdf/build/COLCON_IGNORE
[0.201s] -- Up-to-date symlink: /home/yash/ros2-master_dual_box/ros2-master/install/ur_description/share/ur_description/urdf/inc/mop_tool.xacro
[0.202s] -- Up-to-date symlink: /home/yash/ros2-master_dual_box/ros2-master/install/ur_description/share/ur_description/urdf/inc/ros2_control_mock_hardware.xacro
[0.203s] -- Up-to-date symlink: /home/yash/ros2-master_dual_box/ros2-master/install/ur_description/share/ur_description/urdf/inc/ur_common.xacro
[0.203s] -- Up-to-date symlink: /home/yash/ros2-master_dual_box/ros2-master/install/ur_description/share/ur_description/urdf/inc/ur_joint_control.xacro
[0.203s] -- Up-to-date symlink: /home/yash/ros2-master_dual_box/ros2-master/install/ur_description/share/ur_description/urdf/inc/ur_sensors.xacro
[0.204s] -- Up-to-date symlink: /home/yash/ros2-master_dual_box/ros2-master/install/ur_description/share/ur_description/urdf/inc/ur_transmissions.xacro
[0.204s] -- Up-to-date symlink: /home/yash/ros2-master_dual_box/ros2-master/install/ur_description/share/ur_description/urdf/install/.colcon_install_layout
[0.204s] -- Up-to-date symlink: /home/yash/ros2-master_dual_box/ros2-master/install/ur_description/share/ur_description/urdf/install/COLCON_IGNORE
[0.204s] -- Up-to-date symlink: /home/yash/ros2-master_dual_box/ros2-master/install/ur_description/share/ur_description/urdf/install/_local_setup_util_ps1.py
[0.204s] -- Up-to-date symlink: /home/yash/ros2-master_dual_box/ros2-master/install/ur_description/share/ur_description/urdf/install/_local_setup_util_sh.py
[0.204s] -- Up-to-date symlink: /home/yash/ros2-master_dual_box/ros2-master/install/ur_description/share/ur_description/urdf/install/local_setup.bash
[0.204s] -- Up-to-date symlink: /home/yash/ros2-master_dual_box/ros2-master/install/ur_description/share/ur_description/urdf/install/local_setup.ps1
[0.205s] -- Up-to-date symlink: /home/yash/ros2-master_dual_box/ros2-master/install/ur_description/share/ur_description/urdf/install/local_setup.sh
[0.205s] -- Up-to-date symlink: /home/yash/ros2-master_dual_box/ros2-master/install/ur_description/share/ur_description/urdf/install/local_setup.zsh
[0.205s] -- Up-to-date symlink: /home/yash/ros2-master_dual_box/ros2-master/install/ur_description/share/ur_description/urdf/install/setup.bash
[0.205s] -- Up-to-date symlink: /home/yash/ros2-master_dual_box/ros2-master/install/ur_description/share/ur_description/urdf/install/setup.ps1
[0.208s] -- Up-to-date symlink: /home/yash/ros2-master_dual_box/ros2-master/install/ur_description/share/ur_description/urdf/install/setup.sh
[0.209s] -- Up-to-date symlink: /home/yash/ros2-master_dual_box/ros2-master/install/ur_description/share/ur_description/urdf/install/setup.zsh
[0.209s] -- Up-to-date symlink: /home/yash/ros2-master_dual_box/ros2-master/install/ur_description/share/ur_description/urdf/log/COLCON_IGNORE
[0.209s] -- Up-to-date symlink: /home/yash/ros2-master_dual_box/ros2-master/install/ur_description/share/ur_description/urdf/log/build_2026-01-29_00-01-21/events.log
[0.210s] -- Up-to-date symlink: /home/yash/ros2-master_dual_box/ros2-master/install/ur_description/share/ur_description/urdf/log/build_2026-01-29_00-01-21/logger_all.log
[0.210s] -- Up-to-date symlink: /home/yash/ros2-master_dual_box/ros2-master/install/ur_description/share/ur_description/urdf/log/build_2026-01-29_02-49-19/events.log
[0.210s] -- Up-to-date symlink: /home/yash/ros2-master_dual_box/ros2-master/install/ur_description/share/ur_description/urdf/log/build_2026-01-29_02-49-19/logger_all.log
[0.212s] -- Up-to-date symlink: /home/yash/ros2-master_dual_box/ros2-master/install/ur_description/share/ur_description/urdf/log/build_2026-01-29_02-53-56/events.log
[0.213s] -- Up-to-date symlink: /home/yash/ros2-master_dual_box/ros2-master/install/ur_description/share/ur_description/urdf/log/build_2026-01-29_02-53-56/logger_all.log
[0.215s] -- Up-to-date symlink: /home/yash/ros2-master_dual_box/ros2-master/install/ur_description/share/ur_description/urdf/log/latest/events.log
[0.215s] -- Up-to-date symlink: /home/yash/ros2-master_dual_box/ros2-master/install/ur_description/share/ur_description/urdf/log/latest/logger_all.log
[0.216s] -- Up-to-date symlink: /home/yash/ros2-master_dual_box/ros2-master/install/ur_description/share/ur_description/urdf/log/latest_build/events.log
[0.218s] -- Up-to-date symlink: /home/yash/ros2-master_dual_box/ros2-master/install/ur_description/share/ur_description/urdf/log/latest_build/logger_all.log
[0.218s] -- Up-to-date symlink: /home/yash/ros2-master_dual_box/ros2-master/install/ur_description/share/ur_description/urdf/ur.urdf.xacro
[0.218s] -- Up-to-date symlink: /home/yash/ros2-master_dual_box/ros2-master/install/ur_description/share/ur_description/urdf/ur_for_ik.urdf
[0.219s] -- Up-to-date symlink: /home/yash/ros2-master_dual_box/ros2-master/install/ur_description/share/ur_description/urdf/ur_for_ik.urdf~
[0.219s] -- Up-to-date symlink: /home/yash/ros2-master_dual_box/ros2-master/install/ur_description/share/ur_description/urdf/ur_macro.xacro
[0.219s] -- Up-to-date symlink: /home/yash/ros2-master_dual_box/ros2-master/install/ur_description/share/ur_description/urdf/ur_mocked.urdf.xacro
[0.219s] -- Up-to-date symlink: /home/yash/ros2-master_dual_box/ros2-master/install/ur_description/share/ur_description/urdf/ur_mop_standalone.urdf.xacro
[0.219s] -- Up-to-date symlink: /home/yash/ros2-master_dual_box/ros2-master/install/ur_description/share/ur_description/urdf/ur_table_assembly.urdf.xacro
[0.219s] -- Up-to-date symlink: /home/yash/ros2-master_dual_box/ros2-master/install/ur_description/share/ur_description/meshes/mop_base.obj
[0.219s] -- Up-to-date symlink: /home/yash/ros2-master_dual_box/ros2-master/install/ur_description/share/ur_description/meshes/mop_handle.obj
[0.220s] -- Up-to-date symlink: /home/yash/ros2-master_dual_box/ros2-master/install/ur_description/share/ur_description/meshes/table.stl
[0.220s] -- Up-to-date symlink: /home/yash/ros2-master_dual_box/ros2-master/install/ur_description/share/ur_description/meshes/test.stl
[0.220s] -- Up-to-date symlink: /home/yash/ros2-master_dual_box/ros2-master/install/ur_description/share/ur_description/meshes/ur5/collision/base.stl
[0.220s] -- Up-to-date symlink: /home/yash/ros2-master_dual_box/ros2-master/install/ur_description/share/ur_description/meshes/ur5/collision/forearm.stl
[0.220s] -- Up-to-date symlink: /home/yash/ros2-master_dual_box/ros2-master/install/ur_description/share/ur_description/meshes/ur5/collision/shoulder.stl
[0.220s] -- Up-to-date symlink: /home/yash/ros2-master_dual_box/ros2-master/install/ur_description/share/ur_description/meshes/ur5/collision/upperarm.stl
[0.223s] -- Up-to-date symlink: /home/yash/ros2-master_dual_box/ros2-master/install/ur_description/share/ur_description/meshes/ur5/collision/wrist1.stl
[0.223s] -- Up-to-date symlink: /home/yash/ros2-master_dual_box/ros2-master/install/ur_description/share/ur_description/meshes/ur5/collision/wrist2.stl
[0.223s] -- Up-to-date symlink: /home/yash/ros2-master_dual_box/ros2-master/install/ur_description/share/ur_description/meshes/ur5/collision/wrist3.stl
[0.223s] -- Up-to-date symlink: /home/yash/ros2-master_dual_box/ros2-master/install/ur_description/share/ur_description/meshes/ur5/visual/base.dae
[0.223s] -- Up-to-date symlink: /home/yash/ros2-master_dual_box/ros2-master/install/ur_description/share/ur_description/meshes/ur5/visual/forearm.dae
[0.223s] -- Up-to-date symlink: /home/yash/ros2-master_dual_box/ros2-master/install/ur_description/share/ur_description/meshes/ur5/visual/shoulder.dae
[0.223s] -- Up-to-date symlink: /home/yash/ros2-master_dual_box/ros2-master/install/ur_description/share/ur_description/meshes/ur5/visual/upperarm.dae
[0.223s] -- Up-to-date symlink: /home/yash/ros2-master_dual_box/ros2-master/install/ur_description/share/ur_description/meshes/ur5/visual/wrist1.dae
[0.223s] -- Up-to-date symlink: /home/yash/ros2-master_dual_box/ros2-master/install/ur_description/share/ur_description/meshes/ur5/visual/wrist2.dae
[0.224s] -- Up-to-date symlink: /home/yash/ros2-master_dual_box/ros2-master/install/ur_description/share/ur_description/meshes/ur5/visual/wrist3.dae
[0.224s] -- Up-to-date symlink: /home/yash/ros2-master_dual_box/ros2-master/install/ur_description/share/ur_description/data/motion.csv
[0.224s] -- Up-to-date symlink: /home/yash/ros2-master_dual_box/ros2-master/install/ur_description/share/ur_description/launch/cleaning_session.launch.py
[0.224s] -- Up-to-date symlink: /home/yash/ros2-master_dual_box/ros2-master/install/ur_description/share/ur_description/launch/view_ur.launch.py
[0.224s] -- Up-to-date symlink: /home/yash/ros2-master_dual_box/ros2-master/install/ur_description/share/ament_index/resource_index/package_run_dependencies/ur_description
[0.225s] -- Up-to-date symlink: /home/yash/ros2-master_dual_box/ros2-master/install/ur_description/share/ament_index/resource_index/parent_prefix_path/ur_description
[0.225s] -- Up-to-date symlink: /home/yash/ros2-master_dual_box/ros2-master/install/ur_description/share/ur_description/environment/ament_prefix_path.sh
[0.225s] -- Up-to-date symlink: /home/yash/ros2-master_dual_box/ros2-master/install/ur_description/share/ur_description/environment/ament_prefix_path.dsv
[0.225s] -- Up-to-date symlink: /home/yash/ros2-master_dual_box/ros2-master/install/ur_description/share/ur_description/environment/path.sh
[0.225s] -- Up-to-date symlink: /home/yash/ros2-master_dual_box/ros2-master/install/ur_description/share/ur_description/environment/path.dsv
[0.226s] -- Up-to-date symlink: /home/yash/ros2-master_dual_box/ros2-master/install/ur_description/share/ur_description/local_setup.bash
[0.226s] -- Up-to-date symlink: /home/yash/ros2-master_dual_box/ros2-master/install/ur_description/share/ur_description/local_setup.sh
[0.226s] -- Up-to-date symlink: /home/yash/ros2-master_dual_box/ros2-master/install/ur_description/share/ur_description/local_setup.zsh
[0.227s] -- Up-to-date symlink: /home/yash/ros2-master_dual_box/ros2-master/install/ur_description/share/ur_description/local_setup.dsv
[0.227s] -- Symlinking: /home/yash/ros2-master_dual_box/ros2-master/install/ur_description/share/ur_description/package.dsv
[0.243s] -- Up-to-date symlink: /home/yash/ros2-master_dual_box/ros2-master/install/ur_description/share/ament_index/resource_index/packages/ur_description
[0.244s] -- Up-to-date symlink: /home/yash/ros2-master_dual_box/ros2-master/install/ur_description/share/ur_description/cmake/ur_descriptionConfig.cmake
[0.249s] -- Up-to-date symlink: /home/yash/ros2-master_dual_box/ros2-master/install/ur_description/share/ur_description/cmake/ur_descriptionConfig-version.cmake
[0.251s] -- Up-to-date symlink: /home/yash/ros2-master_dual_box/ros2-master/install/ur_description/share/ur_description/package.xml
[0.257s] Invoked command in '/home/yash/ros2-master_dual_box/ros2-master/build/ur_description' returned '0': CMAKE_PREFIX_PATH=${CMAKE_PREFIX_PATH}:/opt/ros/jazzy DEBUGINFOD_URLS=https://debuginfod.ubuntu.com /usr/bin/cmake --install /home/yash/ros2-master_dual_box/ros2-master/build/ur_description
