-- Found ament_cmake: 2.5.4 (/opt/ros/jazzy/share/ament_cmake/cmake)
-- Override CMake install command with custom implementation using symlinks instead of copying resources
-- Configuring done (0.2s)
-- Generating done (0.0s)
-- Build files have been written to: /home/yashrakesh/ros2_ws/build/ur_description
-- Install configuration: ""
-- Execute custom install script
-- Up-to-date symlink: /home/yashrakesh/ros2_ws/install/ur_description/lib/ur_description/test.py
-- Up-to-date symlink: /home/yashrakesh/ros2_ws/install/ur_description/share/ur_description/config/kinematics.yaml
-- Up-to-date symlink: /home/yashrakesh/ros2_ws/install/ur_description/share/ur_description/config/ur5e/default_kinematics.yaml
-- Up-to-date symlink: /home/yashrakesh/ros2_ws/install/ur_description/share/ur_description/config/ur5e/joint_limits.yaml
-- Up-to-date symlink: /home/yashrakesh/ros2_ws/install/ur_description/share/ur_description/config/ur5e/physical_parameters.yaml
-- Up-to-date symlink: /home/yashrakesh/ros2_ws/install/ur_description/share/ur_description/config/ur5e/visual_parameters.yaml
-- Up-to-date symlink: /home/yashrakesh/ros2_ws/install/ur_description/share/ur_description/config/ur_controllers.yaml
-- Up-to-date symlink: /home/yashrakesh/ros2_ws/install/ur_description/share/ur_description/launch/cleaning_session.launch.py
-- Up-to-date symlink: /home/yashrakesh/ros2_ws/install/ur_description/share/ur_description/launch/view_ur.launch.py
-- Up-to-date symlink: /home/yashrakesh/ros2_ws/install/ur_description/share/ur_description/rviz/view_robot.rviz
-- Symlinking: /home/yashrakesh/ros2_ws/install/ur_description/share/ur_description/urdf/build/.built_by
-- Symlinking: /home/yashrakesh/ros2_ws/install/ur_description/share/ur_description/urdf/build/COLCON_IGNORE
-- Up-to-date symlink: /home/yashrakesh/ros2_ws/install/ur_description/share/ur_description/urdf/inc/mop_tool.xacro
-- Up-to-date symlink: /home/yashrakesh/ros2_ws/install/ur_description/share/ur_description/urdf/inc/ros2_control_mock_hardware.xacro
-- Up-to-date symlink: /home/yashrakesh/ros2_ws/install/ur_description/share/ur_description/urdf/inc/ur_common.xacro
-- Up-to-date symlink: /home/yashrakesh/ros2_ws/install/ur_description/share/ur_description/urdf/inc/ur_joint_control.xacro
-- Up-to-date symlink: /home/yashrakesh/ros2_ws/install/ur_description/share/ur_description/urdf/inc/ur_sensors.xacro
-- Up-to-date symlink: /home/yashrakesh/ros2_ws/install/ur_description/share/ur_description/urdf/inc/ur_transmissions.xacro
-- Symlinking: /home/yashrakesh/ros2_ws/install/ur_description/share/ur_description/urdf/install/.colcon_install_layout
-- Symlinking: /home/yashrakesh/ros2_ws/install/ur_description/share/ur_description/urdf/install/COLCON_IGNORE
-- Symlinking: /home/yashrakesh/ros2_ws/install/ur_description/share/ur_description/urdf/install/_local_setup_util_ps1.py
-- Symlinking: /home/yashrakesh/ros2_ws/install/ur_description/share/ur_description/urdf/install/_local_setup_util_sh.py
-- Symlinking: /home/yashrakesh/ros2_ws/install/ur_description/share/ur_description/urdf/install/local_setup.bash
-- Symlinking: /home/yashrakesh/ros2_ws/install/ur_description/share/ur_description/urdf/install/local_setup.ps1
-- Symlinking: /home/yashrakesh/ros2_ws/install/ur_description/share/ur_description/urdf/install/local_setup.sh
-- Symlinking: /home/yashrakesh/ros2_ws/install/ur_description/share/ur_description/urdf/install/local_setup.zsh
-- Symlinking: /home/yashrakesh/ros2_ws/install/ur_description/share/ur_description/urdf/install/setup.bash
-- Symlinking: /home/yashrakesh/ros2_ws/install/ur_description/share/ur_description/urdf/install/setup.ps1
-- Symlinking: /home/yashrakesh/ros2_ws/install/ur_description/share/ur_description/urdf/install/setup.sh
-- Symlinking: /home/yashrakesh/ros2_ws/install/ur_description/share/ur_description/urdf/install/setup.zsh
-- Symlinking: /home/yashrakesh/ros2_ws/install/ur_description/share/ur_description/urdf/log/COLCON_IGNORE
-- Symlinking: /home/yashrakesh/ros2_ws/install/ur_description/share/ur_description/urdf/log/build_2026-01-29_00-01-21/events.log
-- Symlinking: /home/yashrakesh/ros2_ws/install/ur_description/share/ur_description/urdf/log/build_2026-01-29_00-01-21/logger_all.log
-- Symlinking: /home/yashrakesh/ros2_ws/install/ur_description/share/ur_description/urdf/log/latest/events.log
-- Symlinking: /home/yashrakesh/ros2_ws/install/ur_description/share/ur_description/urdf/log/latest/logger_all.log
-- Symlinking: /home/yashrakesh/ros2_ws/install/ur_description/share/ur_description/urdf/log/latest_build/events.log
-- Symlinking: /home/yashrakesh/ros2_ws/install/ur_description/share/ur_description/urdf/log/latest_build/logger_all.log
-- Up-to-date symlink: /home/yashrakesh/ros2_ws/install/ur_description/share/ur_description/urdf/ur.urdf.xacro
-- Up-to-date symlink: /home/yashrakesh/ros2_ws/install/ur_description/share/ur_description/urdf/ur_for_ik.urdf
-- Up-to-date symlink: /home/yashrakesh/ros2_ws/install/ur_description/share/ur_description/urdf/ur_macro.xacro
-- Up-to-date symlink: /home/yashrakesh/ros2_ws/install/ur_description/share/ur_description/urdf/ur_mocked.urdf.xacro
-- Up-to-date symlink: /home/yashrakesh/ros2_ws/install/ur_description/share/ur_description/urdf/ur_mop_standalone.urdf.xacro
-- Up-to-date symlink: /home/yashrakesh/ros2_ws/install/ur_description/share/ur_description/urdf/ur_table_assembly.urdf.xacro
-- Up-to-date symlink: /home/yashrakesh/ros2_ws/install/ur_description/share/ur_description/meshes/mop_base.obj
-- Up-to-date symlink: /home/yashrakesh/ros2_ws/install/ur_description/share/ur_description/meshes/mop_handle.obj
-- Up-to-date symlink: /home/yashrakesh/ros2_ws/install/ur_description/share/ur_description/meshes/table.stl
-- Up-to-date symlink: /home/yashrakesh/ros2_ws/install/ur_description/share/ur_description/meshes/test.stl
-- Up-to-date symlink: /home/yashrakesh/ros2_ws/install/ur_description/share/ur_description/meshes/ur5e/collision/base.stl
-- Up-to-date symlink: /home/yashrakesh/ros2_ws/install/ur_description/share/ur_description/meshes/ur5e/collision/forearm.stl
-- Up-to-date symlink: /home/yashrakesh/ros2_ws/install/ur_description/share/ur_description/meshes/ur5e/collision/shoulder.stl
-- Up-to-date symlink: /home/yashrakesh/ros2_ws/install/ur_description/share/ur_description/meshes/ur5e/collision/upperarm.stl
-- Up-to-date symlink: /home/yashrakesh/ros2_ws/install/ur_description/share/ur_description/meshes/ur5e/collision/wrist1.stl
-- Up-to-date symlink: /home/yashrakesh/ros2_ws/install/ur_description/share/ur_description/meshes/ur5e/collision/wrist2.stl
-- Up-to-date symlink: /home/yashrakesh/ros2_ws/install/ur_description/share/ur_description/meshes/ur5e/collision/wrist3.stl
-- Up-to-date symlink: /home/yashrakesh/ros2_ws/install/ur_description/share/ur_description/meshes/ur5e/visual/base.dae
-- Up-to-date symlink: /home/yashrakesh/ros2_ws/install/ur_description/share/ur_description/meshes/ur5e/visual/forearm.dae
-- Up-to-date symlink: /home/yashrakesh/ros2_ws/install/ur_description/share/ur_description/meshes/ur5e/visual/shoulder.dae
-- Up-to-date symlink: /home/yashrakesh/ros2_ws/install/ur_description/share/ur_description/meshes/ur5e/visual/upperarm.dae
-- Up-to-date symlink: /home/yashrakesh/ros2_ws/install/ur_description/share/ur_description/meshes/ur5e/visual/wrist1.dae
-- Up-to-date symlink: /home/yashrakesh/ros2_ws/install/ur_description/share/ur_description/meshes/ur5e/visual/wrist2.dae
-- Up-to-date symlink: /home/yashrakesh/ros2_ws/install/ur_description/share/ur_description/meshes/ur5e/visual/wrist3.dae
-- Up-to-date symlink: /home/yashrakesh/ros2_ws/install/ur_description/share/ur_description/data/motion.csv
-- Up-to-date symlink: /home/yashrakesh/ros2_ws/install/ur_description/share/ament_index/resource_index/package_run_dependencies/ur_description
-- Up-to-date symlink: /home/yashrakesh/ros2_ws/install/ur_description/share/ament_index/resource_index/parent_prefix_path/ur_description
-- Up-to-date symlink: /home/yashrakesh/ros2_ws/install/ur_description/share/ur_description/environment/ament_prefix_path.sh
-- Up-to-date symlink: /home/yashrakesh/ros2_ws/install/ur_description/share/ur_description/environment/ament_prefix_path.dsv
-- Up-to-date symlink: /home/yashrakesh/ros2_ws/install/ur_description/share/ur_description/environment/path.sh
-- Up-to-date symlink: /home/yashrakesh/ros2_ws/install/ur_description/share/ur_description/environment/path.dsv
-- Up-to-date symlink: /home/yashrakesh/ros2_ws/install/ur_description/share/ur_description/local_setup.bash
-- Up-to-date symlink: /home/yashrakesh/ros2_ws/install/ur_description/share/ur_description/local_setup.sh
-- Up-to-date symlink: /home/yashrakesh/ros2_ws/install/ur_description/share/ur_description/local_setup.zsh
-- Up-to-date symlink: /home/yashrakesh/ros2_ws/install/ur_description/share/ur_description/local_setup.dsv
-- Symlinking: /home/yashrakesh/ros2_ws/install/ur_description/share/ur_description/package.dsv
-- Up-to-date symlink: /home/yashrakesh/ros2_ws/install/ur_description/share/ament_index/resource_index/packages/ur_description
-- Up-to-date symlink: /home/yashrakesh/ros2_ws/install/ur_description/share/ur_description/cmake/ur_descriptionConfig.cmake
-- Up-to-date symlink: /home/yashrakesh/ros2_ws/install/ur_description/share/ur_description/cmake/ur_descriptionConfig-version.cmake
-- Up-to-date symlink: /home/yashrakesh/ros2_ws/install/ur_description/share/ur_description/package.xml
