[0.004s] Invoking command in '/home/yashrakesh/ros2_ws/build/ur_description': CMAKE_PREFIX_PATH=${CMAKE_PREFIX_PATH}:/opt/ros/jazzy DEBUGINFOD_URLS=https://debuginfod.ubuntu.com /usr/bin/cmake /home/yashrakesh/ros2_ws/src/ur_description -DCMAKE_INSTALL_PREFIX=/home/yashrakesh/ros2_ws/install/ur_description
[0.054s] -- The C compiler identification is GNU 13.3.0
[0.096s] -- The CXX compiler identification is GNU 13.3.0
[0.103s] -- Detecting C compiler ABI info
[0.137s] -- Detecting C compiler ABI info - done
[0.141s] -- Check for working C compiler: /usr/bin/cc - skipped
[0.142s] -- Detecting C compile features
[0.142s] -- Detecting C compile features - done
[0.146s] -- Detecting CXX compiler ABI info
[0.181s] -- Detecting CXX compiler ABI info - done
[0.185s] -- Check for working CXX compiler: /usr/bin/c++ - skipped
[0.185s] -- Detecting CXX compile features
[0.185s] -- Detecting CXX compile features - done
[0.190s] -- Found ament_cmake: 2.5.4 (/opt/ros/jazzy/share/ament_cmake/cmake)
[0.254s] -- Found Python3: /usr/bin/python3 (found version "3.12.3") found components: Interpreter 
[0.349s] -- Configuring done (0.3s)
[0.350s] -- Generating done (0.0s)
[0.350s] -- Build files have been written to: /home/yashrakesh/ros2_ws/build/ur_description
[0.353s] Invoked command in '/home/yashrakesh/ros2_ws/build/ur_description' returned '0': CMAKE_PREFIX_PATH=${CMAKE_PREFIX_PATH}:/opt/ros/jazzy DEBUGINFOD_URLS=https://debuginfod.ubuntu.com /usr/bin/cmake /home/yashrakesh/ros2_ws/src/ur_description -DCMAKE_INSTALL_PREFIX=/home/yashrakesh/ros2_ws/install/ur_description
[0.353s] Invoking command in '/home/yashrakesh/ros2_ws/build/ur_description': CMAKE_PREFIX_PATH=${CMAKE_PREFIX_PATH}:/opt/ros/jazzy DEBUGINFOD_URLS=https://debuginfod.ubuntu.com /usr/bin/cmake --build /home/yashrakesh/ros2_ws/build/ur_description -- -j16 -l16
[0.369s] Invoked command in '/home/yashrakesh/ros2_ws/build/ur_description' returned '0': CMAKE_PREFIX_PATH=${CMAKE_PREFIX_PATH}:/opt/ros/jazzy DEBUGINFOD_URLS=https://debuginfod.ubuntu.com /usr/bin/cmake --build /home/yashrakesh/ros2_ws/build/ur_description -- -j16 -l16
[0.372s] Invoking command in '/home/yashrakesh/ros2_ws/build/ur_description': CMAKE_PREFIX_PATH=${CMAKE_PREFIX_PATH}:/opt/ros/jazzy DEBUGINFOD_URLS=https://debuginfod.ubuntu.com /usr/bin/cmake --install /home/yashrakesh/ros2_ws/build/ur_description
[0.374s] -- Install configuration: ""
[0.375s] -- Installing: /home/yashrakesh/ros2_ws/install/ur_description/lib/ur_description/test.py
[0.375s] -- Installing: /home/yashrakesh/ros2_ws/install/ur_description/share/ur_description/config
[0.375s] -- Installing: /home/yashrakesh/ros2_ws/install/ur_description/share/ur_description/config/ur_controllers.yaml
[0.375s] -- Installing: /home/yashrakesh/ros2_ws/install/ur_description/share/ur_description/config/ur5e
[0.375s] -- Installing: /home/yashrakesh/ros2_ws/install/ur_description/share/ur_description/config/ur5e/default_kinematics.yaml
[0.375s] -- Installing: /home/yashrakesh/ros2_ws/install/ur_description/share/ur_description/config/ur5e/visual_parameters.yaml
[0.375s] -- Installing: /home/yashrakesh/ros2_ws/install/ur_description/share/ur_description/config/ur5e/joint_limits.yaml
[0.375s] -- Installing: /home/yashrakesh/ros2_ws/install/ur_description/share/ur_description/config/ur5e/physical_parameters.yaml
[0.375s] -- Installing: /home/yashrakesh/ros2_ws/install/ur_description/share/ur_description/config/kinematics.yaml
[0.375s] -- Installing: /home/yashrakesh/ros2_ws/install/ur_description/share/ur_description/launch
[0.376s] -- Installing: /home/yashrakesh/ros2_ws/install/ur_description/share/ur_description/launch/cleaning_session.launch.py
[0.376s] -- Installing: /home/yashrakesh/ros2_ws/install/ur_description/share/ur_description/launch/view_ur.launch.py
[0.376s] -- Installing: /home/yashrakesh/ros2_ws/install/ur_description/share/ur_description/rviz
[0.376s] -- Installing: /home/yashrakesh/ros2_ws/install/ur_description/share/ur_description/rviz/view_robot.rviz
[0.376s] -- Installing: /home/yashrakesh/ros2_ws/install/ur_description/share/ur_description/urdf
[0.376s] -- Installing: /home/yashrakesh/ros2_ws/install/ur_description/share/ur_description/urdf/ur_macro.xacro
[0.376s] -- Installing: /home/yashrakesh/ros2_ws/install/ur_description/share/ur_description/urdf/ur_for_ik.urdf
[0.376s] -- Installing: /home/yashrakesh/ros2_ws/install/ur_description/share/ur_description/urdf/install
[0.376s] -- Installing: /home/yashrakesh/ros2_ws/install/ur_description/share/ur_description/urdf/install/local_setup.zsh
[0.376s] -- Installing: /home/yashrakesh/ros2_ws/install/ur_description/share/ur_description/urdf/install/setup.zsh
[0.376s] -- Installing: /home/yashrakesh/ros2_ws/install/ur_description/share/ur_description/urdf/install/local_setup.sh
[0.376s] -- Installing: /home/yashrakesh/ros2_ws/install/ur_description/share/ur_description/urdf/install/setup.ps1
[0.376s] -- Installing: /home/yashrakesh/ros2_ws/install/ur_description/share/ur_description/urdf/install/local_setup.ps1
[0.376s] -- Installing: /home/yashrakesh/ros2_ws/install/ur_description/share/ur_description/urdf/install/setup.sh
[0.376s] -- Installing: /home/yashrakesh/ros2_ws/install/ur_description/share/ur_description/urdf/install/.colcon_install_layout
[0.376s] -- Installing: /home/yashrakesh/ros2_ws/install/ur_description/share/ur_description/urdf/install/_local_setup_util_sh.py
[0.377s] -- Installing: /home/yashrakesh/ros2_ws/install/ur_description/share/ur_description/urdf/install/local_setup.bash
[0.377s] -- Installing: /home/yashrakesh/ros2_ws/install/ur_description/share/ur_description/urdf/install/setup.bash
[0.377s] -- Installing: /home/yashrakesh/ros2_ws/install/ur_description/share/ur_description/urdf/install/COLCON_IGNORE
[0.377s] -- Installing: /home/yashrakesh/ros2_ws/install/ur_description/share/ur_description/urdf/install/_local_setup_util_ps1.py
[0.377s] -- Installing: /home/yashrakesh/ros2_ws/install/ur_description/share/ur_description/urdf/log
[0.377s] -- Installing: /home/yashrakesh/ros2_ws/install/ur_description/share/ur_description/urdf/log/build_2026-01-29_00-01-21
[0.377s] -- Installing: /home/yashrakesh/ros2_ws/install/ur_description/share/ur_description/urdf/log/build_2026-01-29_00-01-21/logger_all.log
[0.377s] -- Installing: /home/yashrakesh/ros2_ws/install/ur_description/share/ur_description/urdf/log/build_2026-01-29_00-01-21/events.log
[0.377s] -- Installing: /home/yashrakesh/ros2_ws/install/ur_description/share/ur_description/urdf/log/latest
[0.377s] -- Installing: /home/yashrakesh/ros2_ws/install/ur_description/share/ur_description/urdf/log/COLCON_IGNORE
[0.377s] -- Installing: /home/yashrakesh/ros2_ws/install/ur_description/share/ur_description/urdf/log/latest_build
[0.377s] -- Installing: /home/yashrakesh/ros2_ws/install/ur_description/share/ur_description/urdf/build
[0.377s] -- Installing: /home/yashrakesh/ros2_ws/install/ur_description/share/ur_description/urdf/build/.built_by
[0.377s] -- Installing: /home/yashrakesh/ros2_ws/install/ur_description/share/ur_description/urdf/build/COLCON_IGNORE
[0.377s] -- Installing: /home/yashrakesh/ros2_ws/install/ur_description/share/ur_description/urdf/ur_mocked.urdf.xacro
[0.377s] -- Installing: /home/yashrakesh/ros2_ws/install/ur_description/share/ur_description/urdf/ur_mop_standalone.urdf.xacro
[0.377s] -- Installing: /home/yashrakesh/ros2_ws/install/ur_description/share/ur_description/urdf/ur_table_assembly.urdf.xacro
[0.377s] -- Installing: /home/yashrakesh/ros2_ws/install/ur_description/share/ur_description/urdf/ur.urdf.xacro
[0.377s] -- Installing: /home/yashrakesh/ros2_ws/install/ur_description/share/ur_description/urdf/inc
[0.377s] -- Installing: /home/yashrakesh/ros2_ws/install/ur_description/share/ur_description/urdf/inc/ur_transmissions.xacro
[0.378s] -- Installing: /home/yashrakesh/ros2_ws/install/ur_description/share/ur_description/urdf/inc/ros2_control_mock_hardware.xacro
[0.378s] -- Installing: /home/yashrakesh/ros2_ws/install/ur_description/share/ur_description/urdf/inc/ur_common.xacro
[0.378s] -- Installing: /home/yashrakesh/ros2_ws/install/ur_description/share/ur_description/urdf/inc/ur_joint_control.xacro
[0.378s] -- Installing: /home/yashrakesh/ros2_ws/install/ur_description/share/ur_description/urdf/inc/ur_sensors.xacro
[0.378s] -- Installing: /home/yashrakesh/ros2_ws/install/ur_description/share/ur_description/urdf/inc/mop_tool.xacro
[0.378s] -- Installing: /home/yashrakesh/ros2_ws/install/ur_description/share/ur_description/meshes
[0.378s] -- Installing: /home/yashrakesh/ros2_ws/install/ur_description/share/ur_description/meshes/table.stl
[0.382s] -- Installing: /home/yashrakesh/ros2_ws/install/ur_description/share/ur_description/meshes/mop_base.obj
[0.384s] -- Installing: /home/yashrakesh/ros2_ws/install/ur_description/share/ur_description/meshes/mop_handle.obj
[0.385s] -- Installing: /home/yashrakesh/ros2_ws/install/ur_description/share/ur_description/meshes/ur5e
[0.385s] -- Installing: /home/yashrakesh/ros2_ws/install/ur_description/share/ur_description/meshes/ur5e/collision
[0.385s] -- Installing: /home/yashrakesh/ros2_ws/install/ur_description/share/ur_description/meshes/ur5e/collision/upperarm.stl
[0.385s] -- Installing: /home/yashrakesh/ros2_ws/install/ur_description/share/ur_description/meshes/ur5e/collision/shoulder.stl
[0.385s] -- Installing: /home/yashrakesh/ros2_ws/install/ur_description/share/ur_description/meshes/ur5e/collision/wrist2.stl
[0.385s] -- Installing: /home/yashrakesh/ros2_ws/install/ur_description/share/ur_description/meshes/ur5e/collision/wrist3.stl
[0.386s] -- Installing: /home/yashrakesh/ros2_ws/install/ur_description/share/ur_description/meshes/ur5e/collision/wrist1.stl
[0.386s] -- Installing: /home/yashrakesh/ros2_ws/install/ur_description/share/ur_description/meshes/ur5e/collision/forearm.stl
[0.386s] -- Installing: /home/yashrakesh/ros2_ws/install/ur_description/share/ur_description/meshes/ur5e/collision/base.stl
[0.386s] -- Installing: /home/yashrakesh/ros2_ws/install/ur_description/share/ur_description/meshes/ur5e/visual
[0.386s] -- Installing: /home/yashrakesh/ros2_ws/install/ur_description/share/ur_description/meshes/ur5e/visual/upperarm.dae
[0.388s] -- Installing: /home/yashrakesh/ros2_ws/install/ur_description/share/ur_description/meshes/ur5e/visual/wrist2.dae
[0.389s] -- Installing: /home/yashrakesh/ros2_ws/install/ur_description/share/ur_description/meshes/ur5e/visual/base.dae
[0.390s] -- Installing: /home/yashrakesh/ros2_ws/install/ur_description/share/ur_description/meshes/ur5e/visual/shoulder.dae
[0.391s] -- Installing: /home/yashrakesh/ros2_ws/install/ur_description/share/ur_description/meshes/ur5e/visual/wrist1.dae
[0.392s] -- Installing: /home/yashrakesh/ros2_ws/install/ur_description/share/ur_description/meshes/ur5e/visual/forearm.dae
[0.392s] -- Installing: /home/yashrakesh/ros2_ws/install/ur_description/share/ur_description/meshes/ur5e/visual/wrist3.dae
[0.393s] -- Installing: /home/yashrakesh/ros2_ws/install/ur_description/share/ur_description/meshes/test.stl
[0.397s] -- Installing: /home/yashrakesh/ros2_ws/install/ur_description/share/ur_description/data
[0.397s] -- Installing: /home/yashrakesh/ros2_ws/install/ur_description/share/ur_description/data/motion.csv
[0.398s] -- Installing: /home/yashrakesh/ros2_ws/install/ur_description/share/ament_index/resource_index/package_run_dependencies/ur_description
[0.398s] -- Installing: /home/yashrakesh/ros2_ws/install/ur_description/share/ament_index/resource_index/parent_prefix_path/ur_description
[0.398s] -- Installing: /home/yashrakesh/ros2_ws/install/ur_description/share/ur_description/environment/ament_prefix_path.sh
[0.398s] -- Installing: /home/yashrakesh/ros2_ws/install/ur_description/share/ur_description/environment/ament_prefix_path.dsv
[0.398s] -- Installing: /home/yashrakesh/ros2_ws/install/ur_description/share/ur_description/environment/path.sh
[0.398s] -- Installing: /home/yashrakesh/ros2_ws/install/ur_description/share/ur_description/environment/path.dsv
[0.398s] -- Installing: /home/yashrakesh/ros2_ws/install/ur_description/share/ur_description/local_setup.bash
[0.398s] -- Installing: /home/yashrakesh/ros2_ws/install/ur_description/share/ur_description/local_setup.sh
[0.398s] -- Installing: /home/yashrakesh/ros2_ws/install/ur_description/share/ur_description/local_setup.zsh
[0.398s] -- Installing: /home/yashrakesh/ros2_ws/install/ur_description/share/ur_description/local_setup.dsv
[0.398s] -- Installing: /home/yashrakesh/ros2_ws/install/ur_description/share/ur_description/package.dsv
[0.398s] -- Installing: /home/yashrakesh/ros2_ws/install/ur_description/share/ament_index/resource_index/packages/ur_description
[0.398s] -- Installing: /home/yashrakesh/ros2_ws/install/ur_description/share/ur_description/cmake/ur_descriptionConfig.cmake
[0.398s] -- Installing: /home/yashrakesh/ros2_ws/install/ur_description/share/ur_description/cmake/ur_descriptionConfig-version.cmake
[0.398s] -- Installing: /home/yashrakesh/ros2_ws/install/ur_description/share/ur_description/package.xml
[0.399s] Invoked command in '/home/yashrakesh/ros2_ws/build/ur_description' returned '0': CMAKE_PREFIX_PATH=${CMAKE_PREFIX_PATH}:/opt/ros/jazzy DEBUGINFOD_URLS=https://debuginfod.ubuntu.com /usr/bin/cmake --install /home/yashrakesh/ros2_ws/build/ur_description
