-- Found ament_cmake: 2.5.4 (/opt/ros/jazzy/share/ament_cmake/cmake)
-- Override CMake install command with custom implementation using symlinks instead of copying resources
-- Configuring done (0.2s)
-- Generating done (0.0s)
-- Build files have been written to: /home/yashrakesh/ros2_ws/build/ur_description
-- Install configuration: ""
-- Execute custom install script
-- Symlinking: /home/yashrakesh/ros2_ws/install/ur_description/lib/ur_description/test.py
-- Symlinking: /home/yashrakesh/ros2_ws/install/ur_description/share/ur_description/config/kinematics.yaml
-- Symlinking: /home/yashrakesh/ros2_ws/install/ur_description/share/ur_description/config/ur5e/default_kinematics.yaml
-- Symlinking: /home/yashrakesh/ros2_ws/install/ur_description/share/ur_description/config/ur5e/joint_limits.yaml
-- Symlinking: /home/yashrakesh/ros2_ws/install/ur_description/share/ur_description/config/ur5e/physical_parameters.yaml
-- Symlinking: /home/yashrakesh/ros2_ws/install/ur_description/share/ur_description/config/ur5e/visual_parameters.yaml
-- Symlinking: /home/yashrakesh/ros2_ws/install/ur_description/share/ur_description/config/ur_controllers.yaml
-- Symlinking: /home/yashrakesh/ros2_ws/install/ur_description/share/ur_description/launch/cleaning_session.launch.py
-- Symlinking: /home/yashrakesh/ros2_ws/install/ur_description/share/ur_description/launch/view_ur.launch.py
-- Symlinking: /home/yashrakesh/ros2_ws/install/ur_description/share/ur_description/rviz/view_robot.rviz
-- Symlinking: /home/yashrakesh/ros2_ws/install/ur_description/share/ur_description/urdf/custom_ur_assembly.urdf.xacro
-- Symlinking: /home/yashrakesh/ros2_ws/install/ur_description/share/ur_description/urdf/inc/mop_tool.xacro
-- Symlinking: /home/yashrakesh/ros2_ws/install/ur_description/share/ur_description/urdf/inc/ros2_control_mock_hardware.xacro
-- Symlinking: /home/yashrakesh/ros2_ws/install/ur_description/share/ur_description/urdf/inc/ur_common.xacro
-- Symlinking: /home/yashrakesh/ros2_ws/install/ur_description/share/ur_description/urdf/inc/ur_joint_control.xacro
-- Symlinking: /home/yashrakesh/ros2_ws/install/ur_description/share/ur_description/urdf/inc/ur_sensors.xacro
-- Symlinking: /home/yashrakesh/ros2_ws/install/ur_description/share/ur_description/urdf/inc/ur_transmissions.xacro
-- Symlinking: /home/yashrakesh/ros2_ws/install/ur_description/share/ur_description/urdf/ur.urdf.xacro
-- Symlinking: /home/yashrakesh/ros2_ws/install/ur_description/share/ur_description/urdf/ur_for_ik.urdf
-- Symlinking: /home/yashrakesh/ros2_ws/install/ur_description/share/ur_description/urdf/ur_macro.xacro
-- Symlinking: /home/yashrakesh/ros2_ws/install/ur_description/share/ur_description/urdf/ur_mocked.urdf.xacro
-- Symlinking: /home/yashrakesh/ros2_ws/install/ur_description/share/ur_description/urdf/ur_mop_standalone.urdf.xacro
-- Symlinking: /home/yashrakesh/ros2_ws/install/ur_description/share/ur_description/urdf/ur_table_assembly.urdf.xacro
-- Symlinking: /home/yashrakesh/ros2_ws/install/ur_description/share/ur_description/meshes/mop_base.obj
-- Symlinking: /home/yashrakesh/ros2_ws/install/ur_description/share/ur_description/meshes/mop_handle.obj
-- Symlinking: /home/yashrakesh/ros2_ws/install/ur_description/share/ur_description/meshes/table.stl
-- Symlinking: /home/yashrakesh/ros2_ws/install/ur_description/share/ur_description/meshes/test.stl
-- Symlinking: /home/yashrakesh/ros2_ws/install/ur_description/share/ur_description/meshes/ur5e/collision/base.stl
-- Symlinking: /home/yashrakesh/ros2_ws/install/ur_description/share/ur_description/meshes/ur5e/collision/forearm.stl
-- Symlinking: /home/yashrakesh/ros2_ws/install/ur_description/share/ur_description/meshes/ur5e/collision/shoulder.stl
-- Symlinking: /home/yashrakesh/ros2_ws/install/ur_description/share/ur_description/meshes/ur5e/collision/upperarm.stl
-- Symlinking: /home/yashrakesh/ros2_ws/install/ur_description/share/ur_description/meshes/ur5e/collision/wrist1.stl
-- Symlinking: /home/yashrakesh/ros2_ws/install/ur_description/share/ur_description/meshes/ur5e/collision/wrist2.stl
-- Symlinking: /home/yashrakesh/ros2_ws/install/ur_description/share/ur_description/meshes/ur5e/collision/wrist3.stl
-- Symlinking: /home/yashrakesh/ros2_ws/install/ur_description/share/ur_description/meshes/ur5e/visual/base.dae
-- Symlinking: /home/yashrakesh/ros2_ws/install/ur_description/share/ur_description/meshes/ur5e/visual/forearm.dae
-- Symlinking: /home/yashrakesh/ros2_ws/install/ur_description/share/ur_description/meshes/ur5e/visual/shoulder.dae
-- Symlinking: /home/yashrakesh/ros2_ws/install/ur_description/share/ur_description/meshes/ur5e/visual/upperarm.dae
-- Symlinking: /home/yashrakesh/ros2_ws/install/ur_description/share/ur_description/meshes/ur5e/visual/wrist1.dae
-- Symlinking: /home/yashrakesh/ros2_ws/install/ur_description/share/ur_description/meshes/ur5e/visual/wrist2.dae
-- Symlinking: /home/yashrakesh/ros2_ws/install/ur_description/share/ur_description/meshes/ur5e/visual/wrist3.dae
-- Symlinking: /home/yashrakesh/ros2_ws/install/ur_description/share/ur_description/data/motion.csv
-- Symlinking: /home/yashrakesh/ros2_ws/install/ur_description/share/ament_index/resource_index/package_run_dependencies/ur_description
-- Symlinking: /home/yashrakesh/ros2_ws/install/ur_description/share/ament_index/resource_index/parent_prefix_path/ur_description
-- Symlinking: /home/yashrakesh/ros2_ws/install/ur_description/share/ur_description/environment/ament_prefix_path.sh
-- Symlinking: /home/yashrakesh/ros2_ws/install/ur_description/share/ur_description/environment/ament_prefix_path.dsv
-- Symlinking: /home/yashrakesh/ros2_ws/install/ur_description/share/ur_description/environment/path.sh
-- Symlinking: /home/yashrakesh/ros2_ws/install/ur_description/share/ur_description/environment/path.dsv
-- Symlinking: /home/yashrakesh/ros2_ws/install/ur_description/share/ur_description/local_setup.bash
-- Symlinking: /home/yashrakesh/ros2_ws/install/ur_description/share/ur_description/local_setup.sh
-- Symlinking: /home/yashrakesh/ros2_ws/install/ur_description/share/ur_description/local_setup.zsh
-- Symlinking: /home/yashrakesh/ros2_ws/install/ur_description/share/ur_description/local_setup.dsv
-- Symlinking: /home/yashrakesh/ros2_ws/install/ur_description/share/ur_description/package.dsv
-- Symlinking: /home/yashrakesh/ros2_ws/install/ur_description/share/ament_index/resource_index/packages/ur_description
-- Symlinking: /home/yashrakesh/ros2_ws/install/ur_description/share/ur_description/cmake/ur_descriptionConfig.cmake
-- Symlinking: /home/yashrakesh/ros2_ws/install/ur_description/share/ur_description/cmake/ur_descriptionConfig-version.cmake
-- Symlinking: /home/yashrakesh/ros2_ws/install/ur_description/share/ur_description/package.xml
