[0.033s] Invoking command in '/home/yash/ros2-master_dual_box/ros2-master/build/ur_calibration': AMENT_PREFIX_PATH=/home/yash/ros2-master_dual_box/ros2-master/install/ur_robot_driver:/home/yash/ros2-master_dual_box/ros2-master/install/ur_controllers:/home/yash/ros2-master_dual_box/ros2-master/install/ur_description:/home/yash/ros2-master_dual_box/ros2-master/install/ur_dashboard_msgs:${AMENT_PREFIX_PATH} CMAKE_PREFIX_PATH=/home/yash/ros2-master_dual_box/ros2-master/install/ur_robot_driver:/home/yash/ros2-master_dual_box/ros2-master/install/ur_controllers:/home/yash/ros2-master_dual_box/ros2-master/install/ur_description:/home/yash/ros2-master_dual_box/ros2-master/install/ur_dashboard_msgs:/opt/ros/jazzy/opt/gz_sim_vendor:/opt/ros/jazzy/opt/gz_sensors_vendor:/opt/ros/jazzy/opt/gz_physics_vendor:/opt/ros/jazzy/opt/sdformat_vendor:/opt/ros/jazzy/opt/gz_gui_vendor:/opt/ros/jazzy/opt/gz_transport_vendor:/opt/ros/jazzy/opt/gz_rendering_vendor:/opt/ros/jazzy/opt/gz_plugin_vendor:/opt/ros/jazzy/opt/gz_fuel_tools_vendor:/opt/ros/jazzy/opt/gz_msgs_vendor:/opt/ros/jazzy/opt/gz_common_vendor:/opt/ros/jazzy/opt/gz_math_vendor:/opt/ros/jazzy/opt/gz_utils_vendor:/opt/ros/jazzy/opt/gz_tools_vendor:/opt/ros/jazzy/opt/gz_ogre_next_vendor:/opt/ros/jazzy/opt/gz_dartsim_vendor:/opt/ros/jazzy/opt/gz_cmake_vendor:/opt/ros/jazzy DEBUGINFOD_URLS=https://debuginfod.ubuntu.com LD_LIBRARY_PATH=/home/yash/ros2-master_dual_box/ros2-master/install/ur_robot_driver/lib:/home/yash/ros2-master_dual_box/ros2-master/install/ur_controllers/lib:/home/yash/ros2-master_dual_box/ros2-master/install/ur_dashboard_msgs/lib:${LD_LIBRARY_PATH} PATH=/home/yash/ros2-master_dual_box/ros2-master/install/ur_robot_driver/bin:${PATH} PYTHONPATH=/home/yash/ros2-master_dual_box/ros2-master/install/ur_robot_driver/lib/python3.12/site-packages:/home/yash/ros2-master_dual_box/ros2-master/install/ur_dashboard_msgs/lib/python3.12/site-packages:${PYTHONPATH} /usr/bin/cmake /home/yash/ros2-master_dual_box/ros2-master/src/ur_calibration -DAMENT_CMAKE_SYMLINK_INSTALL=1 -DCMAKE_INSTALL_PREFIX=/home/yash/ros2-master_dual_box/ros2-master/install/ur_calibration
[0.108s] -- The C compiler identification is GNU 13.3.0
[0.182s] -- The CXX compiler identification is GNU 13.3.0
[0.206s] -- Detecting C compiler ABI info
[0.336s] -- Detecting C compiler ABI info - done
[0.348s] -- Check for working C compiler: /usr/bin/cc - skipped
[0.348s] -- Detecting C compile features
[0.349s] -- Detecting C compile features - done
[0.362s] -- Detecting CXX compiler ABI info
[0.498s] -- Detecting CXX compiler ABI info - done
[0.511s] -- Check for working CXX compiler: /usr/bin/c++ - skipped
[0.511s] -- Detecting CXX compile features
[0.512s] -- Detecting CXX compile features - done
[0.513s] [0mur_calibration: You did not request a specific build type: selecting 'RelWithDebInfo'.[0m
[0.520s] -- Found ament_cmake: 2.5.5 (/opt/ros/jazzy/share/ament_cmake/cmake)
[0.721s] -- Found Python3: /usr/bin/python3 (found version "3.12.3") found components: Interpreter 
[0.811s] -- Override CMake install command with custom implementation using symlinks instead of copying resources
[0.943s] -- Found rclcpp: 28.1.16 (/opt/ros/jazzy/share/rclcpp/cmake)
[1.019s] -- Found rosidl_generator_c: 4.6.7 (/opt/ros/jazzy/share/rosidl_generator_c/cmake)
[1.044s] -- Found rosidl_generator_cpp: 4.6.7 (/opt/ros/jazzy/share/rosidl_generator_cpp/cmake)
[1.072s] -- Using all available rosidl_typesupport_c: rosidl_typesupport_fastrtps_c;rosidl_typesupport_introspection_c
[1.102s] -- Using all available rosidl_typesupport_cpp: rosidl_typesupport_fastrtps_cpp;rosidl_typesupport_introspection_cpp
[1.219s] -- Found rmw_implementation_cmake: 7.3.3 (/opt/ros/jazzy/share/rmw_implementation_cmake/cmake)
[1.226s] -- Found rmw_fastrtps_cpp: 8.4.3 (/opt/ros/jazzy/share/rmw_fastrtps_cpp/cmake)
[1.359s] -- Found OpenSSL: /usr/lib/x86_64-linux-gnu/libcrypto.so (found version "3.0.13")  
[1.387s] -- Found FastRTPS: /opt/ros/jazzy/include (Required is at least version "2.13") 
[1.417s] -- Using RMW implementation 'rmw_fastrtps_cpp' as default
[1.518s] -- Found ur_robot_driver: 3.7.0 (/home/yash/ros2-master_dual_box/ros2-master/install/ur_robot_driver/share/ur_robot_driver/cmake)
[2.249s] -- Found eigen3_cmake_module: 0.3.0 (/opt/ros/jazzy/share/eigen3_cmake_module/cmake)
[2.250s] -- Found Eigen3: TRUE (found version "3.4.0") 
[2.251s] -- Ensuring Eigen3 include directory is part of orocos-kdl CMake target
[2.450s] -- Found yaml_cpp_vendor: 9.0.1 (/opt/ros/jazzy/share/yaml_cpp_vendor/cmake)
[2.450s] -- Setting yaml-cpp_DIR to: '/opt/ros/jazzy/share/yaml_cpp_vendor/cmake/../../../opt/yaml_cpp_vendor/share/cmake/yaml-cpp'
[2.490s] -- Found ament_cmake_gmock: 2.5.5 (/opt/ros/jazzy/share/ament_cmake_gmock/cmake)
[2.496s] -- Found gmock sources under '/opt/ros/jazzy/src/gmock_vendor': C++ tests using 'Google Mock' will be built
[2.507s] -- Found ament_cmake_gtest: 2.5.5 (/opt/ros/jazzy/share/ament_cmake_gtest/cmake)
[2.508s] -- Found gtest sources under '/opt/ros/jazzy/src/gtest_vendor': C++ tests using 'Google Test' will be built
[2.611s] -- Configuring done (2.6s)
[2.769s] -- Generating done (0.1s)
[2.786s] -- Build files have been written to: /home/yash/ros2-master_dual_box/ros2-master/build/ur_calibration
[2.809s] Invoked command in '/home/yash/ros2-master_dual_box/ros2-master/build/ur_calibration' returned '0': AMENT_PREFIX_PATH=/home/yash/ros2-master_dual_box/ros2-master/install/ur_robot_driver:/home/yash/ros2-master_dual_box/ros2-master/install/ur_controllers:/home/yash/ros2-master_dual_box/ros2-master/install/ur_description:/home/yash/ros2-master_dual_box/ros2-master/install/ur_dashboard_msgs:${AMENT_PREFIX_PATH} CMAKE_PREFIX_PATH=/home/yash/ros2-master_dual_box/ros2-master/install/ur_robot_driver:/home/yash/ros2-master_dual_box/ros2-master/install/ur_controllers:/home/yash/ros2-master_dual_box/ros2-master/install/ur_description:/home/yash/ros2-master_dual_box/ros2-master/install/ur_dashboard_msgs:/opt/ros/jazzy/opt/gz_sim_vendor:/opt/ros/jazzy/opt/gz_sensors_vendor:/opt/ros/jazzy/opt/gz_physics_vendor:/opt/ros/jazzy/opt/sdformat_vendor:/opt/ros/jazzy/opt/gz_gui_vendor:/opt/ros/jazzy/opt/gz_transport_vendor:/opt/ros/jazzy/opt/gz_rendering_vendor:/opt/ros/jazzy/opt/gz_plugin_vendor:/opt/ros/jazzy/opt/gz_fuel_tools_vendor:/opt/ros/jazzy/opt/gz_msgs_vendor:/opt/ros/jazzy/opt/gz_common_vendor:/opt/ros/jazzy/opt/gz_math_vendor:/opt/ros/jazzy/opt/gz_utils_vendor:/opt/ros/jazzy/opt/gz_tools_vendor:/opt/ros/jazzy/opt/gz_ogre_next_vendor:/opt/ros/jazzy/opt/gz_dartsim_vendor:/opt/ros/jazzy/opt/gz_cmake_vendor:/opt/ros/jazzy DEBUGINFOD_URLS=https://debuginfod.ubuntu.com LD_LIBRARY_PATH=/home/yash/ros2-master_dual_box/ros2-master/install/ur_robot_driver/lib:/home/yash/ros2-master_dual_box/ros2-master/install/ur_controllers/lib:/home/yash/ros2-master_dual_box/ros2-master/install/ur_dashboard_msgs/lib:${LD_LIBRARY_PATH} PATH=/home/yash/ros2-master_dual_box/ros2-master/install/ur_robot_driver/bin:${PATH} PYTHONPATH=/home/yash/ros2-master_dual_box/ros2-master/install/ur_robot_driver/lib/python3.12/site-packages:/home/yash/ros2-master_dual_box/ros2-master/install/ur_dashboard_msgs/lib/python3.12/site-packages:${PYTHONPATH} /usr/bin/cmake /home/yash/ros2-master_dual_box/ros2-master/src/ur_calibration -DAMENT_CMAKE_SYMLINK_INSTALL=1 -DCMAKE_INSTALL_PREFIX=/home/yash/ros2-master_dual_box/ros2-master/install/ur_calibration
[2.810s] Invoking command in '/home/yash/ros2-master_dual_box/ros2-master/build/ur_calibration': AMENT_PREFIX_PATH=/home/yash/ros2-master_dual_box/ros2-master/install/ur_robot_driver:/home/yash/ros2-master_dual_box/ros2-master/install/ur_controllers:/home/yash/ros2-master_dual_box/ros2-master/install/ur_description:/home/yash/ros2-master_dual_box/ros2-master/install/ur_dashboard_msgs:${AMENT_PREFIX_PATH} CMAKE_PREFIX_PATH=/home/yash/ros2-master_dual_box/ros2-master/install/ur_robot_driver:/home/yash/ros2-master_dual_box/ros2-master/install/ur_controllers:/home/yash/ros2-master_dual_box/ros2-master/install/ur_description:/home/yash/ros2-master_dual_box/ros2-master/install/ur_dashboard_msgs:/opt/ros/jazzy/opt/gz_sim_vendor:/opt/ros/jazzy/opt/gz_sensors_vendor:/opt/ros/jazzy/opt/gz_physics_vendor:/opt/ros/jazzy/opt/sdformat_vendor:/opt/ros/jazzy/opt/gz_gui_vendor:/opt/ros/jazzy/opt/gz_transport_vendor:/opt/ros/jazzy/opt/gz_rendering_vendor:/opt/ros/jazzy/opt/gz_plugin_vendor:/opt/ros/jazzy/opt/gz_fuel_tools_vendor:/opt/ros/jazzy/opt/gz_msgs_vendor:/opt/ros/jazzy/opt/gz_common_vendor:/opt/ros/jazzy/opt/gz_math_vendor:/opt/ros/jazzy/opt/gz_utils_vendor:/opt/ros/jazzy/opt/gz_tools_vendor:/opt/ros/jazzy/opt/gz_ogre_next_vendor:/opt/ros/jazzy/opt/gz_dartsim_vendor:/opt/ros/jazzy/opt/gz_cmake_vendor:/opt/ros/jazzy DEBUGINFOD_URLS=https://debuginfod.ubuntu.com LD_LIBRARY_PATH=/home/yash/ros2-master_dual_box/ros2-master/install/ur_robot_driver/lib:/home/yash/ros2-master_dual_box/ros2-master/install/ur_controllers/lib:/home/yash/ros2-master_dual_box/ros2-master/install/ur_dashboard_msgs/lib:${LD_LIBRARY_PATH} PATH=/home/yash/ros2-master_dual_box/ros2-master/install/ur_robot_driver/bin:${PATH} PYTHONPATH=/home/yash/ros2-master_dual_box/ros2-master/install/ur_robot_driver/lib/python3.12/site-packages:/home/yash/ros2-master_dual_box/ros2-master/install/ur_dashboard_msgs/lib/python3.12/site-packages:${PYTHONPATH} /usr/bin/cmake --build /home/yash/ros2-master_dual_box/ros2-master/build/ur_calibration -- -j8 -l8
[2.899s] [  8%] [32mBuilding CXX object gmock/CMakeFiles/gmock_main.dir/src/gmock_main.cc.o[0m
[2.900s] [ 16%] [32mBuilding CXX object gmock/CMakeFiles/gmock.dir/src/gmock-all.cc.o[0m
[2.900s] [ 25%] [32mBuilding CXX object gmock/CMakeFiles/gmock.dir/opt/ros/jazzy/src/gtest_vendor/src/gtest-all.cc.o[0m
[2.905s] [ 41%] [32mBuilding CXX object CMakeFiles/calibration.dir/src/calibration.cpp.o[0m
[2.905s] [ 41%] [32mBuilding CXX object CMakeFiles/calibration.dir/src/calibration_consumer.cpp.o[0m
[4.250s] [ 50%] [32m[1mLinking CXX static library libgmock_main.a[0m
[4.374s] [ 50%] Built target gmock_main
[11.751s] [ 58%] [32m[1mLinking CXX static library libcalibration.a[0m
[11.870s] [ 58%] Built target calibration
[11.904s] [ 66%] [32mBuilding CXX object CMakeFiles/calibration_correction.dir/src/calibration_correction.cpp.o[0m
[13.676s] [ 75%] [32m[1mLinking CXX static library libgmock.a[0m
[13.991s] [ 75%] Built target gmock
[14.026s] [ 83%] [32mBuilding CXX object CMakeFiles/calibration_test.dir/test/calibration_test.cpp.o[0m
[18.278s] [ 91%] [32m[1mLinking CXX executable calibration_correction[0m
[18.722s] [ 91%] Built target calibration_correction
[21.576s] [100%] [32m[1mLinking CXX executable calibration_test[0m
[22.047s] [100%] Built target calibration_test
[22.066s] Invoked command in '/home/yash/ros2-master_dual_box/ros2-master/build/ur_calibration' returned '0': AMENT_PREFIX_PATH=/home/yash/ros2-master_dual_box/ros2-master/install/ur_robot_driver:/home/yash/ros2-master_dual_box/ros2-master/install/ur_controllers:/home/yash/ros2-master_dual_box/ros2-master/install/ur_description:/home/yash/ros2-master_dual_box/ros2-master/install/ur_dashboard_msgs:${AMENT_PREFIX_PATH} CMAKE_PREFIX_PATH=/home/yash/ros2-master_dual_box/ros2-master/install/ur_robot_driver:/home/yash/ros2-master_dual_box/ros2-master/install/ur_controllers:/home/yash/ros2-master_dual_box/ros2-master/install/ur_description:/home/yash/ros2-master_dual_box/ros2-master/install/ur_dashboard_msgs:/opt/ros/jazzy/opt/gz_sim_vendor:/opt/ros/jazzy/opt/gz_sensors_vendor:/opt/ros/jazzy/opt/gz_physics_vendor:/opt/ros/jazzy/opt/sdformat_vendor:/opt/ros/jazzy/opt/gz_gui_vendor:/opt/ros/jazzy/opt/gz_transport_vendor:/opt/ros/jazzy/opt/gz_rendering_vendor:/opt/ros/jazzy/opt/gz_plugin_vendor:/opt/ros/jazzy/opt/gz_fuel_tools_vendor:/opt/ros/jazzy/opt/gz_msgs_vendor:/opt/ros/jazzy/opt/gz_common_vendor:/opt/ros/jazzy/opt/gz_math_vendor:/opt/ros/jazzy/opt/gz_utils_vendor:/opt/ros/jazzy/opt/gz_tools_vendor:/opt/ros/jazzy/opt/gz_ogre_next_vendor:/opt/ros/jazzy/opt/gz_dartsim_vendor:/opt/ros/jazzy/opt/gz_cmake_vendor:/opt/ros/jazzy DEBUGINFOD_URLS=https://debuginfod.ubuntu.com LD_LIBRARY_PATH=/home/yash/ros2-master_dual_box/ros2-master/install/ur_robot_driver/lib:/home/yash/ros2-master_dual_box/ros2-master/install/ur_controllers/lib:/home/yash/ros2-master_dual_box/ros2-master/install/ur_dashboard_msgs/lib:${LD_LIBRARY_PATH} PATH=/home/yash/ros2-master_dual_box/ros2-master/install/ur_robot_driver/bin:${PATH} PYTHONPATH=/home/yash/ros2-master_dual_box/ros2-master/install/ur_robot_driver/lib/python3.12/site-packages:/home/yash/ros2-master_dual_box/ros2-master/install/ur_dashboard_msgs/lib/python3.12/site-packages:${PYTHONPATH} /usr/bin/cmake --build /home/yash/ros2-master_dual_box/ros2-master/build/ur_calibration -- -j8 -l8
[22.070s] Invoking command in '/home/yash/ros2-master_dual_box/ros2-master/build/ur_calibration': AMENT_PREFIX_PATH=/home/yash/ros2-master_dual_box/ros2-master/install/ur_robot_driver:/home/yash/ros2-master_dual_box/ros2-master/install/ur_controllers:/home/yash/ros2-master_dual_box/ros2-master/install/ur_description:/home/yash/ros2-master_dual_box/ros2-master/install/ur_dashboard_msgs:${AMENT_PREFIX_PATH} CMAKE_PREFIX_PATH=/home/yash/ros2-master_dual_box/ros2-master/install/ur_robot_driver:/home/yash/ros2-master_dual_box/ros2-master/install/ur_controllers:/home/yash/ros2-master_dual_box/ros2-master/install/ur_description:/home/yash/ros2-master_dual_box/ros2-master/install/ur_dashboard_msgs:/opt/ros/jazzy/opt/gz_sim_vendor:/opt/ros/jazzy/opt/gz_sensors_vendor:/opt/ros/jazzy/opt/gz_physics_vendor:/opt/ros/jazzy/opt/sdformat_vendor:/opt/ros/jazzy/opt/gz_gui_vendor:/opt/ros/jazzy/opt/gz_transport_vendor:/opt/ros/jazzy/opt/gz_rendering_vendor:/opt/ros/jazzy/opt/gz_plugin_vendor:/opt/ros/jazzy/opt/gz_fuel_tools_vendor:/opt/ros/jazzy/opt/gz_msgs_vendor:/opt/ros/jazzy/opt/gz_common_vendor:/opt/ros/jazzy/opt/gz_math_vendor:/opt/ros/jazzy/opt/gz_utils_vendor:/opt/ros/jazzy/opt/gz_tools_vendor:/opt/ros/jazzy/opt/gz_ogre_next_vendor:/opt/ros/jazzy/opt/gz_dartsim_vendor:/opt/ros/jazzy/opt/gz_cmake_vendor:/opt/ros/jazzy DEBUGINFOD_URLS=https://debuginfod.ubuntu.com LD_LIBRARY_PATH=/home/yash/ros2-master_dual_box/ros2-master/install/ur_robot_driver/lib:/home/yash/ros2-master_dual_box/ros2-master/install/ur_controllers/lib:/home/yash/ros2-master_dual_box/ros2-master/install/ur_dashboard_msgs/lib:${LD_LIBRARY_PATH} PATH=/home/yash/ros2-master_dual_box/ros2-master/install/ur_robot_driver/bin:${PATH} PYTHONPATH=/home/yash/ros2-master_dual_box/ros2-master/install/ur_robot_driver/lib/python3.12/site-packages:/home/yash/ros2-master_dual_box/ros2-master/install/ur_dashboard_msgs/lib/python3.12/site-packages:${PYTHONPATH} /usr/bin/cmake --install /home/yash/ros2-master_dual_box/ros2-master/build/ur_calibration
[22.081s] -- Install configuration: "RelWithDebInfo"
[22.081s] -- Execute custom install script
[22.082s] -- Symlinking: /home/yash/ros2-master_dual_box/ros2-master/install/ur_calibration/lib/ur_calibration/calibration_correction
[22.095s] -- Symlinking: /home/yash/ros2-master_dual_box/ros2-master/install/ur_calibration/include/ur_calibration/calibration.hpp
[22.110s] -- Symlinking: /home/yash/ros2-master_dual_box/ros2-master/install/ur_calibration/include/ur_calibration/calibration_consumer.hpp
[22.126s] -- Symlinking: /home/yash/ros2-master_dual_box/ros2-master/install/ur_calibration/share/ur_calibration/launch/calibration_correction.launch.py
[22.139s] -- Symlinking: /home/yash/ros2-master_dual_box/ros2-master/install/ur_calibration/share/ament_index/resource_index/package_run_dependencies/ur_calibration
[22.153s] -- Symlinking: /home/yash/ros2-master_dual_box/ros2-master/install/ur_calibration/share/ament_index/resource_index/parent_prefix_path/ur_calibration
[22.170s] -- Symlinking: /home/yash/ros2-master_dual_box/ros2-master/install/ur_calibration/share/ur_calibration/environment/ament_prefix_path.sh
[22.185s] -- Symlinking: /home/yash/ros2-master_dual_box/ros2-master/install/ur_calibration/share/ur_calibration/environment/ament_prefix_path.dsv
[22.202s] -- Symlinking: /home/yash/ros2-master_dual_box/ros2-master/install/ur_calibration/share/ur_calibration/environment/path.sh
[22.219s] -- Symlinking: /home/yash/ros2-master_dual_box/ros2-master/install/ur_calibration/share/ur_calibration/environment/path.dsv
[22.234s] -- Symlinking: /home/yash/ros2-master_dual_box/ros2-master/install/ur_calibration/share/ur_calibration/local_setup.bash
[22.251s] -- Symlinking: /home/yash/ros2-master_dual_box/ros2-master/install/ur_calibration/share/ur_calibration/local_setup.sh
[22.266s] -- Symlinking: /home/yash/ros2-master_dual_box/ros2-master/install/ur_calibration/share/ur_calibration/local_setup.zsh
[22.282s] -- Symlinking: /home/yash/ros2-master_dual_box/ros2-master/install/ur_calibration/share/ur_calibration/local_setup.dsv
[22.299s] -- Symlinking: /home/yash/ros2-master_dual_box/ros2-master/install/ur_calibration/share/ur_calibration/package.dsv
[22.314s] -- Symlinking: /home/yash/ros2-master_dual_box/ros2-master/install/ur_calibration/share/ament_index/resource_index/packages/ur_calibration
[22.328s] -- Symlinking: /home/yash/ros2-master_dual_box/ros2-master/install/ur_calibration/share/ur_calibration/cmake/ament_cmake_export_include_directories-extras.cmake
[22.342s] -- Symlinking: /home/yash/ros2-master_dual_box/ros2-master/install/ur_calibration/share/ur_calibration/cmake/ament_cmake_export_dependencies-extras.cmake
[22.356s] -- Symlinking: /home/yash/ros2-master_dual_box/ros2-master/install/ur_calibration/share/ur_calibration/cmake/ur_calibrationConfig.cmake
[22.374s] -- Symlinking: /home/yash/ros2-master_dual_box/ros2-master/install/ur_calibration/share/ur_calibration/cmake/ur_calibrationConfig-version.cmake
[22.391s] -- Symlinking: /home/yash/ros2-master_dual_box/ros2-master/install/ur_calibration/share/ur_calibration/package.xml
[22.411s] Invoked command in '/home/yash/ros2-master_dual_box/ros2-master/build/ur_calibration' returned '0': AMENT_PREFIX_PATH=/home/yash/ros2-master_dual_box/ros2-master/install/ur_robot_driver:/home/yash/ros2-master_dual_box/ros2-master/install/ur_controllers:/home/yash/ros2-master_dual_box/ros2-master/install/ur_description:/home/yash/ros2-master_dual_box/ros2-master/install/ur_dashboard_msgs:${AMENT_PREFIX_PATH} CMAKE_PREFIX_PATH=/home/yash/ros2-master_dual_box/ros2-master/install/ur_robot_driver:/home/yash/ros2-master_dual_box/ros2-master/install/ur_controllers:/home/yash/ros2-master_dual_box/ros2-master/install/ur_description:/home/yash/ros2-master_dual_box/ros2-master/install/ur_dashboard_msgs:/opt/ros/jazzy/opt/gz_sim_vendor:/opt/ros/jazzy/opt/gz_sensors_vendor:/opt/ros/jazzy/opt/gz_physics_vendor:/opt/ros/jazzy/opt/sdformat_vendor:/opt/ros/jazzy/opt/gz_gui_vendor:/opt/ros/jazzy/opt/gz_transport_vendor:/opt/ros/jazzy/opt/gz_rendering_vendor:/opt/ros/jazzy/opt/gz_plugin_vendor:/opt/ros/jazzy/opt/gz_fuel_tools_vendor:/opt/ros/jazzy/opt/gz_msgs_vendor:/opt/ros/jazzy/opt/gz_common_vendor:/opt/ros/jazzy/opt/gz_math_vendor:/opt/ros/jazzy/opt/gz_utils_vendor:/opt/ros/jazzy/opt/gz_tools_vendor:/opt/ros/jazzy/opt/gz_ogre_next_vendor:/opt/ros/jazzy/opt/gz_dartsim_vendor:/opt/ros/jazzy/opt/gz_cmake_vendor:/opt/ros/jazzy DEBUGINFOD_URLS=https://debuginfod.ubuntu.com LD_LIBRARY_PATH=/home/yash/ros2-master_dual_box/ros2-master/install/ur_robot_driver/lib:/home/yash/ros2-master_dual_box/ros2-master/install/ur_controllers/lib:/home/yash/ros2-master_dual_box/ros2-master/install/ur_dashboard_msgs/lib:${LD_LIBRARY_PATH} PATH=/home/yash/ros2-master_dual_box/ros2-master/install/ur_robot_driver/bin:${PATH} PYTHONPATH=/home/yash/ros2-master_dual_box/ros2-master/install/ur_robot_driver/lib/python3.12/site-packages:/home/yash/ros2-master_dual_box/ros2-master/install/ur_dashboard_msgs/lib/python3.12/site-packages:${PYTHONPATH} /usr/bin/cmake --install /home/yash/ros2-master_dual_box/ros2-master/build/ur_calibration
