[0.026s] Invoking command in '/home/yash/ros2-master_dual_box/ros2-master/build/serial': CMAKE_PREFIX_PATH=${CMAKE_PREFIX_PATH}:/opt/ros/jazzy DEBUGINFOD_URLS=https://debuginfod.ubuntu.com /usr/bin/cmake /home/yash/ros2-master_dual_box/ros2-master/src/serial -DAMENT_CMAKE_SYMLINK_INSTALL=1 -DCMAKE_INSTALL_PREFIX=/home/yash/ros2-master_dual_box/ros2-master/install/serial
[0.120s] -- The C compiler identification is GNU 13.3.0
[0.213s] -- The CXX compiler identification is GNU 13.3.0
[0.253s] -- Detecting C compiler ABI info
[0.432s] -- Detecting C compiler ABI info - done
[0.451s] -- Check for working C compiler: /usr/bin/cc - skipped
[0.451s] -- Detecting C compile features
[0.454s] -- Detecting C compile features - done
[0.472s] -- Detecting CXX compiler ABI info
[0.650s] -- Detecting CXX compiler ABI info - done
[0.668s] -- Check for working CXX compiler: /usr/bin/c++ - skipped
[0.668s] -- Detecting CXX compile features
[0.669s] -- Detecting CXX compile features - done
[0.674s] -- Found ament_cmake: 2.5.5 (/opt/ros/jazzy/share/ament_cmake/cmake)
[0.891s] -- Found Python3: /usr/bin/python3 (found version "3.12.3") found components: Interpreter 
[0.991s] -- Override CMake install command with custom implementation using symlinks instead of copying resources
[1.240s] -- Configuring done (1.2s)
[1.261s] -- Generating done (0.0s)
[1.266s] -- Build files have been written to: /home/yash/ros2-master_dual_box/ros2-master/build/serial
[1.275s] Invoked command in '/home/yash/ros2-master_dual_box/ros2-master/build/serial' returned '0': CMAKE_PREFIX_PATH=${CMAKE_PREFIX_PATH}:/opt/ros/jazzy DEBUGINFOD_URLS=https://debuginfod.ubuntu.com /usr/bin/cmake /home/yash/ros2-master_dual_box/ros2-master/src/serial -DAMENT_CMAKE_SYMLINK_INSTALL=1 -DCMAKE_INSTALL_PREFIX=/home/yash/ros2-master_dual_box/ros2-master/install/serial
[1.278s] Invoking command in '/home/yash/ros2-master_dual_box/ros2-master/build/serial': CMAKE_PREFIX_PATH=${CMAKE_PREFIX_PATH}:/opt/ros/jazzy DEBUGINFOD_URLS=https://debuginfod.ubuntu.com /usr/bin/cmake --build /home/yash/ros2-master_dual_box/ros2-master/build/serial -- -j8 -l8
[1.370s] [ 50%] [32mBuilding CXX object CMakeFiles/serial.dir/src/serial.cc.o[0m
[1.371s] [ 50%] [32mBuilding CXX object CMakeFiles/serial.dir/src/impl/unix.cc.o[0m
[1.373s] [ 75%] [32mBuilding CXX object CMakeFiles/serial.dir/src/impl/list_ports/list_ports_linux.cc.o[0m
[2.026s] [100%] [32m[1mLinking CXX static library libserial.a[0m
[2.122s] [100%] Built target serial
[2.144s] Invoked command in '/home/yash/ros2-master_dual_box/ros2-master/build/serial' returned '0': CMAKE_PREFIX_PATH=${CMAKE_PREFIX_PATH}:/opt/ros/jazzy DEBUGINFOD_URLS=https://debuginfod.ubuntu.com /usr/bin/cmake --build /home/yash/ros2-master_dual_box/ros2-master/build/serial -- -j8 -l8
[2.145s] Invoking command in '/home/yash/ros2-master_dual_box/ros2-master/build/serial': CMAKE_PREFIX_PATH=${CMAKE_PREFIX_PATH}:/opt/ros/jazzy DEBUGINFOD_URLS=https://debuginfod.ubuntu.com /usr/bin/cmake --install /home/yash/ros2-master_dual_box/ros2-master/build/serial
[2.158s] -- Install configuration: ""
[2.159s] -- Execute custom install script
[2.159s] -- Symlinking: /home/yash/ros2-master_dual_box/ros2-master/install/serial/share/serial/environment/library_path.sh
[2.172s] -- Symlinking: /home/yash/ros2-master_dual_box/ros2-master/install/serial/share/serial/environment/library_path.dsv
[2.184s] -- Symlinking: /home/yash/ros2-master_dual_box/ros2-master/install/serial/include/serial/serial.h
[2.198s] -- Symlinking: /home/yash/ros2-master_dual_box/ros2-master/install/serial/include/serial/v8stdint.h
[2.214s] -- Symlinking: /home/yash/ros2-master_dual_box/ros2-master/install/serial/share/ament_index/resource_index/package_run_dependencies/serial
[2.230s] -- Symlinking: /home/yash/ros2-master_dual_box/ros2-master/install/serial/share/ament_index/resource_index/parent_prefix_path/serial
[2.244s] -- Symlinking: /home/yash/ros2-master_dual_box/ros2-master/install/serial/share/serial/environment/ament_prefix_path.sh
[2.260s] -- Symlinking: /home/yash/ros2-master_dual_box/ros2-master/install/serial/share/serial/environment/ament_prefix_path.dsv
[2.276s] -- Symlinking: /home/yash/ros2-master_dual_box/ros2-master/install/serial/share/serial/environment/path.sh
[2.299s] -- Symlinking: /home/yash/ros2-master_dual_box/ros2-master/install/serial/share/serial/environment/path.dsv
[2.310s] -- Symlinking: /home/yash/ros2-master_dual_box/ros2-master/install/serial/share/serial/local_setup.bash
[2.328s] -- Symlinking: /home/yash/ros2-master_dual_box/ros2-master/install/serial/share/serial/local_setup.sh
[2.342s] -- Symlinking: /home/yash/ros2-master_dual_box/ros2-master/install/serial/share/serial/local_setup.zsh
[2.360s] -- Symlinking: /home/yash/ros2-master_dual_box/ros2-master/install/serial/share/serial/local_setup.dsv
[2.388s] -- Symlinking: /home/yash/ros2-master_dual_box/ros2-master/install/serial/share/serial/package.dsv
[2.404s] -- Symlinking: /home/yash/ros2-master_dual_box/ros2-master/install/serial/share/ament_index/resource_index/packages/serial
[2.420s] -- Symlinking: /home/yash/ros2-master_dual_box/ros2-master/install/serial/share/serial/cmake/ament_cmake_export_include_directories-extras.cmake
[2.442s] -- Symlinking: /home/yash/ros2-master_dual_box/ros2-master/install/serial/share/serial/cmake/ament_cmake_export_libraries-extras.cmake
[2.470s] -- Symlinking: /home/yash/ros2-master_dual_box/ros2-master/install/serial/share/serial/cmake/ament_cmake_export_targets-extras.cmake
[2.479s] -- Symlinking: /home/yash/ros2-master_dual_box/ros2-master/install/serial/share/serial/cmake/serialConfig.cmake
[2.493s] -- Symlinking: /home/yash/ros2-master_dual_box/ros2-master/install/serial/share/serial/cmake/serialConfig-version.cmake
[2.508s] -- Symlinking: /home/yash/ros2-master_dual_box/ros2-master/install/serial/share/serial/package.xml
[2.524s] -- Installing: /home/yash/ros2-master_dual_box/ros2-master/install/serial/lib/libserial.a
[2.524s] -- Installing: /home/yash/ros2-master_dual_box/ros2-master/install/serial/share/serial/cmake/serialTargetsExport.cmake
[2.525s] -- Installing: /home/yash/ros2-master_dual_box/ros2-master/install/serial/share/serial/cmake/serialTargetsExport-noconfig.cmake
[2.529s] Invoked command in '/home/yash/ros2-master_dual_box/ros2-master/build/serial' returned '0': CMAKE_PREFIX_PATH=${CMAKE_PREFIX_PATH}:/opt/ros/jazzy DEBUGINFOD_URLS=https://debuginfod.ubuntu.com /usr/bin/cmake --install /home/yash/ros2-master_dual_box/ros2-master/build/serial
