[0.009s] Invoking command in '/home/yash/ros2-master_dual_box/ros2-master/build/robotiq_driver': AMENT_PREFIX_PATH=/home/yash/ros2-master_dual_box/ros2-master/install/serial:${AMENT_PREFIX_PATH} CMAKE_PREFIX_PATH=/home/yash/ros2-master_dual_box/ros2-master/install/serial:/opt/ros/jazzy/opt/gz_sim_vendor:/opt/ros/jazzy/opt/gz_sensors_vendor:/opt/ros/jazzy/opt/gz_physics_vendor:/opt/ros/jazzy/opt/sdformat_vendor:/opt/ros/jazzy/opt/gz_gui_vendor:/opt/ros/jazzy/opt/gz_transport_vendor:/opt/ros/jazzy/opt/gz_rendering_vendor:/opt/ros/jazzy/opt/gz_plugin_vendor:/opt/ros/jazzy/opt/gz_fuel_tools_vendor:/opt/ros/jazzy/opt/gz_msgs_vendor:/opt/ros/jazzy/opt/gz_common_vendor:/opt/ros/jazzy/opt/gz_math_vendor:/opt/ros/jazzy/opt/gz_utils_vendor:/opt/ros/jazzy/opt/gz_tools_vendor:/opt/ros/jazzy/opt/gz_ogre_next_vendor:/opt/ros/jazzy/opt/gz_dartsim_vendor:/opt/ros/jazzy/opt/gz_cmake_vendor:/opt/ros/jazzy DEBUGINFOD_URLS=https://debuginfod.ubuntu.com LD_LIBRARY_PATH=/home/yash/ros2-master_dual_box/ros2-master/install/serial/lib:${LD_LIBRARY_PATH} /usr/bin/cmake /home/yash/ros2-master_dual_box/ros2-master/src/robotiq_driver -DAMENT_CMAKE_SYMLINK_INSTALL=1 -DCMAKE_INSTALL_PREFIX=/home/yash/ros2-master_dual_box/ros2-master/install/robotiq_driver
[0.118s] -- The CXX compiler identification is GNU 13.3.0
[0.143s] -- Detecting CXX compiler ABI info
[0.303s] -- Detecting CXX compiler ABI info - done
[0.320s] -- Check for working CXX compiler: /usr/bin/c++ - skipped
[0.320s] -- Detecting CXX compile features
[0.322s] -- Detecting CXX compile features - done
[0.333s] -- Found ament_cmake: 2.5.5 (/opt/ros/jazzy/share/ament_cmake/cmake)
[0.573s] -- Found Python3: /usr/bin/python3 (found version "3.12.3") found components: Interpreter 
[0.676s] -- Override CMake install command with custom implementation using symlinks instead of copying resources
[0.771s] -- Found hardware_interface: 4.42.2 (/opt/ros/jazzy/share/hardware_interface/cmake)
[0.978s] -- Found rosidl_generator_c: 4.6.7 (/opt/ros/jazzy/share/rosidl_generator_c/cmake)
[1.031s] -- Found rosidl_generator_cpp: 4.6.7 (/opt/ros/jazzy/share/rosidl_generator_cpp/cmake)
[1.069s] -- Using all available rosidl_typesupport_c: rosidl_typesupport_fastrtps_c;rosidl_typesupport_introspection_c
[1.111s] -- Using all available rosidl_typesupport_cpp: rosidl_typesupport_fastrtps_cpp;rosidl_typesupport_introspection_cpp
[1.729s] -- Found TinyXML2 via Config file: /usr/lib/x86_64-linux-gnu/cmake/tinyxml2
[1.832s] -- Found rmw_implementation_cmake: 7.3.3 (/opt/ros/jazzy/share/rmw_implementation_cmake/cmake)
[1.840s] -- Found rmw_fastrtps_cpp: 8.4.3 (/opt/ros/jazzy/share/rmw_fastrtps_cpp/cmake)
[1.889s] -- Found TinyXML2 via Config file: /usr/lib/x86_64-linux-gnu/cmake/tinyxml2
[1.997s] -- Found OpenSSL: /usr/lib/x86_64-linux-gnu/libcrypto.so (found version "3.0.13")  
[2.003s] -- Found TinyXML2 via Config file: /usr/lib/x86_64-linux-gnu/cmake/tinyxml2
[2.048s] -- Found FastRTPS: /opt/ros/jazzy/include (Required is at least version "2.13") 
[2.048s] -- Found TinyXML2 via Config file: /usr/lib/x86_64-linux-gnu/cmake/tinyxml2
[2.065s] -- Found TinyXML2 via Config file: /usr/lib/x86_64-linux-gnu/cmake/tinyxml2
[2.089s] -- Using RMW implementation 'rmw_fastrtps_cpp' as default
[2.599s] -- Found serial: 1.2.1 (/home/yash/ros2-master_dual_box/ros2-master/install/serial/share/serial/cmake)
[2.619s] -- Found ament_cmake_gtest: 2.5.5 (/opt/ros/jazzy/share/ament_cmake_gtest/cmake)
[2.625s] -- Found ament_cmake_gmock: 2.5.5 (/opt/ros/jazzy/share/ament_cmake_gmock/cmake)
[2.632s] -- Found ament_lint_auto: 0.17.4 (/opt/ros/jazzy/share/ament_lint_auto/cmake)
[2.878s] -- Found gmock sources under '/opt/ros/jazzy/src/gmock_vendor': C++ tests using 'Google Mock' will be built
[2.941s] -- The C compiler identification is GNU 13.3.0
[2.965s] -- Detecting C compiler ABI info
[3.104s] -- Detecting C compiler ABI info - done
[3.123s] -- Check for working C compiler: /usr/bin/cc - skipped
[3.126s] -- Detecting C compile features
[3.127s] -- Detecting C compile features - done
[3.135s] -- Found gtest sources under '/opt/ros/jazzy/src/gtest_vendor': C++ tests using 'Google Test' will be built
[3.308s] -- Configuring done (3.3s)
[3.509s] -- Generating done (0.2s)
[3.563s] -- Build files have been written to: /home/yash/ros2-master_dual_box/ros2-master/build/robotiq_driver
[3.593s] Invoked command in '/home/yash/ros2-master_dual_box/ros2-master/build/robotiq_driver' returned '0': AMENT_PREFIX_PATH=/home/yash/ros2-master_dual_box/ros2-master/install/serial:${AMENT_PREFIX_PATH} CMAKE_PREFIX_PATH=/home/yash/ros2-master_dual_box/ros2-master/install/serial:/opt/ros/jazzy/opt/gz_sim_vendor:/opt/ros/jazzy/opt/gz_sensors_vendor:/opt/ros/jazzy/opt/gz_physics_vendor:/opt/ros/jazzy/opt/sdformat_vendor:/opt/ros/jazzy/opt/gz_gui_vendor:/opt/ros/jazzy/opt/gz_transport_vendor:/opt/ros/jazzy/opt/gz_rendering_vendor:/opt/ros/jazzy/opt/gz_plugin_vendor:/opt/ros/jazzy/opt/gz_fuel_tools_vendor:/opt/ros/jazzy/opt/gz_msgs_vendor:/opt/ros/jazzy/opt/gz_common_vendor:/opt/ros/jazzy/opt/gz_math_vendor:/opt/ros/jazzy/opt/gz_utils_vendor:/opt/ros/jazzy/opt/gz_tools_vendor:/opt/ros/jazzy/opt/gz_ogre_next_vendor:/opt/ros/jazzy/opt/gz_dartsim_vendor:/opt/ros/jazzy/opt/gz_cmake_vendor:/opt/ros/jazzy DEBUGINFOD_URLS=https://debuginfod.ubuntu.com LD_LIBRARY_PATH=/home/yash/ros2-master_dual_box/ros2-master/install/serial/lib:${LD_LIBRARY_PATH} /usr/bin/cmake /home/yash/ros2-master_dual_box/ros2-master/src/robotiq_driver -DAMENT_CMAKE_SYMLINK_INSTALL=1 -DCMAKE_INSTALL_PREFIX=/home/yash/ros2-master_dual_box/ros2-master/install/robotiq_driver
[3.594s] Invoking command in '/home/yash/ros2-master_dual_box/ros2-master/build/robotiq_driver': AMENT_PREFIX_PATH=/home/yash/ros2-master_dual_box/ros2-master/install/serial:${AMENT_PREFIX_PATH} CMAKE_PREFIX_PATH=/home/yash/ros2-master_dual_box/ros2-master/install/serial:/opt/ros/jazzy/opt/gz_sim_vendor:/opt/ros/jazzy/opt/gz_sensors_vendor:/opt/ros/jazzy/opt/gz_physics_vendor:/opt/ros/jazzy/opt/sdformat_vendor:/opt/ros/jazzy/opt/gz_gui_vendor:/opt/ros/jazzy/opt/gz_transport_vendor:/opt/ros/jazzy/opt/gz_rendering_vendor:/opt/ros/jazzy/opt/gz_plugin_vendor:/opt/ros/jazzy/opt/gz_fuel_tools_vendor:/opt/ros/jazzy/opt/gz_msgs_vendor:/opt/ros/jazzy/opt/gz_common_vendor:/opt/ros/jazzy/opt/gz_math_vendor:/opt/ros/jazzy/opt/gz_utils_vendor:/opt/ros/jazzy/opt/gz_tools_vendor:/opt/ros/jazzy/opt/gz_ogre_next_vendor:/opt/ros/jazzy/opt/gz_dartsim_vendor:/opt/ros/jazzy/opt/gz_cmake_vendor:/opt/ros/jazzy DEBUGINFOD_URLS=https://debuginfod.ubuntu.com LD_LIBRARY_PATH=/home/yash/ros2-master_dual_box/ros2-master/install/serial/lib:${LD_LIBRARY_PATH} /usr/bin/cmake --build /home/yash/ros2-master_dual_box/ros2-master/build/robotiq_driver -- -j8 -l8
[3.711s] [  4%] [32mBuilding CXX object gmock/CMakeFiles/gmock_main.dir/src/gmock_main.cc.o[0m
[3.724s] [  8%] [32mBuilding CXX object gmock/CMakeFiles/gmock.dir/src/gmock-all.cc.o[0m
[3.745s] [ 12%] [32mBuilding CXX object gmock/CMakeFiles/gmock.dir/opt/ros/jazzy/src/gtest_vendor/src/gtest-all.cc.o[0m
[3.749s] [ 16%] [32mBuilding CXX object CMakeFiles/robotiq_driver.dir/src/crc_utils.cpp.o[0m
[3.759s] [ 20%] [32mBuilding CXX object CMakeFiles/robotiq_driver.dir/src/default_driver.cpp.o[0m
[3.761s] [ 25%] [32mBuilding CXX object CMakeFiles/robotiq_driver.dir/src/hardware_interface.cpp.o[0m
[3.764s] [ 29%] [32mBuilding CXX object CMakeFiles/robotiq_driver.dir/src/default_driver_factory.cpp.o[0m
[3.769s] [ 33%] [32mBuilding CXX object CMakeFiles/robotiq_driver.dir/src/data_utils.cpp.o[0m
[4.039s] [ 37%] [32mBuilding CXX object CMakeFiles/robotiq_driver.dir/src/fake/fake_driver.cpp.o[0m
[4.483s] [ 41%] [32mBuilding CXX object CMakeFiles/robotiq_driver.dir/src/default_serial.cpp.o[0m
[5.488s] [ 45%] [32mBuilding CXX object CMakeFiles/robotiq_driver.dir/src/default_serial_factory.cpp.o[0m
[6.262s] [ 50%] [32m[1mLinking CXX static library libgmock_main.a[0m
[6.487s] [ 50%] Built target gmock_main
[10.958s] [ 54%] [32m[1mLinking CXX static library libgmock.a[0m
[11.117s] [ 54%] Built target gmock
[12.908s] [ 58%] [32m[1mLinking CXX shared library librobotiq_driver.so[0m
[13.405s] [ 58%] Built target robotiq_driver
[13.541s] [ 62%] [32mBuilding CXX object tests/CMakeFiles/test_robotiq_gripper_hardware_interface.dir/test_robotiq_gripper_hardware_interface.cpp.o[0m
[13.541s] [ 66%] [32mBuilding CXX object tests/CMakeFiles/test_default_driver_factory.dir/test_default_driver_factory.cpp.o[0m
[13.544s] [ 70%] [32mBuilding CXX object tests/CMakeFiles/test_default_serial_factory.dir/test_default_serial_factory.cpp.o[0m
[13.547s] [ 75%] [32mBuilding CXX object tests/CMakeFiles/test_data_utils.dir/test_data_utils.cpp.o[0m
[13.551s] [ 79%] [32mBuilding CXX object tests/CMakeFiles/test_crc_utils.dir/test_crc_utils.cpp.o[0m
[16.354s] [ 83%] [32m[1mLinking CXX executable test_data_utils[0m
[16.482s] [ 87%] [32m[1mLinking CXX executable test_crc_utils[0m
[17.403s] [ 87%] Built target test_data_utils
[17.672s] [ 87%] Built target test_crc_utils
[19.433s] [ 91%] [32m[1mLinking CXX executable test_default_serial_factory[0m
[20.466s] [ 91%] Built target test_default_serial_factory
[22.792s] [ 95%] [32m[1mLinking CXX executable test_robotiq_gripper_hardware_interface[0m
[23.102s] [ 95%] Built target test_robotiq_gripper_hardware_interface
[23.191s] [100%] [32m[1mLinking CXX executable test_default_driver_factory[0m
[23.535s] [100%] Built target test_default_driver_factory
[23.550s] Invoked command in '/home/yash/ros2-master_dual_box/ros2-master/build/robotiq_driver' returned '0': AMENT_PREFIX_PATH=/home/yash/ros2-master_dual_box/ros2-master/install/serial:${AMENT_PREFIX_PATH} CMAKE_PREFIX_PATH=/home/yash/ros2-master_dual_box/ros2-master/install/serial:/opt/ros/jazzy/opt/gz_sim_vendor:/opt/ros/jazzy/opt/gz_sensors_vendor:/opt/ros/jazzy/opt/gz_physics_vendor:/opt/ros/jazzy/opt/sdformat_vendor:/opt/ros/jazzy/opt/gz_gui_vendor:/opt/ros/jazzy/opt/gz_transport_vendor:/opt/ros/jazzy/opt/gz_rendering_vendor:/opt/ros/jazzy/opt/gz_plugin_vendor:/opt/ros/jazzy/opt/gz_fuel_tools_vendor:/opt/ros/jazzy/opt/gz_msgs_vendor:/opt/ros/jazzy/opt/gz_common_vendor:/opt/ros/jazzy/opt/gz_math_vendor:/opt/ros/jazzy/opt/gz_utils_vendor:/opt/ros/jazzy/opt/gz_tools_vendor:/opt/ros/jazzy/opt/gz_ogre_next_vendor:/opt/ros/jazzy/opt/gz_dartsim_vendor:/opt/ros/jazzy/opt/gz_cmake_vendor:/opt/ros/jazzy DEBUGINFOD_URLS=https://debuginfod.ubuntu.com LD_LIBRARY_PATH=/home/yash/ros2-master_dual_box/ros2-master/install/serial/lib:${LD_LIBRARY_PATH} /usr/bin/cmake --build /home/yash/ros2-master_dual_box/ros2-master/build/robotiq_driver -- -j8 -l8
[23.552s] Invoking command in '/home/yash/ros2-master_dual_box/ros2-master/build/robotiq_driver': AMENT_PREFIX_PATH=/home/yash/ros2-master_dual_box/ros2-master/install/serial:${AMENT_PREFIX_PATH} CMAKE_PREFIX_PATH=/home/yash/ros2-master_dual_box/ros2-master/install/serial:/opt/ros/jazzy/opt/gz_sim_vendor:/opt/ros/jazzy/opt/gz_sensors_vendor:/opt/ros/jazzy/opt/gz_physics_vendor:/opt/ros/jazzy/opt/sdformat_vendor:/opt/ros/jazzy/opt/gz_gui_vendor:/opt/ros/jazzy/opt/gz_transport_vendor:/opt/ros/jazzy/opt/gz_rendering_vendor:/opt/ros/jazzy/opt/gz_plugin_vendor:/opt/ros/jazzy/opt/gz_fuel_tools_vendor:/opt/ros/jazzy/opt/gz_msgs_vendor:/opt/ros/jazzy/opt/gz_common_vendor:/opt/ros/jazzy/opt/gz_math_vendor:/opt/ros/jazzy/opt/gz_utils_vendor:/opt/ros/jazzy/opt/gz_tools_vendor:/opt/ros/jazzy/opt/gz_ogre_next_vendor:/opt/ros/jazzy/opt/gz_dartsim_vendor:/opt/ros/jazzy/opt/gz_cmake_vendor:/opt/ros/jazzy DEBUGINFOD_URLS=https://debuginfod.ubuntu.com LD_LIBRARY_PATH=/home/yash/ros2-master_dual_box/ros2-master/install/serial/lib:${LD_LIBRARY_PATH} /usr/bin/cmake --install /home/yash/ros2-master_dual_box/ros2-master/build/robotiq_driver
[23.562s] -- Install configuration: ""
[23.563s] -- Execute custom install script
[23.563s] -- Symlinking: /home/yash/ros2-master_dual_box/ros2-master/install/robotiq_driver/share/robotiq_driver//hardware_interface_plugin.xml
[23.578s] -- Symlinking: /home/yash/ros2-master_dual_box/ros2-master/install/robotiq_driver/share/robotiq_driver/environment/library_path.sh
[23.591s] -- Symlinking: /home/yash/ros2-master_dual_box/ros2-master/install/robotiq_driver/share/robotiq_driver/environment/library_path.dsv
[23.605s] -- Symlinking: /home/yash/ros2-master_dual_box/ros2-master/install/robotiq_driver/include/robotiq_driver/crc_utils.hpp
[23.618s] -- Symlinking: /home/yash/ros2-master_dual_box/ros2-master/install/robotiq_driver/include/robotiq_driver/data_utils.hpp
[23.631s] -- Symlinking: /home/yash/ros2-master_dual_box/ros2-master/install/robotiq_driver/include/robotiq_driver/default_driver.hpp
[23.646s] -- Symlinking: /home/yash/ros2-master_dual_box/ros2-master/install/robotiq_driver/include/robotiq_driver/default_driver_factory.hpp
[23.660s] -- Symlinking: /home/yash/ros2-master_dual_box/ros2-master/install/robotiq_driver/include/robotiq_driver/default_serial.hpp
[23.675s] -- Symlinking: /home/yash/ros2-master_dual_box/ros2-master/install/robotiq_driver/include/robotiq_driver/default_serial_factory.hpp
[23.689s] -- Symlinking: /home/yash/ros2-master_dual_box/ros2-master/install/robotiq_driver/include/robotiq_driver/driver.hpp
[23.703s] -- Symlinking: /home/yash/ros2-master_dual_box/ros2-master/install/robotiq_driver/include/robotiq_driver/driver_exception.hpp
[23.717s] -- Symlinking: /home/yash/ros2-master_dual_box/ros2-master/install/robotiq_driver/include/robotiq_driver/driver_factory.hpp
[23.731s] -- Symlinking: /home/yash/ros2-master_dual_box/ros2-master/install/robotiq_driver/include/robotiq_driver/fake/fake_driver.hpp
[23.745s] -- Symlinking: /home/yash/ros2-master_dual_box/ros2-master/install/robotiq_driver/include/robotiq_driver/hardware_interface.hpp
[23.759s] -- Symlinking: /home/yash/ros2-master_dual_box/ros2-master/install/robotiq_driver/include/robotiq_driver/serial.hpp
[23.773s] -- Symlinking: /home/yash/ros2-master_dual_box/ros2-master/install/robotiq_driver/include/robotiq_driver/serial_factory.hpp
[23.788s] -- Symlinking: /home/yash/ros2-master_dual_box/ros2-master/install/robotiq_driver/include/robotiq_driver/visibility_control.hpp
[23.802s] -- Symlinking: /home/yash/ros2-master_dual_box/ros2-master/install/robotiq_driver/share/ament_index/resource_index/package_run_dependencies/robotiq_driver
[23.817s] -- Symlinking: /home/yash/ros2-master_dual_box/ros2-master/install/robotiq_driver/share/ament_index/resource_index/parent_prefix_path/robotiq_driver
[23.832s] -- Symlinking: /home/yash/ros2-master_dual_box/ros2-master/install/robotiq_driver/share/robotiq_driver/environment/ament_prefix_path.sh
[23.846s] -- Symlinking: /home/yash/ros2-master_dual_box/ros2-master/install/robotiq_driver/share/robotiq_driver/environment/ament_prefix_path.dsv
[23.860s] -- Symlinking: /home/yash/ros2-master_dual_box/ros2-master/install/robotiq_driver/share/robotiq_driver/environment/path.sh
[23.874s] -- Symlinking: /home/yash/ros2-master_dual_box/ros2-master/install/robotiq_driver/share/robotiq_driver/environment/path.dsv
[23.889s] -- Symlinking: /home/yash/ros2-master_dual_box/ros2-master/install/robotiq_driver/share/robotiq_driver/local_setup.bash
[23.904s] -- Symlinking: /home/yash/ros2-master_dual_box/ros2-master/install/robotiq_driver/share/robotiq_driver/local_setup.sh
[23.918s] -- Symlinking: /home/yash/ros2-master_dual_box/ros2-master/install/robotiq_driver/share/robotiq_driver/local_setup.zsh
[23.938s] -- Symlinking: /home/yash/ros2-master_dual_box/ros2-master/install/robotiq_driver/share/robotiq_driver/local_setup.dsv
[23.954s] -- Symlinking: /home/yash/ros2-master_dual_box/ros2-master/install/robotiq_driver/share/robotiq_driver/package.dsv
[23.969s] -- Symlinking: /home/yash/ros2-master_dual_box/ros2-master/install/robotiq_driver/share/ament_index/resource_index/packages/robotiq_driver
[23.984s] -- Symlinking: /home/yash/ros2-master_dual_box/ros2-master/install/robotiq_driver/share/ament_index/resource_index/hardware_interface__pluginlib__plugin/robotiq_driver
[24.002s] -- Symlinking: /home/yash/ros2-master_dual_box/ros2-master/install/robotiq_driver/share/robotiq_driver/cmake/ament_cmake_export_targets-extras.cmake
[24.018s] -- Symlinking: /home/yash/ros2-master_dual_box/ros2-master/install/robotiq_driver/share/robotiq_driver/cmake/ament_cmake_export_dependencies-extras.cmake
[24.034s] -- Symlinking: /home/yash/ros2-master_dual_box/ros2-master/install/robotiq_driver/share/robotiq_driver/cmake/ament_cmake_export_include_directories-extras.cmake
[24.049s] -- Symlinking: /home/yash/ros2-master_dual_box/ros2-master/install/robotiq_driver/share/robotiq_driver/cmake/ament_cmake_export_libraries-extras.cmake
[24.066s] -- Symlinking: /home/yash/ros2-master_dual_box/ros2-master/install/robotiq_driver/share/robotiq_driver/cmake/robotiq_driverConfig.cmake
[24.082s] -- Symlinking: /home/yash/ros2-master_dual_box/ros2-master/install/robotiq_driver/share/robotiq_driver/cmake/robotiq_driverConfig-version.cmake
[24.098s] -- Symlinking: /home/yash/ros2-master_dual_box/ros2-master/install/robotiq_driver/share/robotiq_driver/package.xml
[24.114s] -- Installing: /home/yash/ros2-master_dual_box/ros2-master/install/robotiq_driver/lib/librobotiq_driver.so
[24.116s] -- Set non-toolchain portion of runtime path of "/home/yash/ros2-master_dual_box/ros2-master/install/robotiq_driver/lib/librobotiq_driver.so" to ""
[24.116s] -- Installing: /home/yash/ros2-master_dual_box/ros2-master/install/robotiq_driver/share/robotiq_driver/cmake/robotiq_driver_targetsExport.cmake
[24.117s] -- Installing: /home/yash/ros2-master_dual_box/ros2-master/install/robotiq_driver/share/robotiq_driver/cmake/robotiq_driver_targetsExport-noconfig.cmake
[24.121s] Invoked command in '/home/yash/ros2-master_dual_box/ros2-master/build/robotiq_driver' returned '0': AMENT_PREFIX_PATH=/home/yash/ros2-master_dual_box/ros2-master/install/serial:${AMENT_PREFIX_PATH} CMAKE_PREFIX_PATH=/home/yash/ros2-master_dual_box/ros2-master/install/serial:/opt/ros/jazzy/opt/gz_sim_vendor:/opt/ros/jazzy/opt/gz_sensors_vendor:/opt/ros/jazzy/opt/gz_physics_vendor:/opt/ros/jazzy/opt/sdformat_vendor:/opt/ros/jazzy/opt/gz_gui_vendor:/opt/ros/jazzy/opt/gz_transport_vendor:/opt/ros/jazzy/opt/gz_rendering_vendor:/opt/ros/jazzy/opt/gz_plugin_vendor:/opt/ros/jazzy/opt/gz_fuel_tools_vendor:/opt/ros/jazzy/opt/gz_msgs_vendor:/opt/ros/jazzy/opt/gz_common_vendor:/opt/ros/jazzy/opt/gz_math_vendor:/opt/ros/jazzy/opt/gz_utils_vendor:/opt/ros/jazzy/opt/gz_tools_vendor:/opt/ros/jazzy/opt/gz_ogre_next_vendor:/opt/ros/jazzy/opt/gz_dartsim_vendor:/opt/ros/jazzy/opt/gz_cmake_vendor:/opt/ros/jazzy DEBUGINFOD_URLS=https://debuginfod.ubuntu.com LD_LIBRARY_PATH=/home/yash/ros2-master_dual_box/ros2-master/install/serial/lib:${LD_LIBRARY_PATH} /usr/bin/cmake --install /home/yash/ros2-master_dual_box/ros2-master/build/robotiq_driver
