-- The C compiler identification is GNU 13.3.0
-- The CXX compiler identification is GNU 13.3.0
-- Detecting C compiler ABI info
-- Detecting C compiler ABI info - done
-- Check for working C compiler: /usr/bin/cc - skipped
-- Detecting C compile features
-- Detecting C compile features - done
-- Detecting CXX compiler ABI info
-- Detecting CXX compiler ABI info - done
-- Check for working CXX compiler: /usr/bin/c++ - skipped
-- Detecting CXX compile features
-- Detecting CXX compile features - done
-- Found ament_cmake: 2.5.5 (/opt/ros/jazzy/share/ament_cmake/cmake)
-- Found Python3: /usr/bin/python3 (found version "3.12.3") found components: Interpreter 
-- Override CMake install command with custom implementation using symlinks instead of copying resources
-- Configuring done (1.2s)
-- Generating done (0.0s)
-- Build files have been written to: /home/yash/ros2-master_dual_box/ros2-master/build/ur_description
-- Install configuration: ""
-- Execute custom install script
-- Symlinking: /home/yash/ros2-master_dual_box/ros2-master/install/ur_description/lib/ur_description/test.py
-- Symlinking: /home/yash/ros2-master_dual_box/ros2-master/install/ur_description/share/ur_description/config/initial_positions.yaml
-- Symlinking: /home/yash/ros2-master_dual_box/ros2-master/install/ur_description/share/ur_description/config/kinematics.yaml
-- Symlinking: /home/yash/ros2-master_dual_box/ros2-master/install/ur_description/share/ur_description/config/ur5/default_kinematics.yaml
-- Symlinking: /home/yash/ros2-master_dual_box/ros2-master/install/ur_description/share/ur_description/config/ur5/joint_limits.yaml
-- Symlinking: /home/yash/ros2-master_dual_box/ros2-master/install/ur_description/share/ur_description/config/ur5/physical_parameters.yaml
-- Symlinking: /home/yash/ros2-master_dual_box/ros2-master/install/ur_description/share/ur_description/config/ur5/physical_parameters_old.yaml
-- Symlinking: /home/yash/ros2-master_dual_box/ros2-master/install/ur_description/share/ur_description/config/ur5/visual_parameters.yaml
-- Symlinking: /home/yash/ros2-master_dual_box/ros2-master/install/ur_description/share/ur_description/config/ur_controllers.yaml
-- Symlinking: /home/yash/ros2-master_dual_box/ros2-master/install/ur_description/share/ur_description/config/ur_table_assembly.srdf
-- Symlinking: /home/yash/ros2-master_dual_box/ros2-master/install/ur_description/share/ur_description/launch/cleaning_session.launch.py
-- Symlinking: /home/yash/ros2-master_dual_box/ros2-master/install/ur_description/share/ur_description/launch/view_ur.launch.py
-- Symlinking: /home/yash/ros2-master_dual_box/ros2-master/install/ur_description/share/ur_description/rviz/view_robot.rviz
[33mCMake Warning (dev) at ament_cmake_symlink_install/ament_cmake_symlink_install.cmake:67 (file):
  Policy CMP0009 is not set: FILE GLOB_RECURSE calls should not follow
  symlinks by default.  Run "cmake --help-policy CMP0009" for policy details.
  Use the cmake_policy command to set the policy and suppress this warning.
Call Stack (most recent call first):
  ament_cmake_symlink_install/ament_cmake_symlink_install.cmake:322 (ament_cmake_symlink_install_directory)
  cmake_install.cmake:46 (include)
This warning is for project developers.  Use -Wno-dev to suppress it.
[0m
-- Symlinking: /home/yash/ros2-master_dual_box/ros2-master/install/ur_description/share/ur_description/urdf/build/.built_by
-- Symlinking: /home/yash/ros2-master_dual_box/ros2-master/install/ur_description/share/ur_description/urdf/build/COLCON_IGNORE
-- Symlinking: /home/yash/ros2-master_dual_box/ros2-master/install/ur_description/share/ur_description/urdf/inc/mop_tool.xacro
-- Symlinking: /home/yash/ros2-master_dual_box/ros2-master/install/ur_description/share/ur_description/urdf/inc/ros2_control_mock_hardware.xacro
-- Symlinking: /home/yash/ros2-master_dual_box/ros2-master/install/ur_description/share/ur_description/urdf/inc/ur_common.xacro
-- Symlinking: /home/yash/ros2-master_dual_box/ros2-master/install/ur_description/share/ur_description/urdf/inc/ur_joint_control.xacro
-- Symlinking: /home/yash/ros2-master_dual_box/ros2-master/install/ur_description/share/ur_description/urdf/inc/ur_sensors.xacro
-- Symlinking: /home/yash/ros2-master_dual_box/ros2-master/install/ur_description/share/ur_description/urdf/inc/ur_transmissions.xacro
-- Symlinking: /home/yash/ros2-master_dual_box/ros2-master/install/ur_description/share/ur_description/urdf/install/.colcon_install_layout
-- Symlinking: /home/yash/ros2-master_dual_box/ros2-master/install/ur_description/share/ur_description/urdf/install/COLCON_IGNORE
-- Symlinking: /home/yash/ros2-master_dual_box/ros2-master/install/ur_description/share/ur_description/urdf/install/_local_setup_util_ps1.py
-- Symlinking: /home/yash/ros2-master_dual_box/ros2-master/install/ur_description/share/ur_description/urdf/install/_local_setup_util_sh.py
-- Symlinking: /home/yash/ros2-master_dual_box/ros2-master/install/ur_description/share/ur_description/urdf/install/local_setup.bash
-- Symlinking: /home/yash/ros2-master_dual_box/ros2-master/install/ur_description/share/ur_description/urdf/install/local_setup.ps1
-- Symlinking: /home/yash/ros2-master_dual_box/ros2-master/install/ur_description/share/ur_description/urdf/install/local_setup.sh
-- Symlinking: /home/yash/ros2-master_dual_box/ros2-master/install/ur_description/share/ur_description/urdf/install/local_setup.zsh
-- Symlinking: /home/yash/ros2-master_dual_box/ros2-master/install/ur_description/share/ur_description/urdf/install/setup.bash
-- Symlinking: /home/yash/ros2-master_dual_box/ros2-master/install/ur_description/share/ur_description/urdf/install/setup.ps1
-- Symlinking: /home/yash/ros2-master_dual_box/ros2-master/install/ur_description/share/ur_description/urdf/install/setup.sh
-- Symlinking: /home/yash/ros2-master_dual_box/ros2-master/install/ur_description/share/ur_description/urdf/install/setup.zsh
-- Symlinking: /home/yash/ros2-master_dual_box/ros2-master/install/ur_description/share/ur_description/urdf/log/COLCON_IGNORE
-- Symlinking: /home/yash/ros2-master_dual_box/ros2-master/install/ur_description/share/ur_description/urdf/log/build_2026-01-29_00-01-21/events.log
-- Symlinking: /home/yash/ros2-master_dual_box/ros2-master/install/ur_description/share/ur_description/urdf/log/build_2026-01-29_00-01-21/logger_all.log
-- Symlinking: /home/yash/ros2-master_dual_box/ros2-master/install/ur_description/share/ur_description/urdf/log/build_2026-01-29_02-49-19/events.log
-- Symlinking: /home/yash/ros2-master_dual_box/ros2-master/install/ur_description/share/ur_description/urdf/log/build_2026-01-29_02-49-19/logger_all.log
-- Symlinking: /home/yash/ros2-master_dual_box/ros2-master/install/ur_description/share/ur_description/urdf/log/build_2026-01-29_02-53-56/events.log
-- Symlinking: /home/yash/ros2-master_dual_box/ros2-master/install/ur_description/share/ur_description/urdf/log/build_2026-01-29_02-53-56/logger_all.log
-- Symlinking: /home/yash/ros2-master_dual_box/ros2-master/install/ur_description/share/ur_description/urdf/log/latest/events.log
-- Symlinking: /home/yash/ros2-master_dual_box/ros2-master/install/ur_description/share/ur_description/urdf/log/latest/logger_all.log
-- Symlinking: /home/yash/ros2-master_dual_box/ros2-master/install/ur_description/share/ur_description/urdf/log/latest_build/events.log
-- Symlinking: /home/yash/ros2-master_dual_box/ros2-master/install/ur_description/share/ur_description/urdf/log/latest_build/logger_all.log
-- Symlinking: /home/yash/ros2-master_dual_box/ros2-master/install/ur_description/share/ur_description/urdf/ur.urdf.xacro
-- Symlinking: /home/yash/ros2-master_dual_box/ros2-master/install/ur_description/share/ur_description/urdf/ur_for_ik.urdf
-- Symlinking: /home/yash/ros2-master_dual_box/ros2-master/install/ur_description/share/ur_description/urdf/ur_for_ik.urdf~
-- Symlinking: /home/yash/ros2-master_dual_box/ros2-master/install/ur_description/share/ur_description/urdf/ur_macro.xacro
-- Symlinking: /home/yash/ros2-master_dual_box/ros2-master/install/ur_description/share/ur_description/urdf/ur_mocked.urdf.xacro
-- Symlinking: /home/yash/ros2-master_dual_box/ros2-master/install/ur_description/share/ur_description/urdf/ur_mop_standalone.urdf.xacro
-- Symlinking: /home/yash/ros2-master_dual_box/ros2-master/install/ur_description/share/ur_description/urdf/ur_table_assembly.urdf.xacro
-- Symlinking: /home/yash/ros2-master_dual_box/ros2-master/install/ur_description/share/ur_description/meshes/mop_base.obj
-- Symlinking: /home/yash/ros2-master_dual_box/ros2-master/install/ur_description/share/ur_description/meshes/mop_handle.obj
-- Symlinking: /home/yash/ros2-master_dual_box/ros2-master/install/ur_description/share/ur_description/meshes/table.stl
-- Symlinking: /home/yash/ros2-master_dual_box/ros2-master/install/ur_description/share/ur_description/meshes/test.stl
-- Symlinking: /home/yash/ros2-master_dual_box/ros2-master/install/ur_description/share/ur_description/meshes/ur5/collision/base.stl
-- Symlinking: /home/yash/ros2-master_dual_box/ros2-master/install/ur_description/share/ur_description/meshes/ur5/collision/forearm.stl
-- Symlinking: /home/yash/ros2-master_dual_box/ros2-master/install/ur_description/share/ur_description/meshes/ur5/collision/shoulder.stl
-- Symlinking: /home/yash/ros2-master_dual_box/ros2-master/install/ur_description/share/ur_description/meshes/ur5/collision/upperarm.stl
-- Symlinking: /home/yash/ros2-master_dual_box/ros2-master/install/ur_description/share/ur_description/meshes/ur5/collision/wrist1.stl
-- Symlinking: /home/yash/ros2-master_dual_box/ros2-master/install/ur_description/share/ur_description/meshes/ur5/collision/wrist2.stl
-- Symlinking: /home/yash/ros2-master_dual_box/ros2-master/install/ur_description/share/ur_description/meshes/ur5/collision/wrist3.stl
-- Symlinking: /home/yash/ros2-master_dual_box/ros2-master/install/ur_description/share/ur_description/meshes/ur5/visual/base.dae
-- Symlinking: /home/yash/ros2-master_dual_box/ros2-master/install/ur_description/share/ur_description/meshes/ur5/visual/forearm.dae
-- Symlinking: /home/yash/ros2-master_dual_box/ros2-master/install/ur_description/share/ur_description/meshes/ur5/visual/shoulder.dae
-- Symlinking: /home/yash/ros2-master_dual_box/ros2-master/install/ur_description/share/ur_description/meshes/ur5/visual/upperarm.dae
-- Symlinking: /home/yash/ros2-master_dual_box/ros2-master/install/ur_description/share/ur_description/meshes/ur5/visual/wrist1.dae
-- Symlinking: /home/yash/ros2-master_dual_box/ros2-master/install/ur_description/share/ur_description/meshes/ur5/visual/wrist2.dae
-- Symlinking: /home/yash/ros2-master_dual_box/ros2-master/install/ur_description/share/ur_description/meshes/ur5/visual/wrist3.dae
-- Symlinking: /home/yash/ros2-master_dual_box/ros2-master/install/ur_description/share/ur_description/data/motion.csv
-- Up-to-date symlink: /home/yash/ros2-master_dual_box/ros2-master/install/ur_description/share/ur_description/launch/cleaning_session.launch.py
-- Up-to-date symlink: /home/yash/ros2-master_dual_box/ros2-master/install/ur_description/share/ur_description/launch/view_ur.launch.py
-- Symlinking: /home/yash/ros2-master_dual_box/ros2-master/install/ur_description/share/ament_index/resource_index/package_run_dependencies/ur_description
-- Symlinking: /home/yash/ros2-master_dual_box/ros2-master/install/ur_description/share/ament_index/resource_index/parent_prefix_path/ur_description
-- Symlinking: /home/yash/ros2-master_dual_box/ros2-master/install/ur_description/share/ur_description/environment/ament_prefix_path.sh
-- Symlinking: /home/yash/ros2-master_dual_box/ros2-master/install/ur_description/share/ur_description/environment/ament_prefix_path.dsv
-- Symlinking: /home/yash/ros2-master_dual_box/ros2-master/install/ur_description/share/ur_description/environment/path.sh
-- Symlinking: /home/yash/ros2-master_dual_box/ros2-master/install/ur_description/share/ur_description/environment/path.dsv
-- Symlinking: /home/yash/ros2-master_dual_box/ros2-master/install/ur_description/share/ur_description/local_setup.bash
-- Symlinking: /home/yash/ros2-master_dual_box/ros2-master/install/ur_description/share/ur_description/local_setup.sh
-- Symlinking: /home/yash/ros2-master_dual_box/ros2-master/install/ur_description/share/ur_description/local_setup.zsh
-- Symlinking: /home/yash/ros2-master_dual_box/ros2-master/install/ur_description/share/ur_description/local_setup.dsv
-- Symlinking: /home/yash/ros2-master_dual_box/ros2-master/install/ur_description/share/ur_description/package.dsv
-- Symlinking: /home/yash/ros2-master_dual_box/ros2-master/install/ur_description/share/ament_index/resource_index/packages/ur_description
-- Symlinking: /home/yash/ros2-master_dual_box/ros2-master/install/ur_description/share/ur_description/cmake/ur_descriptionConfig.cmake
-- Symlinking: /home/yash/ros2-master_dual_box/ros2-master/install/ur_description/share/ur_description/cmake/ur_descriptionConfig-version.cmake
-- Symlinking: /home/yash/ros2-master_dual_box/ros2-master/install/ur_description/share/ur_description/package.xml
