[0.029s] Invoking command in '/home/yash/ros2-master_dual_box/ros2-master/build/ur_description': CMAKE_PREFIX_PATH=${CMAKE_PREFIX_PATH}:/opt/ros/jazzy DEBUGINFOD_URLS=https://debuginfod.ubuntu.com /usr/bin/cmake /home/yash/ros2-master_dual_box/ros2-master/src/ur_description -DAMENT_CMAKE_SYMLINK_INSTALL=1 -DCMAKE_INSTALL_PREFIX=/home/yash/ros2-master_dual_box/ros2-master/install/ur_description
[0.140s] -- The C compiler identification is GNU 13.3.0
[0.247s] -- The CXX compiler identification is GNU 13.3.0
[0.273s] -- Detecting C compiler ABI info
[0.448s] -- Detecting C compiler ABI info - done
[0.467s] -- Check for working C compiler: /usr/bin/cc - skipped
[0.468s] -- Detecting C compile features
[0.469s] -- Detecting C compile features - done
[0.484s] -- Detecting CXX compiler ABI info
[0.661s] -- Detecting CXX compiler ABI info - done
[0.680s] -- Check for working CXX compiler: /usr/bin/c++ - skipped
[0.680s] -- Detecting CXX compile features
[0.681s] -- Detecting CXX compile features - done
[0.688s] -- Found ament_cmake: 2.5.5 (/opt/ros/jazzy/share/ament_cmake/cmake)
[0.907s] -- Found Python3: /usr/bin/python3 (found version "3.12.3") found components: Interpreter 
[1.006s] -- Override CMake install command with custom implementation using symlinks instead of copying resources
[1.214s] -- Configuring done (1.2s)
[1.221s] -- Generating done (0.0s)
[1.226s] -- Build files have been written to: /home/yash/ros2-master_dual_box/ros2-master/build/ur_description
[1.235s] Invoked command in '/home/yash/ros2-master_dual_box/ros2-master/build/ur_description' returned '0': CMAKE_PREFIX_PATH=${CMAKE_PREFIX_PATH}:/opt/ros/jazzy DEBUGINFOD_URLS=https://debuginfod.ubuntu.com /usr/bin/cmake /home/yash/ros2-master_dual_box/ros2-master/src/ur_description -DAMENT_CMAKE_SYMLINK_INSTALL=1 -DCMAKE_INSTALL_PREFIX=/home/yash/ros2-master_dual_box/ros2-master/install/ur_description
[1.238s] Invoking command in '/home/yash/ros2-master_dual_box/ros2-master/build/ur_description': CMAKE_PREFIX_PATH=${CMAKE_PREFIX_PATH}:/opt/ros/jazzy DEBUGINFOD_URLS=https://debuginfod.ubuntu.com /usr/bin/cmake --build /home/yash/ros2-master_dual_box/ros2-master/build/ur_description -- -j8 -l8
[1.306s] Invoked command in '/home/yash/ros2-master_dual_box/ros2-master/build/ur_description' returned '0': CMAKE_PREFIX_PATH=${CMAKE_PREFIX_PATH}:/opt/ros/jazzy DEBUGINFOD_URLS=https://debuginfod.ubuntu.com /usr/bin/cmake --build /home/yash/ros2-master_dual_box/ros2-master/build/ur_description -- -j8 -l8
[1.320s] Invoking command in '/home/yash/ros2-master_dual_box/ros2-master/build/ur_description': CMAKE_PREFIX_PATH=${CMAKE_PREFIX_PATH}:/opt/ros/jazzy DEBUGINFOD_URLS=https://debuginfod.ubuntu.com /usr/bin/cmake --install /home/yash/ros2-master_dual_box/ros2-master/build/ur_description
[1.332s] -- Install configuration: ""
[1.333s] -- Execute custom install script
[1.334s] -- Symlinking: /home/yash/ros2-master_dual_box/ros2-master/install/ur_description/lib/ur_description/test.py
[1.348s] -- Symlinking: /home/yash/ros2-master_dual_box/ros2-master/install/ur_description/share/ur_description/config/initial_positions.yaml
[1.370s] -- Symlinking: /home/yash/ros2-master_dual_box/ros2-master/install/ur_description/share/ur_description/config/kinematics.yaml
[1.390s] -- Symlinking: /home/yash/ros2-master_dual_box/ros2-master/install/ur_description/share/ur_description/config/ur5/default_kinematics.yaml
[1.406s] -- Symlinking: /home/yash/ros2-master_dual_box/ros2-master/install/ur_description/share/ur_description/config/ur5/joint_limits.yaml
[1.424s] -- Symlinking: /home/yash/ros2-master_dual_box/ros2-master/install/ur_description/share/ur_description/config/ur5/physical_parameters.yaml
[1.443s] -- Symlinking: /home/yash/ros2-master_dual_box/ros2-master/install/ur_description/share/ur_description/config/ur5/physical_parameters_old.yaml
[1.462s] -- Symlinking: /home/yash/ros2-master_dual_box/ros2-master/install/ur_description/share/ur_description/config/ur5/visual_parameters.yaml
[1.480s] -- Symlinking: /home/yash/ros2-master_dual_box/ros2-master/install/ur_description/share/ur_description/config/ur_controllers.yaml
[1.498s] -- Symlinking: /home/yash/ros2-master_dual_box/ros2-master/install/ur_description/share/ur_description/config/ur_table_assembly.srdf
[1.518s] -- Symlinking: /home/yash/ros2-master_dual_box/ros2-master/install/ur_description/share/ur_description/launch/cleaning_session.launch.py
[1.538s] -- Symlinking: /home/yash/ros2-master_dual_box/ros2-master/install/ur_description/share/ur_description/launch/view_ur.launch.py
[1.558s] -- Symlinking: /home/yash/ros2-master_dual_box/ros2-master/install/ur_description/share/ur_description/rviz/view_robot.rviz
[1.579s] [33mCMake Warning (dev) at ament_cmake_symlink_install/ament_cmake_symlink_install.cmake:67 (file):
[1.579s]   Policy CMP0009 is not set: FILE GLOB_RECURSE calls should not follow
[1.580s]   symlinks by default.  Run "cmake --help-policy CMP0009" for policy details.
[1.580s]   Use the cmake_policy command to set the policy and suppress this warning.
[1.581s] Call Stack (most recent call first):
[1.581s]   ament_cmake_symlink_install/ament_cmake_symlink_install.cmake:322 (ament_cmake_symlink_install_directory)
[1.581s]   cmake_install.cmake:46 (include)
[1.581s] This warning is for project developers.  Use -Wno-dev to suppress it.
[1.581s] [0m
[1.582s] -- Symlinking: /home/yash/ros2-master_dual_box/ros2-master/install/ur_description/share/ur_description/urdf/build/.built_by
[1.603s] -- Symlinking: /home/yash/ros2-master_dual_box/ros2-master/install/ur_description/share/ur_description/urdf/build/COLCON_IGNORE
[1.619s] -- Symlinking: /home/yash/ros2-master_dual_box/ros2-master/install/ur_description/share/ur_description/urdf/inc/mop_tool.xacro
[1.638s] -- Symlinking: /home/yash/ros2-master_dual_box/ros2-master/install/ur_description/share/ur_description/urdf/inc/ros2_control_mock_hardware.xacro
[1.654s] -- Symlinking: /home/yash/ros2-master_dual_box/ros2-master/install/ur_description/share/ur_description/urdf/inc/ur_common.xacro
[1.673s] -- Symlinking: /home/yash/ros2-master_dual_box/ros2-master/install/ur_description/share/ur_description/urdf/inc/ur_joint_control.xacro
[1.701s] -- Symlinking: /home/yash/ros2-master_dual_box/ros2-master/install/ur_description/share/ur_description/urdf/inc/ur_sensors.xacro
[1.723s] -- Symlinking: /home/yash/ros2-master_dual_box/ros2-master/install/ur_description/share/ur_description/urdf/inc/ur_transmissions.xacro
[1.741s] -- Symlinking: /home/yash/ros2-master_dual_box/ros2-master/install/ur_description/share/ur_description/urdf/install/.colcon_install_layout
[1.759s] -- Symlinking: /home/yash/ros2-master_dual_box/ros2-master/install/ur_description/share/ur_description/urdf/install/COLCON_IGNORE
[1.778s] -- Symlinking: /home/yash/ros2-master_dual_box/ros2-master/install/ur_description/share/ur_description/urdf/install/_local_setup_util_ps1.py
[1.805s] -- Symlinking: /home/yash/ros2-master_dual_box/ros2-master/install/ur_description/share/ur_description/urdf/install/_local_setup_util_sh.py
[1.819s] -- Symlinking: /home/yash/ros2-master_dual_box/ros2-master/install/ur_description/share/ur_description/urdf/install/local_setup.bash
[1.842s] -- Symlinking: /home/yash/ros2-master_dual_box/ros2-master/install/ur_description/share/ur_description/urdf/install/local_setup.ps1
[1.861s] -- Symlinking: /home/yash/ros2-master_dual_box/ros2-master/install/ur_description/share/ur_description/urdf/install/local_setup.sh
[1.882s] -- Symlinking: /home/yash/ros2-master_dual_box/ros2-master/install/ur_description/share/ur_description/urdf/install/local_setup.zsh
[1.903s] -- Symlinking: /home/yash/ros2-master_dual_box/ros2-master/install/ur_description/share/ur_description/urdf/install/setup.bash
[1.925s] -- Symlinking: /home/yash/ros2-master_dual_box/ros2-master/install/ur_description/share/ur_description/urdf/install/setup.ps1
[1.945s] -- Symlinking: /home/yash/ros2-master_dual_box/ros2-master/install/ur_description/share/ur_description/urdf/install/setup.sh
[1.963s] -- Symlinking: /home/yash/ros2-master_dual_box/ros2-master/install/ur_description/share/ur_description/urdf/install/setup.zsh
[1.983s] -- Symlinking: /home/yash/ros2-master_dual_box/ros2-master/install/ur_description/share/ur_description/urdf/log/COLCON_IGNORE
[2.000s] -- Symlinking: /home/yash/ros2-master_dual_box/ros2-master/install/ur_description/share/ur_description/urdf/log/build_2026-01-29_00-01-21/events.log
[2.015s] -- Symlinking: /home/yash/ros2-master_dual_box/ros2-master/install/ur_description/share/ur_description/urdf/log/build_2026-01-29_00-01-21/logger_all.log
[2.031s] -- Symlinking: /home/yash/ros2-master_dual_box/ros2-master/install/ur_description/share/ur_description/urdf/log/build_2026-01-29_02-49-19/events.log
[2.047s] -- Symlinking: /home/yash/ros2-master_dual_box/ros2-master/install/ur_description/share/ur_description/urdf/log/build_2026-01-29_02-49-19/logger_all.log
[2.063s] -- Symlinking: /home/yash/ros2-master_dual_box/ros2-master/install/ur_description/share/ur_description/urdf/log/build_2026-01-29_02-53-56/events.log
[2.079s] -- Symlinking: /home/yash/ros2-master_dual_box/ros2-master/install/ur_description/share/ur_description/urdf/log/build_2026-01-29_02-53-56/logger_all.log
[2.094s] -- Symlinking: /home/yash/ros2-master_dual_box/ros2-master/install/ur_description/share/ur_description/urdf/log/latest/events.log
[2.109s] -- Symlinking: /home/yash/ros2-master_dual_box/ros2-master/install/ur_description/share/ur_description/urdf/log/latest/logger_all.log
[2.125s] -- Symlinking: /home/yash/ros2-master_dual_box/ros2-master/install/ur_description/share/ur_description/urdf/log/latest_build/events.log
[2.142s] -- Symlinking: /home/yash/ros2-master_dual_box/ros2-master/install/ur_description/share/ur_description/urdf/log/latest_build/logger_all.log
[2.158s] -- Symlinking: /home/yash/ros2-master_dual_box/ros2-master/install/ur_description/share/ur_description/urdf/ur.urdf.xacro
[2.175s] -- Symlinking: /home/yash/ros2-master_dual_box/ros2-master/install/ur_description/share/ur_description/urdf/ur_for_ik.urdf
[2.192s] -- Symlinking: /home/yash/ros2-master_dual_box/ros2-master/install/ur_description/share/ur_description/urdf/ur_for_ik.urdf~
[2.207s] -- Symlinking: /home/yash/ros2-master_dual_box/ros2-master/install/ur_description/share/ur_description/urdf/ur_macro.xacro
[2.226s] -- Symlinking: /home/yash/ros2-master_dual_box/ros2-master/install/ur_description/share/ur_description/urdf/ur_mocked.urdf.xacro
[2.241s] -- Symlinking: /home/yash/ros2-master_dual_box/ros2-master/install/ur_description/share/ur_description/urdf/ur_mop_standalone.urdf.xacro
[2.257s] -- Symlinking: /home/yash/ros2-master_dual_box/ros2-master/install/ur_description/share/ur_description/urdf/ur_table_assembly.urdf.xacro
[2.273s] -- Symlinking: /home/yash/ros2-master_dual_box/ros2-master/install/ur_description/share/ur_description/meshes/mop_base.obj
[2.288s] -- Symlinking: /home/yash/ros2-master_dual_box/ros2-master/install/ur_description/share/ur_description/meshes/mop_handle.obj
[2.308s] -- Symlinking: /home/yash/ros2-master_dual_box/ros2-master/install/ur_description/share/ur_description/meshes/table.stl
[2.326s] -- Symlinking: /home/yash/ros2-master_dual_box/ros2-master/install/ur_description/share/ur_description/meshes/test.stl
[2.344s] -- Symlinking: /home/yash/ros2-master_dual_box/ros2-master/install/ur_description/share/ur_description/meshes/ur5/collision/base.stl
[2.365s] -- Symlinking: /home/yash/ros2-master_dual_box/ros2-master/install/ur_description/share/ur_description/meshes/ur5/collision/forearm.stl
[2.379s] -- Symlinking: /home/yash/ros2-master_dual_box/ros2-master/install/ur_description/share/ur_description/meshes/ur5/collision/shoulder.stl
[2.395s] -- Symlinking: /home/yash/ros2-master_dual_box/ros2-master/install/ur_description/share/ur_description/meshes/ur5/collision/upperarm.stl
[2.409s] -- Symlinking: /home/yash/ros2-master_dual_box/ros2-master/install/ur_description/share/ur_description/meshes/ur5/collision/wrist1.stl
[2.424s] -- Symlinking: /home/yash/ros2-master_dual_box/ros2-master/install/ur_description/share/ur_description/meshes/ur5/collision/wrist2.stl
[2.439s] -- Symlinking: /home/yash/ros2-master_dual_box/ros2-master/install/ur_description/share/ur_description/meshes/ur5/collision/wrist3.stl
[2.475s] -- Symlinking: /home/yash/ros2-master_dual_box/ros2-master/install/ur_description/share/ur_description/meshes/ur5/visual/base.dae
[2.476s] -- Symlinking: /home/yash/ros2-master_dual_box/ros2-master/install/ur_description/share/ur_description/meshes/ur5/visual/forearm.dae
[2.485s] -- Symlinking: /home/yash/ros2-master_dual_box/ros2-master/install/ur_description/share/ur_description/meshes/ur5/visual/shoulder.dae
[2.498s] -- Symlinking: /home/yash/ros2-master_dual_box/ros2-master/install/ur_description/share/ur_description/meshes/ur5/visual/upperarm.dae
[2.514s] -- Symlinking: /home/yash/ros2-master_dual_box/ros2-master/install/ur_description/share/ur_description/meshes/ur5/visual/wrist1.dae
[2.530s] -- Symlinking: /home/yash/ros2-master_dual_box/ros2-master/install/ur_description/share/ur_description/meshes/ur5/visual/wrist2.dae
[2.546s] -- Symlinking: /home/yash/ros2-master_dual_box/ros2-master/install/ur_description/share/ur_description/meshes/ur5/visual/wrist3.dae
[2.563s] -- Symlinking: /home/yash/ros2-master_dual_box/ros2-master/install/ur_description/share/ur_description/data/motion.csv
[2.580s] -- Up-to-date symlink: /home/yash/ros2-master_dual_box/ros2-master/install/ur_description/share/ur_description/launch/cleaning_session.launch.py
[2.581s] -- Up-to-date symlink: /home/yash/ros2-master_dual_box/ros2-master/install/ur_description/share/ur_description/launch/view_ur.launch.py
[2.581s] -- Symlinking: /home/yash/ros2-master_dual_box/ros2-master/install/ur_description/share/ament_index/resource_index/package_run_dependencies/ur_description
[2.597s] -- Symlinking: /home/yash/ros2-master_dual_box/ros2-master/install/ur_description/share/ament_index/resource_index/parent_prefix_path/ur_description
[2.611s] -- Symlinking: /home/yash/ros2-master_dual_box/ros2-master/install/ur_description/share/ur_description/environment/ament_prefix_path.sh
[2.624s] -- Symlinking: /home/yash/ros2-master_dual_box/ros2-master/install/ur_description/share/ur_description/environment/ament_prefix_path.dsv
[2.639s] -- Symlinking: /home/yash/ros2-master_dual_box/ros2-master/install/ur_description/share/ur_description/environment/path.sh
[2.651s] -- Symlinking: /home/yash/ros2-master_dual_box/ros2-master/install/ur_description/share/ur_description/environment/path.dsv
[2.665s] -- Symlinking: /home/yash/ros2-master_dual_box/ros2-master/install/ur_description/share/ur_description/local_setup.bash
[2.679s] -- Symlinking: /home/yash/ros2-master_dual_box/ros2-master/install/ur_description/share/ur_description/local_setup.sh
[2.694s] -- Symlinking: /home/yash/ros2-master_dual_box/ros2-master/install/ur_description/share/ur_description/local_setup.zsh
[2.708s] -- Symlinking: /home/yash/ros2-master_dual_box/ros2-master/install/ur_description/share/ur_description/local_setup.dsv
[2.721s] -- Symlinking: /home/yash/ros2-master_dual_box/ros2-master/install/ur_description/share/ur_description/package.dsv
[2.736s] -- Symlinking: /home/yash/ros2-master_dual_box/ros2-master/install/ur_description/share/ament_index/resource_index/packages/ur_description
[2.751s] -- Symlinking: /home/yash/ros2-master_dual_box/ros2-master/install/ur_description/share/ur_description/cmake/ur_descriptionConfig.cmake
[2.764s] -- Symlinking: /home/yash/ros2-master_dual_box/ros2-master/install/ur_description/share/ur_description/cmake/ur_descriptionConfig-version.cmake
[2.776s] -- Symlinking: /home/yash/ros2-master_dual_box/ros2-master/install/ur_description/share/ur_description/package.xml
[2.792s] Invoked command in '/home/yash/ros2-master_dual_box/ros2-master/build/ur_description' returned '0': CMAKE_PREFIX_PATH=${CMAKE_PREFIX_PATH}:/opt/ros/jazzy DEBUGINFOD_URLS=https://debuginfod.ubuntu.com /usr/bin/cmake --install /home/yash/ros2-master_dual_box/ros2-master/build/ur_description
