-- The C compiler identification is GNU 13.3.0
-- The CXX compiler identification is GNU 13.3.0
-- Detecting C compiler ABI info
-- Detecting C compiler ABI info - done
-- Check for working C compiler: /usr/bin/cc - skipped
-- Detecting C compile features
-- Detecting C compile features - done
-- Detecting CXX compiler ABI info
-- Detecting CXX compiler ABI info - done
-- Check for working CXX compiler: /usr/bin/c++ - skipped
-- Detecting CXX compile features
-- Detecting CXX compile features - done
-- Found ament_cmake: 2.5.5 (/opt/ros/jazzy/share/ament_cmake/cmake)
-- Found Python3: /usr/bin/python3 (found version "3.12.3") found components: Interpreter 
-- Override CMake install command with custom implementation using symlinks instead of copying resources
-- Configuring done (1.5s)
-- Generating done (0.0s)
-- Build files have been written to: /home/yash/ros2-master_dual_box/ros2-master/build/ur_moveit_config
-- Install configuration: ""
-- Execute custom install script
-- Symlinking: /home/yash/ros2-master_dual_box/ros2-master/install/ur_moveit_config/share/ur_moveit_config/config/chomp_planning.yaml
-- Symlinking: /home/yash/ros2-master_dual_box/ros2-master/install/ur_moveit_config/share/ur_moveit_config/config/joint_limits.yaml
-- Symlinking: /home/yash/ros2-master_dual_box/ros2-master/install/ur_moveit_config/share/ur_moveit_config/config/kinematics (Copy).yaml
-- Symlinking: /home/yash/ros2-master_dual_box/ros2-master/install/ur_moveit_config/share/ur_moveit_config/config/kinematics.yaml
-- Symlinking: /home/yash/ros2-master_dual_box/ros2-master/install/ur_moveit_config/share/ur_moveit_config/config/moveit.rviz
-- Symlinking: /home/yash/ros2-master_dual_box/ros2-master/install/ur_moveit_config/share/ur_moveit_config/config/moveit_controllers.yaml
-- Symlinking: /home/yash/ros2-master_dual_box/ros2-master/install/ur_moveit_config/share/ur_moveit_config/config/ompl_planning.yaml
-- Symlinking: /home/yash/ros2-master_dual_box/ros2-master/install/ur_moveit_config/share/ur_moveit_config/config/pilz_cartesian_limits.yaml
-- Symlinking: /home/yash/ros2-master_dual_box/ros2-master/install/ur_moveit_config/share/ur_moveit_config/config/pilz_industrial_motion_planner_planning.yaml
-- Symlinking: /home/yash/ros2-master_dual_box/ros2-master/install/ur_moveit_config/share/ur_moveit_config/config/ur_servo.yaml
-- Symlinking: /home/yash/ros2-master_dual_box/ros2-master/install/ur_moveit_config/share/ur_moveit_config/launch/ur_moveit.launch.py
-- Symlinking: /home/yash/ros2-master_dual_box/ros2-master/install/ur_moveit_config/share/ur_moveit_config/./CMakeLists.txt
-- Symlinking: /home/yash/ros2-master_dual_box/ros2-master/install/ur_moveit_config/share/ur_moveit_config/./cmake/ur_moveit_configConfig-version.cmake
-- Symlinking: /home/yash/ros2-master_dual_box/ros2-master/install/ur_moveit_config/share/ur_moveit_config/./cmake/ur_moveit_configConfig.cmake
-- Up-to-date symlink: /home/yash/ros2-master_dual_box/ros2-master/install/ur_moveit_config/share/ur_moveit_config/./config/chomp_planning.yaml
-- Up-to-date symlink: /home/yash/ros2-master_dual_box/ros2-master/install/ur_moveit_config/share/ur_moveit_config/./config/joint_limits.yaml
-- Up-to-date symlink: /home/yash/ros2-master_dual_box/ros2-master/install/ur_moveit_config/share/ur_moveit_config/./config/kinematics (Copy).yaml
-- Up-to-date symlink: /home/yash/ros2-master_dual_box/ros2-master/install/ur_moveit_config/share/ur_moveit_config/./config/kinematics.yaml
-- Up-to-date symlink: /home/yash/ros2-master_dual_box/ros2-master/install/ur_moveit_config/share/ur_moveit_config/./config/moveit.rviz
-- Up-to-date symlink: /home/yash/ros2-master_dual_box/ros2-master/install/ur_moveit_config/share/ur_moveit_config/./config/moveit_controllers.yaml
-- Up-to-date symlink: /home/yash/ros2-master_dual_box/ros2-master/install/ur_moveit_config/share/ur_moveit_config/./config/ompl_planning.yaml
-- Up-to-date symlink: /home/yash/ros2-master_dual_box/ros2-master/install/ur_moveit_config/share/ur_moveit_config/./config/pilz_cartesian_limits.yaml
-- Up-to-date symlink: /home/yash/ros2-master_dual_box/ros2-master/install/ur_moveit_config/share/ur_moveit_config/./config/pilz_industrial_motion_planner_planning.yaml
-- Up-to-date symlink: /home/yash/ros2-master_dual_box/ros2-master/install/ur_moveit_config/share/ur_moveit_config/./config/ur_servo.yaml
-- Symlinking: /home/yash/ros2-master_dual_box/ros2-master/install/ur_moveit_config/share/ur_moveit_config/./environment/ament_prefix_path.dsv
-- Symlinking: /home/yash/ros2-master_dual_box/ros2-master/install/ur_moveit_config/share/ur_moveit_config/./environment/ament_prefix_path.sh
-- Symlinking: /home/yash/ros2-master_dual_box/ros2-master/install/ur_moveit_config/share/ur_moveit_config/./environment/path.dsv
-- Symlinking: /home/yash/ros2-master_dual_box/ros2-master/install/ur_moveit_config/share/ur_moveit_config/./environment/path.sh
-- Up-to-date symlink: /home/yash/ros2-master_dual_box/ros2-master/install/ur_moveit_config/share/ur_moveit_config/./launch/ur_moveit.launch.py
-- Symlinking: /home/yash/ros2-master_dual_box/ros2-master/install/ur_moveit_config/share/ur_moveit_config/./local_setup.bash
-- Symlinking: /home/yash/ros2-master_dual_box/ros2-master/install/ur_moveit_config/share/ur_moveit_config/./local_setup.dsv
-- Symlinking: /home/yash/ros2-master_dual_box/ros2-master/install/ur_moveit_config/share/ur_moveit_config/./local_setup.sh
-- Symlinking: /home/yash/ros2-master_dual_box/ros2-master/install/ur_moveit_config/share/ur_moveit_config/./local_setup.zsh
-- Symlinking: /home/yash/ros2-master_dual_box/ros2-master/install/ur_moveit_config/share/ur_moveit_config/./package.dsv
-- Symlinking: /home/yash/ros2-master_dual_box/ros2-master/install/ur_moveit_config/share/ur_moveit_config/./package.xml
-- Symlinking: /home/yash/ros2-master_dual_box/ros2-master/install/ur_moveit_config/share/ur_moveit_config/./srdf/ur.srdf.xacro
-- Symlinking: /home/yash/ros2-master_dual_box/ros2-master/install/ur_moveit_config/share/ur_moveit_config/./srdf/ur_macro.srdf.xacro
-- Symlinking: /home/yash/ros2-master_dual_box/ros2-master/install/ur_moveit_config/share/ament_index/resource_index/package_run_dependencies/ur_moveit_config
-- Symlinking: /home/yash/ros2-master_dual_box/ros2-master/install/ur_moveit_config/share/ament_index/resource_index/parent_prefix_path/ur_moveit_config
-- Symlinking: /home/yash/ros2-master_dual_box/ros2-master/install/ur_moveit_config/share/ur_moveit_config/environment/ament_prefix_path.sh
-- Symlinking: /home/yash/ros2-master_dual_box/ros2-master/install/ur_moveit_config/share/ur_moveit_config/environment/ament_prefix_path.dsv
-- Symlinking: /home/yash/ros2-master_dual_box/ros2-master/install/ur_moveit_config/share/ur_moveit_config/environment/path.sh
-- Symlinking: /home/yash/ros2-master_dual_box/ros2-master/install/ur_moveit_config/share/ur_moveit_config/environment/path.dsv
-- Symlinking: /home/yash/ros2-master_dual_box/ros2-master/install/ur_moveit_config/share/ur_moveit_config/local_setup.bash
-- Symlinking: /home/yash/ros2-master_dual_box/ros2-master/install/ur_moveit_config/share/ur_moveit_config/local_setup.sh
-- Symlinking: /home/yash/ros2-master_dual_box/ros2-master/install/ur_moveit_config/share/ur_moveit_config/local_setup.zsh
-- Symlinking: /home/yash/ros2-master_dual_box/ros2-master/install/ur_moveit_config/share/ur_moveit_config/local_setup.dsv
-- Symlinking: /home/yash/ros2-master_dual_box/ros2-master/install/ur_moveit_config/share/ur_moveit_config/package.dsv
-- Symlinking: /home/yash/ros2-master_dual_box/ros2-master/install/ur_moveit_config/share/ament_index/resource_index/packages/ur_moveit_config
-- Symlinking: /home/yash/ros2-master_dual_box/ros2-master/install/ur_moveit_config/share/ur_moveit_config/cmake/ur_moveit_configConfig.cmake
-- Symlinking: /home/yash/ros2-master_dual_box/ros2-master/install/ur_moveit_config/share/ur_moveit_config/cmake/ur_moveit_configConfig-version.cmake
-- Up-to-date symlink: /home/yash/ros2-master_dual_box/ros2-master/install/ur_moveit_config/share/ur_moveit_config/package.xml
