[0.014s] Invoking command in '/home/yash/ros2-master_dual_box/ros2-master/build/ur_moveit_config': CMAKE_PREFIX_PATH=/home/yash/ros2-master_dual_box/ros2-master/install/ur_description:/home/yash/ros2-master_dual_box/ros2-master/install/ur_simulation_gz:/home/yash/ros2-master_dual_box/ros2-master/install/ur:/home/yash/ros2-master_dual_box/ros2-master/install/ur_calibration:/home/yash/ros2-master_dual_box/ros2-master/install/ur_robot_driver:/home/yash/ros2-master_dual_box/ros2-master/install/ur_moveit_config:/home/yash/ros2-master_dual_box/ros2-master/install/ur_controllers:/home/yash/ros2-master_dual_box/ros2-master/install/ur_dashboard_msgs:/home/yash/ros2-master_dual_box/ros2-master/install/robotiq_hardware_tests:/home/yash/ros2-master_dual_box/ros2-master/install/robotiq_driver:/home/yash/ros2-master_dual_box/ros2-master/install/serial:/home/yash/ros2-master_dual_box/ros2-master/install/robotiq_description:/home/yash/ros2-master_dual_box/ros2-master/install/robotiq_controllers:/opt/ros/jazzy/opt/gz_sim_vendor:/opt/ros/jazzy/opt/gz_sensors_vendor:/opt/ros/jazzy/opt/gz_physics_vendor:/opt/ros/jazzy/opt/sdformat_vendor:/opt/ros/jazzy/opt/gz_gui_vendor:/opt/ros/jazzy/opt/gz_transport_vendor:/opt/ros/jazzy/opt/gz_rendering_vendor:/opt/ros/jazzy/opt/gz_plugin_vendor:/opt/ros/jazzy/opt/gz_fuel_tools_vendor:/opt/ros/jazzy/opt/gz_msgs_vendor:/opt/ros/jazzy/opt/gz_common_vendor:/opt/ros/jazzy/opt/gz_math_vendor:/opt/ros/jazzy/opt/gz_utils_vendor:/opt/ros/jazzy/opt/gz_tools_vendor:/opt/ros/jazzy/opt/gz_ogre_next_vendor:/opt/ros/jazzy/opt/gz_dartsim_vendor:/opt/ros/jazzy/opt/gz_cmake_vendor:/opt/ros/jazzy DEBUGINFOD_URLS=https://debuginfod.ubuntu.com /usr/bin/cmake /home/yash/ros2-master_dual_box/ros2-master/src/ur_moveit_config -DCMAKE_INSTALL_PREFIX=/home/yash/ros2-master_dual_box/ros2-master/install/ur_moveit_config
[0.035s] -- Found ament_cmake: 2.5.5 (/opt/ros/jazzy/share/ament_cmake/cmake)
[0.274s] -- Override CMake install command with custom implementation using symlinks instead of copying resources
[0.425s] -- Configuring done (0.4s)
[0.440s] -- Generating done (0.0s)
[0.448s] -- Build files have been written to: /home/yash/ros2-master_dual_box/ros2-master/build/ur_moveit_config
[0.455s] Invoked command in '/home/yash/ros2-master_dual_box/ros2-master/build/ur_moveit_config' returned '0': CMAKE_PREFIX_PATH=/home/yash/ros2-master_dual_box/ros2-master/install/ur_description:/home/yash/ros2-master_dual_box/ros2-master/install/ur_simulation_gz:/home/yash/ros2-master_dual_box/ros2-master/install/ur:/home/yash/ros2-master_dual_box/ros2-master/install/ur_calibration:/home/yash/ros2-master_dual_box/ros2-master/install/ur_robot_driver:/home/yash/ros2-master_dual_box/ros2-master/install/ur_moveit_config:/home/yash/ros2-master_dual_box/ros2-master/install/ur_controllers:/home/yash/ros2-master_dual_box/ros2-master/install/ur_dashboard_msgs:/home/yash/ros2-master_dual_box/ros2-master/install/robotiq_hardware_tests:/home/yash/ros2-master_dual_box/ros2-master/install/robotiq_driver:/home/yash/ros2-master_dual_box/ros2-master/install/serial:/home/yash/ros2-master_dual_box/ros2-master/install/robotiq_description:/home/yash/ros2-master_dual_box/ros2-master/install/robotiq_controllers:/opt/ros/jazzy/opt/gz_sim_vendor:/opt/ros/jazzy/opt/gz_sensors_vendor:/opt/ros/jazzy/opt/gz_physics_vendor:/opt/ros/jazzy/opt/sdformat_vendor:/opt/ros/jazzy/opt/gz_gui_vendor:/opt/ros/jazzy/opt/gz_transport_vendor:/opt/ros/jazzy/opt/gz_rendering_vendor:/opt/ros/jazzy/opt/gz_plugin_vendor:/opt/ros/jazzy/opt/gz_fuel_tools_vendor:/opt/ros/jazzy/opt/gz_msgs_vendor:/opt/ros/jazzy/opt/gz_common_vendor:/opt/ros/jazzy/opt/gz_math_vendor:/opt/ros/jazzy/opt/gz_utils_vendor:/opt/ros/jazzy/opt/gz_tools_vendor:/opt/ros/jazzy/opt/gz_ogre_next_vendor:/opt/ros/jazzy/opt/gz_dartsim_vendor:/opt/ros/jazzy/opt/gz_cmake_vendor:/opt/ros/jazzy DEBUGINFOD_URLS=https://debuginfod.ubuntu.com /usr/bin/cmake /home/yash/ros2-master_dual_box/ros2-master/src/ur_moveit_config -DCMAKE_INSTALL_PREFIX=/home/yash/ros2-master_dual_box/ros2-master/install/ur_moveit_config
[0.456s] Invoking command in '/home/yash/ros2-master_dual_box/ros2-master/build/ur_moveit_config': CMAKE_PREFIX_PATH=/home/yash/ros2-master_dual_box/ros2-master/install/ur_description:/home/yash/ros2-master_dual_box/ros2-master/install/ur_simulation_gz:/home/yash/ros2-master_dual_box/ros2-master/install/ur:/home/yash/ros2-master_dual_box/ros2-master/install/ur_calibration:/home/yash/ros2-master_dual_box/ros2-master/install/ur_robot_driver:/home/yash/ros2-master_dual_box/ros2-master/install/ur_moveit_config:/home/yash/ros2-master_dual_box/ros2-master/install/ur_controllers:/home/yash/ros2-master_dual_box/ros2-master/install/ur_dashboard_msgs:/home/yash/ros2-master_dual_box/ros2-master/install/robotiq_hardware_tests:/home/yash/ros2-master_dual_box/ros2-master/install/robotiq_driver:/home/yash/ros2-master_dual_box/ros2-master/install/serial:/home/yash/ros2-master_dual_box/ros2-master/install/robotiq_description:/home/yash/ros2-master_dual_box/ros2-master/install/robotiq_controllers:/opt/ros/jazzy/opt/gz_sim_vendor:/opt/ros/jazzy/opt/gz_sensors_vendor:/opt/ros/jazzy/opt/gz_physics_vendor:/opt/ros/jazzy/opt/sdformat_vendor:/opt/ros/jazzy/opt/gz_gui_vendor:/opt/ros/jazzy/opt/gz_transport_vendor:/opt/ros/jazzy/opt/gz_rendering_vendor:/opt/ros/jazzy/opt/gz_plugin_vendor:/opt/ros/jazzy/opt/gz_fuel_tools_vendor:/opt/ros/jazzy/opt/gz_msgs_vendor:/opt/ros/jazzy/opt/gz_common_vendor:/opt/ros/jazzy/opt/gz_math_vendor:/opt/ros/jazzy/opt/gz_utils_vendor:/opt/ros/jazzy/opt/gz_tools_vendor:/opt/ros/jazzy/opt/gz_ogre_next_vendor:/opt/ros/jazzy/opt/gz_dartsim_vendor:/opt/ros/jazzy/opt/gz_cmake_vendor:/opt/ros/jazzy DEBUGINFOD_URLS=https://debuginfod.ubuntu.com /usr/bin/cmake --build /home/yash/ros2-master_dual_box/ros2-master/build/ur_moveit_config -- -j8 -l8
[0.522s] Invoked command in '/home/yash/ros2-master_dual_box/ros2-master/build/ur_moveit_config' returned '0': CMAKE_PREFIX_PATH=/home/yash/ros2-master_dual_box/ros2-master/install/ur_description:/home/yash/ros2-master_dual_box/ros2-master/install/ur_simulation_gz:/home/yash/ros2-master_dual_box/ros2-master/install/ur:/home/yash/ros2-master_dual_box/ros2-master/install/ur_calibration:/home/yash/ros2-master_dual_box/ros2-master/install/ur_robot_driver:/home/yash/ros2-master_dual_box/ros2-master/install/ur_moveit_config:/home/yash/ros2-master_dual_box/ros2-master/install/ur_controllers:/home/yash/ros2-master_dual_box/ros2-master/install/ur_dashboard_msgs:/home/yash/ros2-master_dual_box/ros2-master/install/robotiq_hardware_tests:/home/yash/ros2-master_dual_box/ros2-master/install/robotiq_driver:/home/yash/ros2-master_dual_box/ros2-master/install/serial:/home/yash/ros2-master_dual_box/ros2-master/install/robotiq_description:/home/yash/ros2-master_dual_box/ros2-master/install/robotiq_controllers:/opt/ros/jazzy/opt/gz_sim_vendor:/opt/ros/jazzy/opt/gz_sensors_vendor:/opt/ros/jazzy/opt/gz_physics_vendor:/opt/ros/jazzy/opt/sdformat_vendor:/opt/ros/jazzy/opt/gz_gui_vendor:/opt/ros/jazzy/opt/gz_transport_vendor:/opt/ros/jazzy/opt/gz_rendering_vendor:/opt/ros/jazzy/opt/gz_plugin_vendor:/opt/ros/jazzy/opt/gz_fuel_tools_vendor:/opt/ros/jazzy/opt/gz_msgs_vendor:/opt/ros/jazzy/opt/gz_common_vendor:/opt/ros/jazzy/opt/gz_math_vendor:/opt/ros/jazzy/opt/gz_utils_vendor:/opt/ros/jazzy/opt/gz_tools_vendor:/opt/ros/jazzy/opt/gz_ogre_next_vendor:/opt/ros/jazzy/opt/gz_dartsim_vendor:/opt/ros/jazzy/opt/gz_cmake_vendor:/opt/ros/jazzy DEBUGINFOD_URLS=https://debuginfod.ubuntu.com /usr/bin/cmake --build /home/yash/ros2-master_dual_box/ros2-master/build/ur_moveit_config -- -j8 -l8
[0.541s] Invoking command in '/home/yash/ros2-master_dual_box/ros2-master/build/ur_moveit_config': CMAKE_PREFIX_PATH=/home/yash/ros2-master_dual_box/ros2-master/install/ur_description:/home/yash/ros2-master_dual_box/ros2-master/install/ur_simulation_gz:/home/yash/ros2-master_dual_box/ros2-master/install/ur:/home/yash/ros2-master_dual_box/ros2-master/install/ur_calibration:/home/yash/ros2-master_dual_box/ros2-master/install/ur_robot_driver:/home/yash/ros2-master_dual_box/ros2-master/install/ur_moveit_config:/home/yash/ros2-master_dual_box/ros2-master/install/ur_controllers:/home/yash/ros2-master_dual_box/ros2-master/install/ur_dashboard_msgs:/home/yash/ros2-master_dual_box/ros2-master/install/robotiq_hardware_tests:/home/yash/ros2-master_dual_box/ros2-master/install/robotiq_driver:/home/yash/ros2-master_dual_box/ros2-master/install/serial:/home/yash/ros2-master_dual_box/ros2-master/install/robotiq_description:/home/yash/ros2-master_dual_box/ros2-master/install/robotiq_controllers:/opt/ros/jazzy/opt/gz_sim_vendor:/opt/ros/jazzy/opt/gz_sensors_vendor:/opt/ros/jazzy/opt/gz_physics_vendor:/opt/ros/jazzy/opt/sdformat_vendor:/opt/ros/jazzy/opt/gz_gui_vendor:/opt/ros/jazzy/opt/gz_transport_vendor:/opt/ros/jazzy/opt/gz_rendering_vendor:/opt/ros/jazzy/opt/gz_plugin_vendor:/opt/ros/jazzy/opt/gz_fuel_tools_vendor:/opt/ros/jazzy/opt/gz_msgs_vendor:/opt/ros/jazzy/opt/gz_common_vendor:/opt/ros/jazzy/opt/gz_math_vendor:/opt/ros/jazzy/opt/gz_utils_vendor:/opt/ros/jazzy/opt/gz_tools_vendor:/opt/ros/jazzy/opt/gz_ogre_next_vendor:/opt/ros/jazzy/opt/gz_dartsim_vendor:/opt/ros/jazzy/opt/gz_cmake_vendor:/opt/ros/jazzy DEBUGINFOD_URLS=https://debuginfod.ubuntu.com /usr/bin/cmake --install /home/yash/ros2-master_dual_box/ros2-master/build/ur_moveit_config
[0.555s] -- Install configuration: ""
[0.556s] -- Execute custom install script
[0.556s] -- Up-to-date symlink: /home/yash/ros2-master_dual_box/ros2-master/install/ur_moveit_config/share/ur_moveit_config/config/chomp_planning.yaml
[0.557s] -- Up-to-date symlink: /home/yash/ros2-master_dual_box/ros2-master/install/ur_moveit_config/share/ur_moveit_config/config/joint_limits.yaml
[0.558s] -- Up-to-date symlink: /home/yash/ros2-master_dual_box/ros2-master/install/ur_moveit_config/share/ur_moveit_config/config/kinematics (Copy).yaml
[0.558s] -- Up-to-date symlink: /home/yash/ros2-master_dual_box/ros2-master/install/ur_moveit_config/share/ur_moveit_config/config/kinematics.yaml
[0.559s] -- Up-to-date symlink: /home/yash/ros2-master_dual_box/ros2-master/install/ur_moveit_config/share/ur_moveit_config/config/moveit.rviz
[0.559s] -- Up-to-date symlink: /home/yash/ros2-master_dual_box/ros2-master/install/ur_moveit_config/share/ur_moveit_config/config/moveit_controllers.yaml
[0.559s] -- Up-to-date symlink: /home/yash/ros2-master_dual_box/ros2-master/install/ur_moveit_config/share/ur_moveit_config/config/ompl_planning.yaml
[0.560s] -- Up-to-date symlink: /home/yash/ros2-master_dual_box/ros2-master/install/ur_moveit_config/share/ur_moveit_config/config/pilz_cartesian_limits.yaml
[0.560s] -- Up-to-date symlink: /home/yash/ros2-master_dual_box/ros2-master/install/ur_moveit_config/share/ur_moveit_config/config/pilz_industrial_motion_planner_planning.yaml
[0.561s] -- Up-to-date symlink: /home/yash/ros2-master_dual_box/ros2-master/install/ur_moveit_config/share/ur_moveit_config/config/ur_servo.yaml
[0.561s] -- Up-to-date symlink: /home/yash/ros2-master_dual_box/ros2-master/install/ur_moveit_config/share/ur_moveit_config/launch/ur_moveit.launch.py
[0.561s] -- Up-to-date symlink: /home/yash/ros2-master_dual_box/ros2-master/install/ur_moveit_config/share/ur_moveit_config/./CMakeLists.txt
[0.562s] -- Symlinking: /home/yash/ros2-master_dual_box/ros2-master/install/ur_moveit_config/share/ur_moveit_config/./cmake/ur_moveit_configConfig-version.cmake
[0.575s] -- Symlinking: /home/yash/ros2-master_dual_box/ros2-master/install/ur_moveit_config/share/ur_moveit_config/./cmake/ur_moveit_configConfig.cmake
[0.591s] -- Up-to-date symlink: /home/yash/ros2-master_dual_box/ros2-master/install/ur_moveit_config/share/ur_moveit_config/./config/chomp_planning.yaml
[0.591s] -- Up-to-date symlink: /home/yash/ros2-master_dual_box/ros2-master/install/ur_moveit_config/share/ur_moveit_config/./config/joint_limits.yaml
[0.592s] -- Up-to-date symlink: /home/yash/ros2-master_dual_box/ros2-master/install/ur_moveit_config/share/ur_moveit_config/./config/kinematics (Copy).yaml
[0.592s] -- Up-to-date symlink: /home/yash/ros2-master_dual_box/ros2-master/install/ur_moveit_config/share/ur_moveit_config/./config/kinematics.yaml
[0.592s] -- Up-to-date symlink: /home/yash/ros2-master_dual_box/ros2-master/install/ur_moveit_config/share/ur_moveit_config/./config/moveit.rviz
[0.592s] -- Up-to-date symlink: /home/yash/ros2-master_dual_box/ros2-master/install/ur_moveit_config/share/ur_moveit_config/./config/moveit_controllers.yaml
[0.592s] -- Up-to-date symlink: /home/yash/ros2-master_dual_box/ros2-master/install/ur_moveit_config/share/ur_moveit_config/./config/ompl_planning.yaml
[0.592s] -- Up-to-date symlink: /home/yash/ros2-master_dual_box/ros2-master/install/ur_moveit_config/share/ur_moveit_config/./config/pilz_cartesian_limits.yaml
[0.593s] -- Up-to-date symlink: /home/yash/ros2-master_dual_box/ros2-master/install/ur_moveit_config/share/ur_moveit_config/./config/pilz_industrial_motion_planner_planning.yaml
[0.593s] -- Up-to-date symlink: /home/yash/ros2-master_dual_box/ros2-master/install/ur_moveit_config/share/ur_moveit_config/./config/ur_servo.yaml
[0.593s] -- Symlinking: /home/yash/ros2-master_dual_box/ros2-master/install/ur_moveit_config/share/ur_moveit_config/./environment/ament_prefix_path.dsv
[0.610s] -- Symlinking: /home/yash/ros2-master_dual_box/ros2-master/install/ur_moveit_config/share/ur_moveit_config/./environment/ament_prefix_path.sh
[0.626s] -- Symlinking: /home/yash/ros2-master_dual_box/ros2-master/install/ur_moveit_config/share/ur_moveit_config/./environment/path.dsv
[0.641s] -- Symlinking: /home/yash/ros2-master_dual_box/ros2-master/install/ur_moveit_config/share/ur_moveit_config/./environment/path.sh
[0.655s] -- Up-to-date symlink: /home/yash/ros2-master_dual_box/ros2-master/install/ur_moveit_config/share/ur_moveit_config/./launch/ur_moveit.launch.py
[0.655s] -- Symlinking: /home/yash/ros2-master_dual_box/ros2-master/install/ur_moveit_config/share/ur_moveit_config/./local_setup.bash
[0.669s] -- Symlinking: /home/yash/ros2-master_dual_box/ros2-master/install/ur_moveit_config/share/ur_moveit_config/./local_setup.dsv
[0.684s] -- Symlinking: /home/yash/ros2-master_dual_box/ros2-master/install/ur_moveit_config/share/ur_moveit_config/./local_setup.sh
[0.699s] -- Symlinking: /home/yash/ros2-master_dual_box/ros2-master/install/ur_moveit_config/share/ur_moveit_config/./local_setup.zsh
[0.715s] -- Symlinking: /home/yash/ros2-master_dual_box/ros2-master/install/ur_moveit_config/share/ur_moveit_config/./package.dsv
[0.730s] -- Up-to-date symlink: /home/yash/ros2-master_dual_box/ros2-master/install/ur_moveit_config/share/ur_moveit_config/./package.xml
[0.731s] -- Up-to-date symlink: /home/yash/ros2-master_dual_box/ros2-master/install/ur_moveit_config/share/ur_moveit_config/./srdf/ur.srdf.xacro
[0.731s] -- Up-to-date symlink: /home/yash/ros2-master_dual_box/ros2-master/install/ur_moveit_config/share/ur_moveit_config/./srdf/ur_macro.srdf.xacro
[0.732s] -- Up-to-date symlink: /home/yash/ros2-master_dual_box/ros2-master/install/ur_moveit_config/share/ament_index/resource_index/package_run_dependencies/ur_moveit_config
[0.733s] -- Up-to-date symlink: /home/yash/ros2-master_dual_box/ros2-master/install/ur_moveit_config/share/ament_index/resource_index/parent_prefix_path/ur_moveit_config
[0.734s] -- Symlinking: /home/yash/ros2-master_dual_box/ros2-master/install/ur_moveit_config/share/ur_moveit_config/environment/ament_prefix_path.sh
[0.752s] -- Symlinking: /home/yash/ros2-master_dual_box/ros2-master/install/ur_moveit_config/share/ur_moveit_config/environment/ament_prefix_path.dsv
[0.769s] -- Symlinking: /home/yash/ros2-master_dual_box/ros2-master/install/ur_moveit_config/share/ur_moveit_config/environment/path.sh
[0.787s] -- Symlinking: /home/yash/ros2-master_dual_box/ros2-master/install/ur_moveit_config/share/ur_moveit_config/environment/path.dsv
[0.805s] -- Symlinking: /home/yash/ros2-master_dual_box/ros2-master/install/ur_moveit_config/share/ur_moveit_config/local_setup.bash
[0.821s] -- Symlinking: /home/yash/ros2-master_dual_box/ros2-master/install/ur_moveit_config/share/ur_moveit_config/local_setup.sh
[0.838s] -- Symlinking: /home/yash/ros2-master_dual_box/ros2-master/install/ur_moveit_config/share/ur_moveit_config/local_setup.zsh
[0.854s] -- Symlinking: /home/yash/ros2-master_dual_box/ros2-master/install/ur_moveit_config/share/ur_moveit_config/local_setup.dsv
[0.872s] -- Symlinking: /home/yash/ros2-master_dual_box/ros2-master/install/ur_moveit_config/share/ur_moveit_config/package.dsv
[0.891s] -- Up-to-date symlink: /home/yash/ros2-master_dual_box/ros2-master/install/ur_moveit_config/share/ament_index/resource_index/packages/ur_moveit_config
[0.891s] -- Symlinking: /home/yash/ros2-master_dual_box/ros2-master/install/ur_moveit_config/share/ur_moveit_config/cmake/ur_moveit_configConfig.cmake
[0.912s] -- Symlinking: /home/yash/ros2-master_dual_box/ros2-master/install/ur_moveit_config/share/ur_moveit_config/cmake/ur_moveit_configConfig-version.cmake
[0.930s] -- Up-to-date symlink: /home/yash/ros2-master_dual_box/ros2-master/install/ur_moveit_config/share/ur_moveit_config/package.xml
[0.936s] Invoked command in '/home/yash/ros2-master_dual_box/ros2-master/build/ur_moveit_config' returned '0': CMAKE_PREFIX_PATH=/home/yash/ros2-master_dual_box/ros2-master/install/ur_description:/home/yash/ros2-master_dual_box/ros2-master/install/ur_simulation_gz:/home/yash/ros2-master_dual_box/ros2-master/install/ur:/home/yash/ros2-master_dual_box/ros2-master/install/ur_calibration:/home/yash/ros2-master_dual_box/ros2-master/install/ur_robot_driver:/home/yash/ros2-master_dual_box/ros2-master/install/ur_moveit_config:/home/yash/ros2-master_dual_box/ros2-master/install/ur_controllers:/home/yash/ros2-master_dual_box/ros2-master/install/ur_dashboard_msgs:/home/yash/ros2-master_dual_box/ros2-master/install/robotiq_hardware_tests:/home/yash/ros2-master_dual_box/ros2-master/install/robotiq_driver:/home/yash/ros2-master_dual_box/ros2-master/install/serial:/home/yash/ros2-master_dual_box/ros2-master/install/robotiq_description:/home/yash/ros2-master_dual_box/ros2-master/install/robotiq_controllers:/opt/ros/jazzy/opt/gz_sim_vendor:/opt/ros/jazzy/opt/gz_sensors_vendor:/opt/ros/jazzy/opt/gz_physics_vendor:/opt/ros/jazzy/opt/sdformat_vendor:/opt/ros/jazzy/opt/gz_gui_vendor:/opt/ros/jazzy/opt/gz_transport_vendor:/opt/ros/jazzy/opt/gz_rendering_vendor:/opt/ros/jazzy/opt/gz_plugin_vendor:/opt/ros/jazzy/opt/gz_fuel_tools_vendor:/opt/ros/jazzy/opt/gz_msgs_vendor:/opt/ros/jazzy/opt/gz_common_vendor:/opt/ros/jazzy/opt/gz_math_vendor:/opt/ros/jazzy/opt/gz_utils_vendor:/opt/ros/jazzy/opt/gz_tools_vendor:/opt/ros/jazzy/opt/gz_ogre_next_vendor:/opt/ros/jazzy/opt/gz_dartsim_vendor:/opt/ros/jazzy/opt/gz_cmake_vendor:/opt/ros/jazzy DEBUGINFOD_URLS=https://debuginfod.ubuntu.com /usr/bin/cmake --install /home/yash/ros2-master_dual_box/ros2-master/build/ur_moveit_config
