[0.026s] Invoking command in '/home/yash/ros2-master_dual_box/ros2-master/build/ur_robot_driver': CMAKE_PREFIX_PATH=/home/yash/ros2-master_dual_box/ros2-master/install/ur_controllers:/home/yash/ros2-master_dual_box/ros2-master/install/ur_description:/home/yash/ros2-master_dual_box/ros2-master/install/ur_dashboard_msgs:/home/yash/ros2-master_dual_box/ros2-master/install/ur_simulation_gz:/home/yash/ros2-master_dual_box/ros2-master/install/ur:/home/yash/ros2-master_dual_box/ros2-master/install/ur_calibration:/home/yash/ros2-master_dual_box/ros2-master/install/ur_robot_driver:/home/yash/ros2-master_dual_box/ros2-master/install/ur_moveit_config:/home/yash/ros2-master_dual_box/ros2-master/install/robotiq_hardware_tests:/home/yash/ros2-master_dual_box/ros2-master/install/robotiq_driver:/home/yash/ros2-master_dual_box/ros2-master/install/serial:/home/yash/ros2-master_dual_box/ros2-master/install/robotiq_description:/home/yash/ros2-master_dual_box/ros2-master/install/robotiq_controllers:/opt/ros/jazzy/opt/gz_sim_vendor:/opt/ros/jazzy/opt/gz_sensors_vendor:/opt/ros/jazzy/opt/gz_physics_vendor:/opt/ros/jazzy/opt/sdformat_vendor:/opt/ros/jazzy/opt/gz_gui_vendor:/opt/ros/jazzy/opt/gz_transport_vendor:/opt/ros/jazzy/opt/gz_rendering_vendor:/opt/ros/jazzy/opt/gz_plugin_vendor:/opt/ros/jazzy/opt/gz_fuel_tools_vendor:/opt/ros/jazzy/opt/gz_msgs_vendor:/opt/ros/jazzy/opt/gz_common_vendor:/opt/ros/jazzy/opt/gz_math_vendor:/opt/ros/jazzy/opt/gz_utils_vendor:/opt/ros/jazzy/opt/gz_tools_vendor:/opt/ros/jazzy/opt/gz_ogre_next_vendor:/opt/ros/jazzy/opt/gz_dartsim_vendor:/opt/ros/jazzy/opt/gz_cmake_vendor:/opt/ros/jazzy DEBUGINFOD_URLS=https://debuginfod.ubuntu.com LD_LIBRARY_PATH=/home/yash/ros2-master_dual_box/ros2-master/install/ur_controllers/lib:/home/yash/ros2-master_dual_box/ros2-master/install/ur_dashboard_msgs/lib:/home/yash/ros2-master_dual_box/ros2-master/install/ur_robot_driver/lib:/home/yash/ros2-master_dual_box/ros2-master/install/robotiq_driver/lib:/home/yash/ros2-master_dual_box/ros2-master/install/serial/lib:/home/yash/ros2-master_dual_box/ros2-master/install/robotiq_controllers/lib:/opt/ros/jazzy/opt/gz_sim_vendor/lib:/opt/ros/jazzy/opt/gz_sensors_vendor/lib:/opt/ros/jazzy/opt/gz_physics_vendor/lib:/opt/ros/jazzy/opt/sdformat_vendor/lib:/opt/ros/jazzy/opt/rviz_ogre_vendor/lib:/opt/ros/jazzy/lib/x86_64-linux-gnu:/opt/ros/jazzy/opt/gz_gui_vendor/lib:/opt/ros/jazzy/opt/gz_transport_vendor/lib:/opt/ros/jazzy/opt/gz_rendering_vendor/lib:/opt/ros/jazzy/opt/gz_plugin_vendor/lib:/opt/ros/jazzy/opt/gz_fuel_tools_vendor/lib:/opt/ros/jazzy/opt/gz_msgs_vendor/lib:/opt/ros/jazzy/opt/gz_common_vendor/lib:/opt/ros/jazzy/opt/gz_math_vendor/lib:/opt/ros/jazzy/opt/gz_utils_vendor/lib:/opt/ros/jazzy/opt/gz_tools_vendor/lib:/opt/ros/jazzy/opt/gz_ogre_next_vendor/lib:/opt/ros/jazzy/opt/gz_dartsim_vendor/lib:/opt/ros/jazzy/opt/gz_cmake_vendor/lib:/opt/ros/jazzy/lib PYTHONPATH=/home/yash/ros2-master_dual_box/ros2-master/install/ur_dashboard_msgs/lib/python3.12/site-packages:/home/yash/ros2-master_dual_box/ros2-master/install/ur_robot_driver/lib/python3.12/site-packages:/opt/ros/jazzy/lib/python3.12/site-packages /usr/bin/cmake --build /home/yash/ros2-master_dual_box/ros2-master/build/ur_robot_driver -- -j8 -l8
[0.142s] [ 10%] Built target trajectory_until_node
[0.160s] [ 30%] Built target dashboard_client
[0.161s] [ 55%] Built target ur_robot_driver_plugin
[0.165s] [ 55%] Built target ament_cmake_python_symlink_ur_robot_driver
[0.166s] [ 65%] Built target urscript_interface
[0.177s] [ 85%] Built target robot_state_helper
[0.178s] [100%] Built target controller_stopper_node
[0.449s] running egg_info
[0.487s] writing ur_robot_driver.egg-info/PKG-INFO
[0.488s] writing dependency_links to ur_robot_driver.egg-info/dependency_links.txt
[0.488s] writing top-level names to ur_robot_driver.egg-info/top_level.txt
[0.639s] reading manifest file 'ur_robot_driver.egg-info/SOURCES.txt'
[0.640s] writing manifest file 'ur_robot_driver.egg-info/SOURCES.txt'
[0.724s] [100%] Built target ament_cmake_python_build_ur_robot_driver_egg
[0.745s] Invoked command in '/home/yash/ros2-master_dual_box/ros2-master/build/ur_robot_driver' returned '0': CMAKE_PREFIX_PATH=/home/yash/ros2-master_dual_box/ros2-master/install/ur_controllers:/home/yash/ros2-master_dual_box/ros2-master/install/ur_description:/home/yash/ros2-master_dual_box/ros2-master/install/ur_dashboard_msgs:/home/yash/ros2-master_dual_box/ros2-master/install/ur_simulation_gz:/home/yash/ros2-master_dual_box/ros2-master/install/ur:/home/yash/ros2-master_dual_box/ros2-master/install/ur_calibration:/home/yash/ros2-master_dual_box/ros2-master/install/ur_robot_driver:/home/yash/ros2-master_dual_box/ros2-master/install/ur_moveit_config:/home/yash/ros2-master_dual_box/ros2-master/install/robotiq_hardware_tests:/home/yash/ros2-master_dual_box/ros2-master/install/robotiq_driver:/home/yash/ros2-master_dual_box/ros2-master/install/serial:/home/yash/ros2-master_dual_box/ros2-master/install/robotiq_description:/home/yash/ros2-master_dual_box/ros2-master/install/robotiq_controllers:/opt/ros/jazzy/opt/gz_sim_vendor:/opt/ros/jazzy/opt/gz_sensors_vendor:/opt/ros/jazzy/opt/gz_physics_vendor:/opt/ros/jazzy/opt/sdformat_vendor:/opt/ros/jazzy/opt/gz_gui_vendor:/opt/ros/jazzy/opt/gz_transport_vendor:/opt/ros/jazzy/opt/gz_rendering_vendor:/opt/ros/jazzy/opt/gz_plugin_vendor:/opt/ros/jazzy/opt/gz_fuel_tools_vendor:/opt/ros/jazzy/opt/gz_msgs_vendor:/opt/ros/jazzy/opt/gz_common_vendor:/opt/ros/jazzy/opt/gz_math_vendor:/opt/ros/jazzy/opt/gz_utils_vendor:/opt/ros/jazzy/opt/gz_tools_vendor:/opt/ros/jazzy/opt/gz_ogre_next_vendor:/opt/ros/jazzy/opt/gz_dartsim_vendor:/opt/ros/jazzy/opt/gz_cmake_vendor:/opt/ros/jazzy DEBUGINFOD_URLS=https://debuginfod.ubuntu.com LD_LIBRARY_PATH=/home/yash/ros2-master_dual_box/ros2-master/install/ur_controllers/lib:/home/yash/ros2-master_dual_box/ros2-master/install/ur_dashboard_msgs/lib:/home/yash/ros2-master_dual_box/ros2-master/install/ur_robot_driver/lib:/home/yash/ros2-master_dual_box/ros2-master/install/robotiq_driver/lib:/home/yash/ros2-master_dual_box/ros2-master/install/serial/lib:/home/yash/ros2-master_dual_box/ros2-master/install/robotiq_controllers/lib:/opt/ros/jazzy/opt/gz_sim_vendor/lib:/opt/ros/jazzy/opt/gz_sensors_vendor/lib:/opt/ros/jazzy/opt/gz_physics_vendor/lib:/opt/ros/jazzy/opt/sdformat_vendor/lib:/opt/ros/jazzy/opt/rviz_ogre_vendor/lib:/opt/ros/jazzy/lib/x86_64-linux-gnu:/opt/ros/jazzy/opt/gz_gui_vendor/lib:/opt/ros/jazzy/opt/gz_transport_vendor/lib:/opt/ros/jazzy/opt/gz_rendering_vendor/lib:/opt/ros/jazzy/opt/gz_plugin_vendor/lib:/opt/ros/jazzy/opt/gz_fuel_tools_vendor/lib:/opt/ros/jazzy/opt/gz_msgs_vendor/lib:/opt/ros/jazzy/opt/gz_common_vendor/lib:/opt/ros/jazzy/opt/gz_math_vendor/lib:/opt/ros/jazzy/opt/gz_utils_vendor/lib:/opt/ros/jazzy/opt/gz_tools_vendor/lib:/opt/ros/jazzy/opt/gz_ogre_next_vendor/lib:/opt/ros/jazzy/opt/gz_dartsim_vendor/lib:/opt/ros/jazzy/opt/gz_cmake_vendor/lib:/opt/ros/jazzy/lib PYTHONPATH=/home/yash/ros2-master_dual_box/ros2-master/install/ur_dashboard_msgs/lib/python3.12/site-packages:/home/yash/ros2-master_dual_box/ros2-master/install/ur_robot_driver/lib/python3.12/site-packages:/opt/ros/jazzy/lib/python3.12/site-packages /usr/bin/cmake --build /home/yash/ros2-master_dual_box/ros2-master/build/ur_robot_driver -- -j8 -l8
[0.746s] Invoking command in '/home/yash/ros2-master_dual_box/ros2-master/build/ur_robot_driver': CMAKE_PREFIX_PATH=/home/yash/ros2-master_dual_box/ros2-master/install/ur_controllers:/home/yash/ros2-master_dual_box/ros2-master/install/ur_description:/home/yash/ros2-master_dual_box/ros2-master/install/ur_dashboard_msgs:/home/yash/ros2-master_dual_box/ros2-master/install/ur_simulation_gz:/home/yash/ros2-master_dual_box/ros2-master/install/ur:/home/yash/ros2-master_dual_box/ros2-master/install/ur_calibration:/home/yash/ros2-master_dual_box/ros2-master/install/ur_robot_driver:/home/yash/ros2-master_dual_box/ros2-master/install/ur_moveit_config:/home/yash/ros2-master_dual_box/ros2-master/install/robotiq_hardware_tests:/home/yash/ros2-master_dual_box/ros2-master/install/robotiq_driver:/home/yash/ros2-master_dual_box/ros2-master/install/serial:/home/yash/ros2-master_dual_box/ros2-master/install/robotiq_description:/home/yash/ros2-master_dual_box/ros2-master/install/robotiq_controllers:/opt/ros/jazzy/opt/gz_sim_vendor:/opt/ros/jazzy/opt/gz_sensors_vendor:/opt/ros/jazzy/opt/gz_physics_vendor:/opt/ros/jazzy/opt/sdformat_vendor:/opt/ros/jazzy/opt/gz_gui_vendor:/opt/ros/jazzy/opt/gz_transport_vendor:/opt/ros/jazzy/opt/gz_rendering_vendor:/opt/ros/jazzy/opt/gz_plugin_vendor:/opt/ros/jazzy/opt/gz_fuel_tools_vendor:/opt/ros/jazzy/opt/gz_msgs_vendor:/opt/ros/jazzy/opt/gz_common_vendor:/opt/ros/jazzy/opt/gz_math_vendor:/opt/ros/jazzy/opt/gz_utils_vendor:/opt/ros/jazzy/opt/gz_tools_vendor:/opt/ros/jazzy/opt/gz_ogre_next_vendor:/opt/ros/jazzy/opt/gz_dartsim_vendor:/opt/ros/jazzy/opt/gz_cmake_vendor:/opt/ros/jazzy DEBUGINFOD_URLS=https://debuginfod.ubuntu.com LD_LIBRARY_PATH=/home/yash/ros2-master_dual_box/ros2-master/install/ur_controllers/lib:/home/yash/ros2-master_dual_box/ros2-master/install/ur_dashboard_msgs/lib:/home/yash/ros2-master_dual_box/ros2-master/install/ur_robot_driver/lib:/home/yash/ros2-master_dual_box/ros2-master/install/robotiq_driver/lib:/home/yash/ros2-master_dual_box/ros2-master/install/serial/lib:/home/yash/ros2-master_dual_box/ros2-master/install/robotiq_controllers/lib:/opt/ros/jazzy/opt/gz_sim_vendor/lib:/opt/ros/jazzy/opt/gz_sensors_vendor/lib:/opt/ros/jazzy/opt/gz_physics_vendor/lib:/opt/ros/jazzy/opt/sdformat_vendor/lib:/opt/ros/jazzy/opt/rviz_ogre_vendor/lib:/opt/ros/jazzy/lib/x86_64-linux-gnu:/opt/ros/jazzy/opt/gz_gui_vendor/lib:/opt/ros/jazzy/opt/gz_transport_vendor/lib:/opt/ros/jazzy/opt/gz_rendering_vendor/lib:/opt/ros/jazzy/opt/gz_plugin_vendor/lib:/opt/ros/jazzy/opt/gz_fuel_tools_vendor/lib:/opt/ros/jazzy/opt/gz_msgs_vendor/lib:/opt/ros/jazzy/opt/gz_common_vendor/lib:/opt/ros/jazzy/opt/gz_math_vendor/lib:/opt/ros/jazzy/opt/gz_utils_vendor/lib:/opt/ros/jazzy/opt/gz_tools_vendor/lib:/opt/ros/jazzy/opt/gz_ogre_next_vendor/lib:/opt/ros/jazzy/opt/gz_dartsim_vendor/lib:/opt/ros/jazzy/opt/gz_cmake_vendor/lib:/opt/ros/jazzy/lib PYTHONPATH=/home/yash/ros2-master_dual_box/ros2-master/install/ur_dashboard_msgs/lib/python3.12/site-packages:/home/yash/ros2-master_dual_box/ros2-master/install/ur_robot_driver/lib/python3.12/site-packages:/opt/ros/jazzy/lib/python3.12/site-packages /usr/bin/cmake --install /home/yash/ros2-master_dual_box/ros2-master/build/ur_robot_driver
[0.775s] -- Install configuration: "RelWithDebInfo"
[0.776s] -- Execute custom install script
[0.776s] -- Up-to-date symlink: /home/yash/ros2-master_dual_box/ros2-master/install/ur_robot_driver/share/ur_robot_driver//hardware_interface_plugin.xml
[0.776s] -- Up-to-date symlink: /home/yash/ros2-master_dual_box/ros2-master/install/ur_robot_driver/lib/ur_robot_driver/dashboard_client
[0.776s] -- Up-to-date symlink: /home/yash/ros2-master_dual_box/ros2-master/install/ur_robot_driver/lib/ur_robot_driver/controller_stopper_node
[0.777s] -- Up-to-date symlink: /home/yash/ros2-master_dual_box/ros2-master/install/ur_robot_driver/lib/ur_robot_driver/urscript_interface
[0.778s] -- Up-to-date symlink: /home/yash/ros2-master_dual_box/ros2-master/install/ur_robot_driver/lib/ur_robot_driver/robot_state_helper
[0.778s] -- Up-to-date symlink: /home/yash/ros2-master_dual_box/ros2-master/install/ur_robot_driver/lib/ur_robot_driver/trajectory_until_node
[0.780s] -- Up-to-date symlink: /home/yash/ros2-master_dual_box/ros2-master/install/ur_robot_driver/lib/libur_robot_driver_plugin.so
[0.781s] -- Up-to-date symlink: /home/yash/ros2-master_dual_box/ros2-master/install/ur_robot_driver/include/ur_robot_driver/controller_stopper.hpp
[0.781s] -- Up-to-date symlink: /home/yash/ros2-master_dual_box/ros2-master/install/ur_robot_driver/include/ur_robot_driver/dashboard_client_ros.hpp
[0.782s] -- Up-to-date symlink: /home/yash/ros2-master_dual_box/ros2-master/install/ur_robot_driver/include/ur_robot_driver/hardware_interface.hpp
[0.782s] -- Up-to-date symlink: /home/yash/ros2-master_dual_box/ros2-master/install/ur_robot_driver/include/ur_robot_driver/robot_state_helper.hpp
[0.783s] -- Up-to-date symlink: /home/yash/ros2-master_dual_box/ros2-master/install/ur_robot_driver/include/ur_robot_driver/trajectory_until_node.hpp
[0.783s] -- Up-to-date symlink: /home/yash/ros2-master_dual_box/ros2-master/install/ur_robot_driver/include/ur_robot_driver/urcl_log_handler.hpp
[0.784s] -- Up-to-date symlink: /home/yash/ros2-master_dual_box/ros2-master/install/ur_robot_driver/share/ur_robot_driver/environment/library_path.sh
[0.784s] -- Up-to-date symlink: /home/yash/ros2-master_dual_box/ros2-master/install/ur_robot_driver/share/ur_robot_driver/environment/library_path.dsv
[0.784s] -- Up-to-date symlink: /home/yash/ros2-master_dual_box/ros2-master/install/ur_robot_driver/include/ur_robot_driver/controller_stopper.hpp
[0.784s] -- Up-to-date symlink: /home/yash/ros2-master_dual_box/ros2-master/install/ur_robot_driver/include/ur_robot_driver/dashboard_client_ros.hpp
[0.786s] -- Up-to-date symlink: /home/yash/ros2-master_dual_box/ros2-master/install/ur_robot_driver/include/ur_robot_driver/hardware_interface.hpp
[0.787s] -- Up-to-date symlink: /home/yash/ros2-master_dual_box/ros2-master/install/ur_robot_driver/include/ur_robot_driver/robot_state_helper.hpp
[0.787s] -- Up-to-date symlink: /home/yash/ros2-master_dual_box/ros2-master/install/ur_robot_driver/include/ur_robot_driver/trajectory_until_node.hpp
[0.788s] -- Up-to-date symlink: /home/yash/ros2-master_dual_box/ros2-master/install/ur_robot_driver/include/ur_robot_driver/urcl_log_handler.hpp
[0.791s] -- Up-to-date symlink: /home/yash/ros2-master_dual_box/ros2-master/install/ur_robot_driver/share/ur_robot_driver/environment/pythonpath.sh
[0.793s] -- Up-to-date symlink: /home/yash/ros2-master_dual_box/ros2-master/install/ur_robot_driver/share/ur_robot_driver/environment/pythonpath.dsv
[0.794s] -- Up-to-date symlink: /home/yash/ros2-master_dual_box/ros2-master/install/ur_robot_driver/lib/python3.12/site-packages/ur_robot_driver-3.7.0-py3.12.egg-info/PKG-INFO
[0.794s] -- Up-to-date symlink: /home/yash/ros2-master_dual_box/ros2-master/install/ur_robot_driver/lib/python3.12/site-packages/ur_robot_driver-3.7.0-py3.12.egg-info/SOURCES.txt
[0.795s] -- Up-to-date symlink: /home/yash/ros2-master_dual_box/ros2-master/install/ur_robot_driver/lib/python3.12/site-packages/ur_robot_driver-3.7.0-py3.12.egg-info/dependency_links.txt
[0.795s] -- Up-to-date symlink: /home/yash/ros2-master_dual_box/ros2-master/install/ur_robot_driver/lib/python3.12/site-packages/ur_robot_driver-3.7.0-py3.12.egg-info/top_level.txt
[0.795s] -- Up-to-date symlink: /home/yash/ros2-master_dual_box/ros2-master/install/ur_robot_driver/lib/python3.12/site-packages/ur_robot_driver/__init__.py
[0.795s] -- Up-to-date symlink: /home/yash/ros2-master_dual_box/ros2-master/install/ur_robot_driver/lib/ur_robot_driver/tool_communication.py
[0.795s] -- Up-to-date symlink: /home/yash/ros2-master_dual_box/ros2-master/install/ur_robot_driver/lib/ur_robot_driver/wait_for_robot_description
[0.796s] -- Up-to-date symlink: /home/yash/ros2-master_dual_box/ros2-master/install/ur_robot_driver/lib/ur_robot_driver/example_move.py
[0.796s] -- Up-to-date symlink: /home/yash/ros2-master_dual_box/ros2-master/install/ur_robot_driver/lib/ur_robot_driver/start_ursim.sh
[0.796s] -- Up-to-date symlink: /home/yash/ros2-master_dual_box/ros2-master/install/ur_robot_driver/lib/ur_robot_driver/examples.py
[0.796s] -- Up-to-date symlink: /home/yash/ros2-master_dual_box/ros2-master/install/ur_robot_driver/lib/ur_robot_driver/force_mode.py
[0.796s] -- Up-to-date symlink: /home/yash/ros2-master_dual_box/ros2-master/install/ur_robot_driver/lib/ur_robot_driver/move_until_example.py
[0.796s] -- Up-to-date symlink: /home/yash/ros2-master_dual_box/ros2-master/install/ur_robot_driver/bin/wait_dashboard_server.sh
[0.796s] -- Up-to-date symlink: /home/yash/ros2-master_dual_box/ros2-master/install/ur_robot_driver/share/ur_robot_driver/config/test_goal_publishers_config.yaml
[0.796s] -- Up-to-date symlink: /home/yash/ros2-master_dual_box/ros2-master/install/ur_robot_driver/share/ur_robot_driver/config/test_velocity_goal_publishers_config.yaml
[0.796s] -- Up-to-date symlink: /home/yash/ros2-master_dual_box/ros2-master/install/ur_robot_driver/share/ur_robot_driver/config/ur10_update_rate.yaml
[0.796s] -- Up-to-date symlink: /home/yash/ros2-master_dual_box/ros2-master/install/ur_robot_driver/share/ur_robot_driver/config/ur10e_update_rate.yaml
[0.797s] -- Up-to-date symlink: /home/yash/ros2-master_dual_box/ros2-master/install/ur_robot_driver/share/ur_robot_driver/config/ur12e_update_rate.yaml
[0.797s] -- Up-to-date symlink: /home/yash/ros2-master_dual_box/ros2-master/install/ur_robot_driver/share/ur_robot_driver/config/ur15_update_rate.yaml
[0.797s] -- Up-to-date symlink: /home/yash/ros2-master_dual_box/ros2-master/install/ur_robot_driver/share/ur_robot_driver/config/ur16e_update_rate.yaml
[0.797s] -- Up-to-date symlink: /home/yash/ros2-master_dual_box/ros2-master/install/ur_robot_driver/share/ur_robot_driver/config/ur18_update_rate.yaml
[0.797s] -- Up-to-date symlink: /home/yash/ros2-master_dual_box/ros2-master/install/ur_robot_driver/share/ur_robot_driver/config/ur20_update_rate.yaml
[0.798s] -- Up-to-date symlink: /home/yash/ros2-master_dual_box/ros2-master/install/ur_robot_driver/share/ur_robot_driver/config/ur30_update_rate.yaml
[0.798s] -- Up-to-date symlink: /home/yash/ros2-master_dual_box/ros2-master/install/ur_robot_driver/share/ur_robot_driver/config/ur3_update_rate.yaml
[0.799s] -- Up-to-date symlink: /home/yash/ros2-master_dual_box/ros2-master/install/ur_robot_driver/share/ur_robot_driver/config/ur3e_update_rate.yaml
[0.799s] -- Up-to-date symlink: /home/yash/ros2-master_dual_box/ros2-master/install/ur_robot_driver/share/ur_robot_driver/config/ur5_update_rate.yaml
[0.799s] -- Up-to-date symlink: /home/yash/ros2-master_dual_box/ros2-master/install/ur_robot_driver/share/ur_robot_driver/config/ur5e_update_rate.yaml
[0.799s] -- Up-to-date symlink: /home/yash/ros2-master_dual_box/ros2-master/install/ur_robot_driver/share/ur_robot_driver/config/ur7e_update_rate.yaml
[0.800s] -- Up-to-date symlink: /home/yash/ros2-master_dual_box/ros2-master/install/ur_robot_driver/share/ur_robot_driver/config/ur8long_update_rate.yaml
[0.800s] -- Up-to-date symlink: /home/yash/ros2-master_dual_box/ros2-master/install/ur_robot_driver/share/ur_robot_driver/config/ur_controllers.yaml
[0.802s] -- Up-to-date symlink: /home/yash/ros2-master_dual_box/ros2-master/install/ur_robot_driver/share/ur_robot_driver/launch/test_forward_velocity_controller.launch.py
[0.802s] -- Up-to-date symlink: /home/yash/ros2-master_dual_box/ros2-master/install/ur_robot_driver/share/ur_robot_driver/launch/test_joint_trajectory_controller.launch.py
[0.802s] -- Up-to-date symlink: /home/yash/ros2-master_dual_box/ros2-master/install/ur_robot_driver/share/ur_robot_driver/launch/test_scaled_joint_trajectory_controller.launch.py
[0.802s] -- Up-to-date symlink: /home/yash/ros2-master_dual_box/ros2-master/install/ur_robot_driver/share/ur_robot_driver/launch/ur10.launch.py
[0.803s] -- Up-to-date symlink: /home/yash/ros2-master_dual_box/ros2-master/install/ur_robot_driver/share/ur_robot_driver/launch/ur10e.launch.py
[0.804s] -- Up-to-date symlink: /home/yash/ros2-master_dual_box/ros2-master/install/ur_robot_driver/share/ur_robot_driver/launch/ur12e.launch.py
[0.804s] -- Up-to-date symlink: /home/yash/ros2-master_dual_box/ros2-master/install/ur_robot_driver/share/ur_robot_driver/launch/ur15.launch.py
[0.805s] -- Up-to-date symlink: /home/yash/ros2-master_dual_box/ros2-master/install/ur_robot_driver/share/ur_robot_driver/launch/ur16e.launch.py
[0.806s] -- Up-to-date symlink: /home/yash/ros2-master_dual_box/ros2-master/install/ur_robot_driver/share/ur_robot_driver/launch/ur18.launch.py
[0.807s] -- Up-to-date symlink: /home/yash/ros2-master_dual_box/ros2-master/install/ur_robot_driver/share/ur_robot_driver/launch/ur20.launch.py
[0.807s] -- Up-to-date symlink: /home/yash/ros2-master_dual_box/ros2-master/install/ur_robot_driver/share/ur_robot_driver/launch/ur3.launch.py
[0.807s] -- Up-to-date symlink: /home/yash/ros2-master_dual_box/ros2-master/install/ur_robot_driver/share/ur_robot_driver/launch/ur30.launch.py
[0.807s] -- Up-to-date symlink: /home/yash/ros2-master_dual_box/ros2-master/install/ur_robot_driver/share/ur_robot_driver/launch/ur3e.launch.py
[0.807s] -- Up-to-date symlink: /home/yash/ros2-master_dual_box/ros2-master/install/ur_robot_driver/share/ur_robot_driver/launch/ur5.launch.py
[0.807s] -- Up-to-date symlink: /home/yash/ros2-master_dual_box/ros2-master/install/ur_robot_driver/share/ur_robot_driver/launch/ur5e.launch.py
[0.810s] -- Up-to-date symlink: /home/yash/ros2-master_dual_box/ros2-master/install/ur_robot_driver/share/ur_robot_driver/launch/ur7e.launch.py
[0.810s] -- Up-to-date symlink: /home/yash/ros2-master_dual_box/ros2-master/install/ur_robot_driver/share/ur_robot_driver/launch/ur8long.launch.py
[0.811s] -- Up-to-date symlink: /home/yash/ros2-master_dual_box/ros2-master/install/ur_robot_driver/share/ur_robot_driver/launch/ur_control.launch.py
[0.811s] -- Up-to-date symlink: /home/yash/ros2-master_dual_box/ros2-master/install/ur_robot_driver/share/ur_robot_driver/launch/ur_dashboard_client.launch.py
[0.811s] -- Up-to-date symlink: /home/yash/ros2-master_dual_box/ros2-master/install/ur_robot_driver/share/ur_robot_driver/launch/ur_rsp.launch.py
[0.811s] -- Up-to-date symlink: /home/yash/ros2-master_dual_box/ros2-master/install/ur_robot_driver/share/ur_robot_driver/urdf/ur.ros2_control.xacro
[0.811s] -- Up-to-date symlink: /home/yash/ros2-master_dual_box/ros2-master/install/ur_robot_driver/share/ur_robot_driver/urdf/ur.urdf.xacro
[0.811s] -- Up-to-date symlink: /home/yash/ros2-master_dual_box/ros2-master/install/ur_robot_driver/share/ament_index/resource_index/package_run_dependencies/ur_robot_driver
[0.812s] -- Up-to-date symlink: /home/yash/ros2-master_dual_box/ros2-master/install/ur_robot_driver/share/ament_index/resource_index/parent_prefix_path/ur_robot_driver
[0.812s] -- Up-to-date symlink: /home/yash/ros2-master_dual_box/ros2-master/install/ur_robot_driver/share/ur_robot_driver/environment/ament_prefix_path.sh
[0.812s] -- Up-to-date symlink: /home/yash/ros2-master_dual_box/ros2-master/install/ur_robot_driver/share/ur_robot_driver/environment/ament_prefix_path.dsv
[0.812s] -- Up-to-date symlink: /home/yash/ros2-master_dual_box/ros2-master/install/ur_robot_driver/share/ur_robot_driver/environment/path.sh
[0.813s] -- Up-to-date symlink: /home/yash/ros2-master_dual_box/ros2-master/install/ur_robot_driver/share/ur_robot_driver/environment/path.dsv
[0.813s] -- Up-to-date symlink: /home/yash/ros2-master_dual_box/ros2-master/install/ur_robot_driver/share/ur_robot_driver/local_setup.bash
[0.813s] -- Up-to-date symlink: /home/yash/ros2-master_dual_box/ros2-master/install/ur_robot_driver/share/ur_robot_driver/local_setup.sh
[0.813s] -- Up-to-date symlink: /home/yash/ros2-master_dual_box/ros2-master/install/ur_robot_driver/share/ur_robot_driver/local_setup.zsh
[0.813s] -- Up-to-date symlink: /home/yash/ros2-master_dual_box/ros2-master/install/ur_robot_driver/share/ur_robot_driver/local_setup.dsv
[0.813s] -- Symlinking: /home/yash/ros2-master_dual_box/ros2-master/install/ur_robot_driver/share/ur_robot_driver/package.dsv
[0.838s] -- Up-to-date symlink: /home/yash/ros2-master_dual_box/ros2-master/install/ur_robot_driver/share/ament_index/resource_index/packages/ur_robot_driver
[0.839s] -- Up-to-date symlink: /home/yash/ros2-master_dual_box/ros2-master/install/ur_robot_driver/share/ament_index/resource_index/hardware_interface__pluginlib__plugin/ur_robot_driver
[0.839s] -- Up-to-date symlink: /home/yash/ros2-master_dual_box/ros2-master/install/ur_robot_driver/share/ur_robot_driver/cmake/ament_cmake_export_include_directories-extras.cmake
[0.839s] -- Up-to-date symlink: /home/yash/ros2-master_dual_box/ros2-master/install/ur_robot_driver/share/ur_robot_driver/cmake/ament_cmake_export_libraries-extras.cmake
[0.840s] -- Up-to-date symlink: /home/yash/ros2-master_dual_box/ros2-master/install/ur_robot_driver/share/ur_robot_driver/cmake/ament_cmake_export_dependencies-extras.cmake
[0.840s] -- Up-to-date symlink: /home/yash/ros2-master_dual_box/ros2-master/install/ur_robot_driver/share/ur_robot_driver/cmake/ur_robot_driverConfig.cmake
[0.843s] -- Up-to-date symlink: /home/yash/ros2-master_dual_box/ros2-master/install/ur_robot_driver/share/ur_robot_driver/cmake/ur_robot_driverConfig-version.cmake
[0.843s] -- Up-to-date symlink: /home/yash/ros2-master_dual_box/ros2-master/install/ur_robot_driver/share/ur_robot_driver/package.xml
[0.843s] -- Up-to-date: /home/yash/ros2-master_dual_box/ros2-master/install/ur_robot_driver/share/ur_robot_driver/resources
[0.843s] -- Up-to-date: /home/yash/ros2-master_dual_box/ros2-master/install/ur_robot_driver/share/ur_robot_driver/resources/rs485-1.0.urcap
[0.844s] -- Up-to-date: /home/yash/ros2-master_dual_box/ros2-master/install/ur_robot_driver/share/ur_robot_driver/resources/rtde_output_recipe.txt
[0.844s] -- Up-to-date: /home/yash/ros2-master_dual_box/ros2-master/install/ur_robot_driver/share/ur_robot_driver/resources/rtde_input_recipe.txt
[0.844s] -- Up-to-date: /home/yash/ros2-master_dual_box/ros2-master/install/ur_robot_driver/share/ur_robot_driver/resources/externalcontrol-1.0.5.urcap
[0.944s] Listing '/home/yash/ros2-master_dual_box/ros2-master/install/ur_robot_driver/lib/python3.12/site-packages/ur_robot_driver'...
[0.956s] Invoked command in '/home/yash/ros2-master_dual_box/ros2-master/build/ur_robot_driver' returned '0': CMAKE_PREFIX_PATH=/home/yash/ros2-master_dual_box/ros2-master/install/ur_controllers:/home/yash/ros2-master_dual_box/ros2-master/install/ur_description:/home/yash/ros2-master_dual_box/ros2-master/install/ur_dashboard_msgs:/home/yash/ros2-master_dual_box/ros2-master/install/ur_simulation_gz:/home/yash/ros2-master_dual_box/ros2-master/install/ur:/home/yash/ros2-master_dual_box/ros2-master/install/ur_calibration:/home/yash/ros2-master_dual_box/ros2-master/install/ur_robot_driver:/home/yash/ros2-master_dual_box/ros2-master/install/ur_moveit_config:/home/yash/ros2-master_dual_box/ros2-master/install/robotiq_hardware_tests:/home/yash/ros2-master_dual_box/ros2-master/install/robotiq_driver:/home/yash/ros2-master_dual_box/ros2-master/install/serial:/home/yash/ros2-master_dual_box/ros2-master/install/robotiq_description:/home/yash/ros2-master_dual_box/ros2-master/install/robotiq_controllers:/opt/ros/jazzy/opt/gz_sim_vendor:/opt/ros/jazzy/opt/gz_sensors_vendor:/opt/ros/jazzy/opt/gz_physics_vendor:/opt/ros/jazzy/opt/sdformat_vendor:/opt/ros/jazzy/opt/gz_gui_vendor:/opt/ros/jazzy/opt/gz_transport_vendor:/opt/ros/jazzy/opt/gz_rendering_vendor:/opt/ros/jazzy/opt/gz_plugin_vendor:/opt/ros/jazzy/opt/gz_fuel_tools_vendor:/opt/ros/jazzy/opt/gz_msgs_vendor:/opt/ros/jazzy/opt/gz_common_vendor:/opt/ros/jazzy/opt/gz_math_vendor:/opt/ros/jazzy/opt/gz_utils_vendor:/opt/ros/jazzy/opt/gz_tools_vendor:/opt/ros/jazzy/opt/gz_ogre_next_vendor:/opt/ros/jazzy/opt/gz_dartsim_vendor:/opt/ros/jazzy/opt/gz_cmake_vendor:/opt/ros/jazzy DEBUGINFOD_URLS=https://debuginfod.ubuntu.com LD_LIBRARY_PATH=/home/yash/ros2-master_dual_box/ros2-master/install/ur_controllers/lib:/home/yash/ros2-master_dual_box/ros2-master/install/ur_dashboard_msgs/lib:/home/yash/ros2-master_dual_box/ros2-master/install/ur_robot_driver/lib:/home/yash/ros2-master_dual_box/ros2-master/install/robotiq_driver/lib:/home/yash/ros2-master_dual_box/ros2-master/install/serial/lib:/home/yash/ros2-master_dual_box/ros2-master/install/robotiq_controllers/lib:/opt/ros/jazzy/opt/gz_sim_vendor/lib:/opt/ros/jazzy/opt/gz_sensors_vendor/lib:/opt/ros/jazzy/opt/gz_physics_vendor/lib:/opt/ros/jazzy/opt/sdformat_vendor/lib:/opt/ros/jazzy/opt/rviz_ogre_vendor/lib:/opt/ros/jazzy/lib/x86_64-linux-gnu:/opt/ros/jazzy/opt/gz_gui_vendor/lib:/opt/ros/jazzy/opt/gz_transport_vendor/lib:/opt/ros/jazzy/opt/gz_rendering_vendor/lib:/opt/ros/jazzy/opt/gz_plugin_vendor/lib:/opt/ros/jazzy/opt/gz_fuel_tools_vendor/lib:/opt/ros/jazzy/opt/gz_msgs_vendor/lib:/opt/ros/jazzy/opt/gz_common_vendor/lib:/opt/ros/jazzy/opt/gz_math_vendor/lib:/opt/ros/jazzy/opt/gz_utils_vendor/lib:/opt/ros/jazzy/opt/gz_tools_vendor/lib:/opt/ros/jazzy/opt/gz_ogre_next_vendor/lib:/opt/ros/jazzy/opt/gz_dartsim_vendor/lib:/opt/ros/jazzy/opt/gz_cmake_vendor/lib:/opt/ros/jazzy/lib PYTHONPATH=/home/yash/ros2-master_dual_box/ros2-master/install/ur_dashboard_msgs/lib/python3.12/site-packages:/home/yash/ros2-master_dual_box/ros2-master/install/ur_robot_driver/lib/python3.12/site-packages:/opt/ros/jazzy/lib/python3.12/site-packages /usr/bin/cmake --install /home/yash/ros2-master_dual_box/ros2-master/build/ur_robot_driver
