[0.019s] Invoking command in '/home/yash/ros2-master_dual_box/ros2-master/build/ur_moveit_config': AMENT_PREFIX_PATH=/home/yash/ros2-master_dual_box/ros2-master/install/ur_description:${AMENT_PREFIX_PATH} CMAKE_PREFIX_PATH=/home/yash/ros2-master_dual_box/ros2-master/install/ur_description:/opt/ros/jazzy/opt/gz_sim_vendor:/opt/ros/jazzy/opt/gz_sensors_vendor:/opt/ros/jazzy/opt/gz_physics_vendor:/opt/ros/jazzy/opt/sdformat_vendor:/opt/ros/jazzy/opt/gz_gui_vendor:/opt/ros/jazzy/opt/gz_transport_vendor:/opt/ros/jazzy/opt/gz_rendering_vendor:/opt/ros/jazzy/opt/gz_plugin_vendor:/opt/ros/jazzy/opt/gz_fuel_tools_vendor:/opt/ros/jazzy/opt/gz_msgs_vendor:/opt/ros/jazzy/opt/gz_common_vendor:/opt/ros/jazzy/opt/gz_math_vendor:/opt/ros/jazzy/opt/gz_utils_vendor:/opt/ros/jazzy/opt/gz_tools_vendor:/opt/ros/jazzy/opt/gz_ogre_next_vendor:/opt/ros/jazzy/opt/gz_dartsim_vendor:/opt/ros/jazzy/opt/gz_cmake_vendor:/opt/ros/jazzy DEBUGINFOD_URLS=https://debuginfod.ubuntu.com /usr/bin/cmake --build /home/yash/ros2-master_dual_box/ros2-master/build/ur_moveit_config -- -j8 -l8
[0.122s] Invoked command in '/home/yash/ros2-master_dual_box/ros2-master/build/ur_moveit_config' returned '0': AMENT_PREFIX_PATH=/home/yash/ros2-master_dual_box/ros2-master/install/ur_description:${AMENT_PREFIX_PATH} CMAKE_PREFIX_PATH=/home/yash/ros2-master_dual_box/ros2-master/install/ur_description:/opt/ros/jazzy/opt/gz_sim_vendor:/opt/ros/jazzy/opt/gz_sensors_vendor:/opt/ros/jazzy/opt/gz_physics_vendor:/opt/ros/jazzy/opt/sdformat_vendor:/opt/ros/jazzy/opt/gz_gui_vendor:/opt/ros/jazzy/opt/gz_transport_vendor:/opt/ros/jazzy/opt/gz_rendering_vendor:/opt/ros/jazzy/opt/gz_plugin_vendor:/opt/ros/jazzy/opt/gz_fuel_tools_vendor:/opt/ros/jazzy/opt/gz_msgs_vendor:/opt/ros/jazzy/opt/gz_common_vendor:/opt/ros/jazzy/opt/gz_math_vendor:/opt/ros/jazzy/opt/gz_utils_vendor:/opt/ros/jazzy/opt/gz_tools_vendor:/opt/ros/jazzy/opt/gz_ogre_next_vendor:/opt/ros/jazzy/opt/gz_dartsim_vendor:/opt/ros/jazzy/opt/gz_cmake_vendor:/opt/ros/jazzy DEBUGINFOD_URLS=https://debuginfod.ubuntu.com /usr/bin/cmake --build /home/yash/ros2-master_dual_box/ros2-master/build/ur_moveit_config -- -j8 -l8
[0.123s] Invoking command in '/home/yash/ros2-master_dual_box/ros2-master/build/ur_moveit_config': AMENT_PREFIX_PATH=/home/yash/ros2-master_dual_box/ros2-master/install/ur_description:${AMENT_PREFIX_PATH} CMAKE_PREFIX_PATH=/home/yash/ros2-master_dual_box/ros2-master/install/ur_description:/opt/ros/jazzy/opt/gz_sim_vendor:/opt/ros/jazzy/opt/gz_sensors_vendor:/opt/ros/jazzy/opt/gz_physics_vendor:/opt/ros/jazzy/opt/sdformat_vendor:/opt/ros/jazzy/opt/gz_gui_vendor:/opt/ros/jazzy/opt/gz_transport_vendor:/opt/ros/jazzy/opt/gz_rendering_vendor:/opt/ros/jazzy/opt/gz_plugin_vendor:/opt/ros/jazzy/opt/gz_fuel_tools_vendor:/opt/ros/jazzy/opt/gz_msgs_vendor:/opt/ros/jazzy/opt/gz_common_vendor:/opt/ros/jazzy/opt/gz_math_vendor:/opt/ros/jazzy/opt/gz_utils_vendor:/opt/ros/jazzy/opt/gz_tools_vendor:/opt/ros/jazzy/opt/gz_ogre_next_vendor:/opt/ros/jazzy/opt/gz_dartsim_vendor:/opt/ros/jazzy/opt/gz_cmake_vendor:/opt/ros/jazzy DEBUGINFOD_URLS=https://debuginfod.ubuntu.com /usr/bin/cmake --install /home/yash/ros2-master_dual_box/ros2-master/build/ur_moveit_config
[0.140s] -- Install configuration: ""
[0.140s] -- Execute custom install script
[0.141s] -- Up-to-date symlink: /home/yash/ros2-master_dual_box/ros2-master/install/ur_moveit_config/share/ur_moveit_config/config/chomp_planning.yaml
[0.141s] -- Up-to-date symlink: /home/yash/ros2-master_dual_box/ros2-master/install/ur_moveit_config/share/ur_moveit_config/config/joint_limits.yaml
[0.142s] -- Up-to-date symlink: /home/yash/ros2-master_dual_box/ros2-master/install/ur_moveit_config/share/ur_moveit_config/config/kinematics (Copy).yaml
[0.142s] -- Up-to-date symlink: /home/yash/ros2-master_dual_box/ros2-master/install/ur_moveit_config/share/ur_moveit_config/config/kinematics.yaml
[0.142s] -- Up-to-date symlink: /home/yash/ros2-master_dual_box/ros2-master/install/ur_moveit_config/share/ur_moveit_config/config/moveit.rviz
[0.142s] -- Up-to-date symlink: /home/yash/ros2-master_dual_box/ros2-master/install/ur_moveit_config/share/ur_moveit_config/config/moveit_controllers.yaml
[0.142s] -- Up-to-date symlink: /home/yash/ros2-master_dual_box/ros2-master/install/ur_moveit_config/share/ur_moveit_config/config/ompl_planning.yaml
[0.144s] -- Up-to-date symlink: /home/yash/ros2-master_dual_box/ros2-master/install/ur_moveit_config/share/ur_moveit_config/config/pilz_cartesian_limits.yaml
[0.144s] -- Up-to-date symlink: /home/yash/ros2-master_dual_box/ros2-master/install/ur_moveit_config/share/ur_moveit_config/config/pilz_industrial_motion_planner_planning.yaml
[0.144s] -- Up-to-date symlink: /home/yash/ros2-master_dual_box/ros2-master/install/ur_moveit_config/share/ur_moveit_config/config/ur_servo.yaml
[0.144s] -- Up-to-date symlink: /home/yash/ros2-master_dual_box/ros2-master/install/ur_moveit_config/share/ur_moveit_config/launch/ur_moveit.launch.py
[0.145s] -- Up-to-date symlink: /home/yash/ros2-master_dual_box/ros2-master/install/ur_moveit_config/share/ur_moveit_config/./CMakeLists.txt
[0.145s] -- Symlinking: /home/yash/ros2-master_dual_box/ros2-master/install/ur_moveit_config/share/ur_moveit_config/./cmake/ur_moveit_configConfig-version.cmake
[0.159s] -- Symlinking: /home/yash/ros2-master_dual_box/ros2-master/install/ur_moveit_config/share/ur_moveit_config/./cmake/ur_moveit_configConfig.cmake
[0.173s] -- Up-to-date symlink: /home/yash/ros2-master_dual_box/ros2-master/install/ur_moveit_config/share/ur_moveit_config/./config/chomp_planning.yaml
[0.174s] -- Up-to-date symlink: /home/yash/ros2-master_dual_box/ros2-master/install/ur_moveit_config/share/ur_moveit_config/./config/joint_limits.yaml
[0.174s] -- Up-to-date symlink: /home/yash/ros2-master_dual_box/ros2-master/install/ur_moveit_config/share/ur_moveit_config/./config/kinematics (Copy).yaml
[0.174s] -- Up-to-date symlink: /home/yash/ros2-master_dual_box/ros2-master/install/ur_moveit_config/share/ur_moveit_config/./config/kinematics.yaml
[0.174s] -- Up-to-date symlink: /home/yash/ros2-master_dual_box/ros2-master/install/ur_moveit_config/share/ur_moveit_config/./config/moveit.rviz
[0.174s] -- Up-to-date symlink: /home/yash/ros2-master_dual_box/ros2-master/install/ur_moveit_config/share/ur_moveit_config/./config/moveit_controllers.yaml
[0.175s] -- Up-to-date symlink: /home/yash/ros2-master_dual_box/ros2-master/install/ur_moveit_config/share/ur_moveit_config/./config/ompl_planning.yaml
[0.175s] -- Up-to-date symlink: /home/yash/ros2-master_dual_box/ros2-master/install/ur_moveit_config/share/ur_moveit_config/./config/pilz_cartesian_limits.yaml
[0.175s] -- Up-to-date symlink: /home/yash/ros2-master_dual_box/ros2-master/install/ur_moveit_config/share/ur_moveit_config/./config/pilz_industrial_motion_planner_planning.yaml
[0.176s] -- Up-to-date symlink: /home/yash/ros2-master_dual_box/ros2-master/install/ur_moveit_config/share/ur_moveit_config/./config/ur_servo.yaml
[0.176s] -- Symlinking: /home/yash/ros2-master_dual_box/ros2-master/install/ur_moveit_config/share/ur_moveit_config/./environment/ament_prefix_path.dsv
[0.192s] -- Symlinking: /home/yash/ros2-master_dual_box/ros2-master/install/ur_moveit_config/share/ur_moveit_config/./environment/ament_prefix_path.sh
[0.208s] -- Symlinking: /home/yash/ros2-master_dual_box/ros2-master/install/ur_moveit_config/share/ur_moveit_config/./environment/path.dsv
[0.224s] -- Symlinking: /home/yash/ros2-master_dual_box/ros2-master/install/ur_moveit_config/share/ur_moveit_config/./environment/path.sh
[0.255s] -- Up-to-date symlink: /home/yash/ros2-master_dual_box/ros2-master/install/ur_moveit_config/share/ur_moveit_config/./launch/ur_moveit.launch.py
[0.255s] -- Symlinking: /home/yash/ros2-master_dual_box/ros2-master/install/ur_moveit_config/share/ur_moveit_config/./local_setup.bash
[0.278s] -- Symlinking: /home/yash/ros2-master_dual_box/ros2-master/install/ur_moveit_config/share/ur_moveit_config/./local_setup.dsv
[0.310s] -- Symlinking: /home/yash/ros2-master_dual_box/ros2-master/install/ur_moveit_config/share/ur_moveit_config/./local_setup.sh
[0.335s] -- Symlinking: /home/yash/ros2-master_dual_box/ros2-master/install/ur_moveit_config/share/ur_moveit_config/./local_setup.zsh
[0.357s] -- Symlinking: /home/yash/ros2-master_dual_box/ros2-master/install/ur_moveit_config/share/ur_moveit_config/./package.dsv
[0.372s] -- Up-to-date symlink: /home/yash/ros2-master_dual_box/ros2-master/install/ur_moveit_config/share/ur_moveit_config/./package.xml
[0.373s] -- Up-to-date symlink: /home/yash/ros2-master_dual_box/ros2-master/install/ur_moveit_config/share/ur_moveit_config/./srdf/ur.srdf.xacro
[0.374s] -- Up-to-date symlink: /home/yash/ros2-master_dual_box/ros2-master/install/ur_moveit_config/share/ur_moveit_config/./srdf/ur_macro.srdf.xacro
[0.374s] -- Up-to-date symlink: /home/yash/ros2-master_dual_box/ros2-master/install/ur_moveit_config/share/ament_index/resource_index/package_run_dependencies/ur_moveit_config
[0.374s] -- Up-to-date symlink: /home/yash/ros2-master_dual_box/ros2-master/install/ur_moveit_config/share/ament_index/resource_index/parent_prefix_path/ur_moveit_config
[0.374s] -- Symlinking: /home/yash/ros2-master_dual_box/ros2-master/install/ur_moveit_config/share/ur_moveit_config/environment/ament_prefix_path.sh
[0.387s] -- Symlinking: /home/yash/ros2-master_dual_box/ros2-master/install/ur_moveit_config/share/ur_moveit_config/environment/ament_prefix_path.dsv
[0.400s] -- Symlinking: /home/yash/ros2-master_dual_box/ros2-master/install/ur_moveit_config/share/ur_moveit_config/environment/path.sh
[0.414s] -- Symlinking: /home/yash/ros2-master_dual_box/ros2-master/install/ur_moveit_config/share/ur_moveit_config/environment/path.dsv
[0.427s] -- Symlinking: /home/yash/ros2-master_dual_box/ros2-master/install/ur_moveit_config/share/ur_moveit_config/local_setup.bash
[0.442s] -- Symlinking: /home/yash/ros2-master_dual_box/ros2-master/install/ur_moveit_config/share/ur_moveit_config/local_setup.sh
[0.457s] -- Symlinking: /home/yash/ros2-master_dual_box/ros2-master/install/ur_moveit_config/share/ur_moveit_config/local_setup.zsh
[0.469s] -- Symlinking: /home/yash/ros2-master_dual_box/ros2-master/install/ur_moveit_config/share/ur_moveit_config/local_setup.dsv
[0.483s] -- Symlinking: /home/yash/ros2-master_dual_box/ros2-master/install/ur_moveit_config/share/ur_moveit_config/package.dsv
[0.497s] -- Up-to-date symlink: /home/yash/ros2-master_dual_box/ros2-master/install/ur_moveit_config/share/ament_index/resource_index/packages/ur_moveit_config
[0.497s] -- Symlinking: /home/yash/ros2-master_dual_box/ros2-master/install/ur_moveit_config/share/ur_moveit_config/cmake/ur_moveit_configConfig.cmake
[0.510s] -- Symlinking: /home/yash/ros2-master_dual_box/ros2-master/install/ur_moveit_config/share/ur_moveit_config/cmake/ur_moveit_configConfig-version.cmake
[0.523s] -- Up-to-date symlink: /home/yash/ros2-master_dual_box/ros2-master/install/ur_moveit_config/share/ur_moveit_config/package.xml
[0.525s] Invoked command in '/home/yash/ros2-master_dual_box/ros2-master/build/ur_moveit_config' returned '0': AMENT_PREFIX_PATH=/home/yash/ros2-master_dual_box/ros2-master/install/ur_description:${AMENT_PREFIX_PATH} CMAKE_PREFIX_PATH=/home/yash/ros2-master_dual_box/ros2-master/install/ur_description:/opt/ros/jazzy/opt/gz_sim_vendor:/opt/ros/jazzy/opt/gz_sensors_vendor:/opt/ros/jazzy/opt/gz_physics_vendor:/opt/ros/jazzy/opt/sdformat_vendor:/opt/ros/jazzy/opt/gz_gui_vendor:/opt/ros/jazzy/opt/gz_transport_vendor:/opt/ros/jazzy/opt/gz_rendering_vendor:/opt/ros/jazzy/opt/gz_plugin_vendor:/opt/ros/jazzy/opt/gz_fuel_tools_vendor:/opt/ros/jazzy/opt/gz_msgs_vendor:/opt/ros/jazzy/opt/gz_common_vendor:/opt/ros/jazzy/opt/gz_math_vendor:/opt/ros/jazzy/opt/gz_utils_vendor:/opt/ros/jazzy/opt/gz_tools_vendor:/opt/ros/jazzy/opt/gz_ogre_next_vendor:/opt/ros/jazzy/opt/gz_dartsim_vendor:/opt/ros/jazzy/opt/gz_cmake_vendor:/opt/ros/jazzy DEBUGINFOD_URLS=https://debuginfod.ubuntu.com /usr/bin/cmake --install /home/yash/ros2-master_dual_box/ros2-master/build/ur_moveit_config
